(1343139909.044756, '\rL: 2\n')
(1343139909.048737, '\rGot configuration message of type I\n')
(1343139909.063368, '\rL: 48\n')
(1343139911.692491, 'S\x9dB\x83')
(1343139911.692548, '2fD\x83')
(1343139911.70844, '2FM\x83')
(1343139911.70848, '2tO\x83')
(1343139911.708503, '2CZ\x83')
(1343139911.708525, '2o\xb7\x83')
(1343139911.708547, '+')
(1343139912.5645, '2I\xef\xf3')
(1343139912.564556, '2P\xf3\xf3')
(1343139912.572301, '2R\x0b\xf4')
(1343139912.572341, 'rIN')
(1343139912.572364, 'DI\x13\xf4')
(1343139912.572386, 'ci\x15\xf4')
(1343139913.078418, '\rL: 48\n')
(1343139913.50448, '2I8m')
(1343139913.504517, '2P;m')
(1343139913.513035, '2RSm')
(1343139913.513085, 'rIN')
(1343139913.513117, 'Dw[m')
(1343139913.513138, 'ci]m')
(1343139913.513173, 'S\x9e\xd5m')
(1343139913.513196, '2f\xd8m')
(1343139913.513217, '2F\xe0m')
(1343139913.513238, '2t\xe3m')
(1343139913.513259, '2C\xeem')
(1343139913.526008, '2oKn')
(1343139913.526046, '+')
(1343139916.392536, 'S\x9f#\xdf')
(1343139916.392594, '2f%\xdf')
(1343139916.392617, '2F/\xdf')
(1343139916.392639, '2t2\xdf')
(1343139916.404704, '2C=\xdf')
(1343139916.404742, '2o\xb8\xdf')
(1343139916.404766, '+')
(1343139916.404787, '2I\xd0\xe0')
(1343139916.412497, '2P\xd4\xe0')
(1343139916.419315, '2R\xe7\xe0')
(1343139916.419352, 'rIN')
(1343139916.419376, 'DJ\xef\xe0')
(1343139916.419398, 'ci\xf1\xe0')
(1343139916.692393, 'S\xa0F\x03')
(1343139916.692432, '2fH\x03')
(1343139916.702041, '2FP\x03')
(1343139916.702112, '2tR\x03')
(1343139916.702154, '2C]\x03')
(1343139916.702191, '2o\xb0\x03')
(1343139916.702223, '+')
(1343139916.702253, '2I\xa0\x04')
(1343139916.702276, '2P\xa3\x04')
(1343139916.702297, '2R\xb5\x04')
(1343139916.702318, 'rIN')
(1343139916.702338, 'Dx\xbc\x04')
(1343139916.70236, 'ci\xbf\x04')
(1343139917.104426, '\rL: 48\n')
(1343139919.012469, '2Ij.')
(1343139919.012523, '2Pn.')
(1343139919.023027, '2R\x86.')
(1343139919.023079, 'rIN')
(1343139919.023114, 'DK\x8e.')
(1343139919.023136, 'ci\x90.')
(1343139920.504576, '2I1\xeb')
(1343139920.514612, '2P4\xeb')
(1343139920.524482, '2RF\xeb')
(1343139920.524518, 'rIN')
(1343139920.52453, 'DLM\xeb')
(1343139920.524541, 'ciP\xeb')
(1343139920.524557, 'S\xa1\xaa\xeb')
(1343139920.524569, '2f\xac\xeb')
(1343139920.524579, '2F\xb4\xeb')
(1343139920.52462, '2t\xb7\xeb')
(1343139920.524631, '2C\xc2\xeb')
(1343139920.524641, '2o\x14\xec')
(1343139920.524651, '+')
(1343139921.616436, '2I\x1az')
(1343139921.622193, '2P\x1dz')
(1343139921.624488, '2R5z')
(1343139921.624519, 'rIN')
(1343139921.62454, 'Dy<z')
(1343139921.624558, 'ci?z')
(1343139924.024599, 'S\xa2"\xae')
(1343139924.024715, '2f%\xae')
(1343139924.024746, '2F/\xae')
(1343139924.024769, '2t2\xae')
(1343139924.031895, '2C=\xae')
(1343139924.031963, '2o\xb8\xae')
(1343139924.031988, '+')
(1343139924.232505, 'S\xa3B\xc8')
(1343139924.232559, '2fE\xc8')
(1343139924.242287, '2FM\xc8')
(1343139924.242338, '2tO\xc8')
(1343139924.242373, '2CZ\xc8')
(1343139924.242395, '2o\xb7\xc8')
(1343139924.242416, '+')
(1343139924.702631, 'S\xa4F\x04')
(1343139924.702696, '2fH\x04')
(1343139924.70272, '2FP\x04')
(1343139924.702742, '2tR\x04')
(1343139924.702763, '2C]\x04')
(1343139924.702785, '2o\xb0\x04')
(1343139924.702806, '+')
(1343139924.702835, '2I\xb2\x05')
(1343139924.702857, '2P\xb5\x05')
(1343139924.702879, '2R\xc7\x05')
(1343139924.702899, 'rIN')
(1343139924.70292, 'DM\xcf\x05')
(1343139924.702942, 'ci\xd1\x05')
(1343139925.144516, '2I\xf0>')
(1343139925.144571, '2P\xf4>')
(1343139925.154843, '2R\r?')
(1343139925.154876, 'rIN')
(1343139925.154901, 'DN\x14?')
(1343139925.154923, 'ci\x16?')
(1343139926.621914, '2I\xbd\xfa')
(1343139926.624498, '2P\xc1\xfa')
(1343139926.631996, '2R\xd3\xfa')
(1343139926.63204, 'rIN')
(1343139926.632064, 'DO\xdb\xfa')
(1343139926.632087, 'ci\xde\xfa')
(1343139926.632119, 'S\xa5:\xfb')
(1343139926.632142, '2f<\xfb')
(1343139926.632163, '2FE\xfb')
(1343139926.632184, '2tG\xfb')
(1343139926.632205, '2CR\xfb')
(1343139926.632227, '2o\xaf\xfb')
(1343139926.632248, '+')
(1343139937.94478, '2I\xdd\xa3')
(1343139937.944841, '2P\xe0\xa3')
(1343139937.96465, '2R\xf8\xa3')
(1343139937.964705, 'rIN')
(1343139937.964729, 'Dz\xff\xa3')
(1343139937.964753, 'ci\x03\xa4')
(1343139940.464531, 'S\xa6"\xe6')
(1343139940.464589, '2f%\xe6')
(1343139940.464613, '2F/\xe6')
(1343139940.464635, '2t2\xe6')
(1343139940.471249, '2C=\xe6')
(1343139940.471298, '2o\xb8\xe6')
(1343139940.471322, '+')
(1343139942.544513, '2I\xf1\xf0')
(1343139942.54457, '2P\xf4\xf0')
(1343139942.551542, '2R\r\xf1')
(1343139942.551577, 'rIN')
(1343139942.551601, 'DP\x14\xf1')
(1343139942.551624, 'ci\x17\xf1')
(1343139943.124453, 'S\xa7\xc9<')
(1343139943.124494, '2f\xcb<')
(1343139943.132113, '2F\xd3<')
(1343139943.132157, '2t\xd6<')
(1343139943.132181, '2C\xe1<')
(1343139943.142102, '2o>=')
(1343139943.142162, '+')
(1343139943.152406, '2Im@')
(1343139943.162479, '2Pp@')
(1343139943.162534, '2R\x8c@')
(1343139943.162558, 'rIN')
(1343139943.16258, 'D{\x94@')
(1343139943.162602, 'ci\x96@')
(1343139943.162634, 'S\xa8\xe7@')
(1343139943.162656, '2f\xea@')
(1343139943.162677, '2F\xf6@')
(1343139943.162698, '2t\xf8@')
(1343139943.16272, '2C\x03A')
(1343139943.169205, '2o\x90A')
(1343139943.169277, '+')
(1343139943.172549, '2I\x1cC')
(1343139943.184684, '2P\x1fC')
(1343139943.184727, '2R:C')
(1343139943.184749, 'rIN')
(1343139943.18477, 'D|AC')
(1343139943.184789, 'ciDC')
(1343139943.194714, 'S\xa9\x96C')
(1343139943.194762, '2f\x99C')
(1343139943.194786, '2F\xa4C')
(1343139943.194808, '2t\xa7C')
(1343139943.197644, '2C\xb2C')
(1343139943.197679, '2o?D')
(1343139943.197701, '+')
(1343139943.197731, '2I\xffD')
(1343139943.197754, '2P\x03E')
(1343139943.197776, '2R\x1dE')
(1343139943.197797, 'rIN')
(1343139943.197816, 'D}%E')
(1343139943.197836, "ci'E")
(1343139943.197864, 'S\xaaxE')
(1343139943.197885, '2fzE')
(1343139943.197906, '2F\x87E')
(1343139943.197918, '2t\x8aE')
(1343139943.197918, '2C\x95E')
(1343139943.197918, '2o"F')
(1343139943.197918, '+')
(1343139943.200961, '2I\xc3F')
(1343139943.20457, '2P\xc7F')
(1343139943.21495, '2R\xe1F')
(1343139943.215038, 'rIN')
(1343139943.215063, 'D~\xe9F')
(1343139943.215085, 'ci\xebF')
(1343139943.215147, 'S\xab<G')
(1343139943.215174, '2f?G')
(1343139943.215195, '2FKG')
(1343139943.215215, '2tMG')
(1343139943.215234, '2!XG')
(1343139943.215254, '-')
(1343139943.215274, 'cr\\G')
(1343139943.215295, 'S\xab\x97G')
(1343139943.215316, '2f\x99G')
(1343139943.216575, '2F\xa5G')
(1343139943.216609, '2t\xa7G')
(1343139943.216632, '2!\xb2G')
(1343139943.216653, '-')
(1343139943.216674, 'cr\xb6G')
(1343139943.224699, 'S\xab\x16H')
(1343139943.224742, '2f\x18H')
(1343139943.224765, '2F$H')
(1343139943.224786, '2t&H')
(1343139943.224806, '2C2H')
(1343139943.224827, '2o\xbfH')
(1343139943.224848, '+')
(1343139943.23678, '2I\xcbI')
(1343139943.236819, '2P\xceI')
(1343139943.236843, '2R\xe9I')
(1343139943.236864, 'rIN')
(1343139943.236885, 'D\x80\xf0I')
(1343139943.236907, 'ci\xf3I')
(1343139943.236937, 'S\xacDJ')
(1343139943.236959, '2fGJ')
(1343139943.236979, '2FRJ')
(1343139943.236998, '2tUJ')
(1343139943.237018, '2!`J')
(1343139943.237037, '-')
(1343139943.237056, 'crdJ')
(1343139943.237077, 'S\xac\x97J')
(1343139943.237099, '2f\x99J')
(1343139943.23712, '2F\xa5J')
(1343139943.237141, '2t\xa7J')
(1343139943.237162, '2!\xb2J')
(1343139943.237182, '-')
(1343139943.237203, 'cr\xb6J')
(1343139943.237224, 'S\xac\x17K')
(1343139943.237245, '2f\x1aK')
(1343139943.237266, '2F&K')
(1343139943.237285, '2t(K')
(1343139943.237305, '2C3K')
(1343139943.240511, '2o\xc0K')
(1343139943.240613, '+')
(1343139943.252729, '2I\xc4L')
(1343139943.266799, '2P\xc7')
(1343139943.26684, 'L')
(1343139943.266863, '2R\xe5L')
(1343139943.266885, 'rIN')
(1343139943.266905, 'rFR')
(1343139943.266925, '2P\xedL')
(1343139943.266947, '2R\xf2L')
(1343139943.266968, 'rIN')
(1343139943.266987, 'rFR')
(1343139943.268518, '2IBN')
(1343139943.268551, '2PEN')
(1343139943.268572, '2R_N')
(1343139943.268592, 'rIN')
(1343139943.268615, 'D\x83gN')
(1343139943.268636, 'cijN')
(1343139943.268666, 'S\xad\xbcN')
(1343139943.268688, '2f\xbfN')
(1343139943.26871, '2F\xcaN')
(1343139943.268731, '2t\xcdN')
(1343139943.268752, '2C\xd8N')
(1343139943.268773, '2oeO')
(1343139943.268805, '+')
(1343139943.272501, '2I$P')
(1343139943.276566, "2P'P")
(1343139943.276613, '2RBP')
(1343139943.276635, 'rIN')
(1343139943.276661, 'D\x84IP')
(1343139943.276682, 'ciLP')
(1343139943.284541, 'S\xae\x9eP')
(1343139943.284577, '2f\xa1P')
(1343139943.284601, '2F\xacP')
(1343139943.284623, '2t\xafP')
(1343139943.284644, '2C\xbaP')
(1343139943.294736, '2oGQ')
(1343139943.294787, '+')
(1343139943.298131, '2I\xe6Q')
(1343139943.298168, '2P\xeaQ')
(1343139943.298192, '2R\x05R')
(1343139943.298213, 'rIN')
(1343139943.298234, 'D\x85\rR')
(1343139943.298255, 'ci\x0fR')
(1343139943.298285, 'S\xaf`R')
(1343139943.298306, '2fbR')
(1343139943.298326, '2FnR')
(1343139943.298346, '2tpR')
(1343139943.298366, '2C{R')
(1343139943.298385, '2o\tS')
(1343139943.298405, '+')
(1343139943.312737, '2I\x9fT')
(1343139943.32482, '2P\xa3T')
(1343139943.324873, '2R\xbdT')
(1343139943.324896, 'rIN')
(1343139943.324919, 'D\x86\xc5T')
(1343139943.32494, 'ci\xc7T')
(1343139943.324972, 'S\xb0\x18U')
(1343139943.324994, '2f\x1bU')
(1343139943.325015, '2F&U')
(1343139943.325035, '2t)U')
(1343139943.325054, '2C4U')
(1343139943.32862, '2o\xc1U')
(1343139943.328695, '+')
(1343139943.328726, '2IsV')
(1343139943.328747, '2PvV')
(1343139943.328768, '2R\x92V')
(1343139943.328789, 'rIN')
(1343139943.32881, 'D\x87\x99V')
(1343139943.328831, 'ci\x9cV')
(1343139943.32886, 'S\xb1\xedV')
(1343139943.328882, '2f\xf0V')
(1343139943.328903, '2F\xfbV')
(1343139943.328924, '2t\xfeV')
(1343139943.328944, '2!\nW')
(1343139943.328964, '-')
(1343139943.328985, 'cr\x0eW')
(1343139943.332458, 'S\xb1\x9dW')
(1343139943.3325, '2f\xa0W')
(1343139943.332524, '2F\xabW')
(1343139943.332545, '2t\xaeW')
(1343139943.336505, '2C\xb9W')
(1343139943.344549, '2oFX')
(1343139943.344582, '+')
(1343139943.344616, '2I\x19Y')
(1343139943.352481, '2P\x1d')
(1343139943.352517, 'Y')
(1343139943.364211, '2R;Y')
(1343139943.364266, 'rIN')
(1343139943.364289, 'rFR')
(1343139943.36431, '2PBY')
(1343139943.364329, '2RHY')
(1343139943.364349, 'rIN')
(1343139943.364369, 'rFR')
(1343139943.364389, '2IIZ')
(1343139943.364409, '2PMZ')
(1343139943.364429, '2RgZ')
(1343139943.364448, 'rIN')
(1343139943.364472, 'D\x8boZ')
(1343139943.364494, 'ciqZ')
(1343139943.364524, 'S\xb2\xc4Z')
(1343139943.364547, '2f\xc6Z')
(1343139943.364569, '2F\xd2Z')
(1343139943.36459, '2t\xd4Z')
(1343139943.368474, '2C\xe0Z')
(1343139943.368522, '2om[')
(1343139943.368544, '+')
(1343139943.368833, '2I\x95\\')
(1343139943.372535, '2P\x98\\')
(1343139943.382785, '2R\xb3\\')
(1343139943.382829, 'rIN')
(1343139943.382853, 'D\x8c\xba\\')
(1343139943.382876, 'ci\xbd\\')
(1343139943.382908, 'S\xb3\x0e]')
(1343139943.38293, '2f\x11]')
(1343139943.382951, '2F\x1c]')
(1343139943.382972, '2t\x1f]')
(1343139943.382993, '2C*]')
(1343139943.384489, '2o\xb7]')
(1343139943.384522, '+')
(1343139943.396788, '2I5_')
(1343139943.396788, '2P9_')
(1343139943.400646, '2RS_')
(1343139943.400685, 'rIN')
(1343139943.400741, 'D\x8e[_')
(1343139943.400764, 'ci]_')
(1343139943.400795, 'S\xb4\xb0_')
(1343139943.400818, '2f\xb2_')
(1343139943.400839, '2F\xbe_')
(1343139943.40086, '2t\xc0_')
(1343139943.400881, '2C\xcc_')
(1343139943.400902, '2oY`')
(1343139943.400922, '+')
(1343139943.404484, '2I\xed`')
(1343139943.404523, '2P\xf0`')
(1343139943.421985, '2R\x0ba')
(1343139943.422064, 'rIN')
(1343139943.422112, 'D\x8f\x13a')
(1343139943.422156, 'ci\x15a')
(1343139943.422473, 'S\xb5fa')
(1343139943.422504, '2fia')
(1343139943.422525, '2Fta')
(1343139943.422545, '2twa')
(1343139943.422567, '2C\x82a')
(1343139943.422589, '2o\x0fb')
(1343139943.42261, '+')
(1343139943.42464, '2I\xf3b')
(1343139943.424677, '2P\xf6b')
(1343139943.424701, '2R\x11c')
(1343139943.424722, 'rIN')
(1343139943.424744, 'D\x90\x19c')
(1343139943.424766, 'ci\x1cc')
(1343139943.424795, 'S\xb6lc')
(1343139943.424817, '2foc')
(1343139943.429644, '2Fzc')
(1343139943.429731, '2t}c')
(1343139943.429772, '2C\x88c')
(1343139943.429795, '2o\x15d')
(1343139943.429816, '+')
(1343139943.444622, '2I~e')
(1343139943.444681, '2P\x82e')
(1343139943.46662, '2R\x9de')
(1343139943.466661, 'rIN')
(1343139943.4667, 'D\x91\xa4e')
(1343139943.466723, 'ci\xa7e')
(1343139943.466754, 'S\xb7\xf8e')
(1343139943.466776, '2f\xfbe')
(1343139943.466798, '2F\x07f')
(1343139943.466819, '2t\nf')
(1343139943.46684, '2C\x15f')
(1343139943.466861, '2o\xa2f')
(1343139943.466882, '+')
(1343139943.466909, '2IIg')
(1343139943.466929, '2PLg')
(1343139943.466949, '2Rgg')
(1343139943.466968, 'rIN')
(1343139943.466989, 'D\x92ng')
(1343139943.46701, 'ciqg')
(1343139943.472566, 'S\xb8\xc4g')
(1343139943.472617, '2f\xc6g')
(1343139943.472641, '2F\xd2g')
(1343139943.472663, '2t\xd4g')
(1343139943.47285, '2!\xdfg')
(1343139943.472879, '-')
(1343139943.4729, 'cr\xe3g')
(1343139943.472922, 'S\xb8\x16h')
(1343139943.472944, '2f\x19h')
(1343139943.472964, '2F$h')
(1343139943.472984, "2t'h")
(1343139943.473003, '2!2h')
(1343139943.473023, '-')
(1343139943.473042, 'cr5h')
(1343139943.473063, 'S\xb8\x97h')
(1343139943.473084, '2f\x99h')
(1343139943.473106, '2F\xa5h')
(1343139943.473127, '2t\xa7h')
(1343139943.473147, '2C\xb2h')
(1343139943.473168, '2o@i')
(1343139943.473188, '+')
(1343139943.473323, '2I\xe5i')
(1343139943.47648, '2P\xe8')
(1343139943.476518, 'i')
(1343139943.484529, '2R\x07j')
(1343139943.484568, 'rIN')
(1343139943.48459, 'rFR')
(1343139943.484611, '2P\x0fj')
(1343139943.484633, '2R\x14j')
(1343139943.484654, 'rIN')
(1343139943.484673, 'rFR')
(1343139943.491675, '2I\xdfj')
(1343139943.492582, '2P\xe2j')
(1343139943.492617, '2R\xfcj')
(1343139943.492639, 'rIN')
(1343139943.492662, 'D\x95\x05k')
(1343139943.492684, 'ci\x07k')
(1343139943.492715, 'S\xb9Xk')
(1343139943.492737, '2fZk')
(1343139943.492757, '2Ffk')
(1343139943.492776, '2thk')
(1343139943.496634, '2!sk')
(1343139943.496707, '-')
(1343139943.496729, 'crwk')
(1343139943.496752, 'S\xb9\x96k')
(1343139943.496775, '2f\x99k')
(1343139943.496796, '2F\xa4k')
(1343139943.496817, '2t\xa7k')
(1343139943.496838, '2!\xb2k')
(1343139943.496858, '-')
(1343139943.496938, 'cr\xb5k')
(1343139943.496968, 'S\xb9\x16l')
(1343139943.49699, '2f\x18l')
(1343139943.49701, '2F$l')
(1343139943.497029, '2t&l')
(1343139943.497049, '2C2l')
(1343139943.49707, '2o\xbfl')
(1343139943.49709, '+')
(1343139943.504507, '2ISm')
(1343139943.504557, '2P')
(1343139943.504579, 'Vm')
(1343139943.504599, '2Rtm')
(1343139943.504619, 'rIN')
(1343139943.504639, 'rFR')
(1343139943.504658, '2P|m')
(1343139943.504683, '2R\x82m')
(1343139943.504704, 'rIN')
(1343139943.504724, 'rFR')
(1343139943.512424, '2I\xc3n')
(1343139943.523107, '2P\xc6n')
(1343139943.52316, '2R\xe1n')
(1343139943.523183, 'rIN')
(1343139943.523206, 'D\x98\xe8n')
(1343139943.523227, 'ci\xebn')
(1343139943.524527, 'S\xba<o')
(1343139943.52456, '2f?o')
(1343139943.524581, '2FJo')
(1343139943.524601, '2tMo')
(1343139943.536567, '2CXo')
(1343139943.536637, '2o\xe5o')
(1343139943.53666, '+')
(1343139943.536689, '2I\\q')
(1343139943.540505, '2P`q')
(1343139943.540552, '2Rzq')
(1343139943.540574, 'rIN')
(1343139943.5406, 'D\x99\x83q')
(1343139943.540622, 'ci\x85q')
(1343139943.540653, 'S\xbb\xd7q')
(1343139943.540675, '2f\xdaq')
(1343139943.540697, '2F\xe5q')
(1343139943.540718, '2t\xe8q')
(1343139943.544459, '2C\xf3q')
(1343139943.554906, '2o\x81r')
(1343139943.554948, '+')
(1343139943.554981, '2I\xe7s')
(1343139943.564523, '2P\xeas')
(1343139943.564555, '2R\x06t')
(1343139943.564567, 'rIN')
(1343139943.564578, 'D\x9a\rt')
(1343139943.564588, 'ci\x10t')
(1343139943.564604, 'S\xbc`t')
(1343139943.564614, '2fct')
(1343139943.564624, '2Fnt')
(1343139943.564634, '2tqt')
(1343139943.564644, '2C|t')
(1343139943.568433, '2o\tu')
(1343139943.568469, '+')
(1343139943.574853, '2I\xfau')
(1343139943.574883, '2P\xfdu')
(1343139943.574895, '2R\x18v')
(1343139943.574906, 'rIN')
(1343139943.574917, 'D\x9b v')
(1343139943.574927, 'ci#v')
(1343139943.594761, 'S\xbdsv')
(1343139943.594821, '2fvv')
(1343139943.594855, '2F\x82v')
(1343139943.594877, '2t\x85v')
(1343139943.594899, '2!\x90v')
(1343139943.594919, '-')
(1343139943.59494, 'cr\x94v')
(1343139943.600757, 'S\xbd\x16w')
(1343139943.600805, '2f\x19w')
(1343139943.600829, '2F$w')
(1343139943.600849, "2t'w")
(1343139943.600882, '2C2w')
(1343139943.600904, '2o\xbfw')
(1343139943.600926, '+')
(1343139943.600956, '2I\x94x')
(1343139943.600978, '2P\x98')
(1343139943.600999, 'x')
(1343139943.60102, '2R\xb6x')
(1343139943.601041, 'rIN')
(1343139943.601061, 'rFR')
(1343139943.601081, '2P\xbdx')
(1343139943.601102, '2R\xc3x')
(1343139943.601123, 'rIN')
(1343139943.601143, 'rFR')
(1343139943.614917, '2I\xcfy')
(1343139943.615014, '2P\xd3y')
(1343139943.615039, '2R\xedy')
(1343139943.615061, 'rIN')
(1343139943.615082, 'D\x9e\xf5y')
(1343139943.615104, 'ci\xf7y')
(1343139943.615135, 'S\xbeHz')
(1343139943.615157, '2fKz')
(1343139943.615177, '2FVz')
(1343139943.615196, '2tYz')
(1343139943.615216, '2!dz')
(1343139943.615236, '-')
(1343139943.615255, 'crhz')
(1343139943.615276, 'S\xbe\x97z')
(1343139943.615297, '2f\x99z')
(1343139943.615319, '2F\xa5z')
(1343139943.61534, '2t\xa7z')
(1343139943.615361, '2!\xb2z')
(1343139943.615381, '-')
(1343139943.615402, 'cr\xb6z')
(1343139943.616557, 'S\xbe\x16{')
(1343139943.616592, '2f\x19{')
(1343139943.62455, '2F${')
(1343139943.624586, "2t'{")
(1343139943.624608, '2C2{')
(1343139943.624632, '2o\xbf{')
(1343139943.624653, '+')
(1343139943.624681, '2IO}')
(1343139943.635006, '2P')
(1343139943.635041, 'S}')
(1343139943.635063, '2Rq}')
(1343139943.635084, 'rIN')
(1343139943.635103, 'rFR')
(1343139943.636794, '2Py}')
(1343139943.636794, '2R~}')
(1343139943.636794, 'rIN')
(1343139943.636794, 'rFR')
(1343139943.640463, '2I;\x7f')
(1343139943.644492, '2P?\x7f')
(1343139943.644532, '2RY\x7f')
(1343139943.644555, 'rIN')
(1343139943.644577, 'D\xa1a\x7f')
(1343139943.6446, 'cic\x7f')
(1343139943.654766, 'S\xbf\xb6\x7f')
(1343139943.654819, '2f\xb8\x7f')
(1343139943.664635, '2F\xc4\x7f')
(1343139943.664635, '2t\xc6\x7f')
(1343139943.664635, '2C\xd1\x7f')
(1343139943.664635, '2o_\x80')
(1343139943.66466, '+')
(1343139943.669073, '2Ik\x81')
(1343139943.669137, '2Po\x81')
(1343139943.669185, '2R\x8a\x81')
(1343139943.66923, 'rIN')
(1343139943.669273, 'D\xa2\x92\x81')
(1343139943.66936, 'ci\x94\x81')
(1343139943.669413, 'S\xc0\xe6\x81')
(1343139943.669455, '2f\xe9\x81')
(1343139943.669495, '2F\xf4\x81')
(1343139943.669602, '2t\xf7\x81')
(1343139943.669642, '2!\x02\x82')
(1343139943.669679, '-')
(1343139943.669716, 'cr\x05\x82')
(1343139943.669754, 'S\xc0\x9d\x82')
(1343139943.669791, '2f\xa0\x82')
(1343139943.669828, '2F\xab\x82')
(1343139943.669864, '2t\xae\x82')
(1343139943.684738, '2C\xb9\x82')
(1343139943.684791, '2oF\x83')
(1343139943.684814, '+')
(1343139943.684845, '2I\x1f\x84')
(1343139943.692439, '2P')
(1343139943.692475, '#\x84')
(1343139943.696577, '2RA\x84')
(1343139943.696627, 'rIN')
(1343139943.696649, 'rFR')
(1343139943.69667, '2PH\x84')
(1343139943.696691, '2RN\x84')
(1343139943.696712, 'rIN')
(1343139943.696731, 'rFR')
(1343139943.696752, '2I\xc1\x85')
(1343139943.696774, '2P\xc5\x85')
(1343139943.696796, '2R\xdf\x85')
(1343139943.696817, 'rIN')
(1343139943.696838, 'D\xa6\xe7\x85')
(1343139943.69686, 'ci\xe9\x85')
(1343139943.700585, 'S\xc1:\x86')
(1343139943.700633, '2f=\x86')
(1343139943.700657, '2FH\x86')
(1343139943.700679, '2tK\x86')
(1343139943.7007, '2CV\x86')
(1343139943.700722, '2o\xe3\x86')
(1343139943.700743, '+')
(1343139943.721774, '2I\xce\x88')
(1343139943.721945, '2P\xd2\x88')
(1343139943.724453, '2R\xec\x88')
(1343139943.72449, 'rIN')
(1343139943.73253, 'D\xa8\xf4\x88')
(1343139943.732586, 'ci\xf6\x88')
(1343139943.73262, 'S\xc2H\x89')
(1343139943.732642, '2fJ\x89')
(1343139943.732664, '2FV\x89')
(1343139943.732685, '2tX\x89')
(1343139943.732706, '2Cc\x89')
(1343139943.732728, '2o\xf1\x89')
(1343139943.732749, '+')
(1343139943.744813, '2I\xab\x8a')
(1343139943.744863, '2P\xaf\x8a')
(1343139943.744887, '2R\xc9\x8a')
(1343139943.744909, 'rIN')
(1343139943.744931, 'D\xa9\xd1\x8a')
(1343139943.744953, 'ci\xd3\x8a')
(1343139943.744984, 'S\xc3$\x8b')
(1343139943.745006, "2f'\x8b")
(1343139943.745028, '2F2\x8b')
(1343139943.745049, '2t5\x8b')
(1343139943.74507, '2C@\x8b')
(1343139943.751529, '2o\xcd\x8b')
(1343139943.751572, '+')
(1343139943.752493, '2I\x91\x8c')
(1343139943.752527, '2P\x95\x8c')
(1343139943.752565, '2R\xaf\x8c')
(1343139943.752587, 'rIN')
(1343139943.752609, 'D\xaa\xb7\x8c')
(1343139943.752631, 'ci\xb9\x8c')
(1343139943.756525, 'S\xc4\x0b\x8d')
(1343139943.756561, '2f\r\x8d')
(1343139943.756584, '2F\x19\x8d')
(1343139943.756606, '2t\x1b\x8d')
(1343139943.756628, '2C&\x8d')
(1343139943.75665, '2o\xb3\x8d')
(1343139943.75667, '+')
(1343139943.760517, '2IG\x8e')
(1343139943.760558, '2PK\x8e')
(1343139943.764551, '2Re\x8e')
(1343139943.764596, 'rIN')
(1343139943.76462, 'D\xabm\x8e')
(1343139943.764642, 'cio\x8e')
(1343139943.772793, 'S\xc5\xc2\x8e')
(1343139943.772832, '2f\xc5\x8e')
(1343139943.772856, '2F\xd0\x8e')
(1343139943.772878, '2t\xd2\x8e')
(1343139943.7729, '2!\xdd\x8e')
(1343139943.772921, '-')
(1343139943.772943, 'cr\xe1\x8e')
(1343139943.772965, 'S\xc5\x16\x8f')
(1343139943.772987, '2f\x18\x8f')
(1343139943.773008, '2F$\x8f')
(1343139943.773029, '2t&\x8f')
(1343139943.773051, '2!1\x8f')
(1343139943.773071, '-')
(1343139943.773092, 'cr5\x8f')
(1343139943.784686, 'S\xc5\x97\x8f')
(1343139943.784731, '2f\x99\x8f')
(1343139943.784756, '2F\xa5\x8f')
(1343139943.784778, '2t\xa7\x8f')
(1343139943.7848, '2C\xb2\x8f')
(1343139943.784822, '2o@\x90')
(1343139943.784843, '+')
(1343139943.788531, '2I\xa0\x91')
(1343139943.788531, '2P')
(1343139943.788531, '\xa3\x91')
(1343139943.788531, '2R\xc1\x91')
(1343139943.788531, 'rIN')
(1343139943.788531, 'rFR')
(1343139943.788531, '2P\xc9\x91')
(1343139943.788531, '2R\xce\x91')
(1343139943.788531, 'rIN')
(1343139943.788531, 'rFR')
(1343139943.80225, '2I\xd6\x92')
(1343139943.802331, '2P\xda\x92')
(1343139943.80457, '2R\xf4\x92')
(1343139943.804603, 'rIN')
(1343139943.804626, 'D\xae\xfc\x92')
(1343139943.804649, 'ci\xfe\x92')
(1343139943.812395, 'S\xc6O\x93')
(1343139943.812432, '2fR\x93')
(1343139943.812455, '2F]\x93')
(1343139943.812477, '2t`\x93')
(1343139943.812499, '2Ck\x93')
(1343139943.812521, '2o\xf8\x93')
(1343139943.812542, '+')
(1343139943.812571, '2I\xfa\x94')
(1343139943.827662, '2P\xfe\x94')
(1343139943.827742, '2R\x19\x95')
(1343139943.827792, 'rIN')
(1343139943.827838, 'D\xaf!\x95')
(1343139943.827882, 'ci#\x95')
(1343139943.827935, 'S\xc7t\x95')
(1343139943.828106, '2fv\x95')
(1343139943.82813, '2F\x83\x95')
(1343139943.828151, '2t\x85\x95')
(1343139943.828173, '2C\x90\x95')
(1343139943.828311, '2o\x1e\x96')
(1343139943.82834, '+')
(1343139943.832348, '2II\x97')
(1343139943.832368, '2PL\x97')
(1343139943.842542, '2Rg\x97')
(1343139943.842594, 'rIN')
(1343139943.842618, 'D\xb0n\x97')
(1343139943.84264, 'ciq\x97')
(1343139943.842672, 'S\xc8\xc3\x97')
(1343139943.842695, '2f\xc6\x97')
(1343139943.842717, '2F\xd2\x97')
(1343139943.842738, '2t\xd4\x97')
(1343139943.842759, '2!\xdf\x97')
(1343139943.84278, '-')
(1343139943.8428, 'cr\xe3\x97')
(1343139943.844525, 'S\xc8\x16\x98')
(1343139943.844559, '2f\x19\x98')
(1343139943.844582, '2F$\x98')
(1343139943.844604, "2t'\x98")
(1343139943.844626, '2!2\x98')
(1343139943.844646, '-')
(1343139943.844667, 'cr5\x98')
(1343139943.854579, 'S\xc8\x97\x98')
(1343139943.854618, '2f\x99\x98')
(1343139943.854643, '2F\xa5\x98')
(1343139943.854665, '2t\xa7\x98')
(1343139943.854687, '2C\xb2\x98')
(1343139943.854709, '2o@\x99')
(1343139943.85473, '+')
(1343139943.854759, '2I7\x9a')
(1343139943.86053, '2P;')
(1343139943.860579, '\x9a')
(1343139943.860603, '2RY\x9a')
(1343139943.860624, 'rIN')
(1343139943.860644, 'rFR')
(1343139943.860665, '2P`\x9a')
(1343139943.860686, '2Rf\x9a')
(1343139943.860707, 'rIN')
(1343139943.860726, 'rFR')
(1343139943.864502, '2IH\x9b')
(1343139943.864525, '2PK\x9b')
(1343139943.864536, '2Re\x9b')
(1343139943.864547, 'rIN')
(1343139943.864557, 'D\xb4m\x9b')
(1343139943.864568, 'cio\x9b')
(1343139943.872453, 'S\xc9\xc2\x9b')
(1343139943.872491, '2f\xc5\x9b')
(1343139943.886651, '2F\xd0\x9b')
(1343139943.886693, '2t\xd3\x9b')
(1343139943.886718, '2C\xde\x9b')
(1343139943.88674, '2ok\x9c')
(1343139943.88676, '+')
(1343139943.892592, '2I\x08\x9e')
(1343139943.892645, '2P\x0b\x9e')
(1343139943.89267, '2R&\x9e')
(1343139943.892692, 'rIN')
(1343139943.892713, 'D\xb5-\x9e')
(1343139943.892735, 'ci0\x9e')
(1343139943.89278, 'S\xca\x82\x9e')
(1343139943.892804, '2f\x84\x9e')
(1343139943.892826, '2F\x90\x9e')
(1343139943.892848, '2t\x92\x9e')
(1343139943.89287, '2C\x9d\x9e')
(1343139943.892891, '2o*\x9f')
(1343139943.892912, '+')
(1343139943.914748, '2I\xe6\x9f')
(1343139943.914848, '2P\xea\x9f')
(1343139943.920606, '2R\x05\xa0')
(1343139943.920727, 'rIN')
(1343139943.920758, 'D\xb6\r\xa0')
(1343139943.920782, 'ci\x0f\xa0')
(1343139943.920814, 'S\xcb`\xa0')
(1343139943.920837, '2fb\xa0')
(1343139943.920858, '2Fn\xa0')
(1343139943.920879, '2tp\xa0')
(1343139943.9209, '2C{\xa0')
(1343139943.920921, '2o\t\xa1')
(1343139943.920941, '+')
(1343139943.92097, '2I\x0b\xa2')
(1343139943.920992, '2P\x0e\xa2')
(1343139943.921014, '2R(\xa2')
(1343139943.921034, 'rIN')
(1343139943.921055, 'D\xb70\xa2')
(1343139943.921076, 'ci2\xa2')
(1343139943.921105, 'S\xcc\x84\xa2')
(1343139943.921127, '2f\x87\xa2')
(1343139943.921149, '2F\x92\xa2')
(1343139943.92117, '2t\x95\xa2')
(1343139943.921192, '2C\xa0\xa2')
(1343139943.924477, '2o-\xa3')
(1343139943.924513, '+')
(1343139943.934787, '2I\xc9\xa3')
(1343139943.944709, '2P\xcc\xa3')
(1343139943.951309, '2R\xe7\xa3')
(1343139943.951393, 'rIN')
(1343139943.951418, 'D\xb8\xef\xa3')
(1343139943.951441, 'ci\xf1\xa3')
(1343139943.951473, 'S\xcdB\xa4')
(1343139943.951495, '2fE\xa4')
(1343139943.951517, '2FP\xa4')
(1343139943.951538, '2tS\xa4')
(1343139943.951559, '2!^\xa4')
(1343139943.95158, '-')
(1343139943.9516, 'crb\xa4')
(1343139943.951622, 'S\xcd\x97\xa4')
(1343139943.951644, '2f\x99\xa4')
(1343139943.951665, '2F\xa5\xa4')
(1343139943.951686, '2t\xa7\xa4')
(1343139943.951708, '2!\xb2\xa4')
(1343139943.951728, '-')
(1343139943.951749, 'cr\xb6\xa4')
(1343139943.951771, 'S\xcd\x16\xa5')
(1343139943.951793, '2f\x19\xa5')
(1343139943.951814, '2F$\xa5')
(1343139943.951835, "2t'\xa5")
(1343139943.951856, '2C2\xa5')
(1343139943.951877, '2o\xbf\xa5')
(1343139943.951898, '+')
(1343139943.951927, '2IT\xa6')
(1343139943.951948, '2PW')
(1343139943.951969, '\xa6')
(1343139943.95199, '2Ru\xa6')
(1343139943.95201, 'rIN')
(1343139943.95203, 'rFR')
(1343139943.952411, '2P|\xa6')
(1343139943.952445, '2R\x83\xa6')
(1343139943.952468, 'rIN')
(1343139943.952487, 'rFR')
(1343139943.956458, '2IG\xa7')
(1343139943.964515, '2PJ\xa7')
(1343139943.964551, '2Re\xa7')
(1343139943.964574, 'rIN')
(1343139943.964596, 'D\xbbl\xa7')
(1343139943.964618, 'cio\xa7')
(1343139943.974739, 'S\xce\xc1\xa7')
(1343139943.9748, '2f\xc4\xa7')
(1343139943.975071, '2F\xcf\xa7')
(1343139943.975103, '2t\xd2\xa7')
(1343139943.975127, '2C\xdd\xa7')
(1343139943.975148, '2oj\xa8')
(1343139943.975169, '+')
(1343139943.981504, '2I\x93\xa9')
(1343139943.981565, '2P\x96\xa9')
(1343139943.981611, '2R\xb1\xa9')
(1343139943.981653, 'rIN')
(1343139943.981695, 'D\xbc\xb8\xa9')
(1343139943.981736, 'ci\xbb\xa9')
(1343139943.981909, 'S\xcf\x0c\xaa')
(1343139943.98195, '2f\x0f\xaa')
(1343139943.981989, '2F\x1a\xaa')
(1343139943.982026, '2t\x1d\xaa')
(1343139943.982063, '2C(\xaa')
(1343139943.982101, '2o\xb5\xaa')
(1343139943.982137, '+')
(1343139944.004716, '2IH\xac')
(1343139944.004771, '2PK\xac')
(1343139944.01659, '2Rf\xac')
(1343139944.016627, 'rIN')
(1343139944.016651, 'D\xbdm\xac')
(1343139944.016673, 'cip\xac')
(1343139944.016705, 'S\xd0\xc2\xac')
(1343139944.016728, '2f\xc5\xac')
(1343139944.01675, '2F\xd1\xac')
(1343139944.016772, '2t\xd3\xac')
(1343139944.016793, '2C\xde\xac')
(1343139944.016814, '2ok\xad')
(1343139944.016835, '+')
(1343139944.02063, '2I+\xaf')
(1343139944.020676, '2P.\xaf')
(1343139944.0207, '2RI\xaf')
(1343139944.020721, 'rIN')
(1343139944.020742, 'D\xbeP\xaf')
(1343139944.020799, 'ciS\xaf')
(1343139944.020851, 'S\xd1\xa6\xaf')
(1343139944.020875, '2f\xa8\xaf')
(1343139944.020897, '2F\xb4\xaf')
(1343139944.020919, '2t\xb6\xaf')
(1343139944.020941, '2C\xc1\xaf')
(1343139944.034857, '2oO\xb0')
(1343139944.03492, '+')
(1343139944.034953, '2IG\xb1')
(1343139944.051314, '2PK\xb1')
(1343139944.051385, '2Re\xb1')
(1343139944.051538, 'rIN')
(1343139944.051562, 'D\xc0m\xb1')
(1343139944.051584, 'cio\xb1')
(1343139944.051616, 'S\xd2\xc2\xb1')
(1343139944.051652, '2f\xc5\xb1')
(1343139944.051674, '2F\xd0\xb1')
(1343139944.051696, '2t\xd3\xb1')
(1343139944.051717, '2!\xde\xb1')
(1343139944.051738, '-')
(1343139944.051759, 'cr\xe1\xb1')
(1343139944.051781, 'S\xd2\x16\xb2')
(1343139944.051803, '2f\x19\xb2')
(1343139944.051824, '2F$\xb2')
(1343139944.051846, "2t'\xb2")
(1343139944.051867, '2!2\xb2')
(1343139944.051888, '-')
(1343139944.051908, 'cr5\xb2')
(1343139944.051931, 'S\xd2\x97\xb2')
(1343139944.051952, '2f\x99\xb2')
(1343139944.051974, '2F\xa5\xb2')
(1343139944.051996, '2t\xa7\xb2')
(1343139944.052017, '2C\xb2\xb2')
(1343139944.056433, '2o@\xb3')
(1343139944.056481, '+')
(1343139944.06453, '2I\xb1\xb4')
(1343139944.064571, '2P\xb4')
(1343139944.064595, '\xb4')
(1343139944.085075, '2R\xd2\xb4')
(1343139944.085156, 'rIN')
(1343139944.085178, 'rFR')
(1343139944.0852, '2P\xda\xb4')
(1343139944.085222, '2R\xdf\xb4')
(1343139944.085243, 'rIN')
(1343139944.085263, 'rFR')
(1343139944.085284, '2I\xea\xb5')
(1343139944.085305, '2P\xed\xb5')
(1343139944.085327, '2R\x08\xb6')
(1343139944.085348, 'rIN')
(1343139944.08537, 'D\xc4\x10\xb6')
(1343139944.085392, 'ci\x12\xb6')
(1343139944.085424, 'S\xd3c\xb6')
(1343139944.085445, '2fe\xb6')
(1343139944.085467, '2Fq\xb6')
(1343139944.085488, '2ts\xb6')
(1343139944.08551, '2C\x7f\xb6')
(1343139944.085532, '2o\x0c\xb7')
(1343139944.085552, '+')
(1343139944.08558, '2I\x07\xb8')
(1343139944.085602, '2P\n\xb8')
(1343139944.085623, '2R$\xb8')
(1343139944.085643, 'rIN')
(1343139944.085664, 'D\xc5,\xb8')
(1343139944.085686, 'ci.\xb8')
(1343139944.104596, 'S\xd4\x7f\xb8')
(1343139944.104698, '2f\x82\xb8')
(1343139944.104728, '2F\x8e\xb8')
(1343139944.104751, '2t\x90\xb8')
(1343139944.104773, '2C\x9c\xb8')
(1343139944.104795, '2o)\xb9')
(1343139944.104816, '+')
(1343139944.11654, '2Im\xba')
(1343139944.116586, '2Pq\xba')
(1343139944.116611, '2R\x8c\xba')
(1343139944.116633, 'rIN')
(1343139944.116654, 'D\xc6\x94\xba')
(1343139944.116677, 'ci\x96\xba')
(1343139944.12051, 'S\xd5\xe8\xba')
(1343139944.120557, '2f\xea\xba')
(1343139944.120581, '2F\xf6\xba')
(1343139944.120603, '2t\xf8\xba')
(1343139944.120626, '2C\x03\xbb')
(1343139944.120648, '2o\x91\xbb')
(1343139944.120668, '+')
(1343139944.120698, '2IF\xbc')
(1343139944.12072, '2PJ\xbc')
(1343139944.124503, '2Rd\xbc')
(1343139944.124546, 'rIN')
(1343139944.124569, 'D\xc7l\xbc')
(1343139944.12459, 'cin\xbc')
(1343139944.134726, 'S\xd6\xc1\xbc')
(1343139944.134781, '2f\xc4\xbc')
(1343139944.134816, '2F\xcf\xbc')
(1343139944.134839, '2t\xd2\xbc')
(1343139944.134861, '2!\xdc\xbc')
(1343139944.134882, '-')
(1343139944.134903, 'cr\xe0\xbc')
(1343139944.136537, 'S\xd6\x16\xbd')
(1343139944.136572, '2f\x18\xbd')
(1343139944.136595, '2F$\xbd')
(1343139944.136617, '2t&\xbd')
(1343139944.136638, '2!1\xbd')
(1343139944.136659, '-')
(1343139944.13668, 'cr5\xbd')
(1343139944.146483, 'S\xd6\x97\xbd')
(1343139944.146521, '2f\x99\xbd')
(1343139944.146545, '2F\xa5\xbd')
(1343139944.146567, '2t\xa7\xbd')
(1343139944.146589, '2C\xb2\xbd')
(1343139944.14661, '2o@\xbe')
(1343139944.146631, '+')
(1343139944.146661, '2I9\xbf')
(1343139944.1526, '2P=')
(1343139944.152651, '\xbf')
(1343139944.152675, '2R[\xbf')
(1343139944.152696, 'rIN')
(1343139944.152716, 'rFR')
(1343139944.152737, '2Pb\xbf')
(1343139944.152758, '2Rh\xbf')
(1343139944.152779, 'rIN')
(1343139944.152799, 'rFR')
(1343139944.15282, '2I\xc1\xc0')
(1343139944.162487, '2P\xc5\xc0')
(1343139944.164597, '2R\xdf\xc0')
(1343139944.164633, 'rIN')
(1343139944.164657, 'D\xcb\xe7\xc0')
(1343139944.16468, 'ci\xea\xc0')
(1343139944.171651, 'S\xd7<\xc1')
(1343139944.171699, '2f?\xc1')
(1343139944.171723, '2FJ\xc1')
(1343139944.171745, '2tM\xc1')
(1343139944.171766, '2CX\xc1')
(1343139944.171788, '2o\xe5\xc1')
(1343139944.171809, '+')
(1343139944.181635, '2I\xce\xc3')
(1343139944.181705, '2P\xd2\xc3')
(1343139944.18175, '2R\xec\xc3')
(1343139944.181832, 'rIN')
(1343139944.181946, 'D\xcd\xf4\xc3')
(1343139944.182022, 'ci\xf6\xc3')
(1343139944.182073, 'S\xd8H\xc4')
(1343139944.182113, '2fJ\xc4')
(1343139944.184566, '2FV\xc4')
(1343139944.184601, '2tX\xc4')
(1343139944.184638, '2Cc\xc4')
(1343139944.194849, '2o\xf0\xc4')
(1343139944.194899, '+')
(1343139944.194932, '2I\xaa\xc5')
(1343139944.204683, '2P\xae\xc5')
(1343139944.204724, '2R\xc8\xc5')
(1343139944.204747, 'rIN')
(1343139944.20477, 'D\xce\xd0\xc5')
(1343139944.204793, 'ci\xd2\xc5')
(1343139944.204824, 'S\xd9$\xc6')
(1343139944.204847, '2f&\xc6')
(1343139944.204868, '2F2\xc6')
(1343139944.204889, '2t4\xc6')
(1343139944.204911, '2C?\xc6')
(1343139944.214476, '2o\xcd\xc6')
(1343139944.214513, '+')
(1343139944.214545, '2I\x87\xc7')
(1343139944.214568, '2P\x8b\xc7')
(1343139944.21459, '2R\xa6\xc7')
(1343139944.21461, 'rIN')
(1343139944.214632, 'D\xcf\xad\xc7')
(1343139944.214654, 'ci\xb0\xc7')
(1343139944.220558, 'S\xda\x01\xc8')
(1343139944.22061, '2f\x04\xc8')
(1343139944.220634, '2F\x0f\xc8')
(1343139944.220657, '2t\x12\xc8')
(1343139944.220679, '2C\x1d\xc8')
(1343139944.220701, '2o\xaa\xc8')
(1343139944.220722, '+')
(1343139944.224584, '2IH\xc9')
(1343139944.22462, '2PK\xc9')
(1343139944.224643, '2Rf\xc9')
(1343139944.224665, 'rIN')
(1343139944.224687, 'D\xd0m\xc9')
(1343139944.224708, 'cip\xc9')
(1343139944.246596, 'S\xdb\xc3\xc9')
(1343139944.246639, '2f\xc6\xc9')
(1343139944.246663, '2F\xd1\xc9')
(1343139944.246685, '2t\xd4\xc9')
(1343139944.246707, '2!\xdf\xc9')
(1343139944.246729, '-')
(1343139944.24675, 'cr\xe3\xc9')
(1343139944.246772, 'S\xdb\x16\xca')
(1343139944.246795, '2f\x19\xca')
(1343139944.246816, '2F$\xca')
(1343139944.246838, "2t'\xca")
(1343139944.246859, '2!2\xca')
(1343139944.24688, '-')
(1343139944.246901, 'cr6\xca')
(1343139944.252621, 'S\xdb\x97\xca')
(1343139944.25267, '2f\x9a\xca')
(1343139944.252694, '2F\xa5\xca')
(1343139944.252716, '2t\xa8\xca')
(1343139944.252738, '2C\xb3\xca')
(1343139944.25276, '2o@\xcb')
(1343139944.252781, '+')
(1343139944.252811, '2I6\xcc')
(1343139944.252832, '2P')
(1343139944.252853, ':\xcc')
(1343139944.252875, '2RX\xcc')
(1343139944.252895, 'rIN')
(1343139944.252915, 'rFR')
(1343139944.252935, '2P_\xcc')
(1343139944.253014, '2Re\xcc')
(1343139944.253037, 'rIN')
(1343139944.253057, 'rFR')
(1343139944.256517, '2I\xa4\xcd')
(1343139944.25656, '2P\xa8\xcd')
(1343139944.256584, '2R\xc2\xcd')
(1343139944.256605, 'rIN')
(1343139944.256626, 'D\xd4\xca\xcd')
(1343139944.256649, 'ci\xcc\xcd')
(1343139944.276596, 'S\xdc\x1e\xce')
(1343139944.276637, '2f \xce')
(1343139944.276661, '2F,\xce')
(1343139944.276683, '2t.\xce')
(1343139944.276704, '2C9\xce')
(1343139944.276726, '2o\xc7\xce')
(1343139944.276747, '+')
(1343139944.280483, '2IY\xd0')
(1343139944.280527, '2P]\xd0')
(1343139944.28055, '2Rw\xd0')
(1343139944.280571, 'rIN')
(1343139944.280593, 'D\xd5\x7f\xd0')
(1343139944.280615, 'ci\x82\xd0')
(1343139944.28449, 'S\xdd\xd4\xd0')
(1343139944.284526, '2f\xd7\xd0')
(1343139944.284549, '2F\xe2\xd0')
(1343139944.28457, '2t\xe4\xd0')
(1343139944.284592, '2C\xf0\xd0')
(1343139944.291579, '2o}\xd1')
(1343139944.291616, '+')
(1343139944.310895, '2I<\xd3')
(1343139944.310969, '2P?\xd3')
(1343139944.312605, '2RZ\xd3')
(1343139944.31264, 'rIN')
(1343139944.312663, 'D\xd6a\xd3')
(1343139944.312685, 'cid\xd3')
(1343139944.312717, 'S\xde\xb6\xd3')
(1343139944.31274, '2f\xb9\xd3')
(1343139944.312762, '2F\xc5\xd3')
(1343139944.312783, '2t\xc7\xd3')
(1343139944.312805, '2!\xd2\xd3')
(1343139944.312826, '-')
(1343139944.312847, 'cr\xd6\xd3')
(1343139944.312869, 'S\xde\x16\xd4')
(1343139944.312891, '2f\x18\xd4')
(1343139944.312913, '2F$\xd4')
(1343139944.312934, '2t&\xd4')
(1343139944.312955, '2!1\xd4')
(1343139944.312976, '-')
(1343139944.312996, 'cr5\xd4')
(1343139944.313018, 'S\xde\x98\xd4')
(1343139944.31304, '2f\x9a\xd4')
(1343139944.313062, '2F\xa6\xd4')
(1343139944.313083, '2t\xa8\xd4')
(1343139944.313105, '2C\xb3\xd4')
(1343139944.316534, '2o@\xd5')
(1343139944.316581, '+')
(1343139944.332375, '2IB\xd6')
(1343139944.332441, '2PE\xd6')
(1343139944.344725, '2R_\xd6')
(1343139944.344765, 'rIN')
(1343139944.344786, 'rFR')
(1343139944.344809, '2I\x06\xd7')
(1343139944.344831, '2P\t\xd7')
(1343139944.344853, '2R\x1a\xd7')
(1343139944.344874, 'rIN')
(1343139944.344894, 'rFR')
(1343139944.344914, '2IF\xd7')
(1343139944.34495, '2PI\xd7')
(1343139944.344972, '2IZ\xd7')
(1343139944.344993, '2R^\xd7')
(1343139944.345014, 'rIN')
(1343139944.345035, 'DAe\xd7')
(1343139944.345056, 'cig\xd7')
(1343139944.345077, '2Pw\xd7')
(1343139944.345098, '2R\x92\xd7')
(1343139944.345119, 'rIN')
(1343139944.34514, 'D\xda\x9a\xd7')
(1343139944.345163, 'ci\x9c\xd7')
(1343139944.345195, 'S\xdf\xee\xd7')
(1343139944.345217, '2f\xf1\xd7')
(1343139944.345239, '2F\xfc\xd7')
(1343139944.345261, '2t\xff\xd7')
(1343139944.345282, '2C\x0b\xd8')
(1343139944.345304, '2I\x16\xd8')
(1343139944.34854, '2o\x98\xd8')
(1343139944.348581, '+')
(1343139944.348612, '2P\xb0\xd8')
(1343139944.348635, '2R\xc2\xd8')
(1343139944.348656, 'rIN')
(1343139944.348675, 'rFR')
(1343139944.348696, '2I\x81\xd9')
(1343139944.348717, '2P\x84\xd9')
(1343139944.352456, '2R\x9f\xd9')
(1343139944.352482, 'rIN')
(1343139944.352493, 'D\xdb\xa6\xd9')
(1343139944.352504, 'ci\xa9\xd9')
(1343139944.35252, 'S\xe0\xfb\xd9')
(1343139944.352531, '2f\xfd\xd9')
(1343139944.352541, '2F\n\xda')
(1343139944.352552, '2t\x0c\xda')
(1343139944.364786, '2C\x17\xda')
(1343139944.364833, '2o\xa5\xda')
(1343139944.364856, '+')
(1343139944.376652, '2I\x94\xdb')
(1343139944.376729, '2P\x98\xdb')
(1343139944.376754, '2R\xb2\xdb')
(1343139944.376775, 'rIN')
(1343139944.376796, 'D\xdc\xba\xdb')
(1343139944.376856, 'ci\xbd\xdb')
(1343139944.376894, 'S\xe1\x0f\xdc')
(1343139944.376917, '2f\x12\xdc')
(1343139944.376939, '2F\x1d\xdc')
(1343139944.37696, '2t \xdc')
(1343139944.380558, '2C+\xdc')
(1343139944.380595, '2o\xb8\xdc')
(1343139944.380618, '+')
(1343139944.380648, '2IK\xdd')
(1343139944.38067, '2PO\xdd')
(1343139944.380691, '2Ri\xdd')
(1343139944.380711, 'rIN')
(1343139944.380732, 'D\xddq\xdd')
(1343139944.380754, 'cis\xdd')
(1343139944.384577, 'S\xe2\xc6\xdd')
(1343139944.384626, '2f\xc8\xdd')
(1343139944.384649, '2F\xd4\xdd')
(1343139944.384671, '2t\xd6\xdd')
(1343139944.384693, '2!\xe1\xdd')
(1343139944.384714, '-')
(1343139944.384735, 'cr\xe5\xdd')
(1343139944.384757, 'S\xe2\x16\xde')
(1343139944.384779, '2f\x18\xde')
(1343139944.3848, '2F$\xde')
(1343139944.384821, '2t&\xde')
(1343139944.384843, '2!1\xde')
(1343139944.384863, '-')
(1343139944.384884, 'cr5\xde')
(1343139944.394737, 'S\xe2\x97\xde')
(1343139944.394794, '2f\x99\xde')
(1343139944.395053, '2F\xa5\xde')
(1343139944.395085, '2t\xa7\xde')
(1343139944.395109, '2C\xb2\xde')
(1343139944.404653, '2o@\xdf')
(1343139944.404709, '+')
(1343139944.408443, '2I1\xe0')
(1343139944.408443, '2P5')
(1343139944.408444, '\xe0')
(1343139944.408468, '2RS\xe0')
(1343139944.408529, 'rIN')
(1343139944.408549, 'rFR')
(1343139944.40857, '2PZ\xe0')
(1343139944.408591, '2R`\xe0')
(1343139944.408612, 'rIN')
(1343139944.408631, 'rFR')
(1343139944.412435, '2I\xbe\xe1')
(1343139944.412482, '2P\xc1\xe1')
(1343139944.424804, '2R\xdc\xe1')
(1343139944.424854, 'rIN')
(1343139944.424879, 'D\xe1\xe3\xe1')
(1343139944.424902, 'ci\xe6\xe1')
(1343139944.424934, 'S\xe37\xe2')
(1343139944.424956, '2f:\xe2')
(1343139944.424977, '2FE\xe2')
(1343139944.424998, '2tH\xe2')
(1343139944.425019, '2CS\xe2')
(1343139944.431936, '2o\xe0\xe2')
(1343139944.431979, '+')
(1343139944.432507, '2IP\xe4')
(1343139944.444932, '2PT\xe4')
(1343139944.444973, '2Rn\xe4')
(1343139944.444997, 'rIN')
(1343139944.445019, 'D\xe2v\xe4')
(1343139944.445041, 'cix\xe4')
(1343139944.445072, 'S\xe4\xcb\xe4')
(1343139944.445095, '2f\xce\xe4')
(1343139944.445117, '2F\xd9\xe4')
(1343139944.445139, '2t\xdc\xe4')
(1343139944.44516, '2C\xe7\xe4')
(1343139944.449164, '2ot\xe5')
(1343139944.449231, '+')
(1343139944.449286, '2I#\xe6')
(1343139944.44933, '2P&\xe6')
(1343139944.449372, '2R@\xe6')
(1343139944.449412, 'rIN')
(1343139944.449452, 'D\xe3H\xe6')
(1343139944.449492, 'ciK\xe6')
(1343139944.452393, 'S\xe5\x9d\xe6')
(1343139944.452415, '2f\xa0\xe6')
(1343139944.452426, '2F\xab\xe6')
(1343139944.452437, '2t\xae\xe6')
(1343139944.462687, '2C\xb9\xe6')
(1343139944.462747, '2oF\xe7')
(1343139944.462784, '+')
(1343139944.464536, '2IE\xe8')
(1343139944.471627, '2PI\xe8')
(1343139944.471673, '2Rc\xe8')
(1343139944.471697, 'rIN')
(1343139944.471732, 'D\xe5k\xe8')
(1343139944.471754, 'cim\xe8')
(1343139944.47254, 'S\xe6\xc0\xe8')
(1343139944.472575, '2f\xc3\xe8')
(1343139944.472599, '2F\xce\xe8')
(1343139944.472621, '2t\xd1\xe8')
(1343139944.472642, '2!\xdc\xe8')
(1343139944.472663, '-')
(1343139944.472684, 'cr\xe0\xe8')
(1343139944.476524, 'S\xe6\x16\xe9')
(1343139944.476561, '2f\x19\xe9')
(1343139944.476585, '2F$\xe9')
(1343139944.476607, "2t'\xe9")
(1343139944.476628, '2!1\xe9')
(1343139944.4767, '-')
(1343139944.476742, 'cr5\xe9')
(1343139944.476766, 'S\xe6\x97\xe9')
(1343139944.476788, '2f\x99\xe9')
(1343139944.47681, '2F\xa5\xe9')
(1343139944.476832, '2t\xa7\xe9')
(1343139944.476853, '2C\xb2\xe9')
(1343139944.476874, '2o@\xea')
(1343139944.476895, '+')
(1343139944.50472, '2Iq\xeb')
(1343139944.504777, '2Pt')
(1343139944.5048, '\xeb')
(1343139944.509219, '2R\x93\xeb')
(1343139944.509284, 'rIN')
(1343139944.509364, 'rFR')
(1343139944.50941, '2P\xa1\xeb')
(1343139944.509455, '2R\xa7\xeb')
(1343139944.509498, 'rIN')
(1343139944.509538, 'rFR')
(1343139944.509579, '2I\xbf\xed')
(1343139944.50962, '2P\xc2\xed')
(1343139944.50966, '2R\xdd\xed')
(1343139944.509698, 'rIN')
(1343139944.509738, 'D\xe8\xe4\xed')
(1343139944.509777, 'ci\xe7\xed')
(1343139944.512626, 'S\xe78\xee')
(1343139944.512667, '2f;\xee')
(1343139944.51269, '2FF\xee')
(1343139944.512712, '2tI\xee')
(1343139944.512733, '2CT\xee')
(1343139944.512755, '2o\xe1\xee')
(1343139944.512776, '+')
(1343139944.524615, '2I\xc6\xef')
(1343139944.524668, '2P\xca\xef')
(1343139944.544434, '2R\xe4\xef')
(1343139944.544495, 'rIN')
(1343139944.54452, 'D\xe9\xec\xef')
(1343139944.544543, 'ci\xee\xef')
(1343139944.544575, 'S\xe8@\xf0')
(1343139944.544598, '2fB\xf0')
(1343139944.544619, '2FN\xf0')
(1343139944.544641, '2tP\xf0')
(1343139944.544662, '2![\xf0')
(1343139944.544683, '-')
(1343139944.544703, 'cr_\xf0')
(1343139944.544725, 'S\xe8\x97\xf0')
(1343139944.544747, '2f\x99\xf0')
(1343139944.544768, '2F\xa5\xf0')
(1343139944.54479, '2t\xa7\xf0')
(1343139944.544811, '2!\xb2\xf0')
(1343139944.544832, '-')
(1343139944.544853, 'cr\xb6\xf0')
(1343139944.544874, 'S\xe8\x16\xf1')
(1343139944.544896, '2f\x18\xf1')
(1343139944.544917, '2F$\xf1')
(1343139944.544939, '2t&\xf1')
(1343139944.544959, '2C2\xf1')
(1343139944.545115, '2o\xbf\xf1')
(1343139944.545144, '+')
(1343139944.545174, '2I\xc5\xf2')
(1343139944.545196, '2P\xc8')
(1343139944.545218, '\xf2')
(1343139944.552405, '2R\xe6\xf2')
(1343139944.552438, 'rIN')
(1343139944.552448, 'rFR')
(1343139944.552459, '2P\xee\xf2')
(1343139944.55247, '2R\xf3\xf2')
(1343139944.55248, 'rIN')
(1343139944.552489, 'rFR')
(1343139944.56222, '2I\xc5\xf3')
(1343139944.562266, '2P\xc9\xf3')
(1343139944.562284, '2R\xe3\xf3')
(1343139944.562295, 'rIN')
(1343139944.562306, 'D\xed\xeb\xf3')
(1343139944.562317, 'ci\xed\xf3')
(1343139944.564447, 'S\xe9?\xf4')
(1343139944.564466, '2fA\xf4')
(1343139944.564478, '2FM\xf4')
(1343139944.564488, '2tO\xf4')
(1343139944.564499, '2C[\xf4')
(1343139944.576703, '2o\xe8\xf4')
(1343139944.576712, '+')
(1343139944.576756, '2I\x9a\xf6')
(1343139944.57691, '2P\x9d\xf6')
(1343139944.576941, '2R\xb8\xf6')
(1343139944.576963, 'rIN')
(1343139944.576985, 'D\xee\xbf\xf6')
(1343139944.577008, 'ci\xc2\xf6')
(1343139944.581726, 'S\xea\x13\xf7')
(1343139944.581912, '2f\x16\xf7')
(1343139944.581994, '2F!\xf7')
(1343139944.582035, '2t$\xf7')
(1343139944.582073, '2C/\xf7')
(1343139944.582134, '2o\xbc\xf7')
(1343139944.582179, '+')
(1343139944.592371, '2I\xff\xf8')
(1343139944.606581, '2P\x04\xf9')
(1343139944.606606, '2R\x1e\xf9')
(1343139944.606617, 'rIN')
(1343139944.606628, 'D\xef&\xf9')
(1343139944.606639, 'ci(\xf9')
(1343139944.606655, 'S\xeby\xf9')
(1343139944.606666, '2f{\xf9')
(1343139944.606676, '2F\x88\xf9')
(1343139944.606687, '2t\x8a\xf9')
(1343139944.606697, '2C\x95\xf9')
(1343139944.609106, '2o#\xfa')
(1343139944.609148, '+')
(1343139944.609184, '2I\xc5\xfa')
(1343139944.609212, '2P\xc9\xfa')
(1343139944.609265, '2R\xe3\xfa')
(1343139944.60932, 'rIN')
(1343139944.609344, 'D\xf0\xeb\xfa')
(1343139944.609367, 'ci\xed\xfa')
(1343139944.614708, 'S\xec?\xfb')
(1343139944.614749, '2fA\xfb')
(1343139944.614761, '2FM\xfb')
(1343139944.614773, '2tO\xfb')
(1343139944.614783, '2!Z\xfb')
(1343139944.614793, '-')
(1343139944.614804, 'cr^\xfb')
(1343139944.616418, 'S\xec\x97\xfb')
(1343139944.616439, '2f\x99\xfb')
(1343139944.61645, '2F\xa5\xfb')
(1343139944.616461, '2t\xa7\xfb')
(1343139944.624579, '2!\xb2\xfb')
(1343139944.624625, '-')
(1343139944.624648, 'cr\xb6\xfb')
(1343139944.624671, 'S\xec\x16\xfc')
(1343139944.624693, '2f\x19\xfc')
(1343139944.624715, '2F$\xfc')
(1343139944.624736, "2t'\xfc")
(1343139944.624758, '2C2\xfc')
(1343139944.631669, '2o\xbf\xfc')
(1343139944.631714, '+')
(1343139944.632548, '2I\xc5\xfd')
(1343139944.637882, '2P\xc9')
(1343139944.637939, '\xfd')
(1343139944.637986, '2R\xe7\xfd')
(1343139944.638029, 'rIN')
(1343139944.638069, 'rFR')
(1343139944.638109, '2P\xee\xfd')
(1343139944.63815, '2R\xf4\xfd')
(1343139944.638231, 'rIN')
(1343139944.638268, 'rFR')
(1343139944.638307, '2I\xc5\xfe')
(1343139944.640345, '2P\xc9\xfe')
(1343139944.644552, '2R\xe3\xfe')
(1343139944.644595, 'rIN')
(1343139944.644619, 'D\xf4\xeb\xfe')
(1343139944.644642, 'ci\xed\xfe')
(1343139944.644673, 'S\xed?\xff')
(1343139944.644695, '2fA\xff')
(1343139944.644717, '2FM\xff')
(1343139944.644738, '2tO\xff')
(1343139944.644759, '2CZ\xff')
(1343139944.652089, '2o\xe8\xff')
(1343139944.652121, '+')
(1343139944.664511, '2I`\x01')
(1343139944.664555, '2Pc\x01')
(1343139944.674204, '2R}\x01')
(1343139944.67424, 'rIN')
(1343139944.674265, 'D\xf5\x86\x01')
(1343139944.674288, 'ci\x89\x01')
(1343139944.67432, 'S\xee\xda\x01')
(1343139944.674343, '2f\xdd\x01')
(1343139944.674365, '2F\xe8\x01')
(1343139944.674387, '2t\xeb\x01')
(1343139944.674409, '2C\xf6\x01')
(1343139944.674431, '2o\x83\x02')
(1343139944.674452, '+')
(1343139944.677437, '2Im\x03')
(1343139944.677677, '2Pq\x03')
(1343139944.677723, '2R\x8c\x03')
(1343139944.677766, 'rIN')
(1343139944.677972, 'D\xf6\x94\x03')
(1343139944.678018, 'ci\x96\x03')
(1343139944.680537, 'S\xef\xe8\x03')
(1343139944.680578, '2f\xea\x03')
(1343139944.680602, '2F\xf6\x03')
(1343139944.680624, '2t\xf8\x03')
(1343139944.680647, '2C\x03\x04')
(1343139944.684513, '2o\x91\x04')
(1343139944.684548, '+')
(1343139944.701714, '2I_\x05')
(1343139944.701771, '2Pb\x05')
(1343139944.701795, '2R|\x05')
(1343139944.701816, 'rIN')
(1343139944.701838, 'D\xf7\x85\x05')
(1343139944.701861, 'ci\x87\x05')
(1343139944.701893, 'S\xf0\xd9\x05')
(1343139944.701915, '2f\xdc\x05')
(1343139944.701937, '2F\xe7\x05')
(1343139944.701958, '2t\xea\x05')
(1343139944.70198, '2!\xf5\x05')
(1343139944.702, '-')
(1343139944.702021, 'cr\xf9\x05')
(1343139944.702043, 'S\xf0\x1c\x06')
(1343139944.702065, '2f\x1e\x06')
(1343139944.702086, '2F*\x06')
(1343139944.702107, '2t,\x06')
(1343139944.702129, '2!7\x06')
(1343139944.702149, '-')
(1343139944.702169, 'cr;\x06')
(1343139944.708596, 'S\xf0\x98\x06')
(1343139944.708611, '2f\x9a\x06')
(1343139944.708645, '2F\xa6\x06')
(1343139944.708668, '2t\xa8\x06')
(1343139944.70869, '2C\xb3\x06')
(1343139944.708712, '2oA\x07')
(1343139944.708733, '+')
(1343139944.712407, '2I\x1d\x08')
(1343139944.724839, '2P!')
(1343139944.724891, '\x08')
(1343139944.724915, '2R>\x08')
(1343139944.724937, 'rIN')
(1343139944.724957, 'rFR')
(1343139944.724977, '2PF\x08')
(1343139944.724999, '2RK\x08')
(1343139944.72502, 'rIN')
(1343139944.725039, 'rFR')
(1343139944.736611, '2I\xbe\t')
(1343139944.736648, '2P\xc1\t')
(1343139944.736671, '2R\xdc\t')
(1343139944.736692, 'rIN')
(1343139944.736714, 'D\xfb\xe3\t')
(1343139944.736736, 'ci\xe6\t')
(1343139944.736767, 'S\xf17\n')
(1343139944.736788, '2f:\n')
(1343139944.744458, '2FF\n')
(1343139944.744506, '2tH\n')
(1343139944.744528, '2CS\n')
(1343139944.744553, '2o\xe0\n')
(1343139944.744574, '+')
(1343139944.754876, '2I\xc6\x0c')
(1343139944.755156, '2P\xca\x0c')
(1343139944.764672, '2R\xe4\x0c')
(1343139944.764721, 'rIN')
(1343139944.764746, 'D\xfd\xec\x0c')
(1343139944.76477, 'ci\xee\x0c')
(1343139944.764801, 'S\xf2@\r')
(1343139944.764822, '2fB\r')
(1343139944.764842, '2FN\r')
(1343139944.764862, '2tP\r')
(1343139944.764896, '2C[\r')
(1343139944.764917, '2o\xe9\r')
(1343139944.764938, '+')
(1343139944.770762, '2I\xc7\x0e')
(1343139944.770817, '2P\xcb\x0e')
(1343139944.770842, '2R\xe5\x0e')
(1343139944.770863, 'rIN')
(1343139944.770885, 'D\xfe\xed\x0e')
(1343139944.770907, 'ci\xef\x0e')
(1343139944.770939, 'S\xf3A\x0f')
(1343139944.770961, '2fC\x0f')
(1343139944.776471, '2FO\x0f')
(1343139944.776524, '2tQ\x0f')
(1343139944.776548, '2C\\\x0f')
(1343139944.77657, '2o\xea\x0f')
(1343139944.776592, '+')
(1343139944.784518, '2I\x85\x10')
(1343139944.784552, '2P\x8b\x10')
(1343139944.784575, '2R\xa5\x10')
(1343139944.784596, 'rIN')
(1343139944.784618, 'D\xff\xad\x10')
(1343139944.78464, 'ci\xb0\x10')
(1343139944.792361, 'S\xf4\x01\x11')
(1343139944.792411, '2f\x04\x11')
(1343139944.792435, '2F\x0f\x11')
(1343139944.792457, '2t\x12\x11')
(1343139944.792479, '2C\x1d\x11')
(1343139944.804376, '2o\xaa\x11')
(1343139944.804414, '+')
(1343139944.804445, '2ID\x12')
(1343139944.804468, '2PG\x12')
(1343139944.804489, '2Ra\x12')
(1343139944.804509, 'rIN')
(1343139944.804531, 'D\x00i\x12')
(1343139944.804553, 'cik\x12')
(1343139944.804582, 'S\xf5\xbe\x12')
(1343139944.804604, '2f\xc1\x12')
(1343139944.804626, '2F\xcc\x12')
(1343139944.804648, '2t\xcf\x12')
(1343139944.804669, '2!\xda\x12')
(1343139944.80469, '-')
(1343139944.80471, 'cr\xde\x12')
(1343139944.804732, 'S\xf5\x17\x13')
(1343139944.804754, '2f\x1a\x13')
(1343139944.808496, '2F%\x13')
(1343139944.808539, '2t(\x13')
(1343139944.808562, '2!3\x13')
(1343139944.808584, '-')
(1343139944.808605, 'cr7\x13')
(1343139944.808627, 'S\xf5\x97\x13')
(1343139944.80865, '2f\x9a\x13')
(1343139944.808672, '2F\xa6\x13')
(1343139944.808693, '2t\xa8\x13')
(1343139944.808715, '2C\xb3\x13')
(1343139944.81242, '2o@\x14')
(1343139944.812443, '+')
(1343139944.812459, '2IA\x15')
(1343139944.822447, '2PD')
(1343139944.8225, '\x15')
(1343139944.822524, '2Rb\x15')
(1343139944.822546, 'rIN')
(1343139944.822566, 'rFR')
(1343139944.822586, '2Pj\x15')
(1343139944.822608, '2Ro\x15')
(1343139944.822628, 'rIN')
(1343139944.822648, 'rFR')
(1343139944.832326, '2I\xa8\x16')
(1343139944.837327, '2P\xac\x16')
(1343139944.837397, '2R\xc6\x16')
(1343139944.837534, 'rIN')
(1343139944.837582, 'D\x04\xce\x16')
(1343139944.837629, 'ci\xd0\x16')
(1343139944.837684, 'S\xf6"\x17')
(1343139944.837728, '2f$\x17')
(1343139944.83777, '2F0\x17')
(1343139944.837811, '2t2\x17')
(1343139944.837851, '2C>\x17')
(1343139944.837891, '2o\xcb\x17')
(1343139944.83793, '+')
(1343139944.852357, '2IH\x19')
(1343139944.862764, '2PL\x19')
(1343139944.862858, '2Rf\x19')
(1343139944.862882, 'rIN')
(1343139944.862905, 'D\x06n\x19')
(1343139944.862927, 'cip\x19')
(1343139944.86296, 'S\xf7\xc3\x19')
(1343139944.862982, '2f\xc6\x19')
(1343139944.863004, '2F\xd1\x19')
(1343139944.863026, '2t\xd4\x19')
(1343139944.863047, '2C\xdf\x19')
(1343139944.863069, '2ol\x1a')
(1343139944.86309, '+')
(1343139944.864412, '2I\x0c\x1b')
(1343139944.868519, '2P\x10\x1b')
(1343139944.868558, '2R*\x1b')
(1343139944.868581, 'rIN')
(1343139944.868603, 'D\x072\x1b')
(1343139944.868625, 'ci4\x1b')
(1343139944.868656, 'S\xf8\x86\x1b')
(1343139944.868679, '2f\x88\x1b')
(1343139944.868701, '2F\x94\x1b')
(1343139944.868722, '2t\x96\x1b')
(1343139944.868744, '2C\xa2\x1b')
(1343139944.868765, '2o/\x1c')
(1343139944.868786, '+')
(1343139944.882014, '2I\x1f\x1d')
(1343139944.882078, '2P#\x1d')
(1343139944.884531, '2R=\x1d')
(1343139944.884566, 'rIN')
(1343139944.88459, 'D\x08E\x1d')
(1343139944.884613, 'ciG\x1d')
(1343139944.892601, 'S\xf9\x9a\x1d')
(1343139944.892649, '2f\x9d\x1d')
(1343139944.892673, '2F\xa8\x1d')
(1343139944.892695, '2t\xab\x1d')
(1343139944.892718, '2C\xb6\x1d')
(1343139944.89274, '2oC\x1e')
(1343139944.892761, '+')
(1343139944.896831, '2I\xfd\x1e')
(1343139944.896904, '2P\x01\x1f')
(1343139944.896958, '2R\x1c\x1f')
(1343139944.897007, 'rIN')
(1343139944.897055, 'D\t#\x1f')
(1343139944.897101, 'ci&\x1f')
(1343139944.897156, 'S\xfav\x1f')
(1343139944.8973489, '2fy\x1f')
(1343139944.89739, '2F\x85\x1f')
(1343139944.89743, '2t\x88\x1f')
(1343139944.897468, '2C\x93\x1f')
(1343139944.897666, '2o  ')
(1343139944.897706, '+')
(1343139944.914831, '2I\xe0 ')
(1343139944.91489, '2P\xe3 ')
(1343139944.930143, '2R\xfd ')
(1343139944.930194, 'rIN')
(1343139944.930218, 'D\n\x06!')
(1343139944.93024, 'ci\x08!')
(1343139944.930272, 'S\xfbY!')
(1343139944.930293, '2f\\!')
(1343139944.930313, '2Fg!')
(1343139944.930333, '2tj!')
(1343139944.930353, '2!t!')
(1343139944.930372, '-')
(1343139944.930392, 'crx!')
(1343139944.930413, 'S\xfb\x97!')
(1343139944.930434, '2f\x9a!')
(1343139944.930455, '2F\xa5!')
(1343139944.930476, '2t\xa8!')
(1343139944.930497, '2!\xb3!')
(1343139944.930518, '-')
(1343139944.930538, 'cr\xb7!')
(1343139944.930559, 'S\xfb\x16"')
(1343139944.93058, '2f\x18"')
(1343139944.930601, '2F$"')
(1343139944.93062, '2t&"')
(1343139944.930639, '2C1"')
(1343139944.93066, '2o\xbf"')
(1343139944.93068, '+')
(1343139944.930708, '2I\xc4#')
(1343139944.930729, '2P\xc7#')
(1343139944.93075, '2R\xe2#')
(1343139944.930771, 'rIN')
(1343139944.930792, 'D\x0c\xe9#')
(1343139944.930813, 'ci\xec#')
(1343139944.942494, 'S\xfc=$')
(1343139944.942546, '2f@$')
(1343139944.942568, '2FK$')
(1343139944.942588, '2tN$')
(1343139944.942608, '2!Y$')
(1343139944.942627, '-')
(1343139944.942647, 'cr]$')
(1343139944.942669, 'S\xfc\x97$')
(1343139944.94269, '2f\x99$')
(1343139944.942712, '2F\xa5$')
(1343139944.942733, '2t\xa7$')
(1343139944.942754, '2!\xb2$')
(1343139944.942775, '-')
(1343139944.942795, 'cr\xb6$')
(1343139944.944482, 'S\xfc\x16%')
(1343139944.944517, '2f\x19%')
(1343139944.944539, '2F$%')
(1343139944.944559, "2t'%")
(1343139944.954701, '2C2%')
(1343139944.954794, '2o\xbf%')
(1343139944.954834, '+')
(1343139944.958452, "2I4'")
(1343139944.958494, '2P7')
(1343139944.958516, "'")
(1343139944.958537, "2RU'")
(1343139944.958557, 'rIN')
(1343139944.958576, 'rFR')
(1343139944.958595, "2P]'")
(1343139944.958615, "2Rb'")
(1343139944.958634, 'rIN')
(1343139944.958654, 'rFR')
(1343139944.974743, '2I\x02)')
(1343139944.97503, '2P\x05)')
(1343139944.981635, '2R )')
(1343139944.981692, 'rIN')
(1343139944.981738, "D\x10')")
(1343139944.98178, 'ci*)')
(1343139944.98183, 'S\xfdz)')
(1343139944.98187, '2f})')
(1343139944.982032, '2F\x8a)')
(1343139944.982072, '2t\x8c)')
(1343139944.982109, '2C\x97)')
(1343139944.982144, '2o$*')
(1343139944.982175, '+')
(1343139944.996861, '2I\xe6*')
(1343139944.996898, '2P\xea*')
(1343139944.996923, '2R\x05+')
(1343139944.996944, 'rIN')
(1343139944.996965, 'D\x11\r+')
(1343139944.996986, 'ci\x0f+')
(1343139944.997016, 'S\xfe`+')
(1343139944.997038, '2fb+')
(1343139944.997057, '2Fn+')
(1343139944.997077, '2tp+')
(1343139944.997097, '2C{+')
(1343139945.000553, '2o\t,')
(1343139945.00059, '+')
(1343139945.000623, '2I\xcb,')
(1343139945.000646, '2P\xce,')
(1343139945.000668, '2R\xe8,')
(1343139945.000688, 'rIN')
(1343139945.000709, 'D\x12\xf0,')
(1343139945.000731, 'ci\xf2,')
(1343139945.004498, 'S\xffD-')
(1343139945.004591, '2fG-')
(1343139945.004614, '2FR-')
(1343139945.004669, '2tU-')
(1343139945.004695, '2C`-')
(1343139945.014835, '2o\xed-')
(1343139945.014932, '+')
(1343139945.015193, '2I\xee.')
(1343139945.024715, '2P\xf2.')
(1343139945.024805, '2R\r/')
(1343139945.024829, 'rIN')
(1343139945.024852, 'D\x13\x15/')
(1343139945.024874, 'ci\x17/')
(1343139945.028695, 'S\x00h/')
(1343139945.028695, '2fk/')
(1343139945.028724, '2Fv/')
(1343139945.028754, '2ty/')
(1343139945.028776, '2!\x83/')
(1343139945.028797, '-')
(1343139945.028817, 'cr\x87/')
(1343139945.028839, 'S\x00\x160')
(1343139945.028861, '2f\x190')
(1343139945.028881, '2F$0')
(1343139945.028901, "2t'0")
(1343139945.02892, '2C20')
(1343139945.029047, '2o\xbf0')
(1343139945.029076, '+')
(1343139945.03249, '2I61')
(1343139945.032785, '2P:')
(1343139945.032815, '1')
(1343139945.032836, '2RX1')
(1343139945.032856, 'rIN')
(1343139945.032876, 'rFR')
(1343139945.043287, '2P_1')
(1343139945.043344, '2Re1')
(1343139945.043366, 'rIN')
(1343139945.043386, 'rFR')
(1343139945.043406, '2II2')
(1343139945.052504, '2PM2')
(1343139945.064605, '2Rg2')
(1343139945.064642, 'rIN')
(1343139945.06467, 'D\x16o2')
(1343139945.064692, 'ciq2')
(1343139945.064723, 'S\x01\xc42')
(1343139945.064759, '2f\xc72')
(1343139945.064781, '2F\xd22')
(1343139945.064802, '2t\xd52')
(1343139945.064823, '2C\xe02')
(1343139945.064844, '2om3')
(1343139945.064864, '+')
(1343139945.064891, '2I&4')
(1343139945.064911, '2P)4')
(1343139945.06493, '2RD4')
(1343139945.06495, 'rIN')
(1343139945.06497, 'D\x17K4')
(1343139945.06499, 'ciN4')
(1343139945.069412, 'S\x02\xa24')
(1343139945.069486, '2f\xa54')
(1343139945.069533, '2F\xb04')
(1343139945.069576, '2t\xb34')
(1343139945.069619, '2C\xbe4')
(1343139945.069725, '2oK5')
(1343139945.069764, '+')
(1343139945.072485, '2I^6')
(1343139945.077277, '2Pa6')
(1343139945.077318, '2R|6')
(1343139945.077339, 'rIN')
(1343139945.077365, 'D\x18\x846')
(1343139945.077388, 'ci\x876')
(1343139945.077419, 'S\x03\xd96')
(1343139945.077441, '2f\xdb6')
(1343139945.096762, '2F\xe76')
(1343139945.096762, '2t\xe96')
(1343139945.096789, '2C\xf56')
(1343139945.096821, '2o\x827')
(1343139945.096843, '+')
(1343139945.096873, '2I\xca8')
(1343139945.100686, '2P\xcd8')
(1343139945.100775, '2R\xe88')
(1343139945.100803, 'rIN')
(1343139945.100825, 'D\x19\xf08')
(1343139945.100876, 'ci\xf28')
(1343139945.100924, 'S\x04C9')
(1343139945.100946, '2fF9')
(1343139945.100966, '2FR9')
(1343139945.100986, '2tT9')
(1343139945.101005, '2!_9')
(1343139945.101053, '-')
(1343139945.101077, 'crc9')
(1343139945.101099, 'S\x04\x979')
(1343139945.101121, '2f\x9a9')
(1343139945.101143, '2F\xa59')
(1343139945.101164, '2t\xa89')
(1343139945.101185, '2!\xb39')
(1343139945.101205, '-')
(1343139945.101226, 'cr\xb79')
(1343139945.104502, 'S\x04\x16:')
(1343139945.104538, '2f\x19:')
(1343139945.10456, '2F$:')
(1343139945.10458, "2t':")
(1343139945.1046, '2C2:')
(1343139945.113635, '2o\xbf:')
(1343139945.113686, '+')
(1343139945.1248, '2I\xb1;')
(1343139945.124847, '2P\xb4')
(1343139945.12487, ';')
(1343139945.124891, '2R\xd2;')
(1343139945.124912, 'rIN')
(1343139945.124932, 'rFR')
(1343139945.124953, '2P\xda;')
(1343139945.124974, '2R\xdf;')
(1343139945.124995, 'rIN')
(1343139945.125014, 'rFR')
(1343139945.13135, '2I\xe1<')
(1343139945.13252, '2P\xe4<')
(1343139945.132554, '2R\xff<')
(1343139945.132577, 'rIN')
(1343139945.132599, 'D\x1c\x07=')
(1343139945.13262, 'ci\n=')
(1343139945.132651, 'S\x05Z=')
(1343139945.132672, '2f]=')
(1343139945.132692, '2Fh=')
(1343139945.132711, '2tk=')
(1343139945.136551, '2!v=')
(1343139945.136593, '-')
(1343139945.136614, 'crz=')
(1343139945.136638, 'S\x05\x99=')
(1343139945.13666, '2f\x9b=')
(1343139945.136682, '2F\xa7=')
(1343139945.136703, '2t\xa9=')
(1343139945.136724, '2!\xb4=')
(1343139945.136745, '-')
(1343139945.136765, 'cr\xb8=')
(1343139945.136786, 'S\x05\x16>')
(1343139945.136808, '2f\x18>')
(1343139945.136828, '2F$>')
(1343139945.136848, '2t&>')
(1343139945.136868, '2C2>')
(1343139945.144496, '2o\xbf>')
(1343139945.144531, '+')
(1343139945.166616, '2I\xad@')
(1343139945.166658, '2P\xb1')
(1343139945.166681, '@')
(1343139945.172547, '2R\xce@')
(1343139945.172593, 'rIN')
(1343139945.172614, 'rFR')
(1343139945.172636, '2P\xd6@')
(1343139945.172657, '2R\xdb@')
(1343139945.172679, 'rIN')
(1343139945.172698, 'rFR')
(1343139945.172719, '2I\x82B')
(1343139945.17274, '2P\x8bB')
(1343139945.172761, '2R\xa6B')
(1343139945.172781, 'rIN')
(1343139945.172802, 'D\x1f\xadB')
(1343139945.172824, 'ci\xb0B')
(1343139945.184772, 'S\x06\x01C')
(1343139945.184834, '2f\x04C')
(1343139945.184858, '2F\x0fC')
(1343139945.18488, '2t\x12C')
(1343139945.184901, '2C\x1dC')
(1343139945.184923, '2o\xaaC')
(1343139945.184944, '+')
(1343139945.194848, '2IBD')
(1343139945.194892, '2PFD')
(1343139945.194914, '2R`D')
(1343139945.194934, 'rIN')
(1343139945.194955, 'D hD')
(1343139945.194974, 'cijD')
(1343139945.195005, 'S\x07\xbdD')
(1343139945.195028, '2f\xc0D')
(1343139945.195049, '2F\xcbD')
(1343139945.19507, '2t\xceD')
(1343139945.195091, '2!\xd9D')
(1343139945.195112, '-')
(1343139945.195133, 'cr\xddD')
(1343139945.195154, 'S\x07\x17E')
(1343139945.195176, '2f\x1aE')
(1343139945.195196, '2F%E')
(1343139945.195216, '2t(E')
(1343139945.195235, '2!3E')
(1343139945.195254, '-')
(1343139945.195274, 'cr7E')
(1343139945.200426, 'S\x07\x97E')
(1343139945.200469, '2f\x9aE')
(1343139945.204443, '2F\xa5E')
(1343139945.204487, '2t\xa8E')
(1343139945.20451, '2C\xb3E')
(1343139945.204531, '2o@F')
(1343139945.204551, '+')
(1343139945.214728, '2I\xadG')
(1343139945.224594, '2P\xb1')
(1343139945.224644, 'G')
(1343139945.234319, '2R\xceG')
(1343139945.234354, 'rIN')
(1343139945.234376, 'rFR')
(1343139945.234397, '2P\xd6G')
(1343139945.234419, '2R\xdbG')
(1343139945.23444, 'rIN')
(1343139945.23446, 'rFR')
(1343139945.23448, '2I\x14J')
(1343139945.234501, '2P\x18J')
(1343139945.24448, '2R2J')
(1343139945.244514, 'rIN')
(1343139945.244525, 'D$:J')
(1343139945.244535, 'ci<J')
(1343139945.244555, 'S\x08\x8eJ')
(1343139945.244566, '2f\x90J')
(1343139945.244577, '2F\x9cJ')
(1343139945.244587, '2t\x9eJ')
(1343139945.244597, '2C\xa9J')
(1343139945.244607, '2o7K')
(1343139945.244617, '+')
(1343139945.252504, '2I\xf6K')
(1343139945.25254, '2P\xfaK')
(1343139945.252564, '2R\x15L')
(1343139945.252585, 'rIN')
(1343139945.252606, 'D%\x1dL')
(1343139945.252627, 'ci\x1fL')
(1343139945.266633, 'S\tpL')
(1343139945.266672, '2frL')
(1343139945.266694, '2F~L')
(1343139945.266719, '2t\x81L')
(1343139945.266741, '2C\x8cL')
(1343139945.266763, '2o\x19M')
(1343139945.266783, '+')
(1343139945.266811, '2I\xc3M')
(1343139945.266833, '2P\xc6M')
(1343139945.266854, '2R\xe1M')
(1343139945.266875, 'rIN')
(1343139945.266896, 'D&\xe9M')
(1343139945.266917, 'ci\xebM')
(1343139945.272573, 'S\n=N')
(1343139945.27262, '2f?N')
(1343139945.272641, '2FKN')
(1343139945.272661, '2tMN')
(1343139945.27268, '2!XN')
(1343139945.272699, '-')
(1343139945.272719, 'cr\\N')
(1343139945.272744, 'S\n\x97N')
(1343139945.272766, '2f\x99N')
(1343139945.272787, '2F\xa5N')
(1343139945.272808, '2t\xa7N')
(1343139945.27283, '2!\xb2N')
(1343139945.27285, '-')
(1343139945.27287, 'cr\xb6N')
(1343139945.272891, 'S\n\x16O')
(1343139945.272913, '2f\x18O')
(1343139945.272933, '2F$O')
(1343139945.272953, '2t&O')
(1343139945.272973, '2C2O')
(1343139945.272994, '2o\xbfO')
(1343139945.273014, '+')
(1343139945.282357, '2I\xc2P')
(1343139945.284478, '2P')
(1343139945.284514, '\xc5P')
(1343139945.292376, '2R\xe3P')
(1343139945.29243, 'rIN')
(1343139945.292453, 'rFR')
(1343139945.292475, '2P\xebP')
(1343139945.292496, '2R\xf0P')
(1343139945.292517, 'rIN')
(1343139945.292536, 'rFR')
(1343139945.296617, '2IeR')
(1343139945.29665, '2PhR')
(1343139945.296674, '2R\x84R')
(1343139945.296696, 'rIN')
(1343139945.296717, 'D*\x8bR')
(1343139945.296738, 'ci\x8eR')
(1343139945.296769, 'S\x0b\xe0R')
(1343139945.296792, '2f\xe2R')
(1343139945.296813, '2F\xeeR')
(1343139945.296834, '2t\xf0R')
(1343139945.296855, '2C\xfbR')
(1343139945.300411, '2o\x88S')
(1343139945.300449, '+')
(1343139945.323237, '2I\x93U')
(1343139945.323317, '2P\x96U')
(1343139945.334925, '2R\xb1U')
(1343139945.334961, 'rIN')
(1343139945.334985, 'D+\xb9U')
(1343139945.335007, 'ci\xbbU')
(1343139945.335038, 'S\x0c\rV')
(1343139945.335061, '2f\x0fV')
(1343139945.335082, '2F\x1bV')
(1343139945.335104, '2t\x1dV')
(1343139945.335124, '2C(V')
(1343139945.335145, '2o\xb5V')
(1343139945.335166, '+')
(1343139945.337564, '2I\xc9W')
(1343139945.337626, '2P\xccW')
(1343139945.337698, '2R\xe6W')
(1343139945.33774, 'rIN')
(1343139945.33778, 'D,\xeeW')
(1343139945.33782, 'ci\xf1W')
(1343139945.344522, 'S\rBX')
(1343139945.344552, '2fEX')
(1343139945.344562, '2FPX')
(1343139945.344572, '2tSX')
(1343139945.344581, '2!^X')
(1343139945.34459, '-')
(1343139945.344599, 'crbX')
(1343139945.344612, 'S\r\x97X')
(1343139945.344622, '2f\x99X')
(1343139945.344632, '2F\xa5X')
(1343139945.344642, '2t\xa7X')
(1343139945.344652, '2!\xb2X')
(1343139945.344662, '-')
(1343139945.344671, 'cr\xb6X')
(1343139945.344681, 'S\r\x16Y')
(1343139945.344691, '2f\x19Y')
(1343139945.352517, '2F$Y')
(1343139945.352553, "2t'Y")
(1343139945.352574, '2C2Y')
(1343139945.356475, '2o\xbfY')
(1343139945.356516, '+')
(1343139945.356549, '2I\xafZ')
(1343139945.36235, '2P\xb2')
(1343139945.362385, 'Z')
(1343139945.362409, '2R\xd0Z')
(1343139945.36243, 'rIN')
(1343139945.36245, 'rFR')
(1343139945.364432, '2P\xd7Z')
(1343139945.36448, '2R\xddZ')
(1343139945.364502, 'rIN')
(1343139945.364522, 'rFR')
(1343139945.369397, '2I\xc9[')
(1343139945.369466, '2P\xcc[')
(1343139945.369505, '2R\xe7[')
(1343139945.369538, 'rIN')
(1343139945.369559, 'D/\xee[')
(1343139945.369581, 'ci\xf1[')
(1343139945.382459, 'S\x0eB\\')
(1343139945.382517, '2fE\\')
(1343139945.382538, '2FP\\')
(1343139945.382558, '2tS\\')
(1343139945.382578, '2!^\\')
(1343139945.382597, '-')
(1343139945.382617, 'crb\\')
(1343139945.382639, 'S\x0e\x97\\')
(1343139945.38266, '2f\x99\\')
(1343139945.382681, '2F\xa5\\')
(1343139945.382702, '2t\xa7\\')
(1343139945.382723, '2!\xb2\\')
(1343139945.382743, '-')
(1343139945.382763, 'cr\xb6\\')
(1343139945.382785, 'S\x0e\x16]')
(1343139945.382806, '2f\x18]')
(1343139945.382827, '2F$]')
(1343139945.382847, '2t&]')
(1343139945.382867, '2C2]')
(1343139945.392414, '2o\xbf]')
(1343139945.39245, '+')
(1343139945.396648, '2IE_')
(1343139945.396648, '2P')
(1343139945.396648, 'I_')
(1343139945.396673, '2Rg_')
(1343139945.396702, 'rIN')
(1343139945.396723, 'rFR')
(1343139945.396742, '2Pn_')
(1343139945.396762, '2Rt_')
(1343139945.396781, 'rIN')
(1343139945.3968, 'rFR')
(1343139945.412476, '2I\xa1a')
(1343139945.422547, '2P\xa5a')
(1343139945.422641, '2R\xbfa')
(1343139945.422665, 'rIN')
(1343139945.422686, 'D2\xc7a')
(1343139945.422708, 'ci\xc9a')
(1343139945.422741, 'S\x0f\x1bb')
(1343139945.422763, '2f\x1db')
(1343139945.422784, '2F)b')
(1343139945.422804, '2t+b')
(1343139945.422824, '2C6b')
(1343139945.424502, '2o\xc3b')
(1343139945.424535, '+')
(1343139945.433985, '2Isc')
(1343139945.434021, '2Pwc')
(1343139945.434046, '2R\x92c')
(1343139945.434068, 'rIN')
(1343139945.434089, 'D3\x9ac')
(1343139945.43411, 'ci\x9cc')
(1343139945.440531, 'S\x10\xeec')
(1343139945.44058, '2f\xf1c')
(1343139945.440603, '2F\xfcc')
(1343139945.440625, '2t\xffc')
(1343139945.440646, '2!\nd')
(1343139945.440666, '-')
(1343139945.440687, 'cr\x0ed')
(1343139945.440709, 'S\x10\x9dd')
(1343139945.44073, '2f\x9fd')
(1343139945.440752, '2F\xabd')
(1343139945.440773, '2t\xadd')
(1343139945.440794, '2C\xb8d')
(1343139945.440815, '2oEe')
(1343139945.440835, '+')
(1343139945.452332, '2I\x0cf')
(1343139945.468727, '2P\x0f')
(1343139945.468727, 'f')
(1343139945.468727, '2R-f')
(1343139945.468745, 'rIN')
(1343139945.468775, 'rFR')
(1343139945.468795, '2P5f')
(1343139945.468815, '2R:f')
(1343139945.468834, 'rIN')
(1343139945.468854, 'rFR')
(1343139945.468873, '2IAg')
(1343139945.468892, '2PEg')
(1343139945.468912, '2R_g')
(1343139945.468931, 'rIN')
(1343139945.468951, 'D7gg')
(1343139945.46897, 'ciig')
(1343139945.469001, 'S\x11\xbcg')
(1343139945.469024, '2f\xbfg')
(1343139945.469046, '2F\xcag')
(1343139945.469067, '2t\xcdg')
(1343139945.469088, '2C\xd8g')
(1343139945.469109, '2oeh')
(1343139945.469128, '+')
(1343139945.472497, '2I\x8di')
(1343139945.472543, '2P\x90i')
(1343139945.482528, '2R\xabi')
(1343139945.482574, 'rIN')
(1343139945.482597, 'D8\xb2i')
(1343139945.482619, 'ci\xb5i')
(1343139945.484588, 'S\x12\x06j')
(1343139945.484622, '2f\tj')
(1343139945.484645, '2F\x14j')
(1343139945.484667, '2t\x17j')
(1343139945.484687, '2C"j')
(1343139945.50681, '2o\xafj')
(1343139945.506848, '+')
(1343139945.506878, '2I.l')
(1343139945.506898, '2P2l')
(1343139945.506918, '2RLl')
(1343139945.506938, 'rIN')
(1343139945.506957, 'D:Tl')
(1343139945.506977, 'ciVl')
(1343139945.507005, 'S\x13\xa9l')
(1343139945.507028, '2f\xacl')
(1343139945.507049, '2F\xb7l')
(1343139945.507071, '2t\xbal')
(1343139945.512492, '2C\xc5l')
(1343139945.512541, '2oRm')
(1343139945.512563, '+')
(1343139945.512593, '2I\xe4m')
(1343139945.512615, '2P\xe7m')
(1343139945.512637, '2R\x03n')
(1343139945.512658, 'rIN')
(1343139945.512679, 'D;\x0bn')
(1343139945.5127, 'ci\rn')
(1343139945.524777, 'S\x14^n')
(1343139945.524828, '2f`n')
(1343139945.52485, '2Fln')
(1343139945.52487, '2tnn')
(1343139945.52489, '2Cyn')
(1343139945.524911, '2o\x06o')
(1343139945.524932, '+')
(1343139945.531547, '2I\xd7o')
(1343139945.532617, '2P\xdao')
(1343139945.532652, '2R\xf5o')
(1343139945.532675, 'rIN')
(1343139945.532697, 'D<\xfco')
(1343139945.532733, 'ci\xffo')
(1343139945.532763, 'S\x15Pp')
(1343139945.532784, '2fSp')
(1343139945.532805, '2F^p')
(1343139945.532824, '2tap')
(1343139945.532844, '2!lp')
(1343139945.532864, '-')
(1343139945.532883, 'crop')
(1343139945.532905, 'S\x15\x97p')
(1343139945.532926, '2f\x99p')
(1343139945.532948, '2F\xa5p')
(1343139945.532969, '2t\xa7p')
(1343139945.53299, '2!\xb2p')
(1343139945.533011, '-')
(1343139945.533031, 'cr\xb6p')
(1343139945.533053, 'S\x15\x16q')
(1343139945.533075, '2f\x19q')
(1343139945.533095, '2F$q')
(1343139945.533115, "2t'q")
(1343139945.533135, '2C2q')
(1343139945.537992, '2o\xbfq')
(1343139945.538046, '+')
(1343139950.424483, '2I>\xe1')
(1343139950.434871, '2PA\xe1')
(1343139950.434918, '2I[\xe1')
(1343139950.434941, '2R_\xe1')
(1343139950.434962, 'rIN')
(1343139950.434982, 'rFR')
(1343139950.435002, '2Pf\xe1')
(1343139950.435024, '2Iw\xe1')
(1343139950.435045, '2Rz\xe1')
(1343139950.435065, 'rIN')
(1343139950.435084, 'rFR')
(1343139950.435105, '2P\x89\xe1')
(1343139950.435127, '2I\x8f\xe1')
(1343139950.435148, '2I\x93\xe1')
(1343139950.43517, '2R\x96\xe1')
(1343139950.435191, 'rIN')
(1343139950.43521, 'rFR')
(1343139950.435231, '2P\xa0\xe1')
(1343139950.435252, '2R\xa5\xe1')
(1343139950.435273, 'rIN')
(1343139950.435292, 'rFR')
