(1343307266.6759961, '2S\x1e\x00\x00\x0f-\xa0\xf4')
(1343307266.6760941, '2S\x1e\x00\x00\x0f-\x95 ')
(1343307266.6761889, '2S\x1e\x00\x00\x0f.\xa3t')
(1343307266.676286, '2S\x1e\x00\x00\x0f/\xa5\xf4')
(1343307266.6763811, '2S\x1e\x00\x00\x0f0\xa8t')
(1343307266.6764779, '2S\x1e\x00\x00\x0f1\xaa\xf4')
(1343307266.6765721, '2S\x1e\x00\x00\x0f2\xadt')
(1343307266.6766689, '2S\x1e\x00\x00\x0f3\xaf\xf4')
(1343307266.6767631, '2S\x1e\x00\x00')
(1343307267.0254569, '2S\x1e\x00\x00\x0fZ\x13u')
(1343307268.0251069, '2S\x1e\x00\x00\x0f[\x15\xf5')
(1343307269.0248449, '2S\x1e\x00\x00\x0f\\\x18u')
(1343307270.0252581, '2S\x1e\x00\x00\x0f]\x1b\xf5')
(1343307271.0265279, '2S\x1e\x00\x00\x0f^\x1du')
(1343307272.02438, '2S\x1e\x00\x00\x0f_\x1f\xf5')
(1343307273.0344369, '2S\x1e\x00\x00\x0f`"u')
(1343307274.0245271, '2S\x1e\x00\x00\x0fa%\xf5')
(1343307275.0343139, "2S\x1e\x00\x00\x0fb'u")
(1343307276.02473, '2S\x1e\x00\x00\x0fc)\xf5')
(1343307277.024157, '2S\x1e\x00\x00\x0fd,u')
(1343307278.033747, '2S\x1e\x00\x00\x0fe/\xf5')
(1343307279.0343411, '2S\x1e\x00\x00\x0ff1u')
(1343307280.024497, '2S\x1e\x00\x00\x0fg4\xf5')
(1343307281.0244851, '2S\x1e\x00\x00\x0fh6u')
(1343307282.0241511, '2S\x1e\x00\x00\x0fi9\xf5')
(1343307283.0341749, '2S\x1e\x00\x00\x0fj;u')
(1343307284.0241721, '2S\x1e\x00\x00\x0fk>\xf5')
(1343307285.0341611, '2S\x1e\x00\x00\x0fl@u')
(1343307286.0265629, '2S\x1e\x00\x00\x0fmC\xf5')
(1343307287.0248599, '2S\x1e\x00\x00\x0fnEu')
(1343307288.0245211, '2S\x1e\x00\x00\x0foH\xf5')
(1343307289.024538, '2S\x1e\x00\x00\x0fpKu')
(1343307290.024848, '2S\x1e\x00\x00\x0fqM\xf5')
(1343307291.034117, '2S\x1e\x00\x00\x0frPu')
(1343307292.0240841, '2S\x1e\x00\x00\x0fsR\xf5')
(1343307293.0247321, '2S\x1e\x00\x00\x0ftUu')
(1343307294.0246861, '2S\x1e\x00\x00\x0fuW\xf5')
(1343307295.033751, '2S\x1e\x00\x00\x0fvZu')
(1343307298.0241711, '2S\x1e\x00\x00\x0fya\xf5')
(1343307299.0241799, '2S\x1e\x00\x00\x0fzdu')
