(1343290208.8445711, '\rL: 10\n')
(1343290208.8446419, '\rGot configuration message of type P\n')
(1343290208.8446701, '\rSetting prefix aaaa::\n')
(1343290208.8446929, '\rcreated a new RPL dag\n')
(1343290208.852762, '\rL: 2\n')
(1343290208.8528199, '\rGot configuration message of type I\n')
(1343290208.867312, '\rL: 48\n')
(1343290208.984302, '2I\xc0:')
(1343290208.98435, '2P\xc3:')
(1343290208.9844129, '2R\xde:')
(1343290208.984442, 'rIN')
(1343290208.984467, 'D\x82\xe7:')
(1343290208.9844921, 'ci\xe9:')
(1343290209.7343309, '2Ii\x9a')
(1343290209.734396, '2Pm\x9a')
(1343290209.7344241, '2R\x83\x9a')
(1343290209.734448, 'rIN')
(1343290209.7344711, 'rNU')
(1343290209.734494, '2I[\x9b')
(1343290209.7345171, '2P^\x9b')
(1343290209.73454, '2Rs\x9b')
(1343290209.7345631, 'rIN')
(1343290209.734586, 'D\x83|\x9b')
(1343290209.7346101, 'ci~\x9b')
(1343290211.165256, 'S\x02\xb0Q')
(1343290211.1653161, '2f\xb2Q')
(1343290211.165343, '2F\xbeQ')
(1343290211.1653669, '2t\xc0Q')
(1343290211.165391, '2C\xcbQ')
(1343290211.1654141, '2oGR')
(1343290211.165436, '+')
(1343290211.174686, '2IWS')
(1343290211.1747279, '2PZS')
(1343290211.1747711, '2RpS')
(1343290211.1747949, 'rIN')
(1343290211.174819, 'D\x84xS')
(1343290211.1748419, 'ci{S')
(1343290212.851526, '\rL: 48\n')
(1343290213.854393, '2IM\xaa')
(1343290213.854449, '2PP\xaa')
(1343290213.8544769, '2Rj\xaa')
(1343290213.854501, 'rIN')
(1343290213.854526, 'D\x85s\xaa')
(1343290213.8545511, 'ciu\xaa')
(1343290213.873986, '2Iz\xab')
(1343290213.874032, '2P}\xab')
(1343290213.874079, '2R\x93\xab')
(1343290213.874104, 'rIN')
(1343290213.8741281, 'rNU')
(1343290213.9541221, '2IF\xb6')
(1343290213.9541819, '2PI\xb6')
(1343290213.95421, '2R\\\xb6')
(1343290213.9542351, 'rIN')
(1343290213.9542601, 'D\x86e\xb6')
(1343290213.954284, 'cig\xb6')
(1343290213.9543259, 'S\x01\xcc\xb6')
(1343290213.9543531, '2f\xce\xb6')
(1343290213.9543929, '2F\xd7\xb6')
(1343290213.9544189, '2t\xd9\xb6')
(1343290213.954443, '2C\xe4\xb6')
(1343290213.9544671, '2o6\xb7')
(1343290213.9544899, '+')
(1343290216.851352, '\rL: 48\n')
(1343290217.314352, '2I\xb4d')
(1343290217.3144541, '2P\xb7d')
(1343290217.314482, '2R\xd2d')
(1343290217.3145061, 'rIN')
(1343290217.3145311, 'D\x05\xdbd')
(1343290218.674284, '2I\xe5\x12')
(1343290218.6743369, '2P\xe8\x12')
(1343290218.6744361, '2R\xfe\x12')
(1343290218.6744621, 'rIN')
(1343290218.6744871, 'D\x87\x07\x13')
(1343290218.6745119, 'ci\t\x13')
(1343290219.7339239, '2I\x8f\x9a')
(1343290219.7339821, '2P\x92\x9a')
(1343290219.7340109, '2R\xa7\x9a')
(1343290219.734035, 'rIN')
(1343290219.7340641, 'rNU')
(1343290219.7340889, '2I\x81\x9b')
(1343290219.734113, '2P\x84\x9b')
(1343290219.734138, '2R\x99\x9b')
(1343290219.7341609, 'rIN')
(1343290219.7446549, 'D\x88\xa2\x9b')
(1343290219.7447009, 'ci\xa4\x9b')
(1343290219.804019, '2I\xe8\xa3')
(1343290219.804086, '2P\xeb\xa3')
(1343290219.804116, '2R\x07\xa4')
(1343290219.8041401, 'rIN')
(1343290219.8041661, 'D\x89\x10\xa4')
(1343290219.8041911, 'ci\x12\xa4')
(1343290220.6543491, 'S\x02\xaf\x10')
(1343290220.654423, '2f\xb1\x10')
(1343290220.6544549, '2F\xbd\x10')
(1343290220.6544809, '2t\xbf\x10')
(1343290220.654506, '2C\xc9\x10')
(1343290220.65453, '2oE\x11')
(1343290220.6545539, '+')
(1343290223.694381, '2I\xcb\x95')
(1343290223.6944399, '2P\xce\x95')
(1343290223.694469, '2R\xe9\x95')
(1343290223.694494, 'rIN')
(1343290223.69452, 'D\x07\xf2\x95')
(1343290229.324352, '2I\x15g')
(1343290229.3244219, '2P\x18g')
(1343290229.3246379, '2R-g')
(1343290229.3246779, 'rIN')
(1343290229.3247049, 'D\x8a6g')
(1343290229.3247299, 'ci8g')
(1343290231.934345, '2I\x90\xb4')
(1343290231.9344101, '2P\x97\xb4')
(1343290231.9344549, '2R\xb2\xb4')
(1343290231.9344809, 'rIN')
(1343290231.9345059, 'D\x8b\xbb\xb4')
(1343290231.9345319, 'ci\xbd\xb4')
(1343290234.7341061, 'S\x03\xaf\x1a')
(1343290234.734164, '2f\xb1\x1a')
(1343290234.7341931, '2F\xbd\x1a')
(1343290234.7342191, '2t\xbf\x1a')
(1343290234.7342429, '2C\xca\x1a')
(1343290234.734267, '2oE\x1b')
(1343290234.7342911, '+')
(1343290242.9646139, '2IA8')
(1343290242.964678, '2PD8')
(1343290242.964705, '2RY8')
(1343290242.9647419, 'rIN')
(1343290242.964767, 'D\x8cb8')
(1343290242.9647911, 'cid8')
(1343290243.0943389, '2IVH')
(1343290243.094414, '2PZH')
(1343290243.09444, '2RwH')
(1343290243.0944641, 'rIN')
(1343290243.094486, 'rFR')
(1343290243.5743799, '2I\xe8\x86')
(1343290243.57443, '2P\xeb\x86')
(1343290243.5744591, '2R\x02\x87')
(1343290243.5744841, 'rIN')
(1343290243.574507, 'rNU')
(1343290243.5941949, '2I\xd9\x87')
(1343290243.5942371, '2P\xdc\x87')
(1343290243.594264, '2R\xf2\x87')
(1343290243.5942881, 'rIN')
(1343290243.5943129, 'D\x8d\xfa\x87')
(1343290243.594337, 'ci\xfc\x87')
(1343290264.59568, 'S\x04\xaf\t')
(1343290264.595737, '2f\xb1\t')
(1343290264.5957661, '2F\xbd\t')
(1343290264.5957911, '2t\xbf\t')
(1343290264.5958149, '2C\xca\t')
(1343290264.6051071, '2oE\n')
(1343290264.60515, '+')
(1343290264.6340189, '2Ie\x0c')
(1343290264.634073, '2Ph\x0c')
(1343290264.6341021, '2R\x84\x0c')
(1343290264.6341269, 'rIN')
(1343290264.6341519, 'D\n\x8c\x0c')
(1343290270.0743201, '2I\x1f\xc6')
(1343290270.0743811, '2P"\xc6')
(1343290270.074409, '2R8\xc6')
(1343290270.0744331, 'rIN')
(1343290270.0744579, 'D\x8e@\xc6')
(1343290270.0744829, 'ciB\xc6')
(1343290270.324434, '2I\xa6\xe6')
(1343290270.3245001, '2P\xa9\xe6')
(1343290270.3245289, '2R\xc3\xe6')
(1343290270.324553, 'rIN')
(1343290270.324578, 'D\x8f\xcc\xe6')
(1343290270.3246031, 'ci\xce\xe6')
(1343290274.63434, '2I]\x0e')
(1343290274.6344161, '2P`\x0e')
(1343290274.634444, '2Ru\x0e')
(1343290274.634469, 'rIN')
(1343290274.6344919, 'rNU')
(1343290274.6451061, '2IP\x0f')
(1343290274.6451499, '2PS\x0f')
(1343290274.6451781, '2Ri\x0f')
(1343290274.6452019, 'rIN')
(1343290274.645227, 'D\x90q\x0f')
(1343290274.645252, 'cis\x0f')
(1343290324.283618, '2I\xea\xdf')
(1343290324.283674, '2P\xed\xdf')
(1343290324.2837191, '2R\t\xe0')
(1343290324.2837579, 'rIN')
(1343290324.2837851, 'D\x91\x11\xe0')
(1343290324.2838111, 'ci\x13\xe0')
(1343290324.5846381, 'S\x05(\x08')
(1343290324.5847061, '2f+\x08')
(1343290324.5847349, '2F6\x08')
(1343290324.58476, '2t8\x08')
(1343290324.584785, '2CC\x08')
(1343290324.5848091, '2o\xbe\x08')
(1343290324.5848341, '+')
(1343290332.484802, '2I\x90\xfb')
(1343290332.4848671, '2P\x93\xfb')
(1343290332.4848969, '2R\xa8\xfb')
(1343290332.4849219, 'rIN')
(1343290332.484947, 'D\x92\xb1\xfb')
(1343290332.484972, 'ci\xb3\xfb')
(1343290340.2643321, '2I\x81\xde')
(1343290340.264406, '2P\x84\xde')
(1343290340.264437, '2R\x9f\xde')
(1343290340.264461, 'rIN')
(1343290340.264488, 'D\x0c\xa7\xde')
(1343290414.0380499, '2I\xc0\xc1')
(1343290414.0381069, '2P\xc3\xc1')
(1343290414.038136, '2R\xde\xc1')
(1343290414.038161, 'rIN')
(1343290414.0381861, 'D\x93\xe6\xc1')
(1343290414.0382111, 'ci\xe8\xc1')
(1343290421.7143531, '2I\x04\x99')
(1343290421.7144301, '2P\x07\x99')
(1343290421.7144599, '2R\x1d\x99')
(1343290421.7144949, 'rIN')
(1343290421.71452, 'rNU')
(1343290421.7242501, '2I\xf6\x99')
(1343290421.724297, '2P\xfa\x99')
(1343290421.7243249, '2R\x10\x9a')
(1343290421.724349, 'rIN')
(1343290421.7243891, 'D\x94\x19\x9a')
(1343290421.7244151, 'ci\x1b\x9a')
(1343290428.4248869, '2II\xf3')
(1343290428.4249461, '2PL\xf3')
(1343290428.4249749, '2RS\xf3')
(1343290428.424999, 'rIN')
(1343290428.4250231, 'rFR')
(1343290441.6540401, 'S\x06(\x91')
(1343290441.6541009, '2f+\x91')
(1343290441.65413, '2F6\x91')
(1343290441.654155, '2t8\x91')
(1343290441.6541791, '2CC\x91')
(1343290441.6542029, '2o\xbe\x91')
(1343290441.654227, '+')
(1343290448.334353, '2I\x0c\xe8')
(1343290448.3344271, '2P\x10\xe8')
(1343290448.3344569, '2R\x17\xe8')
(1343290448.334482, 'rIN')
(1343290448.3345051, 'rFR')
(1343290452.6743939, '2I\xcb\x13')
(1343290452.6744521, '2P\xce\x13')
(1343290452.6744809, '2R\xe3\x13')
(1343290452.6745059, 'rIN')
(1343290452.6745319, 'D\x95\xec\x13')
(1343290452.674557, 'ci\xee\x13')
(1343290463.0743501, '2I\xd1F')
(1343290463.0744309, '2P\xd5F')
(1343290463.07446, '2R\xefF')
(1343290463.0744851, 'rIN')
(1343290463.0745101, 'D\x0e\xf8F')
(1343290504.6543691, '2Iz\x11')
(1343290504.654428, '2P~\x11')
(1343290504.6544571, '2R\x86\x11')
(1343290504.6544819, 'rIN')
(1343290504.654505, 'rFR')
(1343290603.324002, 'S\x07\xafg')
(1343290603.3240631, '2f\xb1g')
(1343290603.3240919, '2F\xbdg')
(1343290603.3241169, '2t\xbfg')
(1343290603.324141, '2C\xcag')
(1343290603.3339839, '2oEh')
(1343290603.334029, '+')
(1343290609.6561649, '2I\x15\x91')
(1343290609.656225, '2P\x19\x91')
(1343290609.6562591, '2R.\x91')
(1343290609.656285, 'rIN')
(1343290609.6563101, 'D\x967\x91')
(1343290609.6563351, 'ci9\x91')
(1343290613.9844589, '2I\x1d\xbc')
(1343290613.984519, '2P \xbc')
(1343290613.9845469, '2R3\xbc')
(1343290613.984571, 'rIN')
(1343290613.984596, 'D\x97<\xbc')
(1343290613.9846201, 'ci>\xbc')
(1343290613.9981589, 'S\x08\xa3\xbc')
(1343290613.9982049, '2f\xa5\xbc')
(1343290613.9982331, '2F\xae\xbc')
(1343290613.9982581, '2t\xb0\xbc')
(1343290613.998282, '2C\xbb\xbc')
(1343290613.998306, '2o\r\xbd')
(1343290613.9983301, '+')
(1343290634.9649041, '2I\xce9')
(1343290634.9649639, '2P\xd19')
(1343290634.964992, '2R\xec9')
(1343290634.9650159, 'rIN')
(1343290634.9650409, 'D\x0f\xf49')
(1343290723.2743709, '2IIa')
(1343290723.274431, '2PMa')
(1343290723.2744589, '2Rga')
(1343290723.2745011, 'rIN')
(1343290723.2745271, 'D\x98pa')
(1343290723.2745521, 'cira')
(1343290727.3348689, '2Izh')
(1343290727.3349221, '2P}h')
(1343290727.3349509, '2R\x93h')
(1343290727.334976, 'rIN')
(1343290727.3349991, 'rNU')
(1343290727.335022, '2Ili')
(1343290727.3350451, '2Poi')
(1343290727.3350689, '2R\x85i')
(1343290727.3350921, 'rIN')
(1343290727.3351159, 'D\x99\x8ei')
(1343290727.3351409, 'ci\x90i')
(1343290995.9338901, '2I<\xb6')
(1343290995.9339499, '2P?\xb6')
(1343290995.9339781, '2RZ\xb6')
(1343290995.9340019, 'rIN')
(1343290995.934027, 'D\x9ab\xb6')
(1343290995.9341209, 'cid\xb6')
(1343291046.5644081, '2I\x89\x07')
(1343291046.5644691, '2P\x8e\x07')
(1343291046.5644979, '2R\x96\x07')
(1343291046.5654809, 'rIN')
(1343291046.5655251, 'rFR')
(1343291102.6043921, '2I"\x0c')
(1343291102.604459, '2P&\x0c')
(1343291102.6044879, '2R@\x0c')
(1343291102.6045129, 'rIN')
(1343291102.604538, 'D\x11I\x0c')
(1343291104.8643041, 'S\t\xaf+')
(1343291104.864363, '2f\xb1+')
(1343291104.8643911, '2F\xbd+')
(1343291104.8644159, '2t\xbf+')
(1343291104.86444, '2C\xca+')
(1343291104.8644819, '2oE,')
(1343291104.864507, '+')
(1343291110.1643679, '2I`\xd4')
(1343291110.164427, '2Pd\xd4')
(1343291110.1644549, '2Ry\xd4')
(1343291110.164479, 'rIN')
(1343291110.1645041, 'D\x9b\x83\xd4')
(1343291110.16453, 'ci\x85\xd4')
(1343291115.014441, '2Il@')
(1343291115.0145061, '2Po@')
(1343291115.014535, '2R\x83@')
(1343291115.01456, 'rIN')
(1343291115.014585, 'D\x9c\x8c@')
(1343291115.0146101, 'ci\x8e@')
(1343291115.0146451, 'S\n\xf2@')
(1343291115.0146699, '2f\xf4@')
(1343291115.014694, '2F\xfd@')
(1343291115.0147181, '2t\xff@')
(1343291115.0147419, '2C\x0bA')
(1343291115.014765, '2o]A')
(1343291115.0147879, '+')
(1343291119.5765519, 'S\x0b\xd7\x87')
(1343291119.5766151, '2f\xda\x87')
(1343291119.5766439, '2F\xe2\x87')
(1343291119.576669, '2t\xe4\x87')
(1343291119.5766931, '2C\xef\x87')
(1343291119.5767169, '2oA\x88')
(1343291119.576741, '+')
(1343291119.5767729, '2I!\x89')
(1343291119.576798, '2P$\x89')
(1343291119.576822, '2R8\x89')
(1343291119.5768449, 'rIN')
(1343291119.576869, 'D\x9d@\x89')
(1343291119.576894, 'ciB\x89')
(1343291483.514313, '2I\xac\x81')
(1343291483.5143881, '2P\xaf\x81')
(1343291483.5144179, '2R\xc2\x81')
(1343291483.5144429, 'rIN')
(1343291483.514468, 'D\x94\xcb\x81')
(1343291485.846519, '2If\xac')
(1343291485.846576, '2Pi\xac')
(1343291485.8466041, '2R\x84\xac')
(1343291485.8466289, 'rIN')
(1343291485.8466539, 'D\x9e\x8d\xac')
(1343291485.846678, 'ci\x8f\xac')
(1343291489.1446271, '2I\xf9Q')
(1343291489.1446929, '2P\xfcQ')
(1343291489.144721, '2R\x18R')
(1343291489.1447461, 'rIN')
(1343291489.1447711, 'D\x01!R')
(1343291492.0341079, '2Iv\xc3')
(1343291492.034174, '2Py\xc3')
(1343291492.0342021, '2R\x95\xc3')
(1343291492.0342269, 'rIN')
(1343291492.0342519, 'D\x9f\x9d\xc3')
(1343291492.034277, 'ci\x9f\xc3')
(1343291495.9142561, '2I\x12\xb4')
(1343291495.914309, '2P\x15\xb4')
(1343291495.9143369, '2R0\xb4')
(1343291495.9143729, 'rIN')
(1343291495.914402, 'D\x028\xb4')
(1343291497.0637629, '2I\x8eF')
(1343291497.063828, '2P\x91F')
(1343291497.0638549, '2R\xa7F')
(1343291497.063879, 'rIN')
(1343291497.0639019, 'rNU')
(1343291497.063925, '2I\x81G')
(1343291497.0639491, '2P\x84G')
(1343291497.063972, '2R\x99G')
(1343291497.0639939, 'rIN')
(1343291497.064018, 'D\xa0\xa2G')
(1343291497.0640421, 'ci\xa4G')
(1343291502.0739329, '2I\x93\xc7')
(1343291502.0739801, '2P\x96\xc7')
(1343291502.0739939, '2R\xaa\xc7')
(1343291502.0740061, 'rIN')
(1343291502.074018, 'D\xa1\xb3\xc7')
(1343291502.0740299, 'ci\xb5\xc7')
(1343291502.074048, 'S\x0c\x19\xc8')
(1343291502.0740609, '2f\x1b\xc8')
(1343291502.0740731, '2F#\xc8')
(1343291502.074084, '2t%\xc8')
(1343291502.074096, '2C0\xc8')
(1343291502.0741069, '2o\x83\xc8')
(1343291502.0741191, '+')
(1343291505.934355, '2I\xaa\xb7')
(1343291505.9344299, '2P\xad\xb7')
(1343291505.934459, '2R\xc7\xb7')
(1343291505.9344831, 'rIN')
(1343291505.9345069, 'D\xa2\xd0\xb7')
(1343291505.9345319, 'ci\xd2\xb7')
(1343291506.574439, 'S\rQ\t')
(1343291506.5745039, '2fS\t')
(1343291506.5745311, '2F[\t')
(1343291506.574559, '2t]\t')
(1343291506.5745831, '2Ch\t')
(1343291506.5746069, '2o\xbb\t')
(1343291506.574631, '+')
(1343291506.5840549, '2I\x9b\n')
(1343291506.5841019, '2P\x9e\n')
(1343291506.5841291, '2R\xb2\n')
(1343291506.584152, 'rIN')
(1343291506.584177, 'D\xa3\xba\n')
(1343291506.5841999, 'ci\xbc\n')
(1343291512.1637261, '2I\xc7\xd4')
(1343291512.1637859, '2P\xca\xd4')
(1343291512.1638141, '2R\xe5\xd4')
(1343291512.1638379, 'rIN')
(1343291512.1638629, 'D\x04\xed\xd4')
(1343291533.6143861, '2I\x11\x8e')
(1343291533.6144509, '2P\x14\x8e')
(1343291533.61448, '2R/\x8e')
(1343291533.6145051, 'rIN')
(1343291533.6145301, 'D\xa48\x8e')
(1343291533.6145539, 'ci:\x8e')
(1343291538.1677811, '\rL: 91\n')
(1343291538.1688199, '\rL: 118\n')
(1343291538.171828, 'S\x0eR\xd6')
(1343291538.1718631, '2fT\xd6')
(1343291538.17189, '2Fa\xd6')
(1343291538.1719141, '2tc\xd6')
(1343291538.1719379, '2Cn\xd6')
(1343291538.176904, '2o\xfb\xd6')
(1343291538.1769409, '+')
(1343291538.179776, '\rL: 118\n')
(1343291538.1826539, 'S\x0f\xcc\xd7')
(1343291538.1826899, '2f\xce\xd7')
(1343291538.1837709, '2F\xdb\xd7')
(1343291538.1838059, '2t\xde\xd7')
(1343291538.1838319, '2!\xe8\xd7')
(1343291538.183856, '-')
(1343291538.183881, 'cr\xec\xd7')
(1343291538.184629, '\rL: 118\n')
(1343291538.1896191, '\rL: 118\n')
(1343291538.1916239, 'S\x0f\xfa\xd8')
(1343291538.1916599, '2f\xfc\xd8')
(1343291538.1926241, '2F\n\xd9')
(1343291538.1926589, '2t\x0c\xd9')
(1343291538.1926849, '2C\x17\xd9')
(1343291538.197681, '2o\xa4\xd9')
(1343291538.1977191, '+')
(1343291538.1996751, '\rL: 118\n')
(1343291538.202692, '\rL: 118\n')
(1343291538.2037511, '2I~\xda')
(1343291538.2037899, '2I\x83\xda')
(1343291538.204632, '2P\xa0\xda')
(1343291538.205596, '2R\xbf\xda')
(1343291538.2056291, 'rIN')
(1343291538.2056539, 'rFR')
(1343291538.2064469, 'S\x10\xdf\xda')
(1343291538.206481, '2f\xe1\xda')
(1343291538.2076111, '2F\xee\xda')
(1343291538.2076471, '2t\xf0\xda')
(1343291538.207674, '2C\xfb\xda')
(1343291538.211406, '2o\x88\xdb')
(1343291538.2114389, '+')
(1343291538.21543, '\rL: 118\n')
(1343291538.233994, '\rL: 118\n')
(1343291538.2340691, '2I\xa8\xdc')
(1343291538.2341051, 'S\x11\xb3\xdc')
(1343291538.2341311, '2f\xb5\xdc')
(1343291538.2341559, '2F\xc2\xdc')
(1343291538.23418, '2t\xc4\xdc')
(1343291538.234205, '2C\xcf\xdc')
(1343291538.2342291, '2o]\xdd')
(1343291538.2342529, '+')
(1343291538.2342851, '2Po\xdd')
(1343291538.234309, '2R\x8e\xdd')
(1343291538.234333, 'rIN')
(1343291538.2343781, 'rNU')
(1343291538.2344129, 'S\x12\xba\xdd')
(1343291538.2344401, '2f\xbc\xdd')
(1343291538.2344661, '2F\xc9\xdd')
(1343291538.2344911, '2t\xcb\xdd')
(1343291538.2345171, '2C\xd6\xdd')
(1343291538.2346361, '2oc\xde')
(1343291538.234668, '+')
(1343291538.254003, 'S\x13\xa3\xde')
(1343291538.2540541, '2f\xa6\xde')
(1343291538.254082, '2F\xb2\xde')
(1343291538.254108, '2t\xb5\xde')
(1343291538.254132, '2!\xbf\xde')
(1343291538.2541561, '-')
(1343291538.25418, 'cr\xc2\xde')
(1343291538.254205, 'S\x13\x1c\xdf')
(1343291538.25423, '2f\x1e\xdf')
(1343291538.2542679, '2F+\xdf')
(1343291538.254293, '2t-\xdf')
(1343291538.2543161, '2C8\xdf')
(1343291538.254339, '2o\xc5\xdf')
(1343291538.2543881, '+')
(1343291538.2544291, 'S\x14\x1c\xe0')
(1343291538.2544551, '2f\x1f\xe0')
(1343291538.2544799, '2F,\xe0')
(1343291538.254503, '2t.\xe0')
(1343291538.2545271, '2C9\xe0')
(1343291538.2545509, '2o\xc6\xe0')
(1343291538.254575, '+')
(1343291538.255415, 'S\x15\x1c\xe1')
(1343291538.25545, '2f\x1f\xe1')
(1343291538.2564111, '2F+\xe1')
(1343291538.256444, '2t-\xe1')
(1343291538.256469, '2C8\xe1')
(1343291538.2603829, '2o\xc6\xe1')
(1343291538.260417, '+')
(1343291538.264425, '\rL: 118\n')
(1343291538.2673249, '2I\x96\xe2')
(1343291538.2673609, 'S\x16\x98\xe2')
(1343291538.2673869, '2I\x9b\xe2')
(1343291538.26741, '2f\x9d\xe2')
(1343291538.2674339, '2F\xaa\xe2')
(1343291538.267458, '2t\xac\xe2')
(1343291538.2682281, '2C\xb7\xe2')
(1343291538.2721601, '2oD\xe3')
(1343291538.272192, '+')
(1343291538.273206, '\rL: 118\n')
(1343291538.275306, '2P\xa9\xe3')
(1343291538.2761681, '2R\xc8\xe3')
(1343291538.276202, 'rIN')
(1343291538.276227, 'rFR')
(1343291538.2780609, 'S\x17\xea\xe3')
(1343291538.278125, '2f\xec\xe3')
(1343291538.2782421, '2F\xf9\xe3')
(1343291538.278275, '2t\xfb\xe3')
(1343291538.2783, '2C\x06\xe4')
(1343291538.2823119, '2o\x93\xe4')
(1343291538.2823541, '+')
(1343291538.286195, '\rL: 118\n')
(1343291538.2892661, 'S\x18_\xe5')
(1343291538.28929, '2fb\xe5')
(1343291538.2893031, '2Fn\xe5')
(1343291538.289315, '2tp\xe5')
(1343291538.289326, '2!{\xe5')
(1343291538.290226, '-')
(1343291538.2902541, 'cr\x7f\xe5')
(1343291538.2910981, '\rL: 118\n')
(1343291538.2950349, '\rL: 118\n')
(1343291538.299021, '\rL: 118\n')
(1343291538.302011, 'S\x18\t\xe7')
(1343291538.3020329, '2f\x0c\xe7')
(1343291538.3020461, '2F\x18\xe7')
(1343291538.302058, '2t\x1b\xe7')
(1343291538.303071, '2C&\xe7')
(1343291538.307106, '2o\xb3\xe7')
(1343291538.3071411, '+')
(1343291538.3100381, '\rL: 118\n')
(1343291538.3241539, '\rL: 118\n')
(1343291538.3242149, '2I\x93\xe8')
(1343291538.3242421, '2I\x98\xe8')
(1343291538.3242741, '2P\xab\xe8')
(1343291538.3242979, '2R\xca\xe8')
(1343291538.324321, 'rIN')
(1343291538.324343, 'rFR')
(1343291538.3243959, 'S\x19\xf0\xe8')
(1343291538.3244259, '2f\xf3\xe8')
(1343291538.32445, '2F\xff\xe8')
(1343291538.3244741, '2t\x02\xe9')
(1343291538.3244989, '2C\r\xe9')
(1343291538.324523, '2o\x9a\xe9')
(1343291538.3245471, '+')
(1343291538.343791, 'S\x1a\x1c\xea')
(1343291538.343842, '2f\x1f\xea')
(1343291538.3438699, '2F+\xea')
(1343291538.343894, '2t-\xea')
(1343291538.3439181, '2!8\xea')
(1343291538.34394, '-')
(1343291538.3439629, 'cr<\xea')
(1343291538.343987, 'S\x1a\x9d\xea')
(1343291538.3440111, '2f\x9f\xea')
(1343291538.3440349, '2F\xac\xea')
(1343291538.344059, '2t\xae\xea')
(1343291538.3440821, '2!\xb9\xea')
(1343291538.344105, '-')
(1343291538.3441279, 'cr\xbd\xea')
(1343291538.344152, 'S\x1a\x1c\xeb')
(1343291538.3441761, '2f\x1f\xeb')
(1343291538.3441989, '2F+\xeb')
(1343291538.3442221, '2t-\xeb')
(1343291538.344245, '2C9\xeb')
(1343291538.344269, '2o\xc6\xeb')
(1343291538.344291, '+')
(1343291538.3443241, 'S\x1b\x1c\xec')
(1343291538.3443489, '2f\x1f\xec')
(1343291538.3444071, '2F+\xec')
(1343291538.3444331, '2t.\xec')
(1343291538.3444581, '2C9\xec')
(1343291538.3637941, '2o\xc6\xec')
(1343291538.3638401, '+')
(1343291538.3638761, 'S\x1c\x1c\xed')
(1343291538.3639021, '2f\x1f\xed')
(1343291538.363925, '2')
(1343291538.3639481, 'F+\xed')
(1343291538.363971, '2t0')
(1343291538.3639939, '\xed')
(1343291538.364017, '2!=\xed')
(1343291538.3640399, '-')
(1343291538.364063, 'cr@\xed')
(1343291538.3640859, '2PJ\xed')
(1343291538.364109, '2Ri\xed')
(1343291538.364131, 'rIN')
(1343291538.3641541, 'rFR')
(1343291538.364177, 'S\x1c\x9d\xed')
(1343291538.3642011, '2f\x9f\xed')
(1343291538.3642249, '2F\xac\xed')
(1343291538.364249, '2t\xae\xed')
(1343291538.3642721, '2C\xb9\xed')
(1343291538.364295, '2oF\xee')
(1343291538.3643169, '+')
(1343291538.3643489, 'S\x1d\xa3\xee')
(1343291538.3644071, '2f\xa6\xee')
(1343291538.364435, '2F\xb3\xee')
(1343291538.364459, '2t\xb5\xee')
(1343291538.364496, '2C\xc0\xee')
(1343291538.3667729, '2oM\xef')
(1343291538.3668079, '+')
(1343291538.3709049, '\rL: 118\n')
(1343291538.3739469, 'S\x1e?\xf0')
(1343291538.373982, '2fA\xf0')
(1343291538.374007, '2FN\xf0')
(1343291538.3740301, '2tP\xf0')
(1343291538.3749681, '2![\xf0')
(1343291538.375006, '-')
(1343291538.375031, 'cr^\xf0')
(1343291538.375885, '\rL: 118\n')
(1343291538.378958, 'S\x1e\xd6\xf0')
(1343291538.378993, '2f\xd8\xf0')
(1343291538.379019, '2F\xe5\xf0')
(1343291538.3790431, '2t\xe7\xf0')
(1343291538.379066, '2C\xf2\xf0')
(1343291538.3839071, '2o\x7f\xf1')
(1343291538.3839519, '+')
(1343291538.386692, '\rL: 118\n')
(1343291538.3888719, '2I9\xf2')
(1343291538.3898301, '2I>\xf2')
(1343291538.3907671, '\rL: 118\n')
(1343291538.392926, '2P\x9d\xf2')
(1343291538.3929651, '2R\xba\xf2')
(1343291538.3929901, 'rIN')
(1343291538.3937221, 'rFR')
(1343291538.3937571, 'S\x1f\xdb\xf2')
(1343291538.3946919, '2f\xdd\xf2')
(1343291538.3947289, '2F\xea\xf2')
(1343291538.3947539, '2t\xec\xf2')
(1343291538.394778, '2C\xf7\xf2')
(1343291538.3997991, '2o\x85\xf3')
(1343291538.3998361, '+')
(1343291538.402873, '\rL: 118\n')
(1343291538.40589, '\rL: 118\n')
(1343291538.407763, '2I\xa4\xf4')
(1343291538.4086871, 'S \xb6\xf4')
(1343291538.408721, '2f\xb8\xf4')
(1343291538.408746, '2F\xc5\xf4')
(1343291538.409714, '2t\xc7\xf4')
(1343291538.4097519, '2C\xd2\xf4')
(1343291538.413692, '2o`\xf5')
(1343291538.4137249, '+')
(1343291538.4145579, '2Pr\xf5')
(1343291538.415693, '2R\x91\xf5')
(1343291538.4157269, 'rIN')
(1343291538.4157519, 'rNU')
(1343291538.4186599, '\rL: 118\n')
(1343291538.433975, 'S!I\xf6')
(1343291538.4340301, '2fK\xf6')
(1343291538.4340551, '2FX\xf6')
(1343291538.434078, '2tZ\xf6')
(1343291538.4341021, '2!e\xf6')
(1343291538.434124, '-')
(1343291538.4341481, 'crh\xf6')
(1343291538.43417, '\rL: 118\n')
(1343291538.4342091, 'S!\xe5\xf6')
(1343291538.4342339, '2f\xe7\xf6')
(1343291538.434257, '2F\xf4\xf6')
(1343291538.4342811, '2t\xf6\xf6')
(1343291538.434305, '2C\x01\xf7')
(1343291538.434329, '2o\x8f\xf7')
(1343291538.4343519, '+')
(1343291538.453752, 'S"\x1c\xf8')
(1343291538.4538071, '2f\x1f\xf8')
(1343291538.4538341, '2F+\xf8')
(1343291538.4538579, '2t-\xf8')
(1343291538.453881, '2!8\xf8')
(1343291538.4539039, '-')
(1343291538.453927, 'cr;\xf8')
(1343291538.4539509, 'S"\x9d\xf8')
(1343291538.453974, '2f\xa0\xf8')
(1343291538.4539981, '2F\xac\xf8')
(1343291538.454021, '2t\xae\xf8')
(1343291538.4540451, '2C\xba\xf8')
(1343291538.4540679, '2oG\xf9')
(1343291538.4540911, '+')
(1343291538.454124, 'S#\xa3\xf9')
(1343291538.454149, '2f\xa6\xf9')
(1343291538.4541731, '2F\xb3\xf9')
(1343291538.454196, '2t\xb5\xf9')
(1343291538.4542201, '2C\xc0\xf9')
(1343291538.4542429, '2oM\xfa')
(1343291538.4542651, '+')
(1343291538.454536, 'S$\x9d\xfa')
(1343291538.4545701, '2f\xa0\xfa')
(1343291538.4554639, '2F\xac\xfa')
(1343291538.455497, '2t\xae\xfa')
(1343291538.455523, '2!\xb9\xfa')
(1343291538.4555459, '-')
(1343291538.455569, 'cr\xbd\xfa')
(1343291538.4584551, 'S$\x1c\xfb')
(1343291538.4584889, '2f\x1f\xfb')
(1343291538.459445, '2F,\xfb')
(1343291538.4594779, '2t.\xfb')
(1343291538.4595029, '2C9\xfb')
(1343291538.4634261, '2o\xc6\xfb')
(1343291538.4634581, '+')
(1343291538.467489, '\rL: 118\n')
(1343291538.4694901, 'S%}\xfc')
(1343291538.4695251, '2f\x81\xfc')
(1343291538.47048, '2F\x8e\xfc')
(1343291538.4705131, '2t\x90\xfc')
(1343291538.4705379, '2C\x9b\xfc')
(1343291538.4744329, '2o(\xfd')
(1343291538.474468, '+')
(1343291538.4764259, '\rL: 118\n')
(1343291538.4783161, 'S&\xa8\xfd')
(1343291538.4783521, '2f\xaa\xfd')
(1343291538.4792881, '2F\xb7\xfd')
(1343291538.4793251, '2t\xb9\xfd')
(1343291538.4793501, '2!\xc4\xfd')
(1343291538.479373, '-')
(1343291538.4793971, 'cr\xc7\xfd')
(1343291538.480478, '2I\xe0\xfd')
(1343291538.4805169, '2I\xe5\xfd')
(1343291538.4833779, '\rL: 118\n')
(1343291538.4843991, '2Pu\xfe')
(1343291538.4853621, '2R\x94\xfe')
(1343291538.485395, 'rIN')
(1343291538.4863341, 'rFR')
(1343291538.4883671, '\rL: 118\n')
(1343291538.4903629, 'S&3\xff')
(1343291538.490397, '2f6\xff')
(1343291538.4913681, '2FB\xff')
(1343291538.491401, '2tE\xff')
(1343291538.491426, '2CO\xff')
(1343291538.495322, '2o\xdd\xff')
(1343291538.496295, '+')
(1343291538.497242, '\rL: 118\n')
(1343291538.504719, '\rL: 118\n')
(1343291538.5047801, "S'\xd9\x00")
(1343291538.5048089, '2f\xdc\x00')
(1343291538.5048339, '2F\xe8\x00')
(1343291538.504858, '2t\xea\x00')
(1343291538.5048821, '2!\xf5\x00')
(1343291538.504904, '-')
(1343291538.5049281, 'cr\xf9\x00')
(1343291538.5147779, "S',\x01")
(1343291538.514833, '2f/\x01')
(1343291538.5148599, '2F;\x01')
(1343291538.514883, '2t=\x01')
(1343291538.5149069, '2CI\x01')
(1343291538.51493, '2o\xd6\x01')
(1343291538.5149541, '+')
(1343291538.514987, 'S(\x1c\x02')
(1343291538.515012, '2f\x1f\x02')
(1343291538.5150361, '2F+\x02')
(1343291538.515059, '2t.\x02')
(1343291538.5150819, '2C9\x02')
(1343291538.533725, '2o\xc6\x02')
(1343291538.5337801, '+')
(1343291538.5338171, 'S)\x1c\x03')
(1343291538.533843, '2f\x1f\x03')
(1343291538.5338669, '2F+\x03')
(1343291538.533891, '2t.\x03')
(1343291538.5339141, '2!8\x03')
(1343291538.533936, '-')
(1343291538.5339601, 'cr<\x03')
(1343291538.533983, 'S)\x9d\x03')
(1343291538.5340071, '2f\xa0\x03')
(1343291538.5340309, '2F\xac\x03')
(1343291538.5340741, '2t\xae\x03')
(1343291538.534102, '2C\xb9\x03')
(1343291538.534126, '2oG\x04')
(1343291538.5341489, '+')
(1343291538.5341811, 'S*\xa4\x04')
(1343291538.5342059, '2f\xa6\x04')
(1343291538.534229, '2F\xb3\x04')
(1343291538.534337, '2t\xb5\x04')
(1343291538.534369, '2C\xc0\x04')
(1343291538.538141, '2oM\x05')
(1343291538.5381751, '+')
(1343291538.5411, 'S+\x9d\x05')
(1343291538.541136, '2f\xa0\x05')
(1343291538.541162, '2F\xac\x05')
(1343291538.5411861, '2t\xae\x05')
(1343291538.542124, '2C\xb9\x05')
(1343291538.5460839, '2oG\x06')
(1343291538.5461249, '+')
(1343291538.548923, '\rL: ')
(1343291538.5489621, '2I\xb6\x06')
(1343291538.550988, '2P\xfc\x06')
(1343291538.5520539, '2R\x1b\x07')
(1343291538.5520899, 'rIN')
(1343291538.553055, 'rNU')
(1343291538.553093, 'S,A\x07')
(1343291538.554009, '2fC\x07')
(1343291538.5540531, '2FP\x07')
(1343291538.55408, '2tR\x07')
(1343291538.5541041, '2C]\x07')
(1343291538.559063, '2o\xea\x07')
(1343291538.559098, '+')
(1343291538.560051, '\rL: 118\n')
(1343291538.5650229, '\rL: 118\n')
(1343291538.566906, 'S-\xfa\x08')
(1343291538.5669451, '2f\xfd\x08')
(1343291538.567939, '2F\x0b\t')
(1343291538.567976, '2t\r\t')
(1343291538.5680029, '2C\x18\t')
(1343291538.57199, '2o\xa5\t')
(1343291538.5720291, '+')
(1343291538.575002, '\rL: 118\n')
(1343291538.578938, '\rL: 118\n')
(1343291538.5809219, '2I\xc4\n')
(1343291538.5818999, 'S.\xd5\n')
(1343291538.581933, '2f\xd7\n')
(1343291538.5819571, '2F\xe4\n')
(1343291538.58198, '2t\xe6\n')
(1343291538.5820041, '2C\xf1\n')
(1343291538.5867939, '2o~\x0b')
(1343291538.586839, '+')
(1343291538.586875, '2P\x92\x0b')
(1343291538.587919, '2R\xaf\x0b')
(1343291538.5879519, 'rIN')
(1343291538.588798, 'rNU')
(1343291538.5908301, '\rL: 118\n')
(1343291538.5938439, '\rL: 118\n')
(1343291538.5958719, '2P\xae\x0c')
(1343291538.5968909, '2R\xcb\x0c')
(1343291538.5969279, 'rIN')
(1343291538.596952, 'rNU')
(1343291538.5979891, 'S/\xf0\x0c')
(1343291538.5980229, '2f\xf2\x0c')
(1343291538.598887, '2F\xff\x0c')
(1343291538.5989251, '2t\x02\r')
(1343291538.598949, '2C\r\r')
(1343291538.6028781, '2o\x9a\r')
(1343291538.602915, '+')
(1343291538.6057191, '\rL: 118\n')
(1343291538.614845, '\rL: 118\n')
(1343291538.6149189, 'S0\xb3\x0e')
(1343291538.614953, '2f\xb6\x0e')
(1343291538.614979, '2I\xba\x0e')
(1343291538.6150031, '2F\xc5\x0e')
(1343291538.615027, '2t\xc7\x0e')
(1343291538.615051, '2C\xd2\x0e')
(1343291538.6288071, '2o_\x0f')
(1343291538.6288531, '+')
(1343291538.6288891, '2Pr\x0f')
(1343291538.6289141, '2R\x91\x0f')
(1343291538.628937, 'rIN')
(1343291538.6289599, 'rNU')
(1343291538.628984, 'S1\xbd\x0f')
(1343291538.6290081, '2f\xbf\x0f')
(1343291538.6290309, '2F\xcc\x0f')
(1343291538.629055, '2t\xce\x0f')
(1343291538.6290791, '2C\xd9\x0f')
(1343291538.629102, '2of\x10')
(1343291538.6291251, '+')
(1343291538.6291571, 'S2\xa4\x10')
(1343291538.6291809, '2f\xa6\x10')
(1343291538.629215, '2F\xb3\x10')
(1343291538.62924, '2t\xb5\x10')
(1343291538.6292641, '2!\xc0\x10')
(1343291538.6292861, '-')
(1343291538.6293111, 'cr\xc3\x10')
(1343291538.643986, 'S2\x1c\x11')
(1343291538.6440401, '2f\x1f\x11')
(1343291538.6440959, '2F+\x11')
(1343291538.6441209, '2t.\x11')
(1343291538.6441441, '2C9\x11')
(1343291538.6441669, '2o\xc6\x11')
(1343291538.6441901, '+')
(1343291538.644223, 'S3\x1c\x12')
(1343291538.644248, '2f\x1f\x12')
(1343291538.6442709, '2F+\x12')
(1343291538.644294, '2t-\x12')
(1343291538.6443169, '2C9\x12')
(1343291538.644341, '2o\xc6\x12')
(1343291538.644407, '+')
(1343291538.646687, 'S4\x1d\x13')
(1343291538.646734, '2f\x1f\x13')
(1343291538.64676, '2F,\x13')
(1343291538.6467841, '2t.\x13')
(1343291538.6468079, '2C9\x13')
(1343291538.651535, '2o\xc6\x13')
(1343291538.651572, '+')
(1343291538.6546819, '\rL: 118\n')
(1343291538.6575401, 'S5\x96\x14')
(1343291538.6575761, '2I\x98\x14')
(1343291538.6576021, '2f\x9b\x14')
(1343291538.6576259, '2I\x9e\x14')
(1343291538.658556, '2F\xaa\x14')
(1343291538.6585901, '2t\xac\x14')
(1343291538.6586161, '2C\xb8\x14')
(1343291538.6624701, '2oE\x15')
(1343291538.6636801, '+')
(1343291538.6644709, '\rL: 118\n')
(1343291538.6665201, '2P\xa9\x15')
(1343291538.6665571, '2R\xc7\x15')
(1343291538.6675091, 'rIN')
(1343291538.6675429, 'rFR')
(1343291538.6684489, 'S6\xe9\x15')
(1343291538.668483, '2f\xeb\x15')
(1343291538.6685081, '2F\xf8\x15')
(1343291538.6685319, '2t\xfa\x15')
(1343291538.668556, '2C\x05\x16')
(1343291538.673492, '2o\x92\x16')
(1343291538.6735411, '+')
(1343291538.6764441, '\rL: 118\n')
(1343291538.6794989, 'S7_\x17')
(1343291538.679533, '2fa\x17')
(1343291538.679558, '2Fn\x17')
(1343291538.6795821, '2tp\x17')
(1343291538.6805379, '2!{\x17')
(1343291538.6805689, '-')
(1343291538.680594, 'cr~\x17')
(1343291538.6815369, '\rL: 118\n')
(1343291538.685591, '\rL: 118\n')
(1343291538.69048, '\rL: 118\n')
(1343291538.6924689, 'S7\x0c\x19')
(1343291538.692508, '2f\x0e\x19')
(1343291538.693424, '2F\x1b\x19')
(1343291538.6934569, '2t\x1d\x19')
(1343291538.6934819, '2C(\x19')
(1343291538.6976421, '2o\xb6\x19')
(1343291538.697681, '+')
(1343291538.700424, '\rL: 118\n')
(1343291538.7041919, '\rL: 118\n')
(1343291538.7043681, '2I\x95\x1a')
(1343291538.7044029, '2I\x9a\x1a')
(1343291538.714093, '2P\xab\x1a')
(1343291538.7141399, '2R\xc9\x1a')
(1343291538.7141671, 'rIN')
(1343291538.71419, 'rFR')
(1343291538.7142141, 'S8\xf0\x1a')
(1343291538.7142379, '2f\xf2\x1a')
(1343291538.7142611, '2F\xff\x1a')
(1343291538.7142849, '2t\x02\x1b')
(1343291538.714309, '2C\x0c\x1b')
(1343291538.7143321, '2o\x9a\x1b')
(1343291538.714355, '+')
(1343291538.7265151, 'S9\x1c\x1c')
(1343291538.726562, '2f\x1f\x1c')
(1343291538.726589, '2F+\x1c')
(1343291538.7266121, '2t-\x1c')
(1343291538.7266359, '2!8\x1c')
(1343291538.7266581, '-')
(1343291538.7266819, 'cr<\x1c')
(1343291538.726706, 'S9\x9d\x1c')
(1343291538.7267301, '2f\x9f\x1c')
(1343291538.726753, '2F\xac\x1c')
(1343291538.7267771, '2t\xae\x1c')
(1343291538.7268009, '2!\xb9\x1c')
(1343291538.7268231, '-')
(1343291538.7268469, 'cr\xbc\x1c')
(1343291538.7268701, 'S9\x1c\x1d')
(1343291538.7268939, '2f\x1f\x1d')
(1343291538.726917, '2F+\x1d')
(1343291538.7269399, '2t-\x1d')
(1343291538.726963, '2C8\x1d')
(1343291538.734777, '2o\xc6\x1d')
(1343291538.734818, '+')
(1343291538.7348549, 'S:\x1c\x1e')
(1343291538.7348809, '2f\x1f\x1e')
(1343291538.734905, '2F+\x1e')
(1343291538.7349279, '2t-\x1e')
(1343291538.734952, '2C8\x1e')
(1343291538.745115, '2o\xc6\x1e')
(1343291538.7451611, '+')
(1343291538.745198, 'S;\x1c\x1f')
(1343291538.745223, '2f\x1f\x1f')
(1343291538.7452459, '2F+')
(1343291538.74527, '\x1f')
(1343291538.7452941, '2t0\x1f')
(1343291538.745317, '2I2\x1f')
(1343291538.7453401, '2!;\x1f')
(1343291538.745362, '-')
(1343291538.7453849, 'cr>\x1f')
(1343291538.7454081, '2PH\x1f')
(1343291538.7454309, '2Rg\x1f')
(1343291538.7454541, 'rIN')
(1343291538.745476, 'rFR')
(1343291538.7454989, 'S;\x9d\x1f')
(1343291538.745523, '2f\x9f\x1f')
(1343291538.7455461, '2F\xac\x1f')
(1343291538.7455699, '2t\xae\x1f')
(1343291538.7456911, '2C\xb9\x1f')
(1343291538.7491119, '2oG ')
(1343291538.749136, '+')
(1343291538.753108, '\rL: 118\n')
(1343291538.756074, '\rL: 118\n')
(1343291538.7581501, 'S<y!')
(1343291538.7581871, '2f{!')
(1343291538.7591641, '2F\x89!')
(1343291538.759198, '2t\x8c!')
(1343291538.759222, '2C\x96!')
(1343291538.7631171, '2o#"')
(1343291538.7641549, '+')
(1343291538.767066, '\rL: 118\n')
(1343291538.7701001, '\rL: 118\n')
(1343291538.7720859, '2ID#')
(1343291538.773057, 'S=T#')
(1343291538.7730889, '2fW#')
(1343291538.7731161, '2Fc#')
(1343291538.773138, '2te#')
(1343291538.7739041, '2Cp#')
(1343291538.777936, '2o\xfe#')
(1343291538.777976, '+')
(1343291538.778935, '2P\x12$')
(1343291538.7799101, '2R/$')
(1343291538.779943, 'rIN')
(1343291538.7799671, 'rNU')
(1343291538.781955, '\rL: 118\n')
(1343291538.7938941, '\rL: 118\n')
(1343291538.793962, '2I\x1d%')
(1343291538.7939789, '2P"%')
(1343291538.7939911, '2R@%')
(1343291538.7940021, 'rIN')
(1343291538.794013, 'rNU')
(1343291538.794024, 'S>c%')
(1343291538.794035, '2ff%')
(1343291538.794045, '2Fr%')
(1343291538.7940559, '2tt%')
(1343291538.7940669, '2C\x7f%')
(1343291538.7941301, '2o\r&')
(1343291538.794147, '+')
(1343291538.8045909, 'S?\xa4&')
(1343291538.8046219, '2f\xa6&')
(1343291538.8046491, '2F\xb3&')
(1343291538.8046629, '2t\xb5&')
(1343291538.8046739, '2!\xc0&')
(1343291538.8046861, '-')
(1343291538.804697, 'cr\xc4&')
(1343291538.804709, "S?\x1c'")
(1343291538.8047199, "2f\x1e'")
(1343291538.8047309, "2F+'")
(1343291538.8047431, "2t-'")
(1343291538.8047531, "2C8'")
(1343291538.814924, "2o\xc6'")
(1343291538.814955, '+')
(1343291538.814975, 'S@\x1c(')
(1343291538.8149869, '2f\x1f(')
(1343291538.8149991, '2F+(')
(1343291538.8150101, '2t.(')
(1343291538.8150201, '2C8(')
(1343291538.824753, '2o\xc5(')
(1343291538.8247759, '+')
(1343291538.824795, 'SA\x1c)')
(1343291538.8248079, '2f\x1f)')
(1343291538.8248191, '2F+)')
(1343291538.8248301, '2t.)')
(1343291538.824841, '2!8)')
(1343291538.824852, '-')
(1343291538.824863, 'cr<)')
(1343291538.8248739, 'SA\x9d)')
(1343291538.8248849, '2f\xa0)')
(1343291538.8248961, '2F\xac)')
(1343291538.8249071, '2t\xae)')
(1343291538.824919, '2C\xb9)')
(1343291538.827033, '2oG*')
(1343291538.8270569, '+')
(1343291538.830723, '\rL: 118\n')
(1343291538.8336799, '\rL: 118\n')
(1343291538.836668, 'SBz+')
(1343291538.836705, '2f|+')
(1343291538.836729, '2F\x8a+')
(1343291538.8367519, '2t\x8c+')
(1343291538.8377459, '2C\x97+')
(1343291538.841656, '2o%,')
(1343291538.841691, '+')
(1343291538.844712, '\rL: 118\n')
(1343291538.8486531, '\rL: 118\n')
(1343291538.849674, '2I0-')
(1343291538.849709, '2I5-')
(1343291538.8507209, '2PN-')
(1343291538.8517389, '2Rm-')
(1343291538.8517759, 'rIN')
(1343291538.8518, 'rFR')
(1343291538.852875, 'SC\x8d-')
(1343291538.8529141, '2f\x8f-')
(1343291538.8529379, '2F\x9c-')
(1343291538.8536971, '2t\x9e-')
(1343291538.8537321, '2C\xa9-')
(1343291538.857775, '2o6.')
(1343291538.857811, '+')
(1343291538.8605371, '\rL: 118\n')
(1343291538.864171, '\rL: 118\n')
(1343291538.8841009, 'SD9/')
(1343291538.8841541, '2f</')
(1343291538.8841791, '2FH/')
(1343291538.884201, '2tJ/')
(1343291538.8842239, '2!U/')
(1343291538.8842461, '-')
(1343291538.884268, 'crX/')
(1343291538.8842919, 'SD\x9d/')
(1343291538.884316, '2f\xa0/')
(1343291538.8843391, '2F\xac/')
(1343291538.884362, '2t\xae/')
(1343291538.8843861, '2C\xb9/')
(1343291538.884408, '2oG0')
(1343291538.8844309, '+')
(1343291538.8844631, 'SE\xa40')
(1343291538.8844881, '2f\xa60')
(1343291538.884511, '2F\xb30')
(1343291538.884536, '2t\xb50')
(1343291538.8845601, '2C\xbf0')
(1343291538.884583, '2oM1')
(1343291538.8846059, '+')
(1343291538.884742, 'SF\x9d1')
(1343291538.884774, '2f\xa01')
(1343291538.884798, '2F\xac1')
(1343291538.8848209, '2t\xae')
(1343291538.90412, '1')
(1343291538.9041791, '2!\xbc1')
(1343291538.904206, '-')
(1343291538.9042301, 'cr\xbf1')
(1343291538.904254, '2P\xc91')
(1343291538.9042771, '2I\xe61')
(1343291538.9043, '2R\xe91')
(1343291538.9043231, 'rIN')
(1343291538.904345, 'rFR')
(1343291538.9043679, '2P\xf61')
(1343291538.9043911, '2I\xfc1')
(1343291538.9044271, '2R\x012')
(1343291538.9044509, 'rIN')
(1343291538.9044731, 'rFR')
(1343291538.904496, 'SF"2')
(1343291538.9045179, '2f$2')
(1343291538.9045401, '2F12')
(1343291538.904562, '2t32')
(1343291538.9045839, '2C>2')
(1343291538.9046061, '2o\xcb2')
(1343291538.904629, '+')
(1343291538.9046619, '2P\xde2')
(1343291538.9046869, '2R\xe42')
(1343291538.9047101, 'rIN')
(1343291538.9047329, 'rFR')
(1343291538.904757, 'SG\x1d3')
(1343291538.9047811, '2f\x1f3')
(1343291538.904804, '2F,3')
(1343291538.9048271, '2t.3')
(1343291538.9048491, '2C93')
(1343291538.9048719, '2o\xc63')
(1343291538.9048941, '+')
(1343291538.905035, 'SH\x1c4')
(1343291538.905067, '2f\x1f4')
(1343291538.9050901, '2F+4')
(1343291538.905113, '2t-4')
(1343291538.9051349, '2C84')
(1343291538.9094119, '2o\xc64')
(1343291538.9094529, '+')
(1343291538.912499, '\rL: 118\n')
(1343291538.915453, '\rL: 118\n')
(1343291538.916533, '2I\xa65')
(1343291538.9174671, '2P\xdb5')
(1343291538.9184189, '2R\xfa5')
(1343291538.918452, 'rIN')
(1343291538.9184771, 'rNU')
(1343291538.919533, 'SI!6')
(1343291538.9195659, '2f#6')
(1343291538.9204209, '2F06')
(1343291538.920454, '2t26')
(1343291538.9204781, '2C=6')
(1343291538.9253881, '2o\xca6')
(1343291538.925426, '+')
(1343291538.9283111, '\rL: 118\n')
(1343291538.931375, '\rL: 118\n')
(1343291538.935375, '\rL: 118\n')
(1343291538.938349, 'SJ|8')
(1343291538.9383841, '2f~8')
(1343291538.93841, '2F\x8c8')
(1343291538.9384339, '2t\x8e8')
(1343291538.93946, '2C\x998')
(1343291538.9434681, '2o&9')
(1343291538.9435041, '+')
(1343291538.9463029, '\rL: 118\n')
(1343291538.9554839, '\rL: 118\n')
(1343291538.955539, 'SK::')
(1343291538.955564, '2f<:')
(1343291538.955586, '2IG:')
(1343291538.9556079, '2FK:')
(1343291538.9556301, '2tM:')
(1343291538.955652, '2CX:')
(1343291538.9643869, '2o\xe6:')
(1343291538.9644251, '+')
(1343291538.9644599, '2P\xf8:')
(1343291538.9644849, '2R\x17;')
(1343291538.964509, 'rIN')
(1343291538.9645309, 'rNU')
(1343291538.9645531, 'SLC;')
(1343291538.9645751, '2fE;')
(1343291538.964597, '2FR;')
(1343291538.9646189, '2tT;')
(1343291538.9646411, '2C_;')
(1343291538.9743321, '2o\xec;')
(1343291538.974386, '+')
(1343291538.9744079, 'SM)<')
(1343291538.974421, '2f+<')
(1343291538.9744329, '2F8<')
(1343291538.9744439, '2t:<')
(1343291538.9744551, '2!D<')
(1343291538.9744649, '-')
(1343291538.9744761, 'crH<')
(1343291538.974488, 'SM\x9d<')
(1343291538.974499, '2f\xa0<')
(1343291538.9745109, '2F\xac<')
(1343291538.9745221, '2t\xae<')
(1343291538.9745331, '2C\xb9<')
(1343291538.984715, '2oG=')
(1343291538.984756, '+')
(1343291538.984791, 'SN\xa4=')
(1343291538.984807, '2f\xa6=')
(1343291538.9848189, '2F\xb3=')
(1343291538.9848299, '2t\xb5=')
(1343291538.9848411, '2C\xc0=')
(1343291538.9848521, '2oM>')
(1343291538.984863, '+')
(1343291538.9861391, 'SO\x9d>')
(1343291538.9861779, '2f\xa0>')
(1343291538.986203, '2F\xac>')
(1343291538.986227, '2t\xae>')
(1343291538.987179, '2C\xb9>')
(1343291538.9911189, '2oG?')
(1343291538.991152, '+')
(1343291538.995136, '\rL: 118\n')
(1343291538.9981711, '\rL: 118\n')
(1343291538.999191, '2IQ@')
(1343291538.999227, '2IV@')
(1343291539.000052, '2P\\@')
(1343291539.0010021, '2Ry@')
(1343291539.001035, 'rIN')
(1343291539.0010581, 'rFR')
(1343291539.0010829, 'SP\x99@')
(1343291539.0020499, '2f\x9c@')
(1343291539.0020871, '2F\xa8@')
(1343291539.0021119, '2t\xaa@')
(1343291539.002135, '2C\xb5@')
(1343291539.0069151, '2oCA')
(1343291539.0069661, '+')
(1343291539.010016, '\rL: 118\n')
(1343291539.013927, '\rL: 118\n')
(1343291539.015929, '2IcB')
(1343291539.015965, '2PrB')
(1343291539.017019, '2R\x91B')
(1343291539.0170519, 'rIN')
(1343291539.017076, 'rNU')
(1343291539.017921, 'SQ\xb5B')
(1343291539.0179541, '2f\xb7B')
(1343291539.0179789, '2F\xc4B')
(1343291539.019017, '2t\xc6B')
(1343291539.0190499, '2C\xd1B')
(1343291539.0230191, '2o_C')
(1343291539.0230551, '+')
(1343291539.0259399, '\rL: 118\n')
(1343291539.0287981, '\rL: 118\n')
(1343291539.0318439, 'SRzD')
(1343291539.031878, '2f|D')
(1343291539.031904, '2I\x81D')
(1343291539.0319281, '2F\x8dD')
(1343291539.032876, '2t\x8fD')
(1343291539.032908, '2C\x9aD')
(1343291539.0368371, "2o'E")
(1343291539.0368841, '+')
(1343291539.0379479, '2P:E')
(1343291539.038898, '2RXE')
(1343291539.0389349, 'rIN')
(1343291539.0389581, 'rNU')
(1343291539.041888, '\rL: 118\n')
(1343291539.0543399, '\rL: 118\n')
(1343291539.0544219, '2IHF')
(1343291539.0544491, 'SSaF')
(1343291539.054472, '2fcF')
(1343291539.0544939, '2FpF')
(1343291539.054517, '2trF')
(1343291539.054539, '2C}F')
(1343291539.0545609, '2o\nG')
(1343291539.054584, '+')
(1343291539.0546169, '2P\x1dG')
(1343291539.054641, '2R;G')
(1343291539.0546639, 'rIN')
(1343291539.0546861, 'rNU')
(1343291539.068085, 'ST\xa3G')
(1343291539.0681231, '2f\xa6G')
(1343291539.0681369, '2F\xb3G')
(1343291539.0681479, '2t\xb5G')
(1343291539.0681601, '2!\xbfG')
(1343291539.068171, '-')
(1343291539.068182, 'cr\xc3G')
(1343291539.0681939, 'ST\x1cH')
(1343291539.0682051, '2f\x1eH')
(1343291539.0682161, '2F+H')
(1343291539.0682271, '2t-H')
(1343291539.0682371, '2C8H')
(1343291539.068248, '2o\xc5H')
(1343291539.068259, '+')
(1343291539.0682759, 'SU\x1cI')
(1343291539.0682881, '2f\x1fI')
(1343291539.074832, '2F+I')
(1343291539.0748539, '2t.I')
(1343291539.074867, '2C9I')
(1343291539.0748789, '2o\xc6I')
(1343291539.0748911, '+')
(1343291539.0757329, 'SV\x1cJ')
(1343291539.075768, '2f\x1fJ')
(1343291539.076813, '2F+J')
(1343291539.076843, '2t-J')
(1343291539.0768549, '2!8J')
(1343291539.0768659, '-')
(1343291539.0768771, 'cr<J')
(1343291539.079736, 'SV\x9dJ')
(1343291539.079762, '2f\xa0J')
(1343291539.080801, '2F\xacJ')
(1343291539.0808389, '2t\xaeJ')
(1343291539.0808649, '2C\xb9J')
(1343291539.0847771, '2oGK')
(1343291539.084816, '+')
(1343291539.088799, '\rL: 118\n')
(1343291539.091717, '\rL: 118\n')
(1343291539.0946729, 'SW\x82L')
(1343291539.094712, '2f\x84L')
(1343291539.094738, '2F\x91L')
(1343291539.0947621, '2t\x93L')
(1343291539.095736, '2C\x9eL')
(1343291539.0997529, '2o+M')
(1343291539.099792, '+')
(1343291539.1035421, '\rL: 118\n')
(1343291539.1065431, '\rL: 118\n')
(1343291539.1076751, '2I6N')
(1343291539.1077089, '2I;N')
(1343291539.108568, '2P@N')
(1343291539.1096139, '2R^N')
(1343291539.1096499, 'rIN')
(1343291539.109674, 'rFR')
(1343291539.1096971, 'SX}N')
(1343291539.1105349, '2f\x7fN')
(1343291539.110568, '2F\x8dN')
(1343291539.1105931, '2t\x8fN')
(1343291539.1106169, '2C\x9aN')
(1343291539.115531, "2o'O")
(1343291539.1155691, '+')
(1343291539.118602, '\rL: 118\n')
(1343291539.1339729, '\rL: 118\n')
(1343291539.1340361, 'SYAP')
(1343291539.1340621, '2fCP')
(1343291539.1340849, '2IGP')
(1343291539.1341071, '2FRP')
(1343291539.134129, '2tTP')
(1343291539.134151, '2C_P')
(1343291539.1341751, '2o\xedP')
(1343291539.134198, '+')
(1343291539.134244, '2P\xffP')
(1343291539.134268, '2R\x1eQ')
(1343291539.1342909, 'rIN')
(1343291539.1343131, 'rNU')
(1343291539.1343491, 'SZDQ')
(1343291539.1343739, '2fFQ')
(1343291539.134397, '2FSQ')
(1343291539.134418, '2tUQ')
(1343291539.1344399, '2C`Q')
(1343291539.154345, '2o\xeeQ')
(1343291539.1543901, '+')
(1343291539.1544249, 'S[#R')
(1343291539.154449, '2f%R')
(1343291539.1544709, '2F2R')
(1343291539.1544931, '2t4R')
(1343291539.154515, '2!?R')
(1343291539.154537, '-')
(1343291539.1545589, 'crBR')
(1343291539.154583, 'S[\xa4R')
(1343291539.1546061, '2f\xa6R')
(1343291539.154629, '2F\xb3R')
(1343291539.1546521, '2t\xb5R')
(1343291539.154675, '2C\xc0R')
(1343291539.1546979, '2oMS')
(1343291539.1547201, '+')
(1343291539.1547511, 'S\\\x9dS')
(1343291539.1547749, '2f\x9fS')
(1343291539.154798, '2F\xacS')
(1343291539.1548209, '2t\xaeS')
(1343291539.154844, '2C\xb9S')
(1343291539.1554949, '2oGT')
(1343291539.155529, '+')
(1343291539.159364, '\rL: 118\n')
(1343291539.161422, 'S]\x1bU')
(1343291539.1614611, '2f\x1dU')
(1343291539.162473, '2F*U')
(1343291539.1625099, '2t,U')
(1343291539.162534, '2!6U')
(1343291539.1625559, '-')
(1343291539.1625791, 'cr:U')
(1343291539.165318, 'S]\x9dU')
(1343291539.1653571, '2f\x9fU')
(1343291539.166332, '2F\xacU')
(1343291539.1663661, '2t\xaeU')
(1343291539.1663909, '2C\xb9U')
(1343291539.171221, '2oGV')
(1343291539.1712539, '+')
(1343291539.174248, '\rL: 118\n')
(1343291539.1774161, '2I\x10W')
(1343291539.17746, '2I\x16W')
(1343291539.1781571, '\rL: 118\n')
(1343291539.1802461, '2PuW')
(1343291539.181215, '2R\x95W')
(1343291539.181253, 'rIN')
(1343291539.181277, 'rNU')
(1343291539.182189, 'S^\xb9W')
(1343291539.1822269, '2f\xbcW')
(1343291539.1822519, '2F\xc8W')
(1343291539.182276, '2t\xcaW')
(1343291539.1831701, '2C\xd5W')
(1343291539.1872661, '2ocX')
(1343291539.187304, '+')
(1343291539.190228, '\rL: 118\n')
(1343291539.1933701, '\rL: 118\n')
(1343291539.1961811, '2I\x84Y')
(1343291539.1971011, '\rL: 118\n')
(1343291539.2142389, '2P\xdaY')
(1343291539.2142789, '2R\xf8Y')
(1343291539.214304, 'rIN')
(1343291539.2143271, 'rNU')
(1343291539.21435, 'S_\x1dZ')
(1343291539.2144029, '2f\x1fZ')
(1343291539.214432, '2F,Z')
(1343291539.2144561, '2t.Z')
(1343291539.214479, '2C9Z')
(1343291539.214503, '2o\xc7Z')
(1343291539.2145269, '+')
(1343291539.2145579, '\rL: 118\n')
(1343291539.2145951, 'S`l[')
(1343291539.214618, '2fo[')
(1343291539.2146399, '2F{[')
(1343291539.2146609, '2t~[')
(1343291539.214684, '2!\x88[')
(1343291539.2147059, '-')
(1343291539.2147291, 'cr\x8b[')
(1343291539.2340729, 'S`\x1c\\')
(1343291539.2341299, '2f\x1f\\')
(1343291539.2341559, '2F+\\')
(1343291539.23418, '2t.\\')
(1343291539.2342031, '2C9\\')
(1343291539.234226, '2o\xc6\\')
(1343291539.2342491, '+')
(1343291539.234283, 'Sa\x1c]')
(1343291539.2343071, '2f\x1f]')
(1343291539.2343299, '2F,]')
(1343291539.2343521, '2t.]')
(1343291539.2344069, '2C9]')
(1343291539.2344329, '2o\xc6]')
(1343291539.2344561, '+')
(1343291539.234488, 'Sb\x1c^')
(1343291539.234514, '2f\x1f^')
(1343291539.2345369, '2F+^')
(1343291539.23456, '2t.^')
(1343291539.2345829, '2!8^')
(1343291539.234606, '-')
(1343291539.234628, 'cr;^')
(1343291539.244889, 'Sb\x9d^')
(1343291539.2449369, '2f\xa0^')
(1343291539.2449639, '2F\xac^')
(1343291539.244988, '2t\xae^')
(1343291539.245012, '2C\xb9^')
(1343291539.245034, '2oG_')
(1343291539.2450571, '+')
(1343291539.24509, 'Sc\xa4_')
(1343291539.2451141, '2f\xa6_')
(1343291539.245224, '2F\xb3_')
(1343291539.2452559, '2t\xb5_')
(1343291539.24528, '2C\xc0_')
(1343291539.2490361, '2oM`')
(1343291539.249073, '+')
(1343291539.2519751, 'Sd\x9d`')
(1343291539.2520089, '2f\x9f`')
(1343291539.2520339, '2F\xac`')
(1343291539.252058, '2t\xae`')
(1343291539.252938, '2C\xb9`')
(1343291539.256881, '2oGa')
(1343291539.2569211, '+')
(1343291539.2609229, '\rL: 118\n')
(1343291539.262902, '2I\x04b')
(1343291539.2629361, '2I\nb')
(1343291539.2629621, 'Se\x19b')
(1343291539.2629869, '2f\x1bb')
(1343291539.263907, '2F(b')
(1343291539.2639451, '2t*b')
(1343291539.2639699, '2C5b')
(1343291539.2687759, '2o\xc2b')
(1343291539.2688169, '+')
(1343291539.269799, '\rL: 118\n')
(1343291539.2717781, '2P&c')
(1343291539.2729161, '2RDc')
(1343291539.2729521, 'rIN')
(1343291539.2729771, 'rFR')
(1343291539.275727, '\rL: 118\n')
(1343291539.2778599, 'Sf\x06d')
(1343291539.2788539, '2f\x08d')
(1343291539.278893, '2F\x15d')
(1343291539.278919, '2t\x17d')
(1343291539.2789431, '2C"d')
(1343291539.2836871, '2o\xb0d')
(1343291539.2837081, '+')
(1343291539.2846589, '\rL: 118\n')
(1343291539.2896931, '\rL: 118\n')
(1343291539.2917819, 'Sg\xc7e')
(1343291539.2918079, '2f\xc9e')
(1343291539.2918241, '2I\xcfe')
(1343291539.292624, '2F\xd8e')
(1343291539.2926421, '2t\xdae')
(1343291539.292655, '2C\xe5e')
(1343291539.296865, '2osf')
(1343291539.297646, '+')
(1343291539.2976711, '2P\x86f')
(1343291539.298691, '2R\xa4f')
(1343291539.298717, 'rIN')
(1343291539.298733, 'rNU')
(1343291539.301717, '\rL: 118\n')
(1343291539.3037081, 'ShTg')
(1343291539.303746, '2fVg')
(1343291539.304739, '2Fcg')
(1343291539.30476, '2teg')
(1343291539.3047719, '2!pg')
(1343291539.3047831, '-')
(1343291539.3047941, 'crsg')
(1343291539.3056841, '\rL: 118\n')
(1343291539.3106771, '\rL: 118\n')
(1343291539.314214, 'Shph')
(1343291539.314239, '2fsh')
(1343291539.3142519, '2F\x7fh')
(1343291539.3142631, '2t\x83h')
(1343291539.314275, '2C\x8eh')
(1343291539.3243859, '2o\x1bi')
(1343291539.3244309, '+')
(1343291539.324466, '\rL: 118\n')
(1343291539.3245051, 'Si\xc1i')
(1343291539.3245299, '2f\xc3i')
(1343291539.3245699, '2F\xd0i')
(1343291539.3245959, '2t\xd2i')
(1343291539.3246191, '2!\xdci')
(1343291539.324641, '-')
(1343291539.3246641, 'cr\xe0i')
(1343291539.336436, 'Si\x1cj')
(1343291539.3364811, '2f\x1ej')
(1343291539.3365071, '2F+j')
(1343291539.33653, '2t-j')
(1343291539.3365519, '2!8j')
(1343291539.3365741, '-')
(1343291539.336597, 'cr;j')
(1343291539.3366201, 'Si\x9dj')
(1343291539.3366599, '2f\x9fj')
(1343291539.3366859, '2F\xacj')
(1343291539.336709, '2t\xaej')
(1343291539.3367319, '2C\xb9j')
(1343291539.3367541, '2oGk')
(1343291539.336776, '+')
(1343291539.3460431, 'Sj\xa4k')
(1343291539.3460901, '2f\xa6k')
(1343291539.346117, '2F\xb3k')
(1343291539.3461399, '2t\xb5k')
(1343291539.346209, '2C\xc0k')
(1343291539.3462329, '2oMl')
(1343291539.3462551, '+')
(1343291539.346288, 'Sk\x9dl')
(1343291539.346312, '2f\xa0l')
(1343291539.3463349, '2F\xacl')
(1343291539.3463581, '2t\xafl')
(1343291539.3464761, '2!\xb9l')
(1343291539.3465061, '-')
(1343291539.3465309, 'cr\xbcl')
(1343291539.364357, 'Sk\x1cm')
(1343291539.3644519, '2f\x1fm')
(1343291539.36448, '2F+m')
(1343291539.3645029, '2t.m')
(1343291539.364526, '2C9m')
(1343291539.3645489, '2o\xc6m')
(1343291539.3645711, '+')
(1343291539.364604, 'Sl\x1cn')
(1343291539.3646281, '2f\x1fn')
(1343291539.3646669, '2F+n')
(1343291539.3646901, '2t-n')
(1343291539.364712, '2C8n')
(1343291539.3647339, '2o\xc6n')
(1343291539.3647571, '+')
(1343291539.364866, 'Sm\x1co')
(1343291539.38398, '2f\x1fo')
(1343291539.3840389, '2F+o')
(1343291539.3841341, '2t-o')
(1343291539.3841569, '2C8o')
(1343291539.3841801, '2o\xc6o')
(1343291539.384203, '+')
(1343291539.3842349, '2I1p')
(1343291539.384258, '2P4p')
(1343291539.384285, '2RVp')
(1343291539.3843081, 'rIN')
(1343291539.38433, 'rFR')
(1343291539.3844249, '2P\\p')
(1343291539.3844531, '2Rbp')
(1343291539.3844759, 'rIN')
(1343291539.3844969, 'rFR')
(1343291542.074033, '2I6\xc9')
(1343291542.074141, '2P9\xc9')
(1343291542.0741689, '2RT\xc9')
(1343291542.074193, 'rIN')
(1343291542.0742171, 'D\x05\\\xc9')
(1343291543.084415, '2I+J')
(1343291543.08447, '2P.J')
(1343291543.084497, '2RBJ')
(1343291543.0845201, 'rIN')
(1343291543.084543, 'rNU')
(1343291543.0845649, '2I\tK')
(1343291543.084589, '2P\x0cK')
(1343291543.0846119, '2R\x1fK')
(1343291543.084651, 'rIN')
(1343291543.0846751, 'rNU')
