(1343291514.017855, '\rL: 2\n')
(1343291514.024596, '\rGot configuration message of type I\n')
(1343291514.042527, '\rL: 48\n')
(1343291518.066037, '\rL: 48\n')
(1343291522.048528, '\rL: 48\n')
(1343291533.617879, 'S\xa4\xa8G')
(1343291533.617938, '2f\xaaG')
(1343291533.617962, '2F\xb5G')
(1343291533.617985, '2t\xb7G')
(1343291533.618007, '2C\xc2G')
(1343291533.618028, '2o>H')
(1343291533.618048, '+')
(1343291538.177847, '2I\x16\x91')
(1343291538.186967, '2P\x19\x91')
(1343291538.197083, '2R4\x91')
(1343291538.19714, 'rIN')
(1343291538.197191, 'D\x0e;\x91')
(1343291538.197233, 'ci>\x91')
(1343291538.198786, 'S\xa5\x8e\x91')
(1343291538.198853, '2f\x90\x91')
(1343291538.198908, '2F\x9c\x91')
(1343291538.198958, '2t\x9e\x91')
(1343291538.199006, '2C\xa9\x91')
(1343291538.199053, '2o6\x92')
(1343291538.199097, '+')
(1343291538.201762, '2I\xbf\x93')
(1343291538.206993, '2P\xc2\x93')
(1343291538.207048, '2R\xdc\x93')
(1343291538.207091, 'rIN')
(1343291538.207132, 'D\x0f\xe4\x93')
(1343291538.207172, 'ci\xe6\x93')
(1343291538.218765, 'S\xa66\x94')
(1343291538.218832, '2f8\x94')
(1343291538.218882, '2FD\x94')
(1343291538.218928, '2tF\x94')
(1343291538.218973, '2CQ\x94')
(1343291538.219018, '2o\xdf\x94')
(1343291538.219061, '+')
(1343291538.222013, '2I\xa3\x95')
(1343291538.222056, '2P\xa6\x95')
(1343291538.222081, '2R\xc0\x95')
(1343291538.222103, 'rIN')
(1343291538.222125, 'D\x10\xc8\x95')
(1343291538.222148, 'ci\xcb\x95')
(1343291538.222179, 'S\xa7\x1a\x96')
(1343291538.222202, '2f\x1d\x96')
(1343291538.222224, '2F(\x96')
(1343291538.222246, '2t+\x96')
(1343291538.222268, '2C6\x96')
(1343291538.225817, '2o\xc3\x96')
(1343291538.225851, '+')
(1343291538.237218, '2Iw\x97')
(1343291538.237894, '2Pz\x97')
(1343291538.257735, '2R\x96\x97')
(1343291538.257772, 'rIN')
(1343291538.257802, 'D\x11\x9e\x97')
(1343291538.257826, 'ci\xa0\x97')
(1343291538.257858, 'S\xa8\xf0\x97')
(1343291538.257881, '2f\xf2\x97')
(1343291538.257903, '2F\xfe\x97')
(1343291538.257926, '2t\x01\x98')
(1343291538.257949, '2!\x0c\x98')
(1343291538.25797, '-')
(1343291538.257991, 'cr\x10\x98')
(1343291538.258014, 'S\xa8\x9c\x98')
(1343291538.258037, '2f\x9f\x98')
(1343291538.258059, '2F\xaa\x98')
(1343291538.258081, '2t\xad\x98')
(1343291538.258103, '2C\xb8\x98')
(1343291538.258125, '2oE\x99')
(1343291538.258146, '+')
(1343291538.258174, '2I\xd9\x99')
(1343291538.25819, '2P\xdd')
(1343291538.25819, '\x99')
(1343291538.25819, '2R\xfb\x99')
(1343291538.25819, 'rIN')
(1343291538.25819, 'rFR')
(1343291538.25819, '2P\x03\x9a')
(1343291538.25819, '2R\x08\x9a')
(1343291538.25819, 'rIN')
(1343291538.25819, 'rFR')
(1343291538.261866, '2I\xe0\x9a')
(1343291538.262037, '2P\xe4\x9a')
(1343291538.26207, '2R\xfe\x9a')
(1343291538.262092, 'rIN')
(1343291538.262114, 'D\x14\x06\x9b')
(1343291538.262137, 'ci\t\x9b')
(1343291538.262168, 'S\xa9W\x9b')
(1343291538.262191, '2fZ\x9b')
(1343291538.26233, '2Fe\x9b')
(1343291538.26236, '2th\x9b')
(1343291538.262383, '2!s\x9b')
(1343291538.262404, '-')
(1343291538.262424, 'crw\x9b')
(1343291538.265901, 'S\xa9\x9b\x9b')
(1343291538.265938, '2f\x9e\x9b')
(1343291538.265962, '2F\xa9\x9b')
(1343291538.265984, '2t\xac\x9b')
(1343291538.266007, '2!\xb7\x9b')
(1343291538.266028, '-')
(1343291538.26605, 'cr\xbb\x9b')
(1343291538.275538, 'S\xa9\x16\x9c')
(1343291538.275578, '2f\x18\x9c')
(1343291538.275602, '2F$\x9c')
(1343291538.275624, '2t&\x9c')
(1343291538.275646, '2C1\x9c')
(1343291538.275668, '2o\xbe\x9c')
(1343291538.275689, '+')
(1343291538.277925, '2IS\x9d')
(1343291538.288312, '2PW')
(1343291538.288332, '\x9d')
(1343291538.288344, '2Rt\x9d')
(1343291538.288355, 'rIN')
(1343291538.288364, 'rFR')
(1343291538.288375, '2P|\x9d')
(1343291538.288385, '2R\x82\x9d')
(1343291538.288396, 'rIN')
(1343291538.288405, 'rFR')
(1343291538.288415, '2I\xad\x9e')
(1343291538.289786, '2P\xb1\x9e')
(1343291538.289813, '2R\xcb\x9e')
(1343291538.289825, 'rIN')
(1343291538.289836, 'D\x17\xd3\x9e')
(1343291538.289847, 'ci\xd5\x9e')
(1343291538.289863, 'S\xaa&\x9f')
(1343291538.289874, '2f)\x9f')
(1343291538.289885, '2F4\x9f')
(1343291538.289896, '2t7\x9f')
(1343291538.297038, '2CB\x9f')
(1343291538.297083, '2o\xcf\x9f')
(1343291538.297096, '+')
(1343291538.317066, '2I\xcd\xa1')
(1343291538.319057, '2P\xd0\xa1')
(1343291538.322585, '2R\xeb\xa1')
(1343291538.322816, 'rIN')
(1343291538.32286, 'D\x18\xf2\xa1')
(1343291538.322903, 'ci\xf5\xa1')
(1343291538.322953, 'S\xabD\xa2')
(1343291538.322993, '2fG\xa2')
(1343291538.323032, '2FR\xa2')
(1343291538.323069, '2tU\xa2')
(1343291538.323106, '2C`\xa2')
(1343291538.323143, '2o\xed\xa2')
(1343291538.323179, '+')
(1343291538.323357, '2I\xb5\xa3')
(1343291538.337308, '2P\xb8\xa3')
(1343291538.337371, '2R\xd2\xa3')
(1343291538.337412, 'rIN')
(1343291538.337484, 'D\x19\xda\xa3')
(1343291538.337508, 'ci\xdc\xa3')
(1343291538.347022, 'S\xac,\xa4')
(1343291538.347077, '2f.\xa4')
(1343291538.347119, '2F:\xa4')
(1343291538.347157, '2t<\xa4')
(1343291538.347189, '2CG\xa4')
(1343291538.349835, '2o\xd5\xa4')
(1343291538.34987, '+')
(1343291538.367404, '2I\xe0\xa5')
(1343291538.367457, '2P\xe3\xa5')
(1343291538.36748, '2R\xfd\xa5')
(1343291538.367502, 'rIN')
(1343291538.367525, 'D\x1a\x06\xa6')
(1343291538.367548, 'ci\x08\xa6')
(1343291538.36758, 'S\xadW\xa6')
(1343291538.367602, '2fZ\xa6')
(1343291538.367623, '2Fe\xa6')
(1343291538.367644, '2th\xa6')
(1343291538.367665, '2!r\xa6')
(1343291538.367685, '-')
(1343291538.367705, 'crv\xa6')
(1343291538.367727, 'S\xad\x98\xa6')
(1343291538.367749, '2f\x9b\xa6')
(1343291538.367771, '2F\xa6\xa6')
(1343291538.367792, '2t\xa8\xa6')
(1343291538.367814, '2!\xb3\xa6')
(1343291538.367834, '-')
(1343291538.367855, 'cr\xb7\xa6')
(1343291538.367877, 'S\xad\x16\xa7')
(1343291538.367899, '2f\x18\xa7')
(1343291538.367921, '2F$\xa7')
(1343291538.367942, '2t&\xa7')
(1343291538.367962, '2C1\xa7')
(1343291538.367984, '2o\xbf\xa7')
(1343291538.368006, '+')
(1343291538.377248, '2IV\xa8')
(1343291538.37804, '2PY')
(1343291538.378073, '\xa8')
(1343291538.378097, '2Rw\xa8')
(1343291538.378118, 'rIN')
(1343291538.378138, 'rFR')
(1343291538.378158, '2P~\xa8')
(1343291538.37818, '2R\x85\xa8')
(1343291538.3782, 'rIN')
(1343291538.378219, 'rFR')
(1343291538.37824, '2Ig\xa9')
(1343291538.378261, '2Pj\xa9')
(1343291538.378282, '2R\x86\xa9')
(1343291538.378303, 'rIN')
(1343291538.378324, 'D\x1d\x8d\xa9')
(1343291538.378346, 'ci\x90\xa9')
(1343291538.378376, 'S\xae\xdf\xa9')
(1343291538.378398, '2f\xe2\xa9')
(1343291538.37842, '2F\xed\xa9')
(1343291538.378441, '2t\xf0\xa9')
(1343291538.378462, '2C\xfb\xa9')
(1343291538.378483, '2o\x88\xaa')
(1343291538.378504, '+')
(1343291538.3858, '2I\x99\xab')
(1343291538.397325, '2P\x9c\xab')
(1343291538.397381, '2R\xb6\xab')
(1343291538.397404, 'rIN')
(1343291538.397426, 'D\x1e\xbe\xab')
(1343291538.397448, 'ci\xc0\xab')
(1343291538.40723, 'S\xaf\x10\xac')
(1343291538.407284, '2f\x13\xac')
(1343291538.407321, '2F\x1e\xac')
(1343291538.407354, '2t!\xac')
(1343291538.418898, '2C,\xac')
(1343291538.418935, '2o\xb9\xac')
(1343291538.418958, '+')
(1343291538.418987, '2I\x9e\xad')
(1343291538.41901, '2P\xa2\xad')
(1343291538.419032, '2R\xbc\xad')
(1343291538.419052, 'rIN')
(1343291538.419074, 'D\x1f\xc3\xad')
(1343291538.419096, 'ci\xc6\xad')
(1343291538.419125, 'S\xb0\x16\xae')
(1343291538.419146, '2f\x18\xae')
(1343291538.419168, '2F$\xae')
(1343291538.419189, '2t&\xae')
(1343291538.41921, '2C1\xae')
(1343291538.419232, '2o\xbe\xae')
(1343291538.419252, '+')
(1343291538.419279, '2Iy\xaf')
(1343291538.4193, '2P}\xaf')
(1343291538.419322, '2R\x98\xaf')
(1343291538.419342, 'rIN')
(1343291538.419363, 'D \xa0\xaf')
(1343291538.419384, 'ci\xa2\xaf')
(1343291538.425797, 'S\xb1\xf2\xaf')
(1343291538.425845, '2f\xf4\xaf')
(1343291538.437202, '2F\x01\xb0')
(1343291538.437261, '2t\x03\xb0')
(1343291538.437297, '2C\x0e\xb0')
(1343291538.437319, '2o\x9b\xb0')
(1343291538.43734, '+')
(1343291538.437898, '2I\xa8\xb1')
(1343291538.449923, '2P\xab\xb1')
(1343291538.450073, '2R\xc6\xb1')
(1343291538.450096, 'rIN')
(1343291538.450118, 'D!\xcd\xb1')
(1343291538.45014, 'ci\xd0\xb1')
(1343291538.450171, 'S\xb2\x1f\xb2')
(1343291538.450194, '2f"\xb2')
(1343291538.450216, '2F-\xb2')
(1343291538.450237, '2t0\xb2')
(1343291538.450258, '2C;\xb2')
(1343291538.450292, '2o\xc8\xb2')
(1343291538.450314, '+')
(1343291538.450526, '2I`\xb3')
(1343291538.450556, '2Pd\xb3')
(1343291538.450578, '2R~\xb3')
(1343291538.450599, 'rIN')
(1343291538.450619, 'D"\x87\xb3')
(1343291538.450641, 'ci\x89\xb3')
(1343291538.45067, 'S\xb3\xda\xb3')
(1343291538.450693, '2f\xdd\xb3')
(1343291538.450714, '2F\xe8\xb3')
(1343291538.450735, '2t\xeb\xb3')
(1343291538.450757, '2!\xf6\xb3')
(1343291538.450777, '-')
(1343291538.450797, 'cr\xfa\xb3')
(1343291538.450819, 'S\xb3"\xb4')
(1343291538.45084, '2f%\xb4')
(1343291538.467162, '2F0\xb4')
(1343291538.467248, '2t3\xb4')
(1343291538.467279, '2!>\xb4')
(1343291538.4673, '-')
(1343291538.467321, 'crB\xb4')
(1343291538.467343, 'S\xb3\x99\xb4')
(1343291538.467366, '2f\x9b\xb4')
(1343291538.467388, '2F\xa7\xb4')
(1343291538.467409, '2t\xa9\xb4')
(1343291538.4798, '2C\xb4\xb4')
(1343291538.479837, '2oA\xb5')
(1343291538.47986, '+')
(1343291538.479889, '2I\xd8\xb5')
(1343291538.479911, '2P')
(1343291538.479931, '\xdd\xb5')
(1343291538.479953, '2R\xfa\xb5')
(1343291538.479973, 'rIN')
(1343291538.479992, 'rFR')
(1343291538.480013, '2P\x02\xb6')
(1343291538.480035, '2R\x07\xb6')
(1343291538.480056, 'rIN')
(1343291538.480075, 'rFR')
(1343291538.480154, '2IA\xb7')
(1343291538.481857, '2PE\xb7')
(1343291538.481954, '2R_\xb7')
(1343291538.481982, 'rIN')
(1343291538.482003, 'D%g\xb7')
(1343291538.482024, 'cii\xb7')
(1343291538.485987, 'S\xb4\xba\xb7')
(1343291538.486025, '2f\xbc\xb7')
(1343291538.486087, '2F\xc8\xb7')
(1343291538.486116, '2t\xca\xb7')
(1343291538.486139, '2C\xd5\xb7')
(1343291538.48616, '2oc\xb8')
(1343291538.486181, '+')
(1343291538.505537, '2I\xf6\xb9')
(1343291538.505588, '2P\xf9\xb9')
(1343291538.510414, '2R\x15\xba')
(1343291538.51045, 'rIN')
(1343291538.510473, 'D&\x1c\xba')
(1343291538.510495, 'ci\x1f\xba')
(1343291538.510526, 'S\xb5m\xba')
(1343291538.510548, '2fp\xba')
(1343291538.510569, '2F{\xba')
(1343291538.51059, '2t~\xba')
(1343291538.510612, '2C\x8a\xba')
(1343291538.510633, '2o\x17\xbb')
(1343291538.510654, '+')
(1343291538.525372, '2I\xef\xbb')
(1343291538.525433, '2P\xf3\xbb')
(1343291538.52547, '2R\x0e\xbc')
(1343291538.525503, 'rIN')
(1343291538.525525, "D'\x16\xbc")
(1343291538.525547, 'ci\x18\xbc')
(1343291538.525577, 'S\xb6f\xbc')
(1343291538.5256, '2fi\xbc')
(1343291538.535317, '2Ft\xbc')
(1343291538.535372, '2tw\xbc')
(1343291538.53541, '2!\x82\xbc')
(1343291538.535442, '-')
(1343291538.535464, 'cr\x86\xbc')
(1343291538.537972, 'S\xb6\x16\xbd')
(1343291538.538009, '2f\x18\xbd')
(1343291538.538033, '2F$\xbd')
(1343291538.538055, '2t&\xbd')
(1343291538.538077, '2C1\xbd')
(1343291538.538098, '2o\xbf\xbd')
(1343291538.538119, '+')
(1343291538.538148, '2IE\xbe')
(1343291538.538169, '2PH')
(1343291538.538189, '\xbe')
(1343291538.538211, '2Rf\xbe')
(1343291538.538231, 'rIN')
(1343291538.53825, 'rFR')
(1343291538.53827, '2Pm\xbe')
(1343291538.538291, '2Rs\xbe')
(1343291538.538312, 'rIN')
(1343291538.538331, 'rFR')
(1343291538.543916, '2If\xbf')
(1343291538.545831, '2Pj\xbf')
(1343291538.555494, '2R\x85\xbf')
(1343291538.555533, 'rIN')
(1343291538.555556, 'D*\x8d\xbf')
(1343291538.555578, 'ci\x8f\xbf')
(1343291538.55561, 'S\xb7\xdf\xbf')
(1343291538.555633, '2f\xe1\xbf')
(1343291538.555654, '2F\xed\xbf')
(1343291538.555676, '2t\xef\xbf')
(1343291538.555697, '2!\xfa\xbf')
(1343291538.555718, '-')
(1343291538.555739, 'cr\xfe\xbf')
(1343291538.55576, 'S\xb7\x9c\xc0')
(1343291538.555782, '2f\x9f\xc0')
(1343291538.565373, '2F\xab\xc0')
(1343291538.565426, '2t\xae\xc0')
(1343291538.565924, '2C\xb9\xc0')
(1343291538.565958, '2oF\xc1')
(1343291538.56598, '+')
(1343291538.578795, '2I\xf0\xc1')
(1343291538.57886, '2P\xf4')
(1343291538.578912, '\xc1')
(1343291538.578961, '2R\x12\xc2')
(1343291538.579007, 'rIN')
(1343291538.57905, 'rFR')
(1343291538.579093, '2P\x1a\xc2')
(1343291538.579136, '2R\x1f\xc2')
(1343291538.579317, 'rIN')
(1343291538.579353, 'rFR')
(1343291538.57939, '2I\xbe\xc3')
(1343291538.579617, '2P\xc2\xc3')
(1343291538.579655, '2R\xdc\xc3')
(1343291538.579677, 'rIN')
(1343291538.579698, 'D-\xe3\xc3')
(1343291538.57972, 'ci\xe6\xc3')
(1343291538.579764, 'S\xb85\xc4')
(1343291538.579786, '2f8\xc4')
(1343291538.58584, '2FC\xc4')
(1343291538.585879, '2tF\xc4')
(1343291538.585903, '2CQ\xc4')
(1343291538.585925, '2o\xde\xc4')
(1343291538.585946, '+')
(1343291538.597857, '2I\x97\xc5')
(1343291538.597896, '2P\x9b\xc5')
(1343291538.605364, '2R\xb5\xc5')
(1343291538.605408, 'rIN')
(1343291538.605432, 'D.\xbd\xc5')
(1343291538.605454, 'ci\xbf\xc5')
(1343291538.605486, 'S\xb9\x0f\xc6')
(1343291538.605509, '2f\x11\xc6')
(1343291538.605531, '2F\x1d\xc6')
(1343291538.605553, '2t\x1f\xc6')
(1343291538.605574, '2C*\xc6')
(1343291538.605596, '2o\xb7\xc6')
(1343291538.605616, '+')
(1343291538.610895, '2I\xb3\xc7')
(1343291538.610965, '2P\xb6\xc7')
(1343291538.611018, '2R\xd1\xc7')
(1343291538.611067, 'rIN')
(1343291538.611113, 'D/\xd8\xc7')
(1343291538.611159, 'ci\xdb\xc7')
(1343291538.625132, 'S\xba+\xc8')
(1343291538.625238, '2f-\xc8')
(1343291538.625274, '2F9\xc8')
(1343291538.625296, '2t;\xc8')
(1343291538.625319, '2CF\xc8')
(1343291538.625341, '2o\xd3\xc8')
(1343291538.625362, '+')
(1343291538.638648, '2Ix\xc9')
(1343291538.638688, '2P|\xc9')
(1343291538.638711, '2R\x97\xc9')
(1343291538.638733, 'rIN')
(1343291538.638754, 'D0\x9f\xc9')
(1343291538.638776, 'ci\xa1\xc9')
(1343291538.638807, 'S\xbb\xf1\xc9')
(1343291538.63883, '2f\xf4\xc9')
(1343291538.638852, '2F\xff\xc9')
(1343291538.638874, '2t\x02\xca')
(1343291538.638895, '2!\r\xca')
(1343291538.638915, '-')
(1343291538.638936, 'cr\x11\xca')
(1343291538.638958, 'S\xbb\x9d\xca')
(1343291538.63898, '2f\x9f\xca')
(1343291538.639001, '2F\xaa\xca')
(1343291538.639023, '2t\xad\xca')
(1343291538.639045, '2C\xb8\xca')
(1343291538.641822, '2oE\xcb')
(1343291538.641856, '+')
(1343291538.641887, '2I\xd8\xcb')
(1343291538.641909, '2P\xdc')
(1343291538.64193, '\xcb')
(1343291538.641952, '2R\xfa\xcb')
(1343291538.641973, 'rIN')
(1343291538.641992, 'rFR')
(1343291538.642013, '2P\x02\xcc')
(1343291538.642035, '2R\x08\xcc')
(1343291538.642055, 'rIN')
(1343291538.642074, 'rFR')
(1343291538.646085, '2I\xdf\xcc')
(1343291538.646129, '2P\xe2\xcc')
(1343291538.657106, '2R\xfc\xcc')
(1343291538.657161, 'rIN')
(1343291538.657196, 'D3\x05\xcd')
(1343291538.657219, 'ci\x07\xcd')
(1343291538.665963, 'S\xbcV\xcd')
(1343291538.666, '2fX\xcd')
(1343291538.666024, '2Fd\xcd')
(1343291538.666045, '2tf\xcd')
(1343291538.666066, '2!q\xcd')
(1343291538.666087, '-')
(1343291538.666107, 'cru\xcd')
(1343291538.66613, 'S\xbc\x97\xcd')
(1343291538.666152, '2f\x99\xcd')
(1343291538.666174, '2F\xa5\xcd')
(1343291538.666196, '2t\xa7\xcd')
(1343291538.666218, '2!\xb2\xcd')
(1343291538.666238, '-')
(1343291538.666259, 'cr\xb6\xcd')
(1343291538.66628, 'S\xbc\x16\xce')
(1343291538.666303, '2f\x18\xce')
(1343291538.666324, '2F$\xce')
(1343291538.666345, '2t&\xce')
(1343291538.666366, '2C1\xce')
(1343291538.666387, '2o\xbf\xce')
(1343291538.666407, '+')
(1343291538.669932, '2IS\xcf')
(1343291538.669975, '2P')
(1343291538.669998, 'W\xcf')
(1343291538.67002, '2Ru\xcf')
(1343291538.67004, 'rIN')
(1343291538.67006, 'rFR')
(1343291538.67008, '2P|\xcf')
(1343291538.670101, '2R\x83\xcf')
(1343291538.670122, 'rIN')
(1343291538.670141, 'rFR')
(1343291538.686683, '2I\xab\xd0')
(1343291538.686737, '2P\xaf\xd0')
(1343291538.686761, '2R\xc9\xd0')
(1343291538.686783, 'rIN')
(1343291538.686804, 'D6\xd0\xd0')
(1343291538.686826, 'ci\xd3\xd0')
(1343291538.706403, 'S\xbd$\xd1')
(1343291538.706403, "2f'\xd1")
(1343291538.706403, '2F2\xd1')
(1343291538.706403, '2t4\xd1')
(1343291538.706403, '2C@\xd1')
(1343291538.706403, '2o\xcd\xd1')
(1343291538.706403, '+')
(1343291538.706403, '2I\xce\xd3')
(1343291538.715184, '2P\xd2\xd3')
(1343291538.715296, '2R\xec\xd3')
(1343291538.715319, 'rIN')
(1343291538.715341, 'D7\xf3\xd3')
(1343291538.715363, 'ci\xf6\xd3')
(1343291538.715394, 'S\xbeE\xd4')
(1343291538.715416, '2fH\xd4')
(1343291538.715438, '2FS\xd4')
(1343291538.715458, '2tV\xd4')
(1343291538.71548, '2Ca\xd4')
(1343291538.715501, '2o\xee\xd4')
(1343291538.715521, '+')
(1343291538.725703, '2I\xb2\xd5')
(1343291538.725767, '2P\xb6\xd5')
(1343291538.737344, '2R\xd0\xd5')
(1343291538.73739, 'rIN')
(1343291538.737413, 'D8\xd8\xd5')
(1343291538.737435, 'ci\xda\xd5')
(1343291538.737465, 'S\xbf*\xd6')
(1343291538.737487, '2f,\xd6')
(1343291538.737508, '2F8\xd6')
(1343291538.737529, '2t:\xd6')
(1343291538.73755, '2CE\xd6')
(1343291538.737571, '2o\xd2\xd6')
(1343291538.737592, '+')
(1343291538.737619, '2I\xde\xd7')
(1343291538.741967, '2P\xe2\xd7')
(1343291538.742009, '2R\xfc\xd7')
(1343291538.742032, 'rIN')
(1343291538.742054, 'D9\x05\xd8')
(1343291538.742077, 'ci\x07\xd8')
(1343291538.742107, 'S\xc0V\xd8')
(1343291538.742129, '2fX\xd8')
(1343291538.742151, '2Fd\xd8')
(1343291538.742172, '2tf\xd8')
(1343291538.742192, '2!q\xd8')
(1343291538.742213, '-')
(1343291538.742233, 'cru\xd8')
(1343291538.742255, 'S\xc0\x97\xd8')
(1343291538.742277, '2f\x9a\xd8')
(1343291538.742299, '2F\xa5\xd8')
(1343291538.74232, '2t\xa8\xd8')
(1343291538.742342, '2!\xb3\xd8')
(1343291538.742363, '-')
(1343291538.742384, 'cr\xb6\xd8')
(1343291538.742406, 'S\xc0\x16\xd9')
(1343291538.742428, '2f\x19\xd9')
(1343291538.745882, '2F$\xd9')
(1343291538.745917, "2t'\xd9")
(1343291538.74594, '2C2\xd9')
(1343291538.745962, '2o\xbf\xd9')
(1343291538.745983, '+')
(1343291538.76914, '2IT\xda')
(1343291538.769216, '2P')
(1343291538.769244, 'W\xda')
(1343291538.769267, '2Ru\xda')
(1343291538.769287, 'rIN')
(1343291538.769307, 'rFR')
(1343291538.769327, '2P}\xda')
(1343291538.769349, '2R\x83\xda')
(1343291538.769369, 'rIN')
(1343291538.769388, 'rFR')
(1343291538.77275, '2I<\xdc')
(1343291538.772812, '2P?\xdc')
(1343291538.772858, '2RZ\xdc')
(1343291538.772898, 'rIN')
(1343291538.772937, 'D<a\xdc')
(1343291538.772976, 'cid\xdc')
(1343291538.773247, 'S\xc1\xb5\xdc')
(1343291538.77328, '2f\xb7\xdc')
(1343291538.773303, '2F\xc2\xdc')
(1343291538.773325, '2t\xc5\xdc')
(1343291538.773346, '2C\xd0\xdc')
(1343291538.777807, '2o]\xdd')
(1343291538.777843, '+')
(1343291538.787259, '2I\x16\xde')
(1343291538.795439, '2P\x1a\xde')
(1343291538.798178, '2R4\xde')
(1343291538.798178, 'rIN')
(1343291538.798178, 'D=;\xde')
(1343291538.798178, 'ci>\xde')
(1343291538.798178, 'S\xc2\x8e\xde')
(1343291538.798178, '2f\x90\xde')
(1343291538.798178, '2F\x9b\xde')
(1343291538.798178, '2t\x9e\xde')
(1343291538.798178, '2C\xa9\xde')
(1343291538.798185, '2o6\xdf')
(1343291538.7982, '+')
(1343291538.798214, '2I%\xe0')
(1343291538.798225, '2P)\xe0')
(1343291538.798235, '2RC\xe0')
(1343291538.798245, 'rIN')
(1343291538.798255, 'D>J\xe0')
(1343291538.798265, 'ciM\xe0')
(1343291538.805798, 'S\xc3\x9e\xe0')
(1343291538.805827, '2f\xa0\xe0')
(1343291538.805839, '2F\xac\xe0')
(1343291538.80585, '2t\xae\xe0')
(1343291538.805861, '2C\xb9\xe0')
(1343291538.815586, '2oF\xe1')
(1343291538.815622, '+')
(1343291538.825316, '2I\xde\xe1')
(1343291538.825931, '2P\xe1\xe1')
(1343291538.82595, '2R\xfb\xe1')
(1343291538.825961, 'rIN')
(1343291538.825972, 'D?\x04\xe2')
(1343291538.825983, 'ci\x06\xe2')
(1343291538.825998, 'S\xc4U\xe2')
(1343291538.826008, '2fX\xe2')
(1343291538.826019, '2Fc\xe2')
(1343291538.826029, '2tf\xe2')
(1343291538.826039, '2!p\xe2')
(1343291538.826049, '-')
(1343291538.826059, 'crt\xe2')
(1343291538.826069, 'S\xc4\x97\xe2')
(1343291538.82608, '2f\x99\xe2')
(1343291538.826091, '2F\xa5\xe2')
(1343291538.826101, '2t\xa7\xe2')
(1343291538.826112, '2!\xb2\xe2')
(1343291538.826122, '-')
(1343291538.826132, 'cr\xb6\xe2')
(1343291538.826142, 'S\xc4\x16\xe3')
(1343291538.826153, '2f\x18\xe3')
(1343291538.826163, '2F$\xe3')
(1343291538.826174, '2t&\xe3')
(1343291538.826184, '2C1\xe3')
(1343291538.826194, '2o\xbf\xe3')
(1343291538.826204, '+')
(1343291538.8418, '2IT\xe4')
(1343291538.841844, '2PX')
(1343291538.841865, '\xe4')
(1343291538.846019, '2Ru\xe4')
(1343291538.846057, 'rIN')
(1343291538.846079, 'rFR')
(1343291538.8461, '2P}\xe4')
(1343291538.846122, '2R\x83\xe4')
(1343291538.846142, 'rIN')
(1343291538.846203, 'rFR')
(1343291538.846226, '2I=\xe6')
(1343291538.854591, '2P@\xe6')
(1343291538.854638, '2RZ\xe6')
(1343291538.854661, 'rIN')
(1343291538.854682, 'DBb\xe6')
(1343291538.854703, 'cid\xe6')
(1343291538.857919, 'S\xc5\xb5\xe6')
(1343291538.857954, '2f\xb8\xe6')
(1343291538.857998, '2F\xc3\xe6')
(1343291538.858021, '2t\xc5\xe6')
(1343291538.858043, '2C\xd0\xe6')
(1343291538.858065, '2o^\xe7')
(1343291538.858085, '+')
(1343291538.866189, '2IN\xe8')
(1343291538.866189, '2PR\xe8')
(1343291538.870234, '2Rl\xe8')
(1343291538.870291, 'rIN')
(1343291538.870333, 'DCs\xe8')
(1343291538.870373, 'civ\xe8')
(1343291538.870423, 'S\xc6\xc7\xe8')
(1343291538.870464, '2f\xc9\xe8')
(1343291538.870502, '2F\xd5\xe8')
(1343291538.870659, '2t\xd7\xe8')
(1343291538.870696, '2C\xe2\xe8')
(1343291538.870839, '2oo\xe9')
(1343291538.870868, '+')
(1343291538.884594, '2I_\xea')
(1343291538.88465, '2Pb\xea')
(1343291538.885871, '2R|\xea')
(1343291538.885903, 'rIN')
(1343291538.885926, 'DD\x85\xea')
(1343291538.885948, 'ci\x87\xea')
(1343291538.898037, 'S\xc7\xd8\xea')
(1343291538.898084, '2f\xda\xea')
(1343291538.898109, '2F\xe5\xea')
(1343291538.898131, '2t\xe8\xea')
(1343291538.898152, '2!\xf3\xea')
(1343291538.898173, '-')
(1343291538.898194, 'cr\xf7\xea')
(1343291538.898216, 'S\xc7\x1a\xeb')
(1343291538.898238, '2f\x1d\xeb')
(1343291538.898259, '2F(\xeb')
(1343291538.89828, '2t+\xeb')
(1343291538.898301, '2!6\xeb')
(1343291538.898322, '-')
(1343291538.898342, 'cr:\xeb')
(1343291538.898364, 'S\xc7\x97\xeb')
(1343291538.898386, '2f\x99\xeb')
(1343291538.898407, '2F\xa5\xeb')
(1343291538.898429, '2t\xa7\xeb')
(1343291538.89845, '2C\xb2\xeb')
(1343291538.898472, '2o?\xec')
(1343291538.898492, '+')
(1343291538.901942, '2I\xdd\xec')
(1343291538.901978, '2P\xe0')
(1343291538.902002, '\xec')
(1343291538.902024, '2R\xfe\xec')
(1343291538.902045, 'rIN')
(1343291538.902064, 'rFR')
(1343291538.902085, '2P\x06\xed')
(1343291538.902108, '2R\x0c\xed')
(1343291538.902128, 'rIN')
(1343291538.902147, 'rFR')
(1343291538.902168, '2I\xde\xed')
(1343291538.906009, '2P\xe1\xed')
(1343291538.906047, '2R\xfc\xed')
(1343291538.906069, 'rIN')
(1343291538.906091, 'DG\x04\xee')
(1343291538.906113, 'ci\x07\xee')
(1343291538.915638, 'S\xc8U\xee')
(1343291538.915692, '2fX\xee')
(1343291538.925511, '2Fc\xee')
(1343291538.925557, '2tf\xee')
(1343291538.925581, '2!p\xee')
(1343291538.925602, '-')
(1343291538.925623, 'crt\xee')
(1343291538.925645, 'S\xc8\x97\xee')
(1343291538.925667, '2f\x99\xee')
(1343291538.925689, '2F\xa5\xee')
(1343291538.925711, '2t\xa7\xee')
(1343291538.925732, '2!\xb2\xee')
(1343291538.925753, '-')
(1343291538.925774, 'cr\xb6\xee')
(1343291538.925795, 'S\xc8\x16\xef')
(1343291538.925817, '2f\x18\xef')
(1343291538.925839, '2F$\xef')
(1343291538.92586, '2t&\xef')
(1343291538.925881, '2C1\xef')
(1343291538.92991, '2o\xbf\xef')
(1343291538.929946, '+')
(1343291538.929978, '2I\xd7\xf0')
(1343291538.93, '2P\xda')
(1343291538.930021, '\xf0')
(1343291538.930043, '2R\xf8\xf0')
(1343291538.930064, 'rIN')
(1343291538.930084, 'rFR')
(1343291538.930104, '2P\xff\xf0')
(1343291538.930126, '2R\x06\xf1')
(1343291538.930147, 'rIN')
(1343291538.930166, 'rFR')
(1343291538.947237, '2I>\xf3')
(1343291538.947304, '2PB\xf3')
(1343291538.966813, '2R\\\xf3')
(1343291538.966869, 'rIN')
(1343291538.966911, 'DJd\xf3')
(1343291538.96695, 'cif\xf3')
(1343291538.966999, 'S\xc9\xb7\xf3')
(1343291538.967039, '2f\xb9\xf3')
(1343291538.967077, '2F\xc5\xf3')
(1343291538.967115, '2t\xc7\xf3')
(1343291538.967151, '2C\xd2\xf3')
(1343291538.967188, '2o_\xf4')
(1343291538.967262, '+')
(1343291538.973889, '2I\xfd\xf4')
(1343291538.973932, '2P\x02\xf5')
(1343291538.973956, '2R\x1c\xf5')
(1343291538.973978, 'rIN')
(1343291538.973999, 'DK$\xf5')
(1343291538.974021, 'ci&\xf5')
(1343291538.974051, 'S\xcau\xf5')
(1343291538.974157, '2fw\xf5')
(1343291538.974181, '2F\x84\xf5')
(1343291538.974203, '2t\x86\xf5')
(1343291538.974225, '2!\x91\xf5')
(1343291538.974246, '-')
(1343291538.974263, 'cr\x95\xf5')
(1343291538.974273, 'S\xca\x16\xf6')
(1343291538.974284, '2f\x18\xf6')
(1343291538.974295, '2F$\xf6')
(1343291538.974305, '2t&\xf6')
(1343291538.974315, '2C1\xf6')
(1343291538.987119, '2o\xbf\xf6')
(1343291538.987142, '+')
(1343291538.987157, '2IY\xf7')
(1343291538.998077, '2P]\xf7')
(1343291538.998113, '2Rw\xf7')
(1343291538.998135, 'rIN')
(1343291538.998154, 'rFR')
(1343291538.998194, '2I$\xf8')
(1343291538.998217, "2P'\xf8")
(1343291538.998238, '2R8\xf8')
(1343291538.998258, 'rIN')
(1343291538.998277, 'rFR')
(1343291538.998297, '2Ie\xf8')
(1343291538.998318, '2Ph\xf8')
(1343291538.998339, '2Iy\xf8')
(1343291538.99836, '2R|\xf8')
(1343291538.99838, 'rIN')
(1343291538.9984, 'DA\x84\xf8')
(1343291538.998422, 'ci\x87\xf8')
(1343291538.998444, '2P\x9b\xf8')
(1343291538.998465, '2R\xa1\xf8')
(1343291538.998486, 'rIN')
(1343291538.998504, 'rFR')
(1343291538.998524, '2I^\xf9')
(1343291538.998545, '2Pb\xf9')
(1343291538.998566, '2R|\xf9')
(1343291538.998586, 'rIN')
(1343291538.998607, 'DO\x84\xf9')
(1343291538.998629, 'ci\x87\xf9')
(1343291538.998659, 'S\xcb\xd7\xf9')
(1343291538.998682, '2f\xd9\xf9')
(1343291538.998703, '2F\xe5\xf9')
(1343291538.998725, '2t\xe7\xf9')
(1343291538.998746, '2C\xf2\xf9')
(1343291539.005802, '2o\x7f\xfa')
(1343291539.005847, '+')
(1343291539.027245, '2IZ\xfb')
(1343291539.027333, '2P^\xfb')
(1343291539.029954, '2Rx\xfb')
(1343291539.029989, 'rIN')
(1343291539.030012, 'DP\x81\xfb')
(1343291539.030035, 'ci\x83\xfb')
(1343291539.030066, 'S\xcc\xd3\xfb')
(1343291539.030089, '2f\xd5\xfb')
(1343291539.030111, '2F\xe1\xfb')
(1343291539.030133, '2t\xe3\xfb')
(1343291539.030195, '2C\xee\xfb')
(1343291539.030223, '2o|\xfc')
(1343291539.030243, '+')
(1343291539.030272, '2Iv\xfd')
(1343291539.030293, '2Py\xfd')
(1343291539.030314, '2R\x95\xfd')
(1343291539.030335, 'rIN')
(1343291539.030355, 'DQ\x9d\xfd')
(1343291539.030377, 'ci\x9f\xfd')
(1343291539.030405, 'S\xcd\xef\xfd')
(1343291539.030427, '2f\xf1\xfd')
(1343291539.030449, '2F\xfd\xfd')
(1343291539.030471, '2t\xff\xfd')
(1343291539.030492, '2C\x0b\xfe')
(1343291539.034025, '2o\x98\xfe')
(1343291539.034025, '+')
(1343291539.037767, '2I?\xff')
(1343291539.057261, '2PB\xff')
(1343291539.057312, '2R\\\xff')
(1343291539.057335, 'rIN')
(1343291539.0573559, 'DRd\xff')
(1343291539.057378, 'cif\xff')
(1343291539.062097, 'S\xce\xb7\xff')
(1343291539.062122, '2f\xba\xff')
(1343291539.062157, '2F\xc5\xff')
(1343291539.06218, '2t\xc8\xff')
(1343291539.062201, '2C\xd3\xff')
(1343291539.062223, '2o`\x00')
(1343291539.062244, '+')
(1343291539.062273, '2I"\x01')
(1343291539.062295, '2P%\x01')
(1343291539.062316, '2R@\x01')
(1343291539.062337, 'rIN')
(1343291539.062357, 'DSG\x01')
(1343291539.062378, 'ciJ\x01')
(1343291539.062407, 'S\xcf\x9b\x01')
(1343291539.06243, '2f\x9d\x01')
(1343291539.062452, '2F\xa9\x01')
(1343291539.062474, '2t\xab\x01')
(1343291539.062496, '2C\xb6\x01')
(1343291539.062623, '2oC\x02')
(1343291539.062692, '+')
(1343291539.065848, '2I\xdd\x02')
(1343291539.075587, '2P\xe0\x02')
(1343291539.07562, '2R\xfa\x02')
(1343291539.075631, 'rIN')
(1343291539.075642, 'DT\x03\x03')
(1343291539.075652, 'ci\x06\x03')
(1343291539.095033, 'S\xd0V\x03')
(1343291539.09507, '2fX\x03')
(1343291539.095093, '2Fd\x03')
(1343291539.095115, '2tf\x03')
(1343291539.095136, '2!q\x03')
(1343291539.095156, '-')
(1343291539.095177, 'cru\x03')
(1343291539.095199, 'S\xd0\x9c\x03')
(1343291539.095222, '2f\x9f\x03')
(1343291539.095244, '2F\xaa\x03')
(1343291539.095266, '2t\xac\x03')
(1343291539.095288, '2!\xb7\x03')
(1343291539.095309, '-')
(1343291539.095329, 'cr\xbb\x03')
(1343291539.095351, 'S\xd0\x16\x04')
(1343291539.095374, '2f\x18\x04')
(1343291539.095396, '2F$\x04')
(1343291539.095417, '2t&\x04')
(1343291539.095438, '2C1\x04')
(1343291539.09546, '2o\xbf\x04')
(1343291539.09548, '+')
(1343291539.095509, '2IQ\x05')
(1343291539.09553, '2PU')
(1343291539.09555, '\x05')
(1343291539.095571, '2Rs\x05')
(1343291539.095591, 'rIN')
(1343291539.09561, 'rFR')
(1343291539.10182, '2Pz\x05')
(1343291539.101865, '2R\x7f\x05')
(1343291539.101888, 'rIN')
(1343291539.101908, 'rFR')
(1343291539.101929, '2IB\x07')
(1343291539.107004, '2PF\x07')
(1343291539.107035, '2R`\x07')
(1343291539.107056, 'rIN')
(1343291539.107077, 'DWg\x07')
(1343291539.107097, 'cij\x07')
(1343291539.117087, 'S\xd1\xbb\x07')
(1343291539.117121, '2f\xbd\x07')
(1343291539.117144, '2F\xc9\x07')
(1343291539.117165, '2t\xcb\x07')
(1343291539.117185, '2C\xd6\x07')
(1343291539.117834, '2od\x08')
(1343291539.117864, '+')
(1343291539.131786, '2I>\t')
(1343291539.131851, '2PA\t')
(1343291539.131919, '2R\\\t')
(1343291539.131956, 'rIN')
(1343291539.131992, 'DXc\t')
(1343291539.132025, 'cif\t')
(1343291539.133856, 'S\xd2\xb7\t')
(1343291539.13389, '2f\xb9\t')
(1343291539.133912, '2F\xc5\t')
(1343291539.133933, '2t\xc7\t')
(1343291539.133954, '2C\xd2\t')
(1343291539.133974, '2o_\n')
(1343291539.133993, '+')
(1343291539.147244, '2I\x04\x0b')
(1343291539.147286, '2P\x07\x0b')
(1343291539.14731, '2R!\x0b')
(1343291539.147331, 'rIN')
(1343291539.147352, 'DY)\x0b')
(1343291539.147374, 'ci+\x0b')
(1343291539.147404, 'S\xd3z\x0b')
(1343291539.147427, '2f}\x0b')
(1343291539.147449, '2F\x89\x0b')
(1343291539.147471, '2t\x8c\x0b')
(1343291539.147493, '2!\x97\x0b')
(1343291539.147513, '-')
(1343291539.147534, 'cr\x9b\x0b')
(1343291539.157126, 'S\xd3\x16\x0c')
(1343291539.157182, '2f\x18\x0c')
(1343291539.159386, '2F$\x0c')
(1343291539.159386, '2t&\x0c')
(1343291539.159386, '2C1\x0c')
(1343291539.159386, '2o\xbf\x0c')
(1343291539.159386, '+')
(1343291539.159422, '2IZ\r')
(1343291539.159488, '2P')
(1343291539.159551, ']\r')
(1343291539.163052, '2R{\r')
(1343291539.163106, 'rIN')
(1343291539.163143, 'rFR')
(1343291539.163179, '2P\x8a\r')
(1343291539.163211, '2R\x8f\r')
(1343291539.163232, 'rIN')
(1343291539.163251, 'rFR')
(1343291539.163272, '2I^\x0e')
(1343291539.163293, '2Pa\x0e')
(1343291539.163314, '2R{\x0e')
(1343291539.163335, 'rIN')
(1343291539.163356, 'D\\\x84\x0e')
(1343291539.163378, 'ci\x86\x0e')
(1343291539.163408, 'S\xd4\xd6\x0e')
(1343291539.163431, '2f\xd9\x0e')
(1343291539.163453, '2F\xe4\x0e')
(1343291539.163475, '2t\xe7\x0e')
(1343291539.1659, '2C\xf2\x0e')
(1343291539.17539, '2o\x7f\x0f')
(1343291539.175437, '+')
(1343291539.177963, '2I^\x10')
(1343291539.177999, '2Pa\x10')
(1343291539.178022, '2R{\x10')
(1343291539.178043, 'rIN')
(1343291539.178064, 'D]\x84\x10')
(1343291539.178086, 'ci\x86\x10')
(1343291539.178117, 'S\xd5\xd6\x10')
(1343291539.178139, '2f\xd9\x10')
(1343291539.178161, '2F\xe4\x10')
(1343291539.178183, '2t\xe7\x10')
(1343291539.18979, '2C\xf2\x10')
(1343291539.193847, '2o\x7f\x11')
(1343291539.193885, '+')
(1343291539.193916, '2Iy\x12')
(1343291539.193938, '2P}\x12')
(1343291539.193959, '2R\x98\x12')
(1343291539.19398, 'rIN')
(1343291539.194, 'D^\xa0\x12')
(1343291539.194022, 'ci\xa2\x12')
(1343291539.197935, 'S\xd6\xf2\x12')
(1343291539.197976, '2f\xf5\x12')
(1343291539.198, '2F\x01\x13')
(1343291539.198022, '2t\x03\x13')
(1343291539.198045, '2C\x0f\x13')
(1343291539.198067, '2o\x9c\x13')
(1343291539.198087, '+')
(1343291539.217154, '2I\xdd\x14')
(1343291539.21721, '2P\xe1\x14')
(1343291539.222747, '2R\xfb\x14')
(1343291539.222808, 'rIN')
(1343291539.222853, 'D_\x04\x15')
(1343291539.222896, 'ci\x06\x15')
(1343291539.222947, 'S\xd7U\x15')
(1343291539.222989, '2fW\x15')
(1343291539.223028, '2Fc\x15')
(1343291539.223068, '2te\x15')
(1343291539.223106, '2Cp\x15')
(1343291539.223144, '2o\xfd\x15')
(1343291539.223181, '+')
(1343291539.223225, '2I\xdd\x16')
(1343291539.225888, '2P\xe0\x16')
(1343291539.237226, '2R\xfa\x16')
(1343291539.237284, 'rIN')
(1343291539.237324, 'D`\x03\x17')
(1343291539.237506, 'ci\x05\x17')
(1343291539.237539, 'S\xd8T\x17')
(1343291539.237561, '2fW\x17')
(1343291539.237582, '2Fb\x17')
(1343291539.237603, '2td\x17')
(1343291539.237747, '2!o\x17')
(1343291539.237775, '-')
(1343291539.237797, 'crs\x17')
(1343291539.237819, 'S\xd8\x97\x17')
(1343291539.237841, '2f\x99\x17')
(1343291539.258586, '2F\xa5\x17')
(1343291539.258623, '2t\xa7\x17')
(1343291539.258647, '2!\xb2\x17')
(1343291539.258668, '-')
(1343291539.258907, 'cr\xb6\x17')
(1343291539.259019, 'S\xd8\x16\x18')
(1343291539.259093, '2f\x18\x18')
(1343291539.259161, '2F$\x18')
(1343291539.259225, '2t&\x18')
(1343291539.259286, '2C1\x18')
(1343291539.259345, '2o\xbe\x18')
(1343291539.2594, '+')
(1343291539.259523, '2IR\x19')
(1343291539.259573, '2PU')
(1343291539.259621, '\x19')
(1343291539.259668, '2Rs\x19')
(1343291539.259712, 'rIN')
(1343291539.259754, 'rFR')
(1343291539.259795, '2P{\x19')
(1343291539.259837, '2R\x81\x19')
(1343291539.259898, 'rIN')
(1343291539.259937, 'rFR')
(1343291539.262057, '2Id\x1a')
(1343291539.262134, '2Pg\x1a')
(1343291539.262158, '2R\x82\x1a')
(1343291539.262179, 'rIN')
(1343291539.2622, 'Dc\x8a\x1a')
(1343291539.262222, 'ci\x8c\x1a')
(1343291539.262253, 'S\xd9\xdc\x1a')
(1343291539.262275, '2f\xdf\x1a')
(1343291539.262296, '2F\xea\x1a')
(1343291539.262318, '2t\xed\x1a')
(1343291539.262339, '2!\xf8\x1a')
(1343291539.262359, '-')
(1343291539.262379, 'cr\xfc\x1a')
(1343291539.262401, 'S\xd9\x1e\x1b')
(1343291539.262423, '2f!\x1b')
(1343291539.262443, '2F,\x1b')
(1343291539.262464, '2t/\x1b')
(1343291539.262485, '2!:\x1b')
(1343291539.262505, '-')
(1343291539.262525, 'cr>\x1b')
(1343291539.262546, 'S\xd9\x97\x1b')
(1343291539.262568, '2f\x99\x1b')
(1343291539.26259, '2F\xa5\x1b')
(1343291539.262611, '2t\xa7\x1b')
(1343291539.262632, '2C\xb2\x1b')
(1343291539.265831, '2o?\x1c')
(1343291539.265869, '+')
(1343291539.277873, '2I\xc6\x1c')
(1343291539.277914, '2P')
(1343291539.277937, '\xc9\x1c')
(1343291539.285766, '2R\xe7\x1c')
(1343291539.285786, 'rIN')
(1343291539.285796, 'rFR')
(1343291539.285807, '2P\xef\x1c')
(1343291539.285817, '2R\xf4\x1c')
(1343291539.285827, 'rIN')
(1343291539.285836, 'rFR')
(1343291539.298192, '2I\xc6\x1e')
(1343291539.298192, '2P\xc9\x1e')
(1343291539.298192, '2R\xe4\x1e')
(1343291539.298192, 'rIN')
(1343291539.298192, 'Df\xeb\x1e')
(1343291539.298192, 'ci\xee\x1e')
(1343291539.301753, 'S\xda=\x1f')
(1343291539.301777, '2f@\x1f')
(1343291539.301788, '2FK\x1f')
(1343291539.301799, '2tN\x1f')
(1343291539.301809, '2CY\x1f')
(1343291539.301819, '2o\xe6\x1f')
(1343291539.301829, '+')
(1343291539.305807, '2I\x89 ')
(1343291539.305825, '2P\x8e ')
(1343291539.305837, '2R\xa8 ')
(1343291539.305847, 'rIN')
(1343291539.305857, 'Dg\xb0 ')
(1343291539.305867, 'ci\xb2 ')
(1343291539.305882, 'S\xdb\x02!')
(1343291539.305893, '2f\x05!')
(1343291539.305903, '2F\x10!')
(1343291539.305913, '2t\x13!')
(1343291539.305923, '2C\x1e!')
(1343291539.315151, '2o\xab!')
(1343291539.315179, '+')
(1343291539.32521, '2I1#')
(1343291539.325824, '2P5#')
(1343291539.340208, '2RO#')
(1343291539.340271, 'rIN')
(1343291539.340312, 'DhV#')
(1343291539.340351, 'ciY#')
(1343291539.340404, 'S\xdc\xaa#')
(1343291539.340441, '2f\xac#')
(1343291539.340474, '2F\xb8#')
(1343291539.340495, '2t\xba#')
(1343291539.340517, '2C\xc5#')
(1343291539.340537, '2oR$')
(1343291539.340556, '+')
(1343291539.341846, '2I]%')
(1343291539.341877, '2P`%')
(1343291539.341897, '2R{%')
(1343291539.341917, 'rIN')
(1343291539.341938, 'Di\x83%')
(1343291539.341959, 'ci\x86%')
(1343291539.345876, 'S\xdd\xd6%')
(1343291539.345909, '2f\xd8%')
(1343291539.345932, '2F\xe4%')
(1343291539.345953, '2t\xe6%')
(1343291539.345974, '2!\xf1%')
(1343291539.345994, '-')
(1343291539.346015, 'cr\xf5%')
(1343291539.355374, 'S\xdd\x19&')
(1343291539.355426, '2f\x1b&')
(1343291539.355459, "2F'&")
(1343291539.35548, '2t)&')
(1343291539.355499, '2!4&')
(1343291539.355518, '-')
(1343291539.355537, 'cr8&')
(1343291539.357968, 'S\xdd\x97&')
(1343291539.358006, '2f\x99&')
(1343291539.358029, '2F\xa5&')
(1343291539.358051, '2t\xa7&')
(1343291539.358072, '2C\xb2&')
(1343291539.358092, "2o@'")
(1343291539.358111, '+')
(1343291539.35814, "2I\xd6'")
(1343291539.358162, '2P\xd9')
(1343291539.358182, "'")
(1343291539.358202, "2R\xf7'")
(1343291539.358222, 'rIN')
(1343291539.358241, 'rFR')
(1343291539.367097, "2P\xff'")
(1343291539.367133, '2R\x05(')
(1343291539.367156, 'rIN')
(1343291539.367175, 'rFR')
(1343291539.367196, '2I\xdc(')
(1343291539.373926, '2P\xdf(')
(1343291539.373971, '2R\xfa(')
(1343291539.373994, 'rIN')
(1343291539.374015, 'Dl\x02)')
(1343291539.374037, 'ci\x05)')
(1343291539.374068, 'S\xdeS)')
(1343291539.374088, '2fV)')
(1343291539.374108, '2Fa)')
(1343291539.374127, '2td)')
(1343291539.374146, '2!o)')
(1343291539.374165, '-')
(1343291539.374184, 'crs)')
(1343291539.374205, 'S\xde\x97)')
(1343291539.374227, '2f\x9a)')
(1343291539.377812, '2F\xa5)')
(1343291539.377832, '2t\xa7)')
(1343291539.377843, '2!\xb2)')
(1343291539.377853, '-')
(1343291539.377863, 'cr\xb6)')
(1343291539.377888, 'S\xde\x16*')
(1343291539.3779, '2f\x18*')
(1343291539.377909, '2F$*')
(1343291539.377919, '2t&*')
(1343291539.377928, '2C1*')
(1343291539.385298, '2o\xbf*')
(1343291539.385343, '+')
(1343291542.07786, '2IC\x83')
(1343291542.077957, '2PF\x83')
(1343291542.085599, '2I`\x83')
(1343291542.085635, '2Rc\x83')
(1343291542.085657, 'rIN')
(1343291542.085677, 'rFR')
(1343291542.085698, '2Pk\x83')
(1343291542.085719, '2I|\x83')
(1343291542.085741, '2R\x7f\x83')
(1343291542.085762, 'rIN')
(1343291542.085781, 'rFR')
(1343291542.085802, '2P\x8e\x83')
(1343291542.085824, '2I\x95\x83')
(1343291542.085845, '2R\x99\x83')
(1343291542.085866, 'rIN')
(1343291542.085885, 'rFR')
(1343291542.085906, '2P\xa2\x83')
(1343291542.085928, '2I\xa8\x83')
(1343291542.085949, '2R\xac\x83')
(1343291542.08597, 'rIN')
(1343291542.085989, 'rFR')
(1343291542.08601, '2P\xb3\x83')
(1343291542.086031, '2R\xb9\x83')
(1343291542.086052, 'rIN')
(1343291542.086071, 'rFR')
(1343291543.087247, 'S\xdf\xca\x03')
(1343291543.087303, '2f\xcd\x03')
(1343291543.095573, '2F\xd4\x03')
(1343291543.095635, '2t\xd7\x03')
(1343291543.095682, '2C\xe2\x03')
(1343291543.095725, '2o4\x04')
(1343291543.095764, '+')
(1343291543.095813, '2I\x11\x05')
(1343291543.095851, '2P\x15\x05')
(1343291543.095912, '2R&\x05')
(1343291543.095933, 'rIN')
(1343291543.095954, 'D\x06.\x05')
(1343291543.095976, 'ci0\x05')
