(1343309632.3170459, '2IZu')
(1343309632.317126, '2P]u')
(1343309632.3171549, '2Rgu')
(1343309632.3171811, '2S\x1e\x00\x00\x0f|iu')
(1343309632.3172059, '2I\\\xf5')
(1343309632.317235, '2P_\xf5')
(1343309632.3172591, '2Ri\xf5')
(1343309632.3173001, '2S\x1e\x00\x00\x0f}l\xf5')
(1343309632.3173251, '2I_u')
(1343309632.317348, '2Pbu')
(1343309632.3173699, '2Rlu')
(1343309632.317394, '2S\x1e\x00\x00\x0f~nu')
(1343309632.3174191, '2Ia\xf5')
(1343309632.3174419, '2Pd\xf5')
(1343309632.3174651, '2Ro\xf5')
(1343309632.3174901, '2S\x1e\x00\x00\x0f\x7fq\xf5')
(1343309632.3175139, '2Idu')
(1343309632.3175361, '2Pgu')
(1343309632.3175581, '2Rqu')
(1343309632.3175831, '2S\x1e\x00\x00\x0f\x80su')
(1343309632.3176069, '2If\xf5')
(1343309632.3176301, '2Pj\xf5')
(1343309632.3176551, '2Rt\xf5')
(1343309632.3176799, '2S\x1e\x00\x00\x0f\x81v\xf5')
(1343309632.317704, '2Iiu')
(1343309632.3177259, '2Plu')
(1343309632.317749, '2Rvu')
(1343309632.3177731, '2S\x1e\x00\x00\x0f\x82xu')
(1343309632.3177969, '2Ik\xf5')
(1343309632.3178201, '2Po\xf5')
(1343309632.317843, '2Ry\xf5')
(1343309632.317868, '2S\x1e\x00\x00\x0f\x83{\xf5')
(1343309632.3178921, '2Inu')
(1343309632.317914, '2Pqu')
(1343309632.3179359, '2R{u')
(1343309632.31796, '2S\x1e\x00\x00')
(1343309632.3346479, '\rL: 10\n')
(1343309632.3346879, '\rGot configuration message of type P\n')
(1343309632.3347149, '\rSetting prefix aaaa::\n')
(1343309632.334738, '\rcreated a new RPL dag\n')
(1343309632.342963, '\rL: 2\n')
(1343309632.3430231, '\rGot configuration message of type I\n')
(1343309632.36128, '\rL: 48\n')
(1343309633.1757979, '2I\x94\x8c')
(1343309633.1758621, '2P\x97\x8c')
(1343309633.1758909, '2R\xa1\x8c')
(1343309633.1759181, '2S\x1e\x00\x00\x18\x98\xa4\x8c')
(1343309634.174844, '2I\x97\x0c')
(1343309634.1748941, '2P\x9a\x0c')
(1343309634.174922, '2R\xa4\x0c')
(1343309634.1749489, '2S\x1e\x00\x00\x18\x99\xa6\x0c')
(1343309635.1758389, '2I\x99\x8c')
(1343309635.1759059, '2P\x9d\x8c')
(1343309635.1759341, '2R\xa7\x8c')
(1343309635.175961, '2S\x1e\x00\x00\x18\x9a\xa9\x8c')
(1343309635.914335, 'Sz(\xeb')
(1343309635.9143929, '2f+\xeb')
(1343309635.9144199, '2F6\xeb')
(1343309635.914444, '2t8\xeb')
(1343309635.9144671, '2CC\xeb')
(1343309635.92538, '2o\xbe\xeb')
(1343309635.925422, '+')
(1343309635.9254501, '2I\xd0\xec')
(1343309635.9254749, '2P\xd3\xec')
(1343309635.925499, '2R\xe8\xec')
(1343309635.9255221, 'rIN')
(1343309635.925545, 'D^\xf1\xec')
(1343309635.9255691, 'ci\xf3\xec')
(1343309636.174643, '2I\x9c\x0c')
(1343309636.1747069, '2P\x9f\x0c')
(1343309636.174736, '2R\xa9\x0c')
(1343309636.174763, '2S\x1e\x00\x00\x18\x9b\xab\x0c')
(1343309636.3375101, '\rL: 48\n')
(1343309637.173846, '2I\x9e\x8c')
(1343309637.173898, '2P\xa2\x8c')
(1343309637.1739271, '2R\xac\x8c')
(1343309637.1739531, '2S\x1e\x00\x00\x18\x9c\xae\x8c')
(1343309638.174432, '2I\xa1\x0c')
(1343309638.1744919, '2P\xa4\x0c')
(1343309638.174521, '2R\xae\x0c')
(1343309638.174547, '2S\x1e\x00\x00\x18\x9d\xb0\x0c')
(1343309639.174072, '2I\xa3\x8c')
(1343309639.1741359, '2P\xa7\x8c')
(1343309639.1741641, '2R\xb1\x8c')
(1343309639.17419, '2S\x1e\x00\x00\x18\x9e\xb3\x8c')
(1343309639.9442439, '2I-\xed')
(1343309639.9442849, '2P1\xed')
(1343309639.944299, '2RK\xed')
(1343309639.9443109, 'rIN')
(1343309639.9443221, 'D_T\xed')
(1343309639.944334, 'ciV\xed')
(1343309639.944345, '2I>\xee')
(1343309639.9443569, '2PA\xee')
(1343309639.9443679, '2RV\xee')
(1343309639.9443791, 'rIN')
(1343309639.9443901, 'rNU')
(1343309640.0647421, '2I\xac\xfd')
(1343309640.0648241, '2P\xb0\xfd')
(1343309640.064852, '2R\xc3\xfd')
(1343309640.0648761, 'rIN')
(1343309640.0648999, 'D`\xcc\xfd')
(1343309640.064924, 'ci\xce\xfd')
(1343309640.0649619, 'S{2\xfe')
(1343309640.0649869, '2f4\xfe')
(1343309640.0650101, '2F<\xfe')
(1343309640.065032, '2t>\xfe')
(1343309640.0650549, '2CI\xfe')
(1343309640.065078, '2o\x9c\xfe')
(1343309640.0651009, '+')
(1343309640.1746531, '2I\xa6\x0c')
(1343309640.17472, '2P\xa9\x0c')
(1343309640.1747479, '2R\xb3\x0c')
(1343309640.1747749, '2S\x1e\x00\x00\x18\x9f\xb5\x0c')
(1343309640.3377309, '\rL: 48\n')
(1343309640.7449591, '\rL: 118\n')
(1343309640.754874, '\rslip-bridge: Destination off-link but no route src=aaaa::200:0:1291:b276 dst=aaaa::c30c:0:0:1\n')
(1343309641.1043911, '2I\xb7\x83')
(1343309641.1044409, '2P\xbb\x83')
(1343309641.1044691, '2R\xd0\x83')
(1343309641.1044929, 'rIN')
(1343309641.104517, 'Da\xd9\x83')
(1343309641.104542, 'ci\xdb\x83')
(1343309641.1740141, '2I\xa9\x8c')
(1343309641.174124, '2P\xac\x8c')
(1343309641.1741531, '2R\xb6\x8c')
(1343309641.17418, '2S\x1e\x00\x00\x18\xa0\xb8\x8c')
(1343309642.1744201, '2I\xab\x0c')
(1343309642.1744771, '2P\xae\x0c')
(1343309642.1745059, '2R\xb8\x0c')
(1343309642.1745329, '2S\x1e\x00\x00\x18\xa1\xbb\x0c')
(1343309642.3738091, '2I\xc6%')
(1343309642.3738749, '2P\xca%')
(1343309642.3739021, '2R\xe4%')
(1343309642.3739259, 'rIN')
(1343309642.37395, 'D\xd2\xed%')
(1343309643.174304, '2I\xae\x8c')
(1343309643.1744521, '2P\xb1\x8c')
(1343309643.1744821, '2R\xbb\x8c')
(1343309643.174509, '2S\x1e\x00\x00\x18\xa2\xbd\x8c')
(1343309643.595417, 'S|\xaf\xc1')
(1343309643.59547, '2f\xb1\xc1')
(1343309643.5954981, '2F\xbc\xc1')
(1343309643.5955231, '2t\xbf\xc1')
(1343309643.595547, '2C\xc9\xc1')
(1343309643.595571, '2oE\xc2')
(1343309643.595613, '+')
(1343309644.1150219, 'S}\xd7\x04')
(1343309644.1150751, '2f\xda\x04')
(1343309644.115103, '2F\xe2\x04')
(1343309644.1151271, '2t\xe4\x04')
(1343309644.1151519, '2C\xef\x04')
(1343309644.115175, '2oA\x05')
(1343309644.1151979, '+')
(1343309644.124964, '2I\x1f\x06')
(1343309644.1250069, '2P#\x06')
(1343309644.125035, '2R6\x06')
(1343309644.1250579, 'rIN')
(1343309644.125082, 'Db?\x06')
(1343309644.1251061, 'ciA\x06')
(1343309644.1738169, '2I\xb0\x0c')
(1343309644.1738851, '2P\xb3\x0c')
(1343309644.173914, '2R\xbd\x0c')
(1343309644.1739409, '2S\x1e\x00\x00\x18\xa3\xc0\x0c')
(1343309644.9643791, '2INq')
(1343309644.9644351, '2PRq')
(1343309644.9644611, '2Req')
(1343309644.9644849, 'rIN')
(1343309644.9645081, 'rNU')
(1343309644.9747159, '2I/r')
(1343309644.9747601, '2P2r')
(1343309644.974786, '2REr')
(1343309644.9748089, 'rIN')
(1343309644.9748321, 'rNU')
(1343309645.1744101, '2I\xb3\x8c')
(1343309645.174474, '2P\xb6\x8c')
(1343309645.1745031, '2R\xc0\x8c')
(1343309645.1745291, '2S\x1e\x00\x00\x18\xa4\xc3\x8c')
(1343309646.144001, '2I\xcb\x07')
(1343309646.1440721, '2P\xce\x07')
(1343309646.1441009, '2R\xe9\x07')
(1343309646.144125, 'rIN')
(1343309646.1441491, 'Dd\xf1\x07')
(1343309646.1441741, 'ci\xf3\x07')
(1343309646.1746111, '2I\xb5\x0c')
(1343309646.174685, '2P\xb8\x0c')
(1343309646.1747141, '2R\xc3\x0c')
(1343309646.174741, '2S\x1e\x00\x00\x18\xa5\xc5\x0c')
(1343309646.2674799, '\rL: 118\n')
(1343309646.2747941, '\rslip-bridge: Destination off-link but no route src=aaaa::200:0:1291:b276 dst=aaaa::c30c:0:0:1\n')
(1343309647.174325, '2I\xb8\x8c')
(1343309647.1744609, '2P\xbb\x8c')
(1343309647.1746609, '2R\xc5\x8c')
(1343309647.174705, '2S\x1e\x00\x00\x18\xa6\xc7\x8c')
(1343309648.1839931, '2I\xba\x0c')
(1343309648.1840539, '2P\xbd\x0c')
(1343309648.184082, '2R\xc8\x0c')
(1343309648.184109, '2S\x1e\x00\x00\x18\xa7\xca\x0c')
(1343309649.053699, '2I\xce{')
(1343309649.053761, '2P\xd2{')
(1343309649.0537901, '2R\xe5{')
(1343309649.0538149, 'rIN')
(1343309649.053838, 'rNU')
(1343309649.0538609, '2I\xad|')
(1343309649.053884, '2P\xb0|')
(1343309649.0539081, '2R\xc3|')
(1343309649.05393, 'rIN')
(1343309649.0539529, 'rNU')
(1343309649.1836951, '2I\xbd\x8c')
(1343309649.183773, '2P\xc0\x8c')
(1343309649.183804, '2R\xcb\x8c')
(1343309649.183831, '2S\x1e\x00\x00\x18\xa8\xcd\x8c')
(1343309650.1841609, '2I\xbf\x0c')
(1343309650.184222, '2P\xc3\x0c')
(1343309650.1842501, '2R\xcd\x0c')
(1343309650.1842771, '2S\x1e\x00\x00\x18\xa9\xcf\x0c')
(1343309651.0442951, '2I\xe5{')
(1343309651.044359, '2P\xe8{')
(1343309651.0443859, '2R\xfd{')
(1343309651.04441, 'rIN')
(1343309651.0444331, 'rNU')
(1343309651.0552599, '2I\xd7|')
(1343309651.0553081, '2P\xda|')
(1343309651.055335, '2R\xf0|')
(1343309651.0553601, 'rIN')
(1343309651.0553839, 'Df\xf8|')
(1343309651.055408, 'ci\xfa|')
(1343309651.173826, '2I\xc2\x8c')
(1343309651.1738939, '2P\xc5\x8c')
(1343309651.184691, '2R\xcf\x8c')
(1343309651.184751, '2S\x1e\x00\x00\x18\xaa\xd1\x8c')
(1343309652.1841829, '2I\xc5\x0c')
(1343309652.1842501, '2P\xc8\x0c')
(1343309652.184284, '2R\xd2\x0c')
(1343309652.1843121, '2S\x1e\x00\x00\x18\xab\xd4\x0c')
(1343309652.2052031, '2I\xea\x0f')
(1343309652.2052431, '2P\xed\x0f')
(1343309652.2052701, '2R\x08\x10')
(1343309652.2052939, 'rIN')
(1343309652.205318, 'D\xd6\x11\x10')
(1343309653.0042861, '2I\xe3u')
(1343309653.004349, '2P\xe6u')
(1343309653.0043759, '2R\xfcu')
(1343309653.0044141, 'rIN')
(1343309653.004441, 'Dg\x06v')
(1343309653.0044651, 'ci\x08v')
(1343309653.1271019, '\rL: 118\n')
(1343309653.136445, 'S~\x1a\x87')
(1343309653.136487, '2f\x1d\x87')
(1343309653.136513, '2F)\x87')
(1343309653.1365371, '2t+\x87')
(1343309653.1365609, '2C6\x87')
(1343309653.136601, '2o\xc4\x87')
(1343309653.136626, '+')
(1343309653.145093, '2I\xe6\x88')
(1343309653.145139, '2P\xe9\x88')
(1343309653.1451671, '2R\x08\x89')
(1343309653.145191, 'rIN')
(1343309653.1452141, 'rNU')
(1343309653.153856, 'S\x7f9\x89')
(1343309653.1538949, '2f;\x89')
(1343309653.1539209, '2FG\x89')
(1343309653.153945, '2tI\x89')
(1343309653.153969, '2CS\x89')
(1343309653.1539929, '2o\xcf\x89')
(1343309653.154016, '+')
(1343309653.183979, '2I\xc7\x8c')
(1343309653.1840351, '2P\xca\x8c')
(1343309653.1840761, '2R\xd4\x8c')
(1343309653.184104, '2S\x1e\x00\x00\x18\xac\xd6\x8c')
(1343309654.1843381, '2I\xca\x0c')
(1343309654.1843939, '2P\xcd\x0c')
(1343309654.184422, '2R\xd7\x0c')
(1343309654.184449, '2S\x1e\x00\x00\x18\xad\xd9\x0c')
(1343309655.1842439, '2I\xcc\x8c')
(1343309655.18431, '2P\xcf\x8c')
(1343309655.184339, '2R\xd9\x8c')
(1343309655.184413, '2S\x1e\x00\x00\x18\xae\xdc\x8c')
(1343309656.1846709, '2I\xcf\x0c')
(1343309656.1847229, '2P\xd2\x0c')
(1343309656.184751, '2R\xdc\x0c')
(1343309656.184778, '2S\x1e\x00\x00\x18\xaf\xde\x0c')
(1343309656.8778319, '\rL: 91\n')
(1343309656.878406, '\rL: 118\n')
(1343309656.8814991, 'S\x80Ng')
(1343309656.8815329, '2fPg')
(1343309656.8815579, '2F]g')
(1343309656.8815801, '2t_g')
(1343309656.882427, '2Cjg')
(1343309656.8865409, '2o\xf7g')
(1343309656.8865819, '+')
(1343309656.890353, '\rL: 118\n')
(1343309656.8925059, 'S\x81\xc8h')
(1343309656.892544, '2f\xcbh')
(1343309656.8934031, '2F\xd7h')
(1343309656.893436, '2t\xd9h')
(1343309656.893461, '2!\xe4h')
(1343309656.8934829, '-')
(1343309656.8935061, 'cr\xe8h')
(1343309656.894393, '\rL: 118\n')
(1343309656.8983779, '\rL: 118\n')
(1343309656.9013591, 'S\x81\xddi')
(1343309656.901402, '2f\xdfi')
(1343309656.9014289, '2F\xeci')
(1343309656.901453, '2t\xeei')
(1343309656.902344, '2C\xf9i')
(1343309656.9062221, '2o\x86j')
(1343309656.9062581, '+')
(1343309656.9102221, '\rL: 118\n')
(1343309656.913265, '\rL: 118\n')
(1343309656.913311, '2Idk')
(1343309656.913337, '2Iik')
(1343309656.9142449, '2P\x97k')
(1343309656.9154229, '2R\xb5k')
(1343309656.915462, 'rIN')
(1343309656.9154871, 'rFR')
(1343309656.9192131, '\rL: 118\n')
(1343309656.925209, 'S\x82tl')
(1343309656.925247, '2fvl')
(1343309656.9252729, '2F\x84l')
(1343309656.9252961, '2t\x86l')
(1343309656.9253199, '2C\x91l')
(1343309656.9353471, '2o\x1em')
(1343309656.93541, '+')
(1343309656.935447, '\rL: 118\n')
(1343309656.935487, 'S\x83\xa3m')
(1343309656.9355121, '2f\xa6m')
(1343309656.935535, '2F\xb2m')
(1343309656.935559, '2t\xb4m')
(1343309656.9355819, '2!\xbfm')
(1343309656.9356041, '-')
(1343309656.935627, 'cr\xc3m')
(1343309656.9356501, 'S\x83\x1cn')
(1343309656.935674, '2f\x1fn')
(1343309656.9356959, '2F+n')
(1343309656.935719, '2t-n')
(1343309656.9357409, '2!8n')
(1343309656.9357629, '-')
(1343309656.9357851, 'cr;n')
(1343309656.945209, 'S\x83\x9dn')
(1343309656.9452479, '2f\x9fn')
(1343309656.9452751, '2F\xacn')
(1343309656.945298, '2t\xaen')
(1343309656.945322, '2C\xb9n')
(1343309656.9453449, '2oGo')
(1343309656.9453681, '+')
(1343309656.9644001, 'S\x84\xa3o')
(1343309656.9644549, '2f\xa6o')
(1343309656.964483, '2F\xb3o')
(1343309656.9645071, '2t\xb5o')
(1343309656.96453, '2C\xc0o')
(1343309656.9645541, '2oMp')
(1343309656.964577, '+')
(1343309656.9646111, '2I\x86p')
(1343309656.9646361, '2I\x8bp')
(1343309656.964659, 'S\x85\xa3p')
(1343309656.964695, '2f\xa5p')
(1343309656.9647191, '2F\xb2p')
(1343309656.9647419, '2t\xb4p')
(1343309656.9647651, '2!\xbep')
(1343309656.964787, '-')
(1343309656.9648111, 'cr\xc2p')
(1343309656.964834, '2P\xccp')
(1343309656.9648559, '2R\xeap')
(1343309656.964879, 'rIN')
(1343309656.964901, 'rFR')
(1343309656.9649241, 'S\x85\x1cq')
(1343309656.9649479, '2f\x1fq')
(1343309656.9649701, '2F+q')
(1343309656.964992, '2t-q')
(1343309656.965014, '2C8q')
(1343309656.9650371, '2o\xc6q')
(1343309656.965059, '+')
(1343309656.9660921, 'S\x86\x1cr')
(1343309656.9661269, '2f\x1fr')
(1343309656.966152, '2F+r')
(1343309656.966182, '2t-r')
(1343309656.9662049, '2C8r')
(1343309656.9710231, '2o\xc6r')
(1343309656.971065, '+')
(1343309656.9750791, '\rL: 118\n')
(1343309656.977103, 'S\x87\x96s')
(1343309656.977143, '2f\x98s')
(1343309656.9780281, '2F\xa5s')
(1343309656.9780619, '2t\xa7s')
(1343309656.9780869, '2!\xb1s')
(1343309656.9781101, '-')
(1343309656.9781339, 'cr\xb5s')
(1343309656.978997, '\rL: 118\n')
(1343309656.98209, 'S\x87,t')
(1343309656.9821279, '2f/t')
(1343309656.982152, '2F;t')
(1343309656.9821751, '2t>t')
(1343309656.982929, '2CHt')
(1343309656.987386, '2o\xd5t')
(1343309656.987426, '+')
(1343309656.9909739, '\rL: 118\n')
(1343309656.9939411, '\rL: ')
(1343309656.9939821, '2I\xbau')
(1343309656.9959159, '2P\xf6u')
(1343309656.997051, '2R\x15v')
(1343309656.997088, 'rIN')
(1343309656.997112, 'rFR')
(1343309656.997941, 'S\x885v')
(1343309656.9979739, '2f8v')
(1343309656.997999, '2FEv')
(1343309656.9980209, '2tGv')
(1343309656.999043, '2CQv')
(1343309657.0030739, '2o\xdfv')
(1343309657.003114, '+')
(1343309657.0059149, '\rL: 118\n')
(1343309657.0244009, '\rL: 118\n')
(1343309657.0244679, 'S\x89\xfew')
(1343309657.024497, '2f\x04x')
(1343309657.0245211, '2F\x11x')
(1343309657.024545, '2t\x13x')
(1343309657.0245681, '2C\x1ex')
(1343309657.024591, '2o\xabx')
(1343309657.0246141, '+')
(1343309657.0246451, '2P\xbex')
(1343309657.0246689, '2R\xdcx')
(1343309657.0246921, 'rIN')
(1343309657.0247149, 'rNU')
(1343309657.0247381, 'S\x8a\x1cy')
(1343309657.0247619, '2f\x1fy')
(1343309657.024785, '2F+y')
(1343309657.024807, '2t.y')
(1343309657.0248289, '2C9y')
(1343309657.034302, '2o\xc6y')
(1343309657.0343759, '+')
(1343309657.0344191, 'S\x8b\x1cz')
(1343309657.034446, '2f\x1fz')
(1343309657.0344689, '2F+z')
(1343309657.0344911, '2t-z')
(1343309657.034513, '2C8z')
(1343309657.0345359, '2o\xc6z')
(1343309657.034559, '+')
(1343309657.0359221, 'S\x8c\x1d{')
(1343309657.0359581, '2f\x1f{')
(1343309657.0369141, '2F,{')
(1343309657.036948, '2t.{')
(1343309657.0369761, '2C9{')
(1343309657.0407059, '2o\xc6{')
(1343309657.0407381, '+')
(1343309657.0447519, '\rL: 118\n')
(1343309657.0467379, '2It|')
(1343309657.0467751, '2P||')
(1343309657.047771, '2R\x9b|')
(1343309657.0478041, 'rIN')
(1343309657.0478289, 'rNU')
(1343309657.0497789, '\rL: 118\n')
(1343309657.0527279, 'S\x8d<}')
(1343309657.052767, '2f>}')
(1343309657.0527921, '2FK}')
(1343309657.052815, '2tM}')
(1343309657.053925, '2CX}')
(1343309657.057761, '2o\xe5}')
(1343309657.0578051, '+')
(1343309657.058676, '\rL: 118\n')
(1343309657.061712, 'S\x8ef~')
(1343309657.061749, '2fh~')
(1343309657.061774, '2Fu~')
(1343309657.062676, '2tw~')
(1343309657.0627129, '2C\x82~')
(1343309657.0666461, '2o\x0f\x7f')
(1343309657.0666881, '+')
(1343309657.0704811, '\rL: 118\n')
(1343309657.073585, '\rL: 118\n')
(1343309657.0755701, '2I1\x80')
(1343309657.0756071, '2P8\x80')
(1343309657.076546, '2RU\x80')
(1343309657.0765729, 'rIN')
(1343309657.0765901, 'rNU')
(1343309657.0774961, 'S\x8fy\x80')
(1343309657.077538, '2f{\x80')
(1343309657.078521, '2F\x89\x80')
(1343309657.0785601, '2t\x8b\x80')
(1343309657.0785861, '2C\x96\x80')
(1343309657.08357, '2o#\x81')
(1343309657.083606, '+')
(1343309657.0865281, '\rL: 118\n')
(1343309657.0968549, '\rL: 118\n')
(1343309657.09691, 'S\x900\x82')
(1343309657.0969379, '2f3\x82')
(1343309657.096962, '2F?\x82')
(1343309657.0969861, '2tA\x82')
(1343309657.0970089, '2CM\x82')
(1343309657.097033, '2o\xda\x82')
(1343309657.0970559, '+')
(1343309657.104744, 'S\x91\x1e\x83')
(1343309657.104789, '2f \x83')
(1343309657.1048231, '2F-\x83')
(1343309657.1048369, '2t/\x83')
(1343309657.1048479, '2C:\x83')
(1343309657.1048601, '2o\xc7\x83')
(1343309657.104871, '+')
(1343309657.115603, '2I\xf5\x83')
(1343309657.115649, '2P\xf8\x83')
(1343309657.1156771, '2R\x1b\x84')
(1343309657.115701, 'rIN')
(1343309657.1157241, 'rFR')
(1343309657.1157479, 'S\x92<\x84')
(1343309657.115772, '2f>\x84')
(1343309657.1157949, '2FK\x84')
(1343309657.115819, '2tM\x84')
(1343309657.1158421, '2!X\x84')
(1343309657.115865, '-')
(1343309657.1158891, 'cr[\x84')
(1343309657.1159129, '2Pe\x84')
(1343309657.115936, '2Rk\x84')
(1343309657.1159589, 'rIN')
(1343309657.1159821, 'rFR')
(1343309657.1160059, 'S\x92\x9d\x84')
(1343309657.11603, '2f\xa0\x84')
(1343309657.1160541, '2F\xac\x84')
(1343309657.1160791, '2t\xae\x84')
(1343309657.116102, '2C\xb9\x84')
(1343309657.1161261, '2oF\x85')
(1343309657.116148, '+')
(1343309657.1184371, 'S\x93\xa9\x85')
(1343309657.1184771, '2f\xab\x85')
(1343309657.118504, '2F\xb8\x85')
(1343309657.1194661, '2t\xba\x85')
(1343309657.1194999, '2C\xc5\x85')
(1343309657.1234701, '2oR\x86')
(1343309657.1235039, '+')
(1343309657.125391, 'S\x94\x9d\x86')
(1343309657.126426, '2f\xa0\x86')
(1343309657.126461, '2F\xac\x86')
(1343309657.126487, '2t\xae\x86')
(1343309657.1265111, '2C\xb9\x86')
(1343309657.131372, '2oF\x87')
(1343309657.1314111, '+')
(1343309657.1342931, '\rL: 118\n')
(1343309657.1362171, '2I\xf5\x87')
(1343309657.137255, 'S\x95\x12\x88')
(1343309657.1372931, '2f\x14\x88')
(1343309657.1373179, '2F!\x88')
(1343309657.137342, '2t#\x88')
(1343309657.1383171, '2C-\x88')
(1343309657.142365, '2o\xba\x88')
(1343309657.142406, '+')
(1343309657.1433051, '\rL: 118\n')
(1343309657.145344, '2P\x1f\x89')
(1343309657.146318, '2R=\x89')
(1343309657.146353, 'rIN')
(1343309657.1463771, 'rNU')
(1343309657.150172, '\rL: 118\n')
(1343309657.1521931, 'S\x96\x02\x8a')
(1343309657.1522281, '2f\x04\x8a')
(1343309657.1531899, '2F\x11\x8a')
(1343309657.153224, '2t\x13\x8a')
(1343309657.15325, '2C\x1e\x8a')
(1343309657.1573, '2o\xab\x8a')
(1343309657.1573391, '+')
(1343309657.1593249, '\rL: 118\n')
(1343309657.163301, '\rL: 118\n')
(1343309657.1651461, 'S\x97\xad\x8b')
(1343309657.1651831, '2f\xb0\x8b')
(1343309657.1661501, '2F\xbd\x8b')
(1343309657.166182, '2t\xbf\x8b')
(1343309657.166208, '2!\xc9\x8b')
(1343309657.16623, '-')
(1343309657.166255, 'cr\xcd\x8b')
(1343309657.1691229, '\rL: 118\n')
(1343309657.1732049, '\rL: 118\n')
(1343309657.184586, '2I\xcd\x8c')
(1343309657.184639, '2P\xef\x8c')
(1343309657.1846659, '2R\x0e\x8d')
(1343309657.18469, 'rIN')
(1343309657.1847141, 'rFR')
(1343309657.184737, 'S\x97.\x8d')
(1343309657.184761, '2f0\x8d')
(1343309657.1847839, '2F=\x8d')
(1343309657.1848071, '2t?\x8d')
(1343309657.18483, '2CJ\x8d')
(1343309657.184854, '2o\xd7\x8d')
(1343309657.184876, '+')
(1343309657.184906, '\rL: 118\n')
(1343309657.204448, 'S\x98\\\x8e')
(1343309657.2045009, '2f^\x8e')
(1343309657.2045281, '2Fk\x8e')
(1343309657.2045519, '2tm\x8e')
(1343309657.2045751, '2!x\x8e')
(1343309657.2045979, '-')
(1343309657.204622, 'cr{\x8e')
(1343309657.2046449, '2I\x8e\x8e')
(1343309657.20467, 'S\x98\xab\x8e')
(1343309657.204694, '2f\xad\x8e')
(1343309657.2047181, '2F\xba\x8e')
(1343309657.204741, '2t\xbc\x8e')
(1343309657.2047651, '2!\xc6\x8e')
(1343309657.204787, '-')
(1343309657.2048111, 'cr\xca\x8e')
(1343309657.2048349, '2P\xd4\x8e')
(1343309657.2048581, '2R\xdf\x8e')
(1343309657.204881, 'rIN')
(1343309657.2049029, 'rFR')
(1343309657.204927, 'S\x98\x1c\x8f')
(1343309657.204951, '2f\x1f\x8f')
(1343309657.2049739, '2F+\x8f')
(1343309657.2049971, '2t.\x8f')
(1343309657.20502, '2C9\x8f')
(1343309657.2050431, '2o\xc6\x8f')
(1343309657.205066, '+')
(1343309657.2050979, 'S\x99\x1d\x90')
(1343309657.2051229, '2f\x1f\x90')
(1343309657.2051461, '2F,\x90')
(1343309657.205169, '2t.\x90')
(1343309657.2051921, '2C9\x90')
(1343309657.2053089, '2o\xc6\x90')
(1343309657.2053399, '+')
(1343309657.2150919, '2I\t\x91')
(1343309657.215138, 'S\x9a\x1f\x91')
(1343309657.2151649, '2f!\x91')
(1343309657.215189, '2F.\x91')
(1343309657.2152219, '2t0\x91')
(1343309657.215246, '2!;\x91')
(1343309657.2152691, '-')
(1343309657.215292, 'cr>\x91')
(1343309657.2153161, '2PH\x91')
(1343309657.2153389, '2RP\x91')
(1343309657.2153611, 'rIN')
(1343309657.215384, 'rFR')
(1343309657.2154069, 'S\x9a\x9d\x91')
(1343309657.215431, '2f\xa0\x91')
(1343309657.2154551, '2F\xac\x91')
(1343309657.2154779, '2t\xae\x91')
(1343309657.2155011, '2C\xb9\x91')
(1343309657.2243121, '2oG\x92')
(1343309657.224376, '+')
(1343309657.2244191, 'S\x9b\xa4\x92')
(1343309657.2244461, '2f\xa6\x92')
(1343309657.2244699, '2F\xb3\x92')
(1343309657.224493, '2t\xb5\x92')
(1343309657.2245171, '2C\xbf\x92')
(1343309657.2249949, '2oM\x93')
(1343309657.225028, '+')
(1343309657.227951, 'S\x9c\x9e\x93')
(1343309657.2279849, '2f\xa0\x93')
(1343309657.2280109, '2F\xad\x93')
(1343309657.228034, '2t\xaf\x93')
(1343309657.2280581, '2C\xba\x93')
(1343309657.233016, '2oG\x94')
(1343309657.2330539, '+')
(1343309657.235924, '\rL: 118\n')
(1343309657.2378631, '2I\xf5\x94')
(1343309657.237901, '2P\xfa\x94')
(1343309657.2387669, '2R\x19\x95')
(1343309657.2388, 'rIN')
(1343309657.2388251, 'rNU')
(1343309657.239866, 'S\x9d?\x95')
(1343309657.2399039, '2fA\x95')
(1343309657.240968, '2FN\x95')
(1343309657.2410059, '2tP\x95')
(1343309657.24103, '2C[\x95')
(1343309657.245769, '2o\xe8\x95')
(1343309657.2458091, '+')
(1343309657.2468269, '\rL: 118\n')
(1343309657.250773, '\rL: 118\n')
(1343309657.253782, 'S\x9e\xf6\x96')
(1343309657.253818, '2f\xf8\x96')
(1343309657.253845, '2F\x06\x97')
(1343309657.2538691, '2t\x08\x97')
(1343309657.2547979, '2C\x13\x97')
(1343309657.2588201, '2o\xa0\x97')
(1343309657.258857, '+')
(1343309657.2617309, '\rL: 118\n')
(1343309657.265646, '\rL: 118\n')
(1343309657.267602, '2I\xc1\x98')
(1343309657.2676389, 'S\x9f\xd3\x98')
(1343309657.267679, '2f\xd5\x98')
(1343309657.2687349, '2F\xe2\x98')
(1343309657.26877, '2t\xe4\x98')
(1343309657.268796, '2C\xef\x98')
(1343309657.273695, '2o|\x99')
(1343309657.2737341, '+')
(1343309657.2737689, '2P\x90\x99')
(1343309657.2747171, '2R\xad\x99')
(1343309657.274739, 'rIN')
(1343309657.2747509, 'rNU')
(1343309657.2775791, '\rL: 118\n')
(1343309657.2805851, '\rL: 118\n')
(1343309657.2816269, '2I\x9d\x9a')
(1343309657.2826619, '2P\xab\x9a')
(1343309657.2836919, '2R\xc9\x9a')
(1343309657.283726, 'rIN')
(1343309657.283751, 'rNU')
(1343309657.2846279, 'S\xa0\xed\x9a')
(1343309657.2846701, '2f\xef\x9a')
(1343309657.2846961, '2F\xfc\x9a')
(1343309657.284719, '2t\xfe\x9a')
(1343309657.2857251, '2C\n\x9b')
(1343309657.289793, '2o\x97\x9b')
(1343309657.289835, '+')
(1343309657.2926371, '\rL: 118\n')
(1343309657.3063149, '\rL: 118\n')
(1343309657.30638, 'S\xa1\xaa\x9c')
(1343309657.3064079, '2f\xac\x9c')
(1343309657.306433, '2I\xb8\x9c')
(1343309657.3064561, '2F\xbc\x9c')
(1343309657.3064799, '2t\xbe\x9c')
(1343309657.3065031, '2C\xc9\x9c')
(1343309657.3065259, '2oV\x9d')
(1343309657.3065491, '+')
(1343309657.3065951, '2Pi\x9d')
(1343309657.306622, '2R\x88\x9d')
(1343309657.3066449, 'rIN')
(1343309657.3066671, 'rNU')
(1343309657.3067939, 'S\xa2\xbb\x9d')
(1343309657.3068271, '2f\xbd\x9d')
(1343309657.3068521, '2F\xca\x9d')
(1343309657.306875, '2t\xcc\x9d')
(1343309657.3150001, '2C\xd7\x9d')
(1343309657.3150411, '2od\x9e')
(1343309657.3150671, '+')
(1343309657.3151009, 'S\xa3\xa9\x9e')
(1343309657.3151259, '2f\xab\x9e')
(1343309657.31515, '2F\xb8\x9e')
(1343309657.3151741, '2t\xba\x9e')
(1343309657.315197, '2!\xc5\x9e')
(1343309657.3152201, '-')
(1343309657.315244, 'cr\xc8\x9e')
(1343309657.3250599, 'S\xa3\x1c\x9f')
(1343309657.3251131, '2f\x1e\x9f')
(1343309657.32514, '2F+\x9f')
(1343309657.325165, '2t-\x9f')
(1343309657.3251879, '2C8\x9f')
(1343309657.325212, '2o\xc5\x9f')
(1343309657.3252349, '+')
(1343309657.3253701, 'S\xa4\x1c\xa0')
(1343309657.325402, '2f\x1f\xa0')
(1343309657.3254271, '2F+\xa0')
(1343309657.3254499, '2t.\xa0')
(1343309657.3254731, '2C8\xa0')
(1343309657.330425, '2o\xc6\xa0')
(1343309657.3304689, '+')
(1343309657.333431, '2I-\xa1')
(1343309657.333467, '2I3\xa1')
(1343309657.334394, '\rL: 118\n')
(1343309657.3353441, '2P~\xa1')
(1343309657.3364961, '2R\x9d\xa1')
(1343309657.33653, 'rIN')
(1343309657.336555, 'rFR')
(1343309657.339453, '\rL: 118\n')
(1343309657.341444, 'S\xa5:\xa2')
(1343309657.3414791, '2f<\xa2')
(1343309657.3424349, '2FI\xa2')
(1343309657.3424671, '2tK\xa2')
(1343309657.3424921, '2CV\xa2')
(1343309657.346411, '2o\xe3\xa2')
(1343309657.3464489, '+')
(1343309657.3485169, '\rL: 118\n')
(1343309657.3504691, 'S\xa6d\xa3')
(1343309657.350508, '2ff\xa3')
(1343309657.3514161, '2Fs\xa3')
(1343309657.3514531, '2tu\xa3')
(1343309657.3514781, '2C\x81\xa3')
(1343309657.356406, '2o\x0e\xa4')
(1343309657.356441, '+')
(1343309657.3593211, '\rL: 118\n')
(1343309657.3632829, '\rL: 118\n')
(1343309657.3642111, '2I0\xa5')
(1343309657.3652079, '2P<\xa5')
(1343309657.36638, '2RY\xa5')
(1343309657.3664169, 'rIN')
(1343309657.366441, 'rNU')
(1343309657.3674431, 'S\xa7}\xa5')
(1343309657.3674779, '2f\x7f\xa5')
(1343309657.3675029, '2F\x8d\xa5')
(1343309657.367527, '2t\x8f\xa5')
(1343309657.368382, '2C\x9a\xa5')
(1343309657.372262, '2o(\xa6')
(1343309657.3722949, '+')
(1343309657.375144, '\rL: 118\n')
(1343309657.384825, '\rL: 118\n')
(1343309657.3848829, 'S\xa8/\xa7')
(1343309657.3849101, '2f1\xa7')
(1343309657.384933, '2F>\xa7')
(1343309657.3849571, '2t@\xa7')
(1343309657.384979, '2!K\xa7')
(1343309657.3850009, '-')
(1343309657.385025, 'crN\xa7')
(1343309657.3850479, 'S\xa8\xa4\xa7')
(1343309657.385072, '2f\xa6\xa7')
(1343309657.3850961, '2F\xb3\xa7')
(1343309657.385119, '2t\xb5\xa7')
(1343309657.3852179, '2C\xc0\xa7')
(1343309657.395267, '2oM\xa8')
(1343309657.395314, '+')
(1343309657.3953509, 'S\xa9\x9e\xa8')
(1343309657.3953769, '2f\xa1\xa8')
(1343309657.395401, '2F\xad\xa8')
(1343309657.3954239, '2t\xaf\xa8')
(1343309657.395448, '2C\xba\xa8')
(1343309657.4052179, '2oH\xa9')
(1343309657.405268, '+')
(1343309657.4053049, '2I~\xa9')
(1343309657.4053299, '2I\x84\xa9')
(1343309657.405354, '2R\xa4\xa9')
(1343309657.4053769, 'rIN')
(1343309657.4054, 'rFR')
(1343309657.4054229, '2P\xb4\xa9')
(1343309657.405447, '2R\xb9\xa9')
(1343309657.4054699, 'rIN')
(1343309657.4054921, 'rFR')
(1343309657.4055159, 'S\xaa\xd8\xa9')
(1343309657.40554, '2f\xdb\xa9')
(1343309657.4055641, '2F\xe8\xa9')
(1343309657.4056051, '2t\xea\xa9')
(1343309657.4056301, '2!\xf4\xa9')
(1343309657.405652, '-')
(1343309657.4056759, 'cr\xf8\xa9')
(1343309657.4057, 'S\xaa\x1e\xaa')
(1343309657.405724, '2f \xaa')
(1343309657.4057469, '2F-\xaa')
(1343309657.4057701, '2t/\xaa')
(1343309657.405793, '2C:\xaa')
(1343309657.4146531, '2o\xc7\xaa')
(1343309657.414695, '+')
(1343309657.414732, 'S\xab\x1c\xab')
(1343309657.414758, '2f\x1f\xab')
(1343309657.414782, '2F+\xab')
(1343309657.4148059, '2t-\xab')
(1343309657.414829, '2C8\xab')
(1343309657.4160221, '2o\xc6\xab')
(1343309657.4160559, '+')
(1343309657.4190359, 'S\xac\x1d\xac')
(1343309657.419071, '2f\x1f\xac')
(1343309657.4190969, '2F,\xac')
(1343309657.4191201, '2t.\xac')
(1343309657.4200189, '2C9\xac')
(1343309657.4239731, '2o\xc6\xac')
(1343309657.4240079, '+')
(1343309657.42696, '\rL: 118\n')
(1343309657.4289639, '2Iu\xad')
(1343309657.430114, 'S\xad|\xad')
(1343309657.4301479, '2f~\xad')
(1343309657.4301741, '2F\x8c\xad')
(1343309657.430198, '2t\x8e\xad')
(1343309657.430222, '2C\x99\xad')
(1343309657.434916, "2o'\xae")
(1343309657.4349501, '+')
(1343309657.4358871, '\rL: 118\n')
(1343309657.4378591, '2P\x8b\xae')
(1343309657.438823, '2R\xa9\xae')
(1343309657.438843, 'rIN')
(1343309657.4388559, 'rNU')
(1343309657.439903, 'S\xae\xcf\xae')
(1343309657.4399209, '2f\xd1\xae')
(1343309657.439934, '2F\xde\xae')
(1343309657.4399459, '2t\xe0\xae')
(1343309657.4408751, '2C\xeb\xae')
(1343309657.444922, '2ox\xaf')
(1343309657.4449611, '+')
(1343309657.4489701, '\rL: 118\n')
(1343309657.450989, 'S\xafF\xb0')
(1343309657.4510281, '2fH\xb0')
(1343309657.451993, '2FU\xb0')
(1343309657.4520299, '2tW\xb0')
(1343309657.452054, '2!b\xb0')
(1343309657.4520769, '-')
(1343309657.4521, 'cre\xb0')
(1343309657.452847, '\rL: 118\n')
(1343309657.4568379, '\rL: 118\n')
(1343309657.459744, 'S\xafW\xb1')
(1343309657.4597809, '2fY\xb1')
(1343309657.459806, '2Ff\xb1')
(1343309657.45983, '2th\xb1')
(1343309657.4608519, '2Cs\xb1')
(1343309657.4647629, '2o\x01\xb2')
(1343309657.464808, '+')
(1343309657.4686921, '\rL: 118\n')
(1343309657.47174, '\rL: ')
(1343309657.471766, '2I\xe7\xb2')
(1343309657.4739211, '2P(\xb3')
(1343309657.4748189, '2RF\xb3')
(1343309657.474839, 'rIN')
(1343309657.4748521, 'rFR')
(1343309657.4758339, 'S\xb0g\xb3')
(1343309657.4758689, '2fi\xb3')
(1343309657.475894, '2Fv\xb3')
(1343309657.4759181, '2tx\xb3')
(1343309657.4767671, '2C\x83\xb3')
(1343309657.4808021, '2o\x10\xb4')
(1343309657.480823, '+')
(1343309657.483706, '\rL: 118\n')
(1343309657.494797, '\rL: 118\n')
(1343309657.494854, 'S\xb1$\xb5')
(1343309657.4948809, '2f&\xb5')
(1343309657.4949059, '2I2\xb5')
(1343309657.4949291, '2F5\xb5')
(1343309657.494952, '2t7\xb5')
(1343309657.4949751, '2CB\xb5')
(1343309657.4949989, '2o\xcf\xb5')
(1343309657.4950221, '+')
(1343309657.4950531, '2P\xe2\xb5')
(1343309657.5047469, '2R\x01\xb6')
(1343309657.5047829, 'rIN')
(1343309657.504796, 'rNU')
(1343309657.5048089, 'S\xb2<\xb6')
(1343309657.5048211, '2f?\xb6')
(1343309657.504832, '2FL\xb6')
(1343309657.504844, '2tN\xb6')
(1343309657.5048549, '2CY\xb6')
(1343309657.5048671, '2o\xe6\xb6')
(1343309657.504878, '+')
(1343309657.5048959, 'S\xb3(\xb7')
(1343309657.5243161, '2f+\xb7')
(1343309657.52437, '2F8\xb7')
(1343309657.5243969, '2t:\xb7')
(1343309657.524421, '2!D\xb7')
(1343309657.5244441, '-')
(1343309657.5244679, 'crH\xb7')
(1343309657.524492, 'S\xb3\xa4\xb7')
(1343309657.5245171, '2f\xa6\xb7')
(1343309657.5245409, '2F\xb3\xb7')
(1343309657.524564, '2t\xb5\xb7')
(1343309657.5245881, '2C\xbf\xb7')
(1343309657.524611, '2oM\xb8')
(1343309657.5246339, '+')
(1343309657.524667, 'S\xb4\x9d\xb8')
(1343309657.5246921, '2f\x9f\xb8')
(1343309657.5247159, '2F\xac\xb8')
(1343309657.52474, '2t\xae\xb8')
(1343309657.5247641, '2!\xb9\xb8')
(1343309657.5247869, '-')
(1343309657.5248101, 'cr\xbc\xb8')
(1343309657.5248339, 'S\xb4\x1c\xb9')
(1343309657.524858, '2f\x1f\xb9')
(1343309657.5248809, '2F+\xb9')
(1343309657.524905, '2t-\xb9')
(1343309657.5249281, '2C8\xb9')
(1343309657.5256081, '2o\xc6\xb9')
(1343309657.5256469, '+')
(1343309657.528625, 'S\xb5\x1d\xba')
(1343309657.528661, '2f\x1f\xba')
(1343309657.528686, '2F,\xba')
(1343309657.5287099, '2t.\xba')
(1343309657.528733, '2C9\xba')
(1343309657.5335231, '2o\xc6\xba')
(1343309657.533561, '+')
(1343309657.534636, '2I\xf7\xba')
(1343309657.5346749, '2I\xfc\xba')
(1343309657.5365231, '\rL: 118\n')
(1343309657.5385981, '2Pw\xbb')
(1343309657.5394831, '2R\x96\xbb')
(1343309657.5395191, 'rIN')
(1343309657.5395451, 'rFR')
(1343309657.5405011, 'S\xb6\xb8\xbb')
(1343309657.5405359, '2f\xba\xbb')
(1343309657.541496, '2F\xc7\xbb')
(1343309657.541537, '2t\xc9\xbb')
(1343309657.541563, '2C\xd4\xbb')
(1343309657.5453451, '2ob\xbc')
(1343309657.5453801, '+')
(1343309657.547435, '\rL: 118\n')
(1343309657.5513771, '\rL: 118\n')
(1343309657.5544419, 'S\xb7n\xbd')
(1343309657.5544801, '2fp\xbd')
(1343309657.554508, '2F}\xbd')
(1343309657.5545321, '2t\x7f\xbd')
(1343309657.5553479, '2C\x8b\xbd')
(1343309657.559382, '2o\x18\xbe')
(1343309657.559418, '+')
(1343309657.562412, '\rL: 118\n')
(1343309657.5663581, '\rL: 118\n')
(1343309657.568372, '2I:\xbf')
(1343309657.5684071, 'S\xb8I\xbf')
(1343309657.568433, '2fK\xbf')
(1343309657.5693901, '2FX\xbf')
(1343309657.5694239, '2tZ\xbf')
(1343309657.5694489, '2Ce\xbf')
(1343309657.573436, '2o\xf2\xbf')
(1343309657.5734701, '+')
(1343309657.5744319, '2P\x06\xc0')
(1343309657.575413, '2R$\xc0')
(1343309657.5754499, 'rIN')
(1343309657.575474, 'rNU')
(1343309657.5783801, '\rL: 118\n')
(1343309657.580297, 'S\xb9\xd0\xc0')
(1343309657.580333, '2f\xd3\xc0')
(1343309657.5812769, '2F\xe0\xc0')
(1343309657.581311, '2t\xe2\xc0')
(1343309657.581336, '2!\xed\xc0')
(1343309657.5813589, '-')
(1343309657.581382, 'cr\xf1\xc0')
(1343309657.5823579, '\rL: 118\n')
(1343309657.587348, '\rL: 118\n')
(1343309657.59442, 'S\xb9\x04\xc2')
(1343309657.5944719, '2f\x07\xc2')
(1343309657.5945001, '2F\x13\xc2')
(1343309657.5945251, '2t\x15\xc2')
(1343309657.5945499, '2C \xc2')
(1343309657.604615, '2o\xae\xc2')
(1343309657.604671, '+')
(1343309657.604708, '\rL: 118\n')
(1343309657.6047471, 'S\xbaG\xc3')
(1343309657.6047721, '2fI\xc3')
(1343309657.6047959, '2FV\xc3')
(1343309657.6048191, '2tX\xc3')
(1343309657.6048419, '2!c\xc3')
(1343309657.6048639, '-')
(1343309657.604887, 'crf\xc3')
(1343309657.6049111, 'S\xba\xa3\xc3')
(1343309657.6049349, '2f\xa6\xc3')
(1343309657.604959, '2F\xb2\xc3')
(1343309657.6049819, '2t\xb5\xc3')
(1343309657.605005, '2!\xbf\xc3')
(1343309657.6050279, '-')
(1343309657.605051, 'cr\xc2\xc3')
(1343309657.6146021, 'S\xba\x1c\xc4')
(1343309657.6146441, '2f\x1e\xc4')
(1343309657.6146719, '2F+\xc4')
(1343309657.614696, '2t-\xc4')
(1343309657.6147201, '2C8\xc4')
(1343309657.614743, '2o\xc6\xc4')
(1343309657.6147659, '+')
(1343309657.614799, 'S\xbb\x1c\xc5')
(1343309657.6148241, '2f\x1f\xc5')
(1343309657.6148479, '2F+\xc5')
(1343309657.614871, '2t-\xc5')
(1343309657.6247079, '2C8\xc5')
(1343309657.624764, '2o\xc6\xc5')
(1343309657.6247921, '+')
(1343309657.624826, '2I\x19\xc6')
(1343309657.6248519, '2I\x1f\xc6')
(1343309657.624877, 'S\xbc"\xc6')
(1343309657.6249001, '2f$\xc6')
(1343309657.624923, '2F1\xc6')
(1343309657.6249461, '2t3\xc6')
(1343309657.62497, '2!>\xc6')
(1343309657.6249931, '-')
(1343309657.625016, 'crA\xc6')
(1343309657.6250391, '2PK\xc6')
(1343309657.6250629, '2Rj\xc6')
(1343309657.6250861, 'rIN')
(1343309657.625108, 'rFR')
(1343309657.643688, 'S\xbc\x9d\xc6')
(1343309657.6437409, '2f\xa0\xc6')
(1343309657.6437681, '2F\xac\xc6')
(1343309657.6437931, '2t\xae\xc6')
(1343309657.6438169, '2C\xb9\xc6')
(1343309657.6438401, '2oF\xc7')
(1343309657.643863, '+')
(1343309657.6438961, 'S\xbd\xa3\xc7')
(1343309657.6439221, '2f\xa6\xc7')
(1343309657.6439459, '2F\xb3\xc7')
(1343309657.6439691, '2t\xb5\xc7')
(1343309657.6439929, '2C\xbf\xc7')
(1343309657.644016, '2oM\xc8')
(1343309657.644038, '+')
(1343309657.6440699, 'S\xbe\x9d\xc8')
(1343309657.6440949, '2f\xa0\xc8')
(1343309657.644119, '2F\xac\xc8')
(1343309657.6441419, '2t\xae\xc8')
(1343309657.644166, '2C\xb9\xc8')
(1343309657.647126, '2oG\xc9')
(1343309657.647161, '+')
(1343309657.649981, '\rL: 118\n')
(1343309657.6519761, '2I\xf7\xc9')
(1343309657.6520131, 'S\xbf\x07\xca')
(1343309657.6529839, '2f\t\xca')
(1343309657.6530221, '2F\x16\xca')
(1343309657.653048, '2t\x18\xca')
(1343309657.6530721, '2C#\xca')
(1343309657.6579139, '2o\xb0\xca')
(1343309657.6579599, '+')
(1343309657.6579969, '2P\xc1\xca')
(1343309657.6589291, '2R\xdf\xca')
(1343309657.658967, 'rIN')
(1343309657.658993, 'rNU')
(1343309657.661912, '\rL: 118\n')
(1343309657.664881, 'S\xc0\x91\xcb')
(1343309657.6649179, '2f\x94\xcb')
(1343309657.6649439, '2F\xa1\xcb')
(1343309657.664968, '2t\xa3\xcb')
(1343309657.6649921, '2C\xae\xcb')
(1343309657.6698501, '2o;\xcc')
(1343309657.669883, '+')
(1343309657.6708419, '\rL: 118\n')
(1343309657.6759231, '\rL: 118\n')
(1343309657.67785, 'S\xc1S\xcd')
(1343309657.677892, '2fV\xcd')
(1343309657.679076, '2Ia\xcd')
(1343309657.6791141, '2Fe\xcd')
(1343309657.6791389, '2tg\xcd')
(1343309657.679162, '2Cr\xcd')
(1343309657.683831, '2o\xff\xcd')
(1343309657.6838779, '+')
(1343309657.683913, '2P\x13\xce')
(1343309657.684845, '2R0\xce')
(1343309657.684885, 'rIN')
(1343309657.6849091, 'rNU')
(1343309657.687911, '\rL: 118\n')
(1343309657.6908519, '\rL: 118\n')
(1343309657.6927929, '2I!\xcf')
(1343309657.6948791, '\rL: 118\n')
(1343309657.6959791, '2P\xa0\xcf')
(1343309657.69695, '2R\xbd\xcf')
(1343309657.696991, 'rIN')
(1343309657.6978199, 'rNU')
(1343309657.697855, 'S\xc2\xe1\xcf')
(1343309657.6987591, '2f\xe4\xcf')
(1343309657.6987929, '2F\xf0\xcf')
(1343309657.698818, '2t\xf3\xcf')
(1343309657.698842, '2C\xfd\xcf')
(1343309657.703836, '2o\x8b\xd0')
(1343309657.703871, '+')
(1343309657.706831, '\rL: 118\n')
(1343309657.7245171, '\rL: 118\n')
(1343309657.7245901, 'S\xc3\xa7\xd1')
(1343309657.7246189, '2f\xaa')
(1343309657.7246439, '\xd1')
(1343309657.724668, '2F\xb9\xd1')
(1343309657.7246921, '2t\xbb\xd1')
(1343309657.7247159, '2C\xc6\xd1')
(1343309657.7247391, '2oT\xd2')
(1343309657.724762, '+')
(1343309657.7247939, '2Pf\xd2')
(1343309657.724818, '2R\x85\xd2')
(1343309657.7248521, 'rIN')
(1343309657.7248759, 'rNU')
(1343309657.7249, 'S\xc4\xb1\xd2')
(1343309657.7249241, '2f\xb3\xd2')
(1343309657.7249479, '2F\xc0\xd2')
(1343309657.7249711, '2t\xc2\xd2')
(1343309657.7249949, '2C\xcd\xd2')
(1343309657.744447, '2oZ\xd3')
(1343309657.744498, '+')
(1343309657.744535, 'S\xc5\xa6\xd3')
(1343309657.744561, '2f\xa9\xd3')
(1343309657.744585, '2F\xb6\xd3')
(1343309657.7446091, '2t\xb8\xd3')
(1343309657.744632, '2!\xc2\xd3')
(1343309657.7446549, '-')
(1343309657.744678, 'cr\xc6\xd3')
(1343309657.7447021, 'S\xc5\x1c\xd4')
(1343309657.7447259, '2f\x1e\xd4')
(1343309657.7447491, '2F+\xd4')
(1343309657.744772, '2t-\xd4')
(1343309657.7447951, '2C8\xd4')
(1343309657.744818, '2o\xc6\xd4')
(1343309657.7448411, '+')
(1343309657.744873, 'S\xc6\x1c\xd5')
(1343309657.7448969, '2f\x1f\xd5')
(1343309657.74492, '2F+\xd5')
(1343309657.7449429, '2t-\xd5')
(1343309657.744966, '2C8\xd5')
(1343309657.7450759, '2o\xc6\xd5')
(1343309657.7451079, '+')
(1343309657.746552, 'S\xc7\x1d\xd6')
(1343309657.746592, '2f\x1f\xd6')
(1343309657.7475841, '2F,\xd6')
(1343309657.747623, '2t.\xd6')
(1343309657.747649, '2C9\xd6')
(1343309657.7524869, '2o\xc6\xd6')
(1343309657.752533, '+')
(1343309657.7554901, '\rL: ')
(1343309657.755532, '2I8\xd7')
(1343309657.7575171, '2P\x7f\xd7')
(1343309657.758507, '2R\x9e\xd7')
(1343309657.7585411, 'rIN')
(1343309657.7585659, 'rFR')
(1343309657.759486, 'S\xc8\xc0\xd7')
(1343309657.759506, '2f\xc3\xd7')
(1343309657.7605231, '2F\xcf\xd7')
(1343309657.760541, '2t\xd2\xd7')
(1343309657.7605529, '2C\xdd\xd7')
(1343309657.764545, '2oj\xd8')
(1343309657.7645819, '+')
(1343309657.766443, '\rL: 118\n')
(1343309657.7704861, '\rL: 118\n')
(1343309657.773416, 'S\xc9v\xd9')
(1343309657.7734511, '2fx\xd9')
(1343309657.7734759, '2F\x86\xd9')
(1343309657.7735, '2t\x88\xd9')
(1343309657.774487, '2C\x93\xd9')
(1343309657.7784109, '2o \xda')
(1343309657.7784431, '+')
(1343309657.781518, '\rL: 118\n')
(1343309657.7854869, '\rL: 118\n')
(1343309657.7874839, '2IB\xdb')
(1343309657.787518, 'S\xcaQ\xdb')
(1343309657.787544, '2fS\xdb')
(1343309657.788501, '2F`\xdb')
(1343309657.788533, '2tc\xdb')
(1343309657.788558, '2Cn\xdb')
(1343309657.7924781, '2o\xfb\xdb')
(1343309657.7925179, '+')
(1343309657.793474, '2P\x0f\xdc')
(1343309657.794436, '2R-\xdc')
(1343309657.794471, 'rIN')
(1343309657.7944961, 'rNU')
(1343309657.7974739, '\rL: 118\n')
(1343309657.8003819, '\rL: 118\n')
(1343309657.8013549, '2I\x1e\xdd')
(1343309657.8024211, '2P7\xdd')
(1343309657.8032501, '2RU\xdd')
(1343309657.8032849, 'rIN')
(1343309657.8033099, 'rNU')
(1343309657.8044381, 'S\xcby\xdd')
(1343309657.8044751, '2f{\xdd')
(1343309657.805279, '2F\x89\xdd')
(1343309657.805311, '2t\x8b\xdd')
(1343309657.805336, '2C\x96\xdd')
(1343309657.8092999, '2o#\xde')
(1343309657.8093369, '+')
(1343309657.8133061, '\rL: 118\n')
(1343309657.8242691, '\rL: 118\n')
(1343309657.824337, 'S\xcc7\xdf')
(1343309657.8243909, '2f9\xdf')
(1343309657.8244209, '2IF\xdf')
(1343309657.8244441, '2FI\xdf')
(1343309657.8244679, '2tK\xdf')
(1343309657.824491, '2CU\xdf')
(1343309657.8245151, '2o\xe3\xdf')
(1343309657.824538, '+')
(1343309657.8245709, '2P\xf6\xdf')
(1343309657.8445909, '2R\x15\xe0')
(1343309657.844636, 'rIN')
(1343309657.844662, 'rNU')
(1343309657.844687, 'S\xcd@\xe0')
(1343309657.8447111, '2fB\xe0')
(1343309657.8447349, '2FO\xe0')
(1343309657.844758, '2tQ\xe0')
(1343309657.8447809, '2C\\\xe0')
(1343309657.844805, '2o\xea\xe0')
(1343309657.8448269, '+')
(1343309657.844861, 'S\xce&\xe1')
(1343309657.8448851, '2f(\xe1')
(1343309657.844908, '2F5\xe1')
(1343309657.8449321, '2t7\xe1')
(1343309657.844955, '2CB\xe1')
(1343309657.8449781, '2o\xcf\xe1')
(1343309657.845001, '+')
(1343309657.8450329, 'S\xcf\x1c\xe2')
(1343309657.845058, '2f\x1f\xe2')
(1343309657.8450811, '2F+\xe2')
(1343309657.8451049, '2t-\xe2')
(1343309657.8451281, '2!8\xe2')
(1343309657.84515, '-')
(1343309657.8451741, 'cr<\xe2')
(1343309657.845197, 'S\xcf\x9d\xe2')
(1343309657.845319, '2f\x9f\xe2')
(1343309657.845351, '2F\xac\xe2')
(1343309657.845376, '2t\xae\xe2')
(1343309657.8453989, '2C\xb9\xe2')
(1343309657.8500381, '2oG\xe3')
(1343309657.8500719, '+')
(1343309657.8529689, '\rL: 118\n')
(1343309657.8569739, '\rL: 118\n')
(1343309657.860106, 'S\xd0\x90\xe4')
(1343309657.8601451, '2f\x93\xe4')
(1343309657.860172, '2F\x9f\xe4')
(1343309657.8601971, '2t\xa2\xe4')
(1343309657.8609691, '2C\xad\xe4')
(1343309657.8650761, '2o:\xe5')
(1343309657.865113, '+')
(1343309657.8659861, '\rL: 118\n')
(1343309657.8690269, 'S\xd1\xbb\xe5')
(1343309657.8690729, '2f\xbd\xe5')
(1343309657.8691001, '2F\xca\xe5')
(1343309657.8691239, '2t\xcc\xe5')
(1343309657.8699729, '2C\xd7\xe5')
(1343309657.8741109, '2od\xe6')
(1343309657.8741491, '+')
(1343309657.877872, '\rL: 118\n')
(1343309657.881017, '\rL: 118\n')
(1343309657.8839769, 'S\xd2\xa3\xe7')
(1343309657.884023, '2f\xa6\xe7')
(1343309657.8840511, '2F\xb2\xe7')
(1343309657.8840761, '2t\xb5\xe7')
(1343309657.8849521, '2C\xc0\xe7')
(1343309657.8889489, '2oM\xe8')
(1343309657.8889899, '+')
(1343309657.8919101, '\rL: 118\n')
(1343309657.913795, '\rL: 118\n')
(1343309657.9138479, '2I4\xe9')
(1343309657.9138761, '2I9\xe9')
(1343309657.913909, '2PO\xe9')
(1343309657.913933, '2Rn\xe9')
(1343309657.9139559, 'rIN')
(1343309657.9139781, 'rFR')
(1343309657.9140019, 'S\xd3\x8f\xe9')
(1343309657.914027, '2f\x91\xe9')
(1343309657.9140689, '2F\x9e\xe9')
(1343309657.9140971, '2t\xa0\xe9')
(1343309657.9141209, '2C\xab\xe9')
(1343309657.914145, '2o8\xea')
(1343309657.9141669, '+')
(1343309657.9141991, 'S\xd4\xa4\xea')
(1343309657.9142239, '2f\xa6\xea')
(1343309657.914247, '2F\xb3\xea')
(1343309657.9142711, '2t\xb5\xea')
(1343309657.914294, '2C\xc0\xea')
(1343309657.9143169, '2oM\xeb')
(1343309657.9143391, '+')
(1343309657.9341731, 'S\xd5\x9d\xeb')
(1343309657.934226, '2f\xa0\xeb')
(1343309657.934253, '2F\xac\xeb')
(1343309657.9342771, '2t\xae\xeb')
(1343309657.9343009, '2!\xb9\xeb')
(1343309657.934324, '-')
(1343309657.9343481, 'cr\xbd\xeb')
(1343309657.9343719, 'S\xd5\x1c\xec')
(1343309657.934396, '2f\x1f\xec')
(1343309657.9344201, '2F+\xec')
(1343309657.934444, '2t.\xec')
(1343309657.9344671, '2C9\xec')
(1343309657.93449, '2o\xc6\xec')
(1343309657.9345131, '+')
(1343309657.9345651, 'S\xd6\x1c\xed')
(1343309657.9345911, '2f\x1f\xed')
(1343309657.9346149, '2F+\xed')
(1343309657.934638, '2t-\xed')
(1343309657.9346609, '2C8\xed')
(1343309657.934684, '2o\xc6\xed')
(1343309657.9347069, '+')
(1343309657.934844, 'S\xd7\x1c\xee')
(1343309657.9348769, '2f\x1f\xee')
(1343309657.934902, '2F+\xee')
(1343309657.934926, '2t.\xee')
(1343309657.93572, '2!8\xee')
(1343309657.9357531, '-')
(1343309657.9357791, 'cr<\xee')
(1343309657.938689, 'S\xd7\x9e\xee')
(1343309657.938724, '2f\xa0\xee')
(1343309657.93875, '2F\xad\xee')
(1343309657.9387729, '2t\xaf\xee')
(1343309657.939714, '2C\xba\xee')
(1343309657.943639, '2oG\xef')
(1343309657.943682, '+')
(1343309657.9466479, '\rL: 118\n')
(1343309657.9497571, 'S\xd8\x15\xf0')
(1343309657.9498, '2f\x17\xf0')
(1343309657.950644, '2F$\xf0')
(1343309657.9506791, '2t&\xf0')
(1343309657.9507041, '2C1\xf0')
(1343309657.95472, '2o\xbe\xf0')
(1343309657.954762, '+')
(1343309657.956604, '\rL: 118\n')
(1343309657.9607639, '\rL: ')
(1343309657.9608009, '2Iw\xf1')
(1343309657.9625909, '2P\xb2\xf1')
(1343309657.9635551, '2R\xd0\xf1')
(1343309657.963589, 'rIN')
(1343309657.963613, 'rFR')
(1343309657.9646339, 'S\xd9\xf0\xf1')
(1343309657.9646571, '2f\xf2\xf1')
(1343309657.9646699, '2F\xff\xf1')
(1343309657.9646821, '2t\x02\xf2')
(1343309657.965553, '2C\r\xf2')
(1343309657.969486, '2o\x9a\xf2')
(1343309657.9695139, '+')
(1343309657.9725261, '\rL: 118\n')
(1343309657.9765201, '\rL: 118\n')
(1343309657.978456, '2I\xbb\xf3')
(1343309657.979533, 'S\xda\xd7\xf3')
(1343309657.9795561, '2f\xd9\xf3')
(1343309657.979568, '2F\xe6\xf3')
(1343309657.9795799, '2t\xe8\xf3')
(1343309657.9795921, '2C\xf3\xf3')
(1343309657.9845951, '2o\x81\xf4')
(1343309657.9846201, '+')
(1343309657.9846411, '2P\x93\xf4')
(1343309657.9855061, '2R\xb1\xf4')
(1343309657.9855249, 'rIN')
(1343309657.9863839, 'rNU')
(1343309657.9884751, '\rL: 118\n')
(1343309657.991462, '\rL: 118\n')
(1343309658.0043981, '2I\xa2\xf5')
(1343309658.004437, '\rL: 118\n')
(1343309658.004492, '2P\x13\xf6')
(1343309658.004518, '2R0\xf6')
(1343309658.0045409, 'rIN')
(1343309658.004565, 'rNU')
(1343309658.0045879, 'S\xdbU\xf6')
(1343309658.0046129, '2fW\xf6')
(1343309658.004636, '2Fd\xf6')
(1343309658.0046589, '2tf\xf6')
(1343309658.0046811, '2Cq\xf6')
(1343309658.004705, '2o\xff\xf6')
(1343309658.004729, '+')
(1343309658.0151141, 'S\xdc\xa4\xf7')
(1343309658.015151, '2f\xa6\xf7')
(1343309658.015177, '2F\xb3\xf7')
(1343309658.0151999, '2t\xb5\xf7')
(1343309658.015224, '2!\xc0\xf7')
(1343309658.0152459, '-')
(1343309658.01527, 'cr\xc3\xf7')
(1343309658.0152941, 'S\xdc\x1c\xf8')
(1343309658.015317, '2f\x1e\xf8')
(1343309658.015341, '2F+\xf8')
(1343309658.015363, '2t-\xf8')
(1343309658.0153861, '2C8\xf8')
(1343309658.0260079, '2o\xc6\xf8')
(1343309658.0260651, '+')
(1343309658.026103, 'S\xdd\x1c\xf9')
(1343309658.026129, '2f\x1f\xf9')
(1343309658.026154, '2F+\xf9')
(1343309658.0261769, '2t.\xf9')
(1343309658.0262001, '2C8\xf9')
(1343309658.0262229, '2o\xc6\xf9')
(1343309658.0262461, '+')
(1343309658.04442, 'S\xde\x1c\xfa')
(1343309658.044466, '2f\x1f\xfa')
(1343309658.0444939, '2F+\xfa')
(1343309658.044518, '2t-\xfa')
(1343309658.0445409, '2!8\xfa')
(1343309658.044564, '-')
(1343309658.0445881, 'cr<\xfa')
(1343309658.0446129, 'S\xde\x9d\xfa')
(1343309658.044637, '2f\x9f\xfa')
(1343309658.044661, '2F\xac\xfa')
(1343309658.0446839, '2t\xae\xfa')
(1343309658.044708, '2C\xb9\xfa')
(1343309658.0447309, '2oG\xfb')
(1343309658.044754, '+')
(1343309658.0447879, 'S\xdf\xa4\xfb')
(1343309658.0448129, '2f\xa6\xfb')
(1343309658.044837, '2F\xb3\xfb')
(1343309658.0448599, '2t\xb5\xfb')
(1343309658.044884, '2C\xbf\xfb')
(1343309658.064276, '2oM\xfc')
(1343309658.064338, '+')
(1343309658.064405, '2I\x1f\xfd')
(1343309658.0644369, '2P"\xfd')
(1343309658.0644619, '2RC\xfd')
(1343309658.064486, 'rIN')
(1343309658.0645089, 'rFR')
(1343309658.064533, '2PJ\xfd')
(1343309658.0645571, '2RP\xfd')
(1343309658.06458, 'rIN')
(1343309658.064604, 'rFR')
(1343309658.1864519, '2I\xd4\x0c')
(1343309658.186518, '2P\xd7\x0c')
(1343309658.1865461, '2R\xe1\x0c')
(1343309658.186573, '2S\x1e\x00\x00\x18\xb1\xe3\x0c')
(1343309658.5435741, '2I\xf99')
(1343309658.5436261, '2P\xfc9')
(1343309658.543653, '2R\x18:')
(1343309658.5436759, 'rIN')
(1343309658.5437, 'D\xa1 :')
(1343309658.5437231, 'ci":')
(1343309660.1843491, '2I\xd9\x0c')
(1343309660.1844089, '2P\xdc\x0c')
(1343309660.184438, '2R\xe6\x0c')
(1343309660.1844649, '2S\x1e\x00\x00\x18\xb3\xe8\x0c')
