(1343309634.261859, '\rL: 2\n')
(1343309634.269761, '\rGot configuration message of type I\n')
(1343309634.284566, '\rL: 48\n')
(1343309635.201767, '2I5\x18')
(1343309635.20184, '2P9\x18')
(1343309635.211666, '2RB\x18')
(1343309635.211733, '2S\x1e\x00\x00\x18\x9aE\x18')
(1343309635.941659, '2IWw')
(1343309635.941739, '2P[w')
(1343309635.951695, '2Rrw')
(1343309635.951748, 'rIN')
(1343309635.951787, 'Dzzw')
(1343309635.951823, 'ci|w')
(1343309635.951875, 'S^\xf3w')
(1343309635.951898, '2f\xf5w')
(1343309635.95192, '2F\xfew')
(1343309635.951941, '2t\x01x')
(1343309635.951962, '2C\x0cx')
(1343309635.951983, '2oix')
(1343309635.952002, '+')
(1343309636.199306, '2I4\x98')
(1343309636.199373, '2P8\x98')
(1343309636.211588, '2RA\x98')
(1343309636.211627, '2S\x1e\x00\x00\x18\x9bC\x98')
(1343309637.181852, '2I3\x18')
(1343309637.181906, '2P7\x18')
(1343309637.189216, '2R@\x18')
(1343309637.189276, '2S\x1e\x00\x00\x18\x9cB\x18')
(1343309638.181867, '2I2\x98')
(1343309638.190975, '2P6\x98')
(1343309638.191052, '2R?\x98')
(1343309638.191141, '2S\x1e\x00\x00\x18\x9dA\x98')
(1343309638.292783, '\rL: 48\n')
(1343309639.189836, '2I0\x18')
(1343309639.199541, '2P4\x18')
(1343309639.209048, '2R>\x18')
(1343309639.209107, '2S\x1e\x00\x00\x18\x9e@\x18')
(1343309639.941605, 'S_"x')
(1343309639.941645, '2f%x')
(1343309639.950666, '2F/x')
(1343309639.950721, '2t2x')
(1343309639.960655, '2C=x')
(1343309639.960695, '2o\xb8x')
(1343309639.960718, '+')
(1343309639.960739, '2I\xc8y')
(1343309639.96076, '2P\xccy')
(1343309639.960781, '2R\xdfy')
(1343309639.960801, 'rIN')
(1343309639.960823, 'D\xd1\xe7y')
(1343309639.960844, 'ci\xe9y')
(1343309640.061876, 'S`\xcc\x88')
(1343309640.061932, '2f\xcf\x88')
(1343309640.069181, '2F\xd6\x88')
(1343309640.069218, '2t\xd9\x88')
(1343309640.069242, '2C\xe4\x88')
(1343309640.069778, '2o7\x89')
(1343309640.069811, '+')
(1343309640.082091, '2I%\x8a')
(1343309640.082091, '2P)\x8a')
(1343309640.082091, '2R:\x8a')
(1343309640.082091, 'rIN')
(1343309640.082091, 'D{B\x8a')
(1343309640.082091, 'ciD\x8a')
(1343309640.181885, '2I/\x98')
(1343309640.20061, '2P3\x98')
(1343309640.200645, '2R<\x98')
(1343309640.200671, '2S\x1e\x00\x00\x18\x9f?\x98')
(1343309641.109891, 'Sa\xc8\x0e')
(1343309641.109947, '2f\xcb\x0e')
(1343309641.121842, '2F\xd3\x0e')
(1343309641.121879, '2t\xd6\x0e')
(1343309641.121903, '2C\xe1\x0e')
(1343309641.121925, '2o>\x0f')
(1343309641.121946, '+')
(1343309641.181848, '2I.\x18')
(1343309641.181903, '2P2\x18')
(1343309641.189909, '2R;\x18')
(1343309641.189948, '2S\x1e\x00\x00\x18\xa0>\x18')
(1343309642.201211, '2I-\x98')
(1343309642.201278, '2P1\x98')
(1343309642.209537, '2R:\x98')
(1343309642.209595, '2S\x1e\x00\x00\x18\xa1=\x98')
(1343309642.309565, '\rL: 48\n')
(1343309642.389835, '2IH\xb1')
(1343309642.389889, '2PL\xb1')
(1343309642.401837, '2Rc\xb1')
(1343309642.401872, 'rIN')
(1343309642.401895, 'D\xd2k\xb1')
(1343309642.401917, 'cim\xb1')
(1343309643.1825, '2I,\x18')
(1343309643.18256, '2P0\x18')
(1343309643.190834, '2R9\x18')
(1343309643.190876, '2S\x1e\x00\x00\x18\xa2<\x18')
(1343309643.619188, '2I\xc1M')
(1343309643.621862, '2P\xc5M')
(1343309643.630439, '2R\xdcM')
(1343309643.630474, 'rIN')
(1343309643.630497, 'D|\xe4M')
(1343309643.630518, 'ci\xe6M')
(1343309644.139141, '2I\xbc\x90')
(1343309644.139233, '2P\xc0\x90')
(1343309644.141901, '2R\xd1\x90')
(1343309644.141937, 'rIN')
(1343309644.14196, 'D}\xd9\x90')
(1343309644.141982, 'ci\xdc\x90')
(1343309644.142013, 'Sb0\x91')
(1343309644.142035, '2f3\x91')
(1343309644.142056, '2F:\x91')
(1343309644.142077, '2t=\x91')
(1343309644.142098, '2CH\x91')
(1343309644.142119, '2o\x9b\x91')
(1343309644.14214, '+')
(1343309644.181859, '2I+\x98')
(1343309644.181914, '2P/\x98')
(1343309644.189956, '2R8\x98')
(1343309644.189996, '2S\x1e\x00\x00\x18\xa3:\x98')
(1343309644.990281, '2I\xc6\xfc')
(1343309644.99903, '2P\xca\xfc')
(1343309645.001938, '2R\xdb\xfc')
(1343309645.001973, 'rIN')
(1343309645.001996, 'D\xd3\xe3\xfc')
(1343309645.002019, 'ci\xe6\xfc')
(1343309645.00205, 'Sc=\xfd')
(1343309645.002072, '2f?\xfd')
(1343309645.002093, '2FG\xfd')
(1343309645.002114, '2tI\xfd')
(1343309645.002149, '2CT\xfd')
(1343309645.00217, '2o\xa7\xfd')
(1343309645.002191, '+')
(1343309645.181856, '2I*\x18')
(1343309645.181915, '2P-\x18')
(1343309645.18982, '2R7\x18')
(1343309645.18986, '2S\x1e\x00\x00\x18\xa49\x18')
(1343309646.141865, 'Sd\xa9\x92')
(1343309646.14192, '2f\xab\x92')
(1343309646.141944, '2F\xb6\x92')
(1343309646.141966, '2t\xb8\x92')
(1343309646.14927, '2C\xc3\x92')
(1343309646.149898, '2o?\x93')
(1343309646.149931, '+')
(1343309646.181916, '2I(\x98')
(1343309646.18588, '2P,\x98')
(1343309646.18989, '2R5\x98')
(1343309646.18993, '2S\x1e\x00\x00\x18\xa58\x98')
(1343309647.181862, "2I'\x18")
(1343309647.181917, '2P+\x18')
(1343309647.191055, '2R4\x18')
(1343309647.191118, '2S\x1e\x00\x00\x18\xa67\x18')
(1343309648.181852, '2I&\x98')
(1343309648.181946, '2P*\x98')
(1343309648.189812, '2R3\x98')
(1343309648.189852, '2S\x1e\x00\x00\x18\xa76\x98')
(1343309649.061767, 'Se\xcd\x06')
(1343309649.06184, '2f\xd0\x06')
(1343309649.069947, '2F\xd7\x06')
(1343309649.069994, '2t\xda\x06')
(1343309649.070018, '2C\xe5\x06')
(1343309649.07004, '2o8\x07')
(1343309649.070061, '+')
(1343309649.073861, '2I\x15\x08')
(1343309649.073907, '2P\x19\x08')
(1343309649.073931, '2R*\x08')
(1343309649.073952, 'rIN')
(1343309649.073973, 'D\xd42\x08')
(1343309649.073995, 'ci5\x08')
(1343309649.18185, '2I%\x18')
(1343309649.181904, '2P)\x18')
(1343309649.189282, '2R2\x18')
(1343309649.189322, '2S\x1e\x00\x00\x18\xa85\x18')
(1343309650.181859, '2I$\x98')
(1343309650.189181, '2P(\x98')
(1343309650.189847, '2R1\x98')
(1343309650.189884, '2S\x1e\x00\x00\x18\xa93\x98')
(1343309651.061829, '2IF\x07')
(1343309651.069163, '2PJ\x07')
(1343309651.069892, '2R]\x07')
(1343309651.069925, 'rIN')
(1343309651.069948, 'D\xd5e\x07')
(1343309651.06997, 'cig\x07')
(1343309651.070001, 'Sf\xc3\x07')
(1343309651.070023, '2f\xc6\x07')
(1343309651.070045, '2F\xce\x07')
(1343309651.070067, '2t\xd1\x07')
(1343309651.070089, '2C\xdc\x07')
(1343309651.07011, '2o9\x08')
(1343309651.07013, '+')
(1343309651.181879, '2I#\x18')
(1343309651.181935, "2P'\x18")
(1343309651.202709, '2R0\x18')
(1343309651.202751, '2S\x1e\x00\x00\x18\xaa2\x18')
(1343309652.18185, '2I"\x98')
(1343309652.181905, '2P&\x98')
(1343309652.189818, '2R/\x98')
(1343309652.189909, '2S\x1e\x00\x00\x18\xab1\x98')
(1343309652.205807, '2IG\x9b')
(1343309652.205844, '2PK\x9b')
(1343309652.223013, '2Rb\x9b')
(1343309652.223067, 'rIN')
(1343309652.223102, 'D\xd6j\x9b')
(1343309652.223124, 'cil\x9b')
(1343309653.00189, 'Sg\xc8\x00')
(1343309653.001946, '2f\xcb\x00')
(1343309653.00197, '2F\xd3\x00')
(1343309653.001992, '2t\xd6\x00')
(1343309653.002015, '2C\xe1\x00')
(1343309653.009774, '2o>\x01')
(1343309653.009809, '+')
(1343309653.141847, '2I\x1d\x13')
(1343309653.165809, '2P!\x13')
(1343309653.171845, '2R;\x13')
(1343309653.171884, 'rIN')
(1343309653.171907, 'D~C\x13')
(1343309653.171929, 'ciE\x13')
(1343309653.171961, 'Sh\x97\x13')
(1343309653.171984, '2f\x9a\x13')
(1343309653.172005, '2F\xa5\x13')
(1343309653.172026, '2t\xa8\x13')
(1343309653.172048, '2C\xb3\x13')
(1343309653.172069, '2o@\x14')
(1343309653.172089, '+')
(1343309653.172116, '2I(\x15')
(1343309653.172137, '2P,\x15')
(1343309653.172158, '2RC\x15')
(1343309653.172178, 'rIN')
(1343309653.172198, 'D\x7fK\x15')
(1343309653.17222, 'ciM\x15')
(1343309653.183308, '2I \x18')
(1343309653.183344, '2P$\x18')
(1343309653.189812, '2R.\x18')
(1343309653.189864, '2S\x1e\x00\x00\x18\xac0\x18')
(1343309654.181849, '2I\x1f\x98')
(1343309654.181907, '2P#\x98')
(1343309654.189479, '2R,\x98')
(1343309654.189548, '2S\x1e\x00\x00\x18\xad/\x98')
(1343309655.181867, '2I\x1e\x18')
(1343309655.201627, '2P"\x18')
(1343309655.201711, '2R+\x18')
(1343309655.201761, '2S\x1e\x00\x00\x18\xae.\x18')
(1343309656.201778, '2I\x1d\x98')
(1343309656.201849, '2P!\x98')
(1343309656.213976, '2R*\x98')
(1343309656.213976, '2S\x1e\x00\x00\x18\xaf-\x98')
(1343309656.90155, '2IC\xf3')
(1343309656.901608, '2PF\xf3')
(1343309656.909781, '2Ra\xf3')
(1343309656.909816, 'rIN')
(1343309656.913895, 'D\x80h\xf3')
(1343309656.913931, 'cik\xf3')
(1343309656.913964, 'Si\xbd\xf3')
(1343309656.914001, '2f\xbf\xf3')
(1343309656.914024, '2F\xcb\xf3')
(1343309656.914046, '2t\xcd\xf3')
(1343309656.914068, '2C\xd8\xf3')
(1343309656.914089, '2of\xf4')
(1343309656.91411, '+')
(1343309656.914137, '2I\xd2\xf5')
(1343309656.919879, '2P\xd5\xf5')
(1343309656.919915, '2R\xf0\xf5')
(1343309656.919938, 'rIN')
(1343309656.91996, 'D\x81\xf7\xf5')
(1343309656.919982, 'ci\xfa\xf5')
(1343309656.921864, 'SjJ\xf6')
(1343309656.9219, '2fM\xf6')
(1343309656.921923, '2FX\xf6')
(1343309656.921945, '2t[\xf6')
(1343309656.921966, '2Cf\xf6')
(1343309656.934211, '2o\xf4\xf6')
(1343309656.934211, '+')
(1343309656.934211, '2Ij\xf8')
(1343309656.938044, '2Pn\xf8')
(1343309656.938087, '2R\x89\xf8')
(1343309656.93811, 'rIN')
(1343309656.938131, 'D\x82\x91\xf8')
(1343309656.938154, 'ci\x93\xf8')
(1343309656.938184, 'Sk\xe4\xf8')
(1343309656.938206, '2f\xe6\xf8')
(1343309656.938297, '2F\xf2\xf8')
(1343309656.938324, '2t\xf4\xf8')
(1343309656.938346, '2C\xff\xf8')
(1343309656.941837, '2o\x8d\xf9')
(1343309656.94187, '+')
(1343309656.961725, '2I\x92\xfa')
(1343309656.961785, '2P\x96\xfa')
(1343309656.9765, '2R\xb0\xfa')
(1343309656.976565, 'rIN')
(1343309656.976608, 'D\x83\xb8\xfa')
(1343309656.97665, 'ci\xba\xfa')
(1343309656.9767, 'Sl\x0b\xfb')
(1343309656.976843, '2f\r\xfb')
(1343309656.976866, '2F\x1a\xfb')
(1343309656.976887, '2t\x1c\xfb')
(1343309656.976909, "2!'\xfb")
(1343309656.976929, '-')
(1343309656.97695, 'cr+\xfb')
(1343309656.976972, 'Sl\x98\xfb')
(1343309656.976994, '2f\x9a\xfb')
(1343309656.977015, '2F\xa6\xfb')
(1343309656.977036, '2t\xa8\xfb')
(1343309656.977058, '2C\xb3\xfb')
(1343309656.977079, '2oA\xfc')
(1343309656.977099, '+')
(1343309656.977292, '2I\t\xfd')
(1343309656.977321, '2P\r')
(1343309656.977342, '\xfd')
(1343309656.977364, '2R,\xfd')
(1343309656.977384, 'rIN')
(1343309656.977402, 'rFR')
(1343309656.977422, '2P3\xfd')
(1343309656.977443, '2R9\xfd')
(1343309656.977463, 'rIN')
(1343309656.977482, 'rFR')
(1343309656.981834, '2I\x11\xfe')
(1343309656.981869, '2P\x14\xfe')
(1343309656.981892, '2R/\xfe')
(1343309656.981913, 'rIN')
(1343309656.981933, 'D\x866\xfe')
(1343309656.981955, 'ci9\xfe')
(1343309656.991631, 'Sm\x89\xfe')
(1343309656.991683, '2f\x8c\xfe')
(1343309656.991718, '2F\x97\xfe')
(1343309656.99174, '2t\x9a\xfe')
(1343309656.991762, '2C\xa5\xfe')
(1343309657.00162, '2o3\xff')
(1343309657.001679, '+')
(1343309657.006676, '2I \x00')
(1343309657.006926, '2P$\x00')
(1343309657.007193, '2R?\x00')
(1343309657.007238, 'rIN')
(1343309657.007277, 'D\x87F\x00')
(1343309657.007315, 'ciI\x00')
(1343309657.007361, 'Sn\x9b\x00')
(1343309657.007399, '2f\x9d\x00')
(1343309657.007436, '2F\xa9\x00')
(1343309657.007473, '2t\xab\x00')
(1343309657.007509, '2C\xb6\x00')
(1343309657.007544, '2oD\x01')
(1343309657.007575, '+')
(1343309657.02171, '2I)\x02')
(1343309657.021779, '2P-\x02')
(1343309657.021875, '2RH\x02')
(1343309657.021905, 'rIN')
(1343309657.021927, 'D\x88O\x02')
(1343309657.021949, 'ciR\x02')
(1343309657.031644, 'So\xa4\x02')
(1343309657.031681, '2f\xa6\x02')
(1343309657.031705, '2F\xb2\x02')
(1343309657.031728, '2t\xb4\x02')
(1343309657.031749, '2C\xbf\x02')
(1343309657.033964, '2oM\x03')
(1343309657.033964, '+')
(1343309657.033964, '2I\xf6\x03')
(1343309657.033988, '2P\xfa\x03')
(1343309657.037855, '2R\x15\x04')
(1343309657.037892, 'rIN')
(1343309657.037916, 'D\x89\x1d\x04')
(1343309657.037939, 'ci\x1f\x04')
(1343309657.037969, 'Spo\x04')
(1343309657.03799, '2fq\x04')
(1343309657.038011, '2F}\x04')
(1343309657.038033, '2t\x7f\x04')
(1343309657.038055, '2C\x8b\x04')
(1343309657.038077, '2o\x19\x05')
(1343309657.038097, '+')
(1343309657.049234, '2I\x10\x06')
(1343309657.049285, '2P\x14\x06')
(1343309657.049309, '2R/\x06')
(1343309657.04933, 'rIN')
(1343309657.049351, 'D\x8b6\x06')
(1343309657.049373, 'ci9\x06')
(1343309657.071918, 'Sq\x89\x06')
(1343309657.071958, '2f\x8c\x06')
(1343309657.071982, '2F\x99\x06')
(1343309657.072005, '2t\x9b\x06')
(1343309657.072027, '2!\xa6\x06')
(1343309657.072047, '-')
(1343309657.072069, 'cr\xaa\x06')
(1343309657.072091, 'Sq\x16\x07')
(1343309657.072113, '2f\x19\x07')
(1343309657.072144, '2F$\x07')
(1343309657.072166, "2t'\x07")
(1343309657.072187, '2C2\x07')
(1343309657.072209, '2o\xc0\x07')
(1343309657.07223, '+')
(1343309657.072257, '2I"\t')
(1343309657.077852, '2P')
(1343309657.077894, '&\t')
(1343309657.077915, '2RE\t')
(1343309657.077935, 'rIN')
(1343309657.077954, 'rFR')
(1343309657.077973, '2PM\t')
(1343309657.077992, '2RR\t')
(1343309657.078011, 'rIN')
(1343309657.07803, 'rFR')
(1343309657.078049, '2IZ\n')
(1343309657.078068, '2P^\n')
(1343309657.081817, '2Rx\n')
(1343309657.081835, 'rIN')
(1343309657.08185, 'D\x8e\x81\n')
(1343309657.08186, 'ci\x83\n')
(1343309657.081876, 'Sr\xd4\n')
(1343309657.081886, '2f\xd6\n')
(1343309657.081896, '2F\xe2\n')
(1343309657.081906, '2t\xe4\n')
(1343309657.081916, '2C\xef\n')
(1343309657.089859, '2o}\x0b')
(1343309657.099956, '+')
(1343309657.10001, '2In\x0c')
(1343309657.100034, '2Pr\x0c')
(1343309657.100056, '2R\x8d\x0c')
(1343309657.100077, 'rIN')
(1343309657.100098, 'D\x8f\x95\x0c')
(1343309657.100121, 'ci\x97\x0c')
(1343309657.105863, 'Ss\xe8\x0c')
(1343309657.105906, '2f\xea\x0c')
(1343309657.10593, '2F\xf6\x0c')
(1343309657.105952, '2t\xf8\x0c')
(1343309657.105974, '2C\x03\r')
(1343309657.109714, '2o\x91\r')
(1343309657.109731, '+')
(1343309657.120051, '2I$\x0e')
(1343309657.120097, '2P(\x0e')
(1343309657.120121, '2RB\x0e')
(1343309657.120141, 'rIN')
(1343309657.120163, 'D\x90J\x0e')
(1343309657.120185, 'ciM\x0e')
(1343309657.120215, 'St\xa0\x0e')
(1343309657.120237, '2f\xa2\x0e')
(1343309657.120259, '2F\xae\x0e')
(1343309657.120281, '2t\xb0\x0e')
(1343309657.120303, '2!\xbb\x0e')
(1343309657.120323, '-')
(1343309657.120344, 'cr\xbf\x0e')
(1343309657.120366, 'St\x16\x0f')
(1343309657.120387, '2f\x19\x0f')
(1343309657.120408, '2F$\x0f')
(1343309657.120429, "2t'\x0f")
(1343309657.120451, '2C2\x0f')
(1343309657.121904, '2o\xc0\x0f')
(1343309657.121939, '+')
(1343309657.129914, '2Io\x10')
(1343309657.129949, '2Ps')
(1343309657.129971, '\x10')
(1343309657.129994, '2R\x93\x10')
(1343309657.130014, 'rIN')
(1343309657.130034, 'rFR')
(1343309657.130055, '2P\xa1\x10')
(1343309657.130076, '2R\xa6\x10')
(1343309657.130097, 'rIN')
(1343309657.130116, 'rFR')
(1343309657.133804, '2I\x9d\x11')
(1343309657.137868, '2P\xa1\x11')
(1343309657.137907, '2R\xbb\x11')
(1343309657.13793, 'rIN')
(1343309657.137952, 'D\x93\xc3\x11')
(1343309657.137974, 'ci\xc5\x11')
(1343309657.141939, 'Su\x17\x12')
(1343309657.141978, '2f\x1a\x12')
(1343309657.142001, '2F%\x12')
(1343309657.142023, '2t(\x12')
(1343309657.142045, '2!2\x12')
(1343309657.142065, '-')
(1343309657.142086, 'cr6\x12')
(1343309657.142107, 'Su\x97\x12')
(1343309657.142129, '2f\x9a\x12')
(1343309657.142151, '2F\xa5\x12')
(1343309657.142172, '2t\xa8\x12')
(1343309657.142194, '2C\xb3\x12')
(1343309657.149824, '2oA\x13')
(1343309657.149859, '+')
(1343309657.159719, '2I\xeb\x13')
(1343309657.159768, '2P\xee')
(1343309657.159845, '\x13')
(1343309657.159869, '2R\x0e\x14')
(1343309657.15989, 'rIN')
(1343309657.15991, 'rFR')
(1343309657.15993, '2P\x1e\x14')
(1343309657.159952, '2R$\x14')
(1343309657.159972, 'rIN')
(1343309657.159991, 'rFR')
(1343309657.176374, '2I\xf6\x15')
(1343309657.176425, '2P\xf9\x15')
(1343309657.181879, '2R\x15\x16')
(1343309657.181916, 'rIN')
(1343309657.181939, 'D\x96\x1c\x16')
(1343309657.181962, 'ci\x1f\x16')
(1343309657.181992, 'Svn\x16')
(1343309657.182014, '2fq\x16')
(1343309657.182035, '2F|\x16')
(1343309657.182056, '2t\x7f\x16')
(1343309657.182078, '2C\x8b\x16')
(1343309657.1821, '2o\x18\x17')
(1343309657.18212, '+')
(1343309657.182147, '2I\x1c\x18')
(1343309657.191666, '2P \x18')
(1343309657.201687, '2R)\x18')
(1343309657.201745, '2S\x1e\x00\x00\x18\xb0+\x18')
(1343309657.207077, '2I!\x19')
(1343309657.207142, '2P%\x19')
(1343309657.207193, '2R?\x19')
(1343309657.20724, 'rIN')
(1343309657.207285, 'D\x97G\x19')
(1343309657.20733, 'ciI\x19')
(1343309657.207383, 'Sw\x9b\x19')
(1343309657.207427, '2f\x9e\x19')
(1343309657.207468, '2F\xa9\x19')
(1343309657.207509, '2t\xac\x19')
(1343309657.207549, '2C\xb7\x19')
(1343309657.207588, '2oE\x1a')
(1343309657.207658, '+')
(1343309657.207704, '2I\x10\x1b')
(1343309657.207754, '2P\x14\x1b')
(1343309657.207792, '2R.\x1b')
(1343309657.207828, 'rIN')
(1343309657.207863, 'D\x986\x1b')
(1343309657.208026, 'ci8\x1b')
(1343309657.220319, 'Sx\x89\x1b')
(1343309657.220375, '2f\x8c\x1b')
(1343309657.220415, '2F\x98\x1b')
(1343309657.220448, '2t\x9a\x1b')
(1343309657.22047, '2!\xa5\x1b')
(1343309657.220491, '-')
(1343309657.220512, 'cr\xa9\x1b')
(1343309657.220534, 'Sx\x16\x1c')
(1343309657.220555, '2f\x19\x1c')
(1343309657.221883, '2F$\x1c')
(1343309657.221919, "2t'\x1c")
(1343309657.221942, '2C2\x1c')
(1343309657.229081, '2o\xbf\x1c')
(1343309657.229126, '+')
(1343309657.229852, '2I\x83\x1d')
(1343309657.229886, '2I\x88\x1d')
(1343309657.229909, '2P\x90\x1d')
(1343309657.2341, '2R\xac\x1d')
(1343309657.2341, 'rIN')
(1343309657.2341, 'rFR')
(1343309657.2341, '2I\x97\x1e')
(1343309657.234109, '2P\x9a\x1e')
(1343309657.234141, '2R\xb5\x1e')
(1343309657.234162, 'rIN')
(1343309657.237978, 'D\x9b\xbc\x1e')
(1343309657.238028, 'ci\xbf\x1e')
(1343309657.238062, 'Sy\x0f\x1f')
(1343309657.238084, '2f\x13\x1f')
(1343309657.238144, '2F\x1e\x1f')
(1343309657.238172, '2t!\x1f')
(1343309657.238194, '2!,\x1f')
(1343309657.238214, '-')
(1343309657.238234, 'cr0\x1f')
(1343309657.241859, 'Sy\x97\x1f')
(1343309657.241897, '2f\x9a\x1f')
(1343309657.24192, '2F\xa5\x1f')
(1343309657.241942, '2t\xa8\x1f')
(1343309657.241963, '2C\xb3\x1f')
(1343309657.259986, '2o@ ')
(1343309657.260038, '+')
(1343309657.260088, '2I\x1f!')
(1343309657.261936, '2P')
(1343309657.261969, '#!')
(1343309657.26199, '2RB!')
(1343309657.26201, 'rIN')
(1343309657.262028, 'rFR')
(1343309657.262047, '2PI!')
(1343309657.262067, '2RO!')
(1343309657.262085, 'rIN')
(1343309657.262105, 'rFR')
(1343309657.274737, '2I\xea"')
(1343309657.2748, '2P\xee"')
(1343309657.274848, '2R\t#')
(1343309657.274923, 'rIN')
(1343309657.274967, 'D\x9e\x11#')
(1343309657.27501, 'ci\x13#')
(1343309657.275059, 'Szc#')
(1343309657.275098, '2fe#')
(1343309657.275136, '2Fq#')
(1343309657.275172, '2ts#')
(1343309657.275208, '2C~#')
(1343309657.277978, '2o\x0c$')
(1343309657.278012, '+')
(1343309657.281809, '2I\xc6$')
(1343309657.281835, '2P\xca$')
(1343309657.289494, '2R\xe4$')
(1343309657.289535, 'rIN')
(1343309657.289556, 'D\x9f\xec$')
(1343309657.289577, 'ci\xee$')
(1343309657.289889, 'S{>%')
(1343309657.289916, '2fA%')
(1343309657.30304, '2FL%')
(1343309657.303107, '2tO%')
(1343309657.303161, '2CZ%')
(1343309657.303215, '2o\xe8%')
(1343309657.303265, '+')
(1343309657.303322, '2I\xe1&')
(1343309657.306673, '2P\xe5&')
(1343309657.306734, '2R\xff&')
(1343309657.30678, 'rIN')
(1343309657.306824, "D\xa0\x08'")
(1343309657.306867, "ci\n'")
(1343309657.306915, "S|Z'")
(1343309657.306955, "2f\\'")
(1343309657.306993, "2Fh'")
(1343309657.30703, "2tj'")
(1343309657.307066, "2Cu'")
(1343309657.307104, '2o\x03(')
(1343309657.307142, '+')
(1343309657.309841, '2I\xa0(')
(1343309657.320035, '2P\xa4(')
(1343309657.321953, '2R\xbe(')
(1343309657.321988, 'rIN')
(1343309657.322011, 'D\xa1\xc6(')
(1343309657.322033, 'ci\xc8(')
(1343309657.329961, 'S}\x18)')
(1343309657.329997, '2f\x1b)')
(1343309657.330019, '2F&)')
(1343309657.330039, '2t))')
(1343309657.330058, '2!4)')
(1343309657.330077, '-')
(1343309657.330096, 'cr8)')
(1343309657.330117, 'S}\x97)')
(1343309657.330138, '2f\x9a)')
(1343309657.330159, '2F\xa5)')
(1343309657.33018, '2t\xa8)')
(1343309657.330201, '2C\xb3)')
(1343309657.330221, '2o@*')
(1343309657.330241, '+')
(1343309657.335811, '2I\x0f+')
(1343309657.335881, '2P\x13+')
(1343309657.33593, '2R-+')
(1343309657.335973, 'rIN')
(1343309657.336015, 'D\xa35+')
(1343309657.336056, 'ci7+')
(1343309657.337795, 'S~\x88+')
(1343309657.337829, '2f\x8b+')
(1343309657.337851, '2F\x97+')
(1343309657.337872, '2t\x9a+')
(1343309657.337893, '2!\xa5+')
(1343309657.337913, '-')
(1343309657.337933, 'cr\xa8+')
(1343309657.341904, 'S~\x16,')
(1343309657.341945, '2f\x19,')
(1343309657.341967, '2F$,')
(1343309657.341987, "2t',")
(1343309657.342006, '2C2,')
(1343309657.342026, '2o\xc0,')
(1343309657.342046, '+')
(1343309657.361685, '2I\x1f.')
(1343309657.36178, '2P')
(1343309657.369866, '#.')
(1343309657.369914, '2RB.')
(1343309657.369936, 'rIN')
(1343309657.369955, 'rFR')
(1343309657.369974, '2PI.')
(1343309657.369993, '2RO.')
(1343309657.370013, 'rIN')
(1343309657.370031, 'rFR')
(1343309657.37005, '2IX/')
(1343309657.370069, '2P\\/')
(1343309657.370088, '2Rv/')
(1343309657.370107, 'rIN')
(1343309657.37013, 'D\xa6~/')
(1343309657.370152, 'ci\x81/')
(1343309657.381884, 'S\x7f\xd2/')
(1343309657.381921, '2f\xd4/')
(1343309657.381945, '2F\xe0/')
(1343309657.381967, '2t\xe2/')
(1343309657.381988, '2C\xed/')
(1343309657.389888, '2o{0')
(1343309657.389923, '+')
(1343309657.394365, '2Iq1')
(1343309657.394365, '2Pu1')
(1343309657.394365, '2R\x901')
(1343309657.394365, 'rIN')
(1343309657.394365, 'D\xa7\x981')
(1343309657.394365, 'ci\x9a1')
(1343309657.394365, 'S\x80\xeb1')
(1343309657.394365, '2f\xee1')
(1343309657.394365, '2F\xf91')
(1343309657.394365, '2t\xfc1')
(1343309657.394389, '2C\x072')
(1343309657.39442, '2o\x942')
(1343309657.394441, '+')
(1343309657.397831, '2I\x963')
(1343309657.401915, '2P\x9a3')
(1343309657.401957, '2R\xb53')
(1343309657.401978, 'rIN')
(1343309657.402, 'D\xa8\xbc3')
(1343309657.402021, 'ci\xbf3')
(1343309657.411704, 'S\x81\x0f4')
(1343309657.411755, '2f\x134')
(1343309657.41179, '2F\x1e4')
(1343309657.411811, '2t!4')
(1343309657.411831, '2!+4')
(1343309657.41185, '-')
(1343309657.411869, 'cr/4')
(1343309657.421594, 'S\x81\x994')
(1343309657.421649, '2f\x9c4')
(1343309657.43247, '2F\xa74')
(1343309657.432506, '2t\xaa4')
(1343309657.432529, '2C\xb54')
(1343309657.43255, '2oB5')
(1343309657.432569, '+')
(1343309657.432598, '2I\xfe5')
(1343309657.43262, '2I\x036')
(1343309657.43264, '2R!6')
(1343309657.432659, 'rIN')
(1343309657.432666, 'rFR')
(1343309657.432666, '2P)6')
(1343309657.432666, '2R.6')
(1343309657.432666, 'rIN')
(1343309657.432666, 'rFR')
(1343309657.432666, '2I\x0f7')
(1343309657.432666, '2P\x137')
(1343309657.432667, '2R-7')
(1343309657.432667, 'rIN')
(1343309657.432679, 'D\xab57')
(1343309657.432709, 'ci77')
(1343309657.432738, 'S\x82\x887')
(1343309657.43276, '2f\x8a7')
(1343309657.432781, '2F\x977')
(1343309657.432801, '2t\x9a7')
(1343309657.432822, '2!\xa47')
(1343309657.432842, '-')
(1343309657.432862, 'cr\xa87')
(1343309657.432883, 'S\x82\x168')
(1343309657.432904, '2f\x198')
(1343309657.432924, '2F$8')
(1343309657.432943, "2t'8")
(1343309657.432962, '2C28')
(1343309657.437889, '2o\xc08')
(1343309657.437926, '+')
(1343309657.441809, '2Ic9')
(1343309657.449839, '2Pg')
(1343309657.45898, '9')
(1343309657.459042, '2R\x879')
(1343309657.459085, 'rIN')
(1343309657.459122, 'rFR')
(1343309657.45916, '2P\x979')
(1343309657.459195, '2R\x9d9')
(1343309657.459226, 'rIN')
(1343309657.459245, 'rFR')
(1343309657.459265, '2I\xc1:')
(1343309657.459286, '2P\xc5:')
(1343309657.461842, '2R\xe0:')
(1343309657.461875, 'rIN')
(1343309657.461897, 'D\xae\xe7:')
(1343309657.461919, 'ci\xea:')
(1343309657.461949, 'S\x83:;')
(1343309657.46197, '2f=;')
(1343309657.461988, '2FH;')
(1343309657.462008, '2tK;')
(1343309657.4620261, '2CV;')
(1343309657.462047, '2o\xe4;')
(1343309657.462067, '+')
(1343309657.479741, '2IJ=')
(1343309657.481846, '2PM=')
(1343309657.48989, '2Rh=')
(1343309657.489925, 'rIN')
(1343309657.489952, 'D\xafo=')
(1343309657.489973, 'cir=')
(1343309657.490004, 'S\x84\xc4=')
(1343309657.490026, '2f\xc6=')
(1343309657.490047, '2F\xd2=')
(1343309657.490068, '2t\xd4=')
(1343309657.490089, '2C\xdf=')
(1343309657.490109, '2om>')
(1343309657.490128, '+')
(1343309657.50183, '2IY?')
(1343309657.501864, '2P]?')
(1343309657.501886, '2Rw?')
(1343309657.501906, 'rIN')
(1343309657.501928, 'D\xb0\x7f?')
(1343309657.50195, 'ci\x82?')
(1343309657.50198, 'S\x85\xd3?')
(1343309657.502001, '2f\xd5?')
(1343309657.502022, '2F\xe1?')
(1343309657.502043, '2t\xe3?')
(1343309657.502064, '2C\xee?')
(1343309657.509819, '2o|@')
(1343309657.509846, '+')
(1343309657.509865, '2I\x18A')
(1343309657.509876, '2P\x1cA')
(1343309657.509885, '2R7A')
(1343309657.509895, 'rIN')
(1343309657.509904, 'D\xb1>A')
(1343309657.509914, 'ciAA')
(1343309657.509927, 'S\x86\x91A')
(1343309657.509938, '2f\x94A')
(1343309657.509958, '2F\x9fA')
(1343309657.509969, '2t\xa2A')
(1343309657.509979, '2!\xadA')
(1343309657.509988, '-')
(1343309657.509998, 'cr\xb2A')
(1343309657.520651, 'S\x86\x16B')
(1343309657.520689, '2f\x19B')
(1343309657.520711, '2F$B')
(1343309657.520731, "2t'B")
(1343309657.52075, '2C2B')
(1343309657.52077, '2o\xbfB')
(1343309657.520791, '+')
(1343309657.52995, '2I\x1bC')
(1343309657.529994, '2P\x1e')
(1343309657.530016, 'C')
(1343309657.530036, '2R=C')
(1343309657.530056, 'rIN')
(1343309657.530076, 'D\xb2EC')
(1343309657.530097, 'ciGC')
(1343309657.530126, 'S\x87\x99C')
(1343309657.530148, '2f\x9cC')
(1343309657.530169, '2F\xa7C')
(1343309657.53019, '2t\xaaC')
(1343309657.530211, '2C\xb5C')
(1343309657.534761, '2oBD')
(1343309657.534814, '+')
(1343309657.534861, '2PTD')
(1343309657.534899, '2RYD')
(1343309657.534935, 'rIN')
(1343309657.53497, 'rFR')
(1343309657.535008, '2I\x0fE')
(1343309657.535045, '2P\x13E')
(1343309657.535081, '2R-E')
(1343309657.535154, 'rIN')
(1343309657.53519, 'D\xb45E')
(1343309657.535257, 'ci7E')
(1343309657.537805, 'S\x88\x88E')
(1343309657.537842, '2f\x8aE')
(1343309657.541833, '2F\x97E')
(1343309657.54187, '2t\x99E')
(1343309657.541893, '2!\xa4E')
(1343309657.541914, '-')
(1343309657.541934, 'cr\xa8E')
(1343309657.541956, 'S\x88\x18F')
(1343309657.541977, '2f\x1aF')
(1343309657.549555, '2F&F')
(1343309657.549591, '2t(F')
(1343309657.549612, '2C3F')
(1343309657.560133, '2o\xc1F')
(1343309657.560185, '+')
(1343309657.560235, '2I\x9dG')
(1343309657.565663, '2P\xa0')
(1343309657.565696, 'G')
(1343309657.565964, '2R\xbeG')
(1343309657.565993, 'rIN')
(1343309657.566013, 'rFR')
(1343309657.566034, '2P\xc6G')
(1343309657.566055, '2R\xccG')
(1343309657.566075, 'rIN')
(1343309657.566094, 'rFR')
(1343309657.56984, '2IaI')
(1343309657.569872, '2PeI')
(1343309657.569895, '2R\x7fI')
(1343309657.569916, 'rIN')
(1343309657.569937, 'D\xb7\x88I')
(1343309657.569958, 'ci\x8aI')
(1343309657.581906, 'S\x89\xdbI')
(1343309657.581948, '2f\xdeI')
(1343309657.581971, '2F\xe9I')
(1343309657.581993, '2t\xecI')
(1343309657.582014, '2C\xf7I')
(1343309657.593268, '2o\x84J')
(1343309657.593304, '+')
(1343309657.593333, '2I;K')
(1343309657.593353, '2P?K')
(1343309657.593371, '2RYK')
(1343309657.59339, 'rIN')
(1343309657.593411, 'D\xb8aK')
(1343309657.593431, 'cicK')
(1343309657.593459, 'S\x8a\xb5K')
(1343309657.59348, '2f\xb8K')
(1343309657.597794, '2F\xc3K')
(1343309657.597832, '2t\xc6K')
(1343309657.597855, '2C\xd1K')
(1343309657.597875, '2o^L')
(1343309657.597895, '+')
(1343309657.601848, '2I\xf6M')
(1343309657.609097, '2P\xfaM')
(1343309657.609849, '2R\x16N')
(1343309657.609881, 'rIN')
(1343309657.609904, 'D\xb9\x1dN')
(1343309657.609925, 'ci N')
(1343309657.623178, 'S\x8boN')
(1343309657.623212, '2frN')
(1343309657.623233, '2F}N')
(1343309657.623254, '2t\x81N')
(1343309657.623276, '2C\x8cN')
(1343309657.623297, '2o\x1aO')
(1343309657.623317, '+')
(1343309657.623345, '2I\x0eP')
(1343309657.631694, '2P\x12P')
(1343309657.631735, '2R,P')
(1343309657.631756, 'rIN')
(1343309657.631777, 'D\xba4P')
(1343309657.631797, 'ci6P')
(1343309657.631827, 'S\x8c\x87P')
(1343309657.631849, '2f\x8aP')
(1343309657.63187, '2F\x96P')
(1343309657.63189, '2t\x99P')
(1343309657.631911, '2!\xa3P')
(1343309657.631931, '-')
(1343309657.631951, 'cr\xa7P')
(1343309657.631972, 'S\x8c\x16Q')
(1343309657.632054, '2f\x19Q')
(1343309657.632075, '2F$Q')
(1343309657.632119, "2t'Q")
(1343309657.632153, '2C2Q')
(1343309657.640377, '2o\xc0Q')
(1343309657.640431, '+')
(1343309657.651571, '2I\x81R')
(1343309657.653836, '2P\x84R')
(1343309657.653871, '2R\xa3R')
(1343309657.653893, 'rIN')
(1343309657.653912, 'rFR')
(1343309657.653933, '2P\xb2R')
(1343309657.653954, '2R\xb8R')
(1343309657.653974, 'rIN')
(1343309657.653993, 'rFR')
(1343309657.657924, '2I\x95S')
(1343309657.657965, '2P\x99S')
(1343309657.657988, '2R\xb3S')
(1343309657.658009, 'rIN')
(1343309657.65803, 'D\xbd\xbbS')
(1343309657.658052, 'ci\xbdS')
(1343309657.658082, 'S\x8d\x0fT')
(1343309657.658105, '2f\x12T')
(1343309657.658126, '2F\x1dT')
(1343309657.658147, '2t\x1fT')
(1343309657.658167, '2!*T')
(1343309657.6582, '-')
(1343309657.658291, 'cr.T')
(1343309657.65832, 'S\x8d\x97T')
(1343309657.658342, '2f\x9aT')
(1343309657.658392, '2F\xa5T')
(1343309657.65843, '2t\xa8T')
(1343309657.658451, '2C\xb3T')
(1343309657.661939, '2oAU')
(1343309657.661975, '+')
(1343309657.671549, '2I\xe5U')
(1343309657.680112, '2P')
(1343309657.680158, '\xe8U')
(1343309657.681928, '2R\x07V')
(1343309657.681961, 'rIN')
(1343309657.681981, 'rFR')
(1343309657.682002, '2P\x0fV')
(1343309657.682024, '2R\x15V')
(1343309657.682044, 'rIN')
(1343309657.682063, 'rFR')
(1343309657.68774, '2I\x84W')
(1343309657.687796, '2P\x8cW')
(1343309657.687831, '2R\xa7W')
(1343309657.687852, 'rIN')
(1343309657.687874, 'D\xc0\xaeW')
(1343309657.687895, 'ci\xb1W')
(1343309657.687927, 'S\x8e\x02X')
(1343309657.687949, '2f\x04X')
(1343309657.68797, '2F\x10X')
(1343309657.687992, '2t\x12X')
(1343309657.688013, '2C\x1dX')
(1343309657.688034, '2o\xabX')
(1343309657.688054, '+')
(1343309657.68976, '2IHY')
(1343309657.701917, '2PKY')
(1343309657.70196, '2RfY')
(1343309657.701981, 'rIN')
(1343309657.702005, 'D\xc1mY')
(1343309657.702026, 'cipY')
(1343309657.709835, 'S\x8f\xc2Y')
(1343309657.709872, '2f\xc4Y')
(1343309657.709895, '2F\xd0Y')
(1343309657.709916, '2t\xd2Y')
(1343309657.709937, '2C\xddY')
(1343309657.72334, '2okZ')
(1343309657.723398, '+')
(1343309657.723456, '2I\xd3[')
(1343309657.723501, '2P\xd7[')
(1343309657.723543, '2R\xf1[')
(1343309657.723583, 'rIN')
(1343309657.723667, 'D\xc2\xf9[')
(1343309657.723708, 'ci\xfb[')
(1343309657.729892, 'S\x90L\\')
(1343309657.729938, '2fN\\')
(1343309657.729959, '2FZ\\')
(1343309657.729978, '2t\\\\')
(1343309657.729997, '2Cg\\')
(1343309657.730017, '2o\xf5\\')
(1343309657.730038, '+')
(1343309657.730065, '2I\x9c]')
(1343309657.730086, '2P\xa0]')
(1343309657.730107, '2R\xba]')
(1343309657.730127, 'rIN')
(1343309657.730148, 'D\xc3\xc1]')
(1343309657.730169, 'ci\xc4]')
(1343309657.741899, 'S\x91\x15^')
(1343309657.741935, '2f\x17^')
(1343309657.741957, '2F$^')
(1343309657.741976, '2t&^')
(1343309657.741995, '2!1^')
(1343309657.742014, '-')
(1343309657.742033, 'cr5^')
(1343309657.751609, 'S\x91\x97^')
(1343309657.751708, '2f\x9a^')
(1343309657.751739, '2F\xa5^')
(1343309657.751761, '2t\xa8^')
(1343309657.751782, '2C\xb3^')
(1343309657.754324, '2o@_')
(1343309657.754324, '+')
(1343309657.754324, '2I\x06`')
(1343309657.754325, '2P\n')
(1343309657.754416, '2R)`')
(1343309657.754451, 'rIN')
(1343309657.754471, 'rFR')
(1343309657.75449, '2P0`')
(1343309657.75457, '2R6`')
(1343309657.754594, 'rIN')
(1343309657.754613, 'rFR')
(1343309657.754634, '2I\x0ea')
(1343309657.754656, '2P\x12a')
(1343309657.754676, '2R,a')
(1343309657.754695, 'rIN')
(1343309657.754715, 'D\xc64a')
(1343309657.754736, 'ci6a')
(1343309657.757913, 'S\x92\x87a')
(1343309657.75795, '2f\x89a')
(1343309657.757973, '2F\x96a')
(1343309657.757994, '2t\x98a')
(1343309657.758016, '2!\xa3a')
(1343309657.758036, '-')
(1343309657.758057, 'cr\xa7a')
(1343309657.758078, 'S\x92\x16b')
(1343309657.7581, '2f\x19b')
(1343309657.761987, '2F$b')
(1343309657.762059, "2t'b")
(1343309657.762098, '2C2b')
(1343309657.770366, '2o\xbfb')
(1343309657.770407, '+')
(1343309657.781611, '2I\xa4c')
(1343309657.79352, '2P\xa8')
(1343309657.793556, 'c')
(1343309657.793578, '2R\xc6c')
(1343309657.793599, 'rIN')
(1343309657.793619, 'rFR')
(1343309657.793716, '2P\xcec')
(1343309657.79375, '2R\xd3c')
(1343309657.79377, 'rIN')
(1343309657.793789, 'rFR')
(1343309657.798049, '2Ihe')
(1343309657.798087, '2Ple')
(1343309657.798113, '2R\x88e')
(1343309657.798134, 'rIN')
(1343309657.798155, 'D\xc9\x8fe')
(1343309657.798177, 'ci\x92e')
(1343309657.798208, 'S\x93\xe2e')
(1343309657.798229, '2f\xe5e')
(1343309657.79825, '2F\xf0e')
(1343309657.798271, '2t\xf3e')
(1343309657.798292, '2C\xfee')
(1343309657.798313, '2o\x8cf')
(1343309657.798333, '+')
(1343309657.811854, '2ICg')
(1343309657.811891, '2PGg')
(1343309657.811913, '2Rag')
(1343309657.811933, 'rIN')
(1343309657.823258, 'D\xcaig')
(1343309657.823295, 'cikg')
(1343309657.823327, 'S\x94\xbdg')
(1343309657.823349, '2f\xc0g')
(1343309657.823371, '2F\xccg')
(1343309657.823405, '2t\xceg')
(1343309657.823427, '2C\xd9g')
(1343309657.823447, '2ogh')
(1343309657.823467, '+')
(1343309657.82696, '2Iki')
(1343309657.827045, '2Poi')
(1343309657.827086, '2R\x8ai')
(1343309657.827122, 'rIN')
(1343309657.827159, 'D\xcb\x92i')
(1343309657.827196, 'ci\x94i')
(1343309657.827241, 'S\x95\xe5i')
(1343309657.827277, '2f\xe8i')
(1343309657.827311, '2F\xf3i')
(1343309657.827342, '2t\xf6i')
(1343309657.827364, '2C\x01j')
(1343309657.827385, '2o\x8fj')
(1343309657.827406, '+')
(1343309657.829869, '2I+k')
(1343309657.84169, '2P/k')
(1343309657.841779, '2RIk')
(1343309657.841822, 'rIN')
(1343309657.841847, 'D\xccQk')
(1343309657.841868, 'ciSk')
(1343309657.851794, 'S\x96\xa6k')
(1343309657.85184, '2f\xa8k')
(1343309657.851863, '2F\xb5k')
(1343309657.851885, '2t\xb7k')
(1343309657.851906, '2!\xc2k')
(1343309657.851927, '-')
(1343309657.851947, 'cr\xc6k')
(1343309657.851969, 'S\x96\x17l')
(1343309657.85199, '2f\x19l')
(1343309657.852011, '2F%l')
(1343309657.85203, "2t'l")
(1343309657.852049, '2!2l')
(1343309657.852068, '-')
(1343309657.852087, 'cr6l')
(1343309657.852186, 'S\x96\x99l')
(1343309657.854069, '2f\x9bl')
(1343309657.854069, '2F\xa7l')
(1343309657.854069, '2t\xa9l')
(1343309657.854069, '2!\xb4l')
(1343309657.854069, '-')
(1343309657.854069, 'cr\xb8l')
(1343309657.854069, 'S\x96\x16m')
(1343309657.854069, '2f\x19m')
(1343309657.854073, '2F$m')
(1343309657.854102, "2t'm")
(1343309657.854189, '2C2m')
(1343309657.857854, '2o\xc0m')
(1343309657.857901, '+')
(1343309657.85793, '2Ipn')
(1343309657.85795, '2Ps')
(1343309657.857969, 'n')
(1343309657.861842, '2R\x93n')
(1343309657.861926, 'rIN')
(1343309657.861953, 'rFR')
(1343309657.861974, '2P\xa2n')
(1343309657.861996, '2R\xa7n')
(1343309657.862016, 'rIN')
(1343309657.862035, 'rFR')
(1343309657.88165, '2I\x82p')
(1343309657.881714, '2P\x8cp')
(1343309657.886596, '2R\xa7p')
(1343309657.88676, 'rIN')
(1343309657.886817, 'D\xd0\xaep')
(1343309657.886892, 'ci\xb1p')
(1343309657.886944, 'S\x97\x01q')
(1343309657.886984, '2f\x04q')
(1343309657.887023, '2F\x0fq')
(1343309657.88706, '2t\x12q')
(1343309657.887097, '2C\x1dq')
(1343309657.887134, '2o\xabq')
(1343309657.887169, '+')
(1343309657.901852, '2I\x94s')
(1343309657.911747, '2P\x98s')
(1343309657.923274, '2R\xb2s')
(1343309657.923309, 'rIN')
(1343309657.923332, 'D\xd2\xbas')
(1343309657.923354, 'ci\xbds')
(1343309657.923384, 'S\x98\rt')
(1343309657.923406, '2f\x10t')
(1343309657.923427, '2F\x1bt')
(1343309657.923448, '2t\x1et')
(1343309657.923468, '2C)t')
(1343309657.923488, '2o\xb6t')
(1343309657.923508, '+')
(1343309657.923535, '2I\x80u')
(1343309657.923556, '2P\x85u')
(1343309657.923577, '2R\x9fu')
(1343309657.923597, 'rIN')
(1343309657.923618, 'D\xd3\xa7u')
(1343309657.923639, 'ci\xa9u')
(1343309657.926967, 'S\x99\xfau')
(1343309657.927027, '2f\xfcu')
(1343309657.927068, '2F\tv')
(1343309657.927108, '2t\x0bv')
(1343309657.927147, '2!\x16v')
(1343309657.927185, '-')
(1343309657.927222, 'cr\x1av')
(1343309657.92726, 'S\x99\x9ev')
(1343309657.927297, '2f\xa0v')
(1343309657.927334, '2F\xacv')
(1343309657.92737, '2t\xaev')
(1343309657.927406, '2C\xb9v')
(1343309657.927441, '2oGw')
(1343309657.927475, '+')
(1343309657.929963, '2I\rx')
(1343309657.93, '2P\x11x')
(1343309657.94178, '2R,x')
(1343309657.94184, 'rIN')
(1343309657.941866, 'D\xd53x')
(1343309657.941887, 'ci6x')
(1343309657.951847, 'S\x9a\x86x')
(1343309657.951892, '2f\x89x')
(1343309657.951915, '2F\x96x')
(1343309657.951937, '2t\x98x')
(1343309657.951958, '2!\xa3x')
(1343309657.951978, '-')
(1343309657.951999, 'cr\xa7x')
(1343309657.95202, 'S\x9a\x16y')
(1343309657.952042, '2f\x19y')
(1343309657.952062, '2F$y')
(1343309657.952081, "2t'y")
(1343309657.9521, '2C2y')
(1343309657.95212, '2o\xbfy')
(1343309657.95214, '+')
(1343309657.954531, '2I\x81z')
(1343309657.957986, '2P\x85')
(1343309657.958053, 'z')
(1343309657.958134, '2R\xa3z')
(1343309657.958169, 'rIN')
(1343309657.958189, 'rFR')
(1343309657.958209, '2P\xb2z')
(1343309657.95823, '2R\xb7z')
(1343309657.95825, 'rIN')
(1343309657.9582691, 'rFR')
(1343309657.961783, '2I\x05|')
(1343309657.971465, '2P\t|')
(1343309657.981593, '2R#|')
(1343309657.981633, 'rIN')
(1343309657.981678, 'D\xd8+|')
(1343309657.981703, 'ci-|')
(1343309657.985811, 'S\x9b}|')
(1343309657.985829, '2f\x81|')
(1343309657.985968, '2F\x8c|')
(1343309657.985979, '2t\x8f|')
(1343309657.98599, '2C\x9a|')
(1343309657.986, "2o'}")
(1343309657.986013, '+')
(1343309657.986026, '2I\xe1}')
(1343309657.986036, '2P\xe5}')
(1343309657.986046, '2R\xff}')
(1343309657.986055, 'rIN')
(1343309657.986065, 'D\xd9\x08~')
(1343309657.986075, 'ci\x0b~')
(1343309657.986088, 'S\x9cZ~')
(1343309657.986098, '2f]~')
(1343309657.986187, '2Fh~')
(1343309657.986219, '2tk~')
(1343309657.986228, '2Cv~')
(1343309657.986239, '2o\x03\x7f')
(1343309657.986249, '+')
(1343309657.99154, '2I\xc7\x7f')
(1343309658.0017, '2P\xcb\x7f')
(1343309658.011603, '2R\xe5\x7f')
(1343309658.011654, 'rIN')
(1343309658.011689, 'D\xda\xed\x7f')
(1343309658.011712, 'ci\xef\x7f')
(1343309658.022094, 'S\x9dA\x80')
(1343309658.022108, '2fD\x80')
(1343309658.022143, '2FO\x80')
(1343309658.022165, '2tR\x80')
(1343309658.022186, '2C]\x80')
(1343309658.022208, '2o\xea\x80')
(1343309658.022228, '+')
(1343309658.022257, '2IF\x82')
(1343309658.022279, '2PI\x82')
(1343309658.0223, '2Rd\x82')
(1343309658.02232, 'rIN')
(1343309658.02234, 'D\xdbk\x82')
(1343309658.022362, 'cin\x82')
(1343309658.02617, 'S\x9e\xc0\x82')
(1343309658.026208, '2f\xc3\x82')
(1343309658.026231, '2F\xcf\x82')
(1343309658.026254, '2t\xd1\x82')
(1343309658.026275, '2C\xdc\x82')
(1343309658.026297, '2oj\x83')
(1343309658.026318, '+')
(1343309658.026347, '2I\r\x84')
(1343309658.026369, '2P\x11\x84')
(1343309658.02639, '2R+\x84')
(1343309658.026411, 'rIN')
(1343309658.026431, 'D\xdc3\x84')
(1343309658.026453, 'ci5\x84')
(1343309658.029891, 'S\x9f\x86\x84')
(1343309658.029927, '2f\x88\x84')
(1343309658.029951, '2F\x95\x84')
(1343309658.029972, '2t\x97\x84')
(1343309658.041614, '2!\xa2\x84')
(1343309658.041646, '-')
(1343309658.041668, 'cr\xa6\x84')
(1343309658.054142, 'S\x9f\x17\x85')
(1343309658.054181, '2f\x19\x85')
(1343309658.054205, '2F%\x85')
(1343309658.054227, "2t'\x85")
(1343309658.054249, '2C2\x85')
(1343309658.054271, '2o\xc0\x85')
(1343309658.054292, '+')
(1343309658.054322, '2I\x81\x86')
(1343309658.054344, '2I\x85\x86')
(1343309658.054365, '2R\xa3\x86')
(1343309658.054386, 'rIN')
(1343309658.054404, 'rFR')
(1343309658.054425, '2P\xb2\x86')
(1343309658.054447, '2R\xb7\x86')
(1343309658.054467, 'rIN')
(1343309658.054486, 'rFR')
(1343309658.054506, '2I\x94\x87')
(1343309658.054528, '2P\x98\x87')
(1343309658.054549, '2R\xb2\x87')
(1343309658.05457, 'rIN')
(1343309658.054591, 'D\xdf\xba\x87')
(1343309658.054613, 'ci\xbc\x87')
(1343309658.057958, 'S\xa0\x0c\x88')
(1343309658.057994, '2f\x0f\x88')
(1343309658.058018, '2F\x1a\x88')
(1343309658.05804, '2t\x1d\x88')
(1343309658.058062, '2C(\x88')
(1343309658.061851, '2o\xb5\x88')
(1343309658.06189, '+')
(1343309658.181852, '2I\x1b\x98')
(1343309658.181906, '2P\x1f\x98')
(1343309658.198888, '2R(\x98')
(1343309658.198953, '2S\x1e\x00\x00\x18\xb1*\x98')
(1343309658.541604, 'S\xa1\xa9\xc4')
(1343309658.541688, '2f\xab\xc4')
(1343309658.541753, '2F\xb6\xc4')
(1343309658.5418, '2t\xb8\xc4')
(1343309658.549205, '2C\xc3\xc4')
(1343309658.549243, '2o?\xc5')
(1343309658.549265, '+')
(1343309659.181856, '2I\x1a\x18')
(1343309659.181912, '2P\x1e\x18')
(1343309659.189095, "2R'\x18")
(1343309659.18917, '2S\x1e\x00\x00\x18\xb2)\x18')
(1343309660.201841, '2I\x18\x98')
(1343309660.219611, '2P\x1c\x98')
(1343309660.219656, '2R&\x98')
(1343309660.219682, '2S\x1e\x00\x00\x18\xb3(\x98')
(1343309661.181834, '2I\x17\x18')
(1343309661.199518, '2P\x1b\x18')
(1343309661.199574, '2R$\x18')
(1343309661.199617, "2S\x1e\x00\x00\x18\xb4'\x18")
