(1343398681.0854299, '2I\xf9c')
(1343398681.0855019, '2P\xfcc')
(1343398681.085531, '2R\x07d')
(1343398681.085556, '2S\x1e\x00\x01tH\nd')
(1343398681.0855811, '2I\xfc\xe3')
(1343398681.0856049, '2P\xff\xe3')
(1343398681.085629, '2R\n\xe4')
(1343398681.0856531, '2S\x1e\x00\x01tI\x0c\xe4')
(1343398681.0856781, '2I\xfec')
(1343398681.085701, '2P\x02d')
(1343398681.0857241, '2R\rd')
(1343398681.0857489, '2S\x1e\x00\x01tJ\x0fd')
(1343398681.085773, '2I\x01\xe4')
(1343398681.0857971, '2P\x04\xe4')
(1343398681.0858209, '2R\x0e\xe4')
(1343398681.085845, '2S\x1e\x00\x01tK\x10\xe4')
(1343398681.08587, '2I\x03d')
(1343398681.0858929, '2P\x07d')
(1343398681.085916, '2R\x11d')
(1343398681.0859411, '2S\x1e\x00\x01tL\x13d')
(1343398681.0859649, '2I\x06\xe4')
(1343398681.085988, '2P\t\xe4')
(1343398681.0860119, '2R\x13\xe4')
(1343398681.086036, '2S\x1e\x00\x01tM\x15\xe4')
(1343398681.086061, '2I\x08d')
(1343398681.0860829, '2P\x0cd')
(1343398681.086107, '2R\x16d')
(1343398681.0861299, '2S\x1e\x00\x01tN\x18d')
(1343398681.0861721, '2I\x0b\xe4')
(1343398681.0861959, '2P\x0e\xe4')
(1343398681.08622, '2R\x18\xe4')
(1343398681.0862441, '2S\x1e\x00\x01tO\x1b\xe4')
(1343398681.0862679, '2I\x0ed')
(1343398681.086292, '2P\x11d')
(1343398681.0863149, '2R\x1bd')
(1343398681.086338, '2S\x1e\x00\x01')
(1343398681.104475, '\rL: 10\n')
(1343398681.1045151, '\rGot configuration message of type P\n')
(1343398681.1045411, '\rSetting prefix aaaa::\n')
(1343398681.1045649, '\rcreated a new RPL dag\n')
(1343398681.1128681, '\rL: 2\n')
(1343398681.1129379, '\rGot configuration message of type I\n')
(1343398681.1280169, '\rL: 48\n')
(1343398681.8747711, '2I5\xca')
(1343398681.8748381, '2P8\xca')
(1343398681.874866, '2RB\xca')
(1343398681.874893, '2S\x1e\x00\x00\x00\x0bD\xca')
(1343398682.874377, '2I7J')
(1343398682.874428, '2P;J')
(1343398682.874455, '2REJ')
(1343398682.8744819, '2S\x1e\x00\x00\x00\x0cGJ')
(1343398683.8739951, '2I:\xca')
(1343398683.8740511, '2P=\xca')
(1343398683.874078, '2RG\xca')
(1343398683.874105, '2S\x1e\x00\x00\x00\rI\xca')
(1343398684.8740981, '2I<J')
(1343398684.8741591, '2P@J')
(1343398684.874186, '2RJJ')
(1343398684.874213, '2S\x1e\x00\x00i\x0eLJ')
(1343398685.1124511, '\rL: 48\n')
(1343398685.1542411, 'S{\xafm')
(1343398685.1542799, '2f\xb1m')
(1343398685.1543059, '2F\xbdm')
(1343398685.1543291, '2t\xbfm')
(1343398685.1543529, '2C\xc1m')
(1343398685.154381, '2o=n')
(1343398685.1544051, '+')
(1343398685.163924, '2IFo')
(1343398685.16397, '2PIo')
(1343398685.163996, '2R_o')
(1343398685.1640351, 'rIN')
(1343398685.1640739, 'D\x7fgo')
(1343398685.164099, 'ciio')
(1343398685.8740661, '2I?\xca')
(1343398685.874121, '2PB\xca')
(1343398685.8741629, '2RL\xca')
(1343398685.874191, '2S\x1e\x00\x00\x00\x0fO\xca')
(1343398686.874423, '2IBJ')
(1343398686.8744791, '2PEJ')
(1343398686.874506, '2ROJ')
(1343398686.8745329, '2S\x1e\x00\x00\x00\x10QJ')
(1343398687.8744271, '2ID\xca')
(1343398687.8744831, '2PG\xca')
(1343398687.874511, '2RQ\xca')
(1343398687.8745379, '2S\x1e\x00\x00\x00\x11T\xca')
(1343398688.5043371, '2I\xdf\x1a')
(1343398688.50439, '2P\xe3\x1a')
(1343398688.5044179, '2R\xfd\x1a')
(1343398688.504442, 'rIN')
(1343398688.5044661, 'D\x80\x07\x1b')
(1343398688.5044899, 'ci\t\x1b')
(1343398688.514607, '2I\xf2\x1b')
(1343398688.514652, '2P\xf6\x1b')
(1343398688.5146799, '2R\x0c\x1c')
(1343398688.5147049, 'rIN')
(1343398688.5147281, 'rNU')
(1343398688.8740909, '2IGJ')
(1343398688.8741579, '2PJJ')
(1343398688.8741839, '2RTJ')
(1343398688.8742111, '2S\x1e\x00\x00\x00\x12VJ')
(1343398689.1130469, '\rL: 48\n')
(1343398689.874759, '2II\xca')
(1343398689.8748181, '2PL\xca')
(1343398689.874846, '2RV\xca')
(1343398689.8748729, '2S\x1e\x00\x00\x00\x13Y\xca')
(1343398689.9732029, '\rL: 118\n')
(1343398689.9842949, '\rslip-bridge: Destination off-link but no route src=aaaa::200:0:1291:b276 dst=aaaa::c30c:0:0:1\n')
(1343398690.8742621, '2ILJ')
(1343398690.8743291, '2POJ')
(1343398690.874356, '2RYJ')
(1343398690.874383, '2S\x1e\x00\x00\x00\x14[J')
(1343398691.864011, 'S|\xaf\xc9')
(1343398691.8640871, '2f\xb1\xc9')
(1343398691.864115, '2F\xbc\xc9')
(1343398691.86414, '2t\xbf\xc9')
(1343398691.864176, '2C\xc1\xc9')
(1343398691.8747909, '2o=\xca')
(1343398691.8748341, '+')
(1343398692.5249851, '2I9\x1d')
(1343398692.5250399, '2P<\x1d')
(1343398692.5250671, '2RW\x1d')
(1343398692.5250909, 'rIN')
(1343398692.5251141, 'D]_\x1d')
(1343398692.874424, '2IQJ')
(1343398692.8744769, '2PTJ')
(1343398692.8745041, '2R^J')
(1343398692.874531, '2S\x1e\x00\x00\x00\x16`J')
(1343398693.8741429, '2IS\xca')
(1343398693.874202, '2PW\xca')
(1343398693.8742299, '2Ra\xca')
(1343398693.8742559, '2S\x1e\x00\x00\x00\x17c\xca')
(1343398694.494338, '2Io\x1a')
(1343398694.4943931, '2Pr\x1a')
(1343398694.494421, '2R\x88\x1a')
(1343398694.494446, 'rIN')
(1343398694.5042651, 'D\x81\x91\x1a')
(1343398694.504308, 'ci\x93\x1a')
(1343398694.8740289, '2IVJ')
(1343398694.8740931, '2PYJ')
(1343398694.874121, '2RcJ')
(1343398694.8741479, '2S\x1e\x00\x00\x00\x18eJ')
(1343398695.823658, '2Is\xc4')
(1343398695.823714, '2Pv\xc4')
(1343398695.8237419, '2R\x92\xc4')
(1343398695.823766, 'rIN')
(1343398695.8237901, 'D\x82\x9a\xc4')
(1343398695.8238139, 'ci\x9c\xc4')
(1343398695.836102, '2I\x17\xc5')
(1343398695.836148, '2P\x1a\xc5')
(1343398695.8361821, '2R/\xc5')
(1343398695.8362069, 'rIN')
(1343398695.83623, 'rNU')
(1343398695.8362539, '2I\x02\xc6')
(1343398695.8362961, '2P\x05\xc6')
(1343398695.8363199, '2R\x1a\xc6')
(1343398695.8363431, 'rIN')
(1343398695.8363669, 'D\x83#\xc6')
(1343398695.83639, 'ci%\xc6')
(1343398695.883687, '2IY\xca')
(1343398695.8837559, '2P\\\xca')
(1343398695.8837841, '2Rf\xca')
(1343398695.8838179, '2S\x1e\x00\x00\x00\x19h\xca')
(1343398697.769994, '\rL: 118\n')
(1343398697.7749059, 'S}\x1a\xbe')
(1343398697.7749319, '2f\x1c\xbe')
(1343398697.7749469, '2F)\xbe')
(1343398697.774961, '2t+\xbe')
(1343398697.7749751, '2C.\xbe')
(1343398697.7849829, '2o\xbb\xbe')
(1343398697.7850249, '+')
(1343398697.7948451, '2I\xd3\xbf')
(1343398697.7948899, '2P\xd6\xbf')
(1343398697.7949171, '2R\xf4\xbf')
(1343398697.79494, 'rIN')
(1343398697.7949629, 'rNU')
(1343398698.8746631, '2I`J')
(1343398698.874728, '2PcJ')
(1343398698.8747549, '2RmJ')
(1343398698.8747809, '2S\x1e\x00\x00\x00\x1cpJ')
(1343398699.3739941, '2IQ\x8a')
(1343398699.374058, '2PT\x8a')
(1343398699.3740849, '2Ro\x8a')
(1343398699.374109, 'rIN')
(1343398699.3741331, 'D_x\x8a')
(1343398699.8739929, '2Ic\xca')
(1343398699.874047, '2Pf\xca')
(1343398699.874074, '2Rp\xca')
(1343398699.8741009, '2S\x1e\x00\x00\x00\x1dr\xca')
(1343398700.8743639, '2IeJ')
(1343398700.8744271, '2PhJ')
(1343398700.874454, '2RrJ')
(1343398700.874481, '2S\x1e\x00\x00\x00\x1euJ')
(1343398701.567384, '\rL: 91\n')
(1343398701.568228, '\rL: 118\n')
(1343398701.5713041, 'S~Y\xa4')
(1343398701.5713229, '2f[\xa4')
(1343398701.571336, '2Fh\xa4')
(1343398701.571348, '2tj\xa4')
(1343398701.5721929, '2Cm\xa4')
(1343398701.576354, '2o\xfa\xa4')
(1343398701.5763919, '+')
(1343398701.5803421, '\rL: 118\n')
(1343398701.5823491, 'S\x7f\xcb\xa5')
(1343398701.5823829, '2f\xcd\xa5')
(1343398701.583353, '2F\xda\xa5')
(1343398701.5833859, '2t\xdc\xa5')
(1343398701.583411, '2!\xde\xa5')
(1343398701.5834351, '-')
(1343398701.5834579, 'cr\xe2\xa5')
(1343398701.584358, '\rL: 118\n')
(1343398701.584403, '2I\x13\xa6')
(1343398701.5860801, '2P?\xa6')
(1343398701.5871251, '2R\\\xa6')
(1343398701.5871611, 'rIN')
(1343398701.5871871, 'rNU')
(1343398701.5902841, '\rL: 118\n')
(1343398701.5932679, 'S\x7f"\xa7')
(1343398701.593307, '2f%\xa7')
(1343398701.5933321, '2F1\xa7')
(1343398701.5933549, '2t3\xa7')
(1343398701.5933781, '2C6\xa7')
(1343398701.5981741, '2o\xc3\xa7')
(1343398701.5982139, '+')
(1343398701.5992489, '\rL: 118\n')
(1343398701.604208, '\rL: 118\n')
(1343398701.6061239, 'S\x80\xd3\xa8')
(1343398701.6061611, '2f\xd5\xa8')
(1343398701.6061871, '2I\xde\xa8')
(1343398701.6071529, '2F\xe4\xa8')
(1343398701.607187, '2t\xe7\xa8')
(1343398701.6072121, '2C\xe9\xa8')
(1343398701.611172, '2ow\xa9')
(1343398701.6112061, '+')
(1343398701.6121681, '2P\x8a\xa9')
(1343398701.6131461, '2R\xa8\xa9')
(1343398701.613183, 'rIN')
(1343398701.6132071, 'rNU')
(1343398701.6151481, '\rL: 118\n')
(1343398701.634129, 'S\x81W\xaa')
(1343398701.6342001, '2fY\xaa')
(1343398701.634227, '2Ff\xaa')
(1343398701.6342521, '2th\xaa')
(1343398701.634275, '2!j\xaa')
(1343398701.6342981, '-')
(1343398701.6343219, 'crn\xaa')
(1343398701.6343451, '\rL: ')
(1343398701.6343679, '118\n')
(1343398701.634407, '2P\xcb\xaa')
(1343398701.6344321, '2R\xe9\xaa')
(1343398701.634455, 'rIN')
(1343398701.6344769, 'rNU')
(1343398701.634501, 'S\x81\x16\xab')
(1343398701.6345389, '2f\x18\xab')
(1343398701.634563, '2F%\xab')
(1343398701.6345861, "2t'\xab")
(1343398701.634609, '2C*\xab')
(1343398701.6346331, '2o\xb7\xab')
(1343398701.634655, '+')
(1343398701.6346869, 'S\x82\x1c\xac')
(1343398701.634712, '2f\x1f\xac')
(1343398701.6347351, '2F+\xac')
(1343398701.634758, '2t.\xac')
(1343398701.6347809, '2C0\xac')
(1343398701.6450009, '2o\xbd\xac')
(1343398701.6450441, '+')
(1343398701.6450801, 'S\x83\x1c\xad')
(1343398701.6451049, '2f\x1f\xad')
(1343398701.6451299, '2F+\xad')
(1343398701.645153, '2t-\xad')
(1343398701.6451759, '2C0\xad')
(1343398701.6452, '2o\xbd\xad')
(1343398701.6452229, '+')
(1343398701.6480589, 'S\x84\x1d\xae')
(1343398701.648104, '2f\x1f\xae')
(1343398701.6481321, '2F,\xae')
(1343398701.6481559, '2t.\xae')
(1343398701.6481791, '2C1\xae')
(1343398701.6518919, '2o\xbe\xae')
(1343398701.652926, '+')
(1343398701.655956, '\rL: 118\n')
(1343398701.6589799, 'S\x85\x8e\xaf')
(1343398701.6590171, '2f\x90\xaf')
(1343398701.659044, '2F\x9d\xaf')
(1343398701.659071, '2t\x9f\xaf')
(1343398701.659096, '2!\xa1\xaf')
(1343398701.6591201, '-')
(1343398701.659898, 'cr\xa5\xaf')
(1343398701.6609321, '\rL: 118\n')
(1343398701.6609819, '2I\xd4\xaf')
(1343398701.6619129, '2P\x02\xb0')
(1343398701.662884, '2R\x1f\xb0')
(1343398701.6629169, 'rIN')
(1343398701.663945, 'rNU')
(1343398701.663981, 'S\x85F\xb0')
(1343398701.6651559, '2fH\xb0')
(1343398701.665195, '2FU\xb0')
(1343398701.66522, '2tW\xb0')
(1343398701.6652441, '2CY\xb0')
(1343398701.6690471, '2o\xe7\xb0')
(1343398701.669091, '+')
(1343398701.6727469, '\rL: 118\n')
(1343398701.6748149, '2I\x93\xb1')
(1343398701.6748509, '2P\x9d\xb1')
(1343398701.675806, '2R\xba\xb1')
(1343398701.675838, 'rIN')
(1343398701.6758621, 'rNU')
(1343398701.6768119, '\rL: 118\n')
(1343398701.6817651, '\rL: 118\n')
(1343398701.6943979, '2I\xb9\xb2')
(1343398701.694438, '2P\xbd\xb2')
(1343398701.694464, '2R\xdb\xb2')
(1343398701.6944871, 'rIN')
(1343398701.69451, 'rNU')
(1343398701.6945341, 'S\x86\xff\xb3')
(1343398701.6945591, '2f\x03\xb3')
(1343398701.6945829, '2F\x10\xb3')
(1343398701.694607, '2t\x12\xb3')
(1343398701.694633, '2!\x14\xb3')
(1343398701.6946559, '-')
(1343398701.694679, 'cr\x17\xb3')
(1343398701.6947019, '\rL: 118\n')
(1343398701.6947401, '2I\x90\xb3')
(1343398701.6947651, 'S\x86\xab\xb3')
(1343398701.6947899, '2f\xad\xb3')
(1343398701.694813, '2F\xba\xb3')
(1343398701.6948371, '2t\xbc\xb3')
(1343398701.69486, '2C\xbf\xb3')
(1343398701.7060771, '2oL\xb4')
(1343398701.706121, '+')
(1343398701.706141, '2P_\xb4')
(1343398701.706166, '2R}\xb4')
(1343398701.7061901, 'rIN')
(1343398701.706212, 'rNU')
(1343398701.7062359, 'S\x87\xa5\xb4')
(1343398701.70626, '2f\xa7\xb4')
(1343398701.706284, '2F\xb4\xb4')
(1343398701.7063069, '2t\xb6\xb4')
(1343398701.706331, '2C\xb9\xb4')
(1343398701.7063539, '2oF\xb5')
(1343398701.706377, '+')
(1343398701.724381, 'S\x88\xa5\xb5')
(1343398701.724431, '2f\xa8\xb5')
(1343398701.7244589, '2F\xb4\xb5')
(1343398701.724484, '2t\xb6\xb5')
(1343398701.724509, '2C\xb9\xb5')
(1343398701.7245331, '2oF\xb6')
(1343398701.724556, '+')
(1343398701.724591, 'S\x89\x9e\xb6')
(1343398701.7246161, '2f\xa0\xb6')
(1343398701.7246411, '2F\xad\xb6')
(1343398701.7246649, '2t\xaf\xb6')
(1343398701.724689, '2C\xb2\xb6')
(1343398701.7247131, '2o?\xb7')
(1343398701.724735, '+')
(1343398701.724767, 'S\x8a\xa4\xb7')
(1343398701.724793, '2f\xa6\xb7')
(1343398701.724818, '2F\xb3\xb7')
(1343398701.7248421, '2t\xb5\xb7')
(1343398701.7248659, '2C\xb7\xb7')
(1343398701.7265899, '2oD\xb8')
(1343398701.7266231, '+')
(1343398701.729687, 'S\x8b\x9d\xb8')
(1343398701.729722, '2f\xa0\xb8')
(1343398701.7297471, '2F\xac\xb8')
(1343398701.7297721, '2t\xae\xb8')
(1343398701.730572, '2C\xb1\xb8')
(1343398701.7347529, '2o>\xb9')
(1343398701.734798, '+')
(1343398701.737478, '\rL: 118\n')
(1343398701.740592, 'S\x8c\x0c\xba')
(1343398701.740628, '2f\x0e\xba')
(1343398701.7416, '2F\x1b\xba')
(1343398701.741637, '2t\x1d\xba')
(1343398701.741662, '2!\x1f\xba')
(1343398701.7416849, '-')
(1343398701.741709, 'cr#\xba')
(1343398701.7425971, '\rL: 118\n')
(1343398701.7426419, '2IN\xba')
(1343398701.7447121, '2P\x7f\xba')
(1343398701.7455909, '2R\x9d\xba')
(1343398701.7456281, 'rIN')
(1343398701.745652, 'rNU')
(1343398701.74856, '\rL: 118\n')
(1343398701.749474, '2I\x1e\xbb')
(1343398701.750622, '2PJ\xbb')
(1343398701.751471, '2Rh\xbb')
(1343398701.7515039, 'rIN')
(1343398701.751528, 'rNU')
(1343398701.752562, 'S\x8c\x8d\xbb')
(1343398701.7525959, '2f\x8f\xbb')
(1343398701.7526209, '2F\x9c\xbb')
(1343398701.75349, '2t\x9e\xbb')
(1343398701.7535281, '2!\xa1\xbb')
(1343398701.753552, '-')
(1343398701.753576, 'cr\xa4\xbb')
(1343398701.7543981, '\rL: 118\n')
(1343398701.756402, '2I\x16\xbc')
(1343398701.7584491, '\rL: 118\n')
(1343398701.774313, '2P\x8f\xbc')
(1343398701.7743969, '2R\xae\xbc')
(1343398701.7744279, 'rIN')
(1343398701.774451, 'rNU')
(1343398701.7744739, '\rL: 118\n')
(1343398701.774514, 'S\x8c@\xbd')
(1343398701.774539, '2fC\xbd')
(1343398701.7745631, '2FO\xbd')
(1343398701.7745869, '2tQ\xbd')
(1343398701.774611, '2CT\xbd')
(1343398701.7746351, '2o\xe1\xbd')
(1343398701.774658, '+')
(1343398701.7746899, 'S\x8d&\xbe')
(1343398701.7747149, '2f(\xbe')
(1343398701.774739, '2F5\xbe')
(1343398701.7747619, '2t7\xbe')
(1343398701.774785, '2!9\xbe')
(1343398701.7748079, '-')
(1343398701.774832, 'cr=\xbe')
(1343398701.7850921, '2I\x93\xbe')
(1343398701.785135, 'S\x8d\xa0\xbe')
(1343398701.785161, '2f\xa2\xbe')
(1343398701.7851861, '2F\xaf\xbe')
(1343398701.7852099, '2t\xb1\xbe')
(1343398701.785233, '2C\xb4\xbe')
(1343398701.7852571, '2oA\xbf')
(1343398701.78528, '+')
(1343398701.7853119, '2PS\xbf')
(1343398701.785336, '2Rq\xbf')
(1343398701.7853589, 'rIN')
(1343398701.7853811, 'rNU')
(1343398701.785404, 'S\x8e\xa5\xbf')
(1343398701.785428, '2f\xa7\xbf')
(1343398701.785543, '2F\xb4\xbf')
(1343398701.7855749, '2t\xb6\xbf')
(1343398701.7855999, '2C\xb8\xbf')
(1343398701.794661, '2oF\xc0')
(1343398701.7947049, '+')
(1343398701.7947431, 'S\x8f\x9d\xc0')
(1343398701.7947681, '2f\xa0\xc0')
(1343398701.7947929, '2F\xad\xc0')
(1343398701.794816, '2t\xaf\xc0')
(1343398701.7948401, '2C\xb2\xc0')
(1343398701.8143389, '2o?\xc1')
(1343398701.814415, '+')
(1343398701.8144569, 'S\x90\xa3\xc1')
(1343398701.8144839, '2f\xa6\xc1')
(1343398701.8145089, '2F\xb3\xc1')
(1343398701.8145339, '2t\xb5\xc1')
(1343398701.814558, '2C\xb7\xc1')
(1343398701.8145821, '2oE\xc2')
(1343398701.814605, '+')
(1343398701.8146391, 'S\x91\x9d\xc2')
(1343398701.8146639, '2f\x9f\xc2')
(1343398701.8146889, '2F\xac\xc2')
(1343398701.814713, '2t\xae\xc2')
(1343398701.8147371, '2C\xb1\xc2')
(1343398701.8147621, '2o>\xc3')
(1343398701.814785, '+')
(1343398701.8212061, '2IN\xc4')
(1343398701.8212409, '2PQ\xc4')
(1343398701.822196, '2Ro\xc4')
(1343398701.8222289, 'rIN')
(1343398701.822253, 'rNU')
(1343398701.825192, '\rL: 118\n')
(1343398701.8272669, '2I\x1e\xc5')
(1343398701.827307, "2P'\xc5")
(1343398701.8282001, '2RE\xc5')
(1343398701.828234, 'rIN')
(1343398701.828258, 'rNU')
(1343398701.8291581, 'S\x92i\xc5')
(1343398701.829195, '2fk\xc5')
(1343398701.8300231, '2Fx\xc5')
(1343398701.8300569, '2tz\xc5')
(1343398701.8300819, '2C}\xc5')
(1343398701.8340089, '2o\n\xc6')
(1343398701.8340509, '+')
(1343398701.8361969, '\rL: 118\n')
(1343398701.8381841, 'S\x93\x8b\xc6')
(1343398701.8382261, '2f\x8d\xc6')
(1343398701.839103, '2F\x9a\xc6')
(1343398701.839138, '2t\x9c\xc6')
(1343398701.839164, '2C\x9f\xc6')
(1343398701.843127, '2o,\xc7')
(1343398701.843163, '+')
(1343398701.8470509, '\rL: 118\n')
(1343398701.8491349, 'S\x94\xf8\xc7')
(1343398701.8491709, '2f\xfa\xc7')
(1343398701.850096, '2F\x08\xc8')
(1343398701.8501301, '2t\n\xc8')
(1343398701.8501551, '2!\x0c\xc8')
(1343398701.850178, '-')
(1343398701.8502021, 'cr\x10\xc8')
(1343398701.850235, '2I\x17\xc8')
(1343398701.851207, '\rL: 118\n')
(1343398701.8531921, '2Pl\xc8')
(1343398701.854028, '2R\x8b\xc8')
(1343398701.8540609, 'rIN')
(1343398701.854085, 'rNU')
(1343398701.8570991, '\rL: 118\n')
(1343398701.8580849, '2I\x11\xc9')
(1343398701.859143, '2P8\xc9')
(1343398701.8599999, '2RV\xc9')
(1343398701.8600321, 'rIN')
(1343398701.8600571, 'rNU')
(1343398701.8610871, 'S\x94{\xc9')
(1343398701.861125, '2f}\xc9')
(1343398701.8621311, '2F\x8b\xc9')
(1343398701.862165, '2t\x8d\xc9')
(1343398701.86219, '2C\x90\xc9')
(1343398701.865994, '2o\x1d\xca')
(1343398701.866029, '+')
(1343398701.867907, '\rL: 118\n')
(1343398701.868824, '2Ih\xca')
(1343398701.868866, '2P\x83\xca')
(1343398701.8698959, '2R\x8d\xca')
(1343398701.8699369, '2S\x1e\x00\x00\x00\x1f\x8f\xca')
(1343398701.872947, '\rL: 118\n')
(1343398701.8738639, '2I\x14\xcb')
(1343398701.874902, '2P.\xcb')
(1343398701.8759511, '2RL\xcb')
(1343398701.875988, 'rIN')
(1343398701.876014, 'rNU')
(1343398701.8769519, 'S\x95w\xcb')
(1343398701.876986, '2fz\xcb')
(1343398701.877012, '2F\x87\xcb')
(1343398701.8770361, '2t\x89\xcb')
(1343398701.877871, '2C\x8c\xcb')
(1343398701.8819449, '2o\x19\xcc')
(1343398701.881979, '+')
(1343398701.885005, '\rL: 118\n')
(1343398701.8950169, '\rL: 118\n')
(1343398701.895081, 'S\x96"\xcd')
(1343398701.895108, '2f%\xcd')
(1343398701.895139, '2I2\xcd')
(1343398701.895164, '2t6\xcd')
(1343398701.8951869, '2C9\xcd')
(1343398701.89521, '2o\xc6\xcd')
(1343398701.8952329, '+')
(1343398701.9142289, '2P\xd9\xcd')
(1343398701.9142759, '2R\xf6\xcd')
(1343398701.9142921, 'rIN')
(1343398701.914305, 'rNU')
(1343398701.9143181, 'S\x97#\xce')
(1343398701.9143319, '2f%\xce')
(1343398701.914345, '2F2\xce')
(1343398701.9143569, '2t4\xce')
(1343398701.9143851, '2C7\xce')
(1343398701.9143989, '2o\xc4\xce')
(1343398701.9144189, '+')
(1343398701.914454, 'S\x98\x1c\xcf')
(1343398701.914479, '2f\x1f\xcf')
(1343398701.9145031, '2F+\xcf')
(1343398701.914526, '2t-\xcf')
(1343398701.9145491, '2C0\xcf')
(1343398701.914572, '2o\xbd\xcf')
(1343398701.9145939, '+')
(1343398701.9146259, 'S\x99\x1c\xd0')
(1343398701.91465, '2f\x1f\xd0')
(1343398701.914674, '2F+\xd0')
(1343398701.9146969, '2t.\xd0')
(1343398701.9147201, '2C0\xd0')
(1343398701.9178641, '2o\xbe\xd0')
(1343398701.917908, '+')
(1343398701.9218199, '\rL: 118\n')
(1343398701.9248469, 'S\x9a\x8d\xd1')
(1343398701.924895, '2f\x90\xd1')
(1343398701.9249229, '2F\x9c\xd1')
(1343398701.924948, '2t\x9f\xd1')
(1343398701.9249721, '2!\xa1\xd1')
(1343398701.9249959, '-')
(1343398701.92502, 'cr\xa4\xd1')
(1343398701.9257121, '\rL: 118\n')
(1343398701.9266019, '2I\xd4\xd1')
(1343398701.927752, '2P\x02\xd2')
(1343398701.9287469, '2R \xd2')
(1343398701.928786, 'rIN')
(1343398701.9288111, 'rNU')
(1343398701.929769, 'S\x9aF\xd2')
(1343398701.9298079, '2fH\xd2')
(1343398701.930768, '2FU\xd2')
(1343398701.9308059, '2tW\xd2')
(1343398701.930831, '2CZ\xd2')
(1343398701.934639, '2o\xe7\xd2')
(1343398701.9346819, '+')
(1343398701.938652, '\rL: 118\n')
(1343398701.9406481, '2I\x94\xd3')
(1343398701.9406819, '2P\x9d\xd3')
(1343398701.9416349, '2R\xbb\xd3')
(1343398701.941668, 'rIN')
(1343398701.9416921, 'rNU')
(1343398701.9436941, '\rL: 118\n')
(1343398701.946615, 'S\x9b^\xd4')
(1343398701.9466529, '2f`\xd4')
(1343398701.9466779, '2Fm\xd4')
(1343398701.946702, '2to\xd4')
(1343398701.9467249, '2!q\xd4')
(1343398701.946748, '-')
(1343398701.9467709, 'crt\xd4')
(1343398701.9477069, '\rL: 118\n')
(1343398701.956614, '2I\xba\xd4')
(1343398701.9566641, '2P\xd2\xd4')
(1343398701.956691, '2R\xf0\xd4')
(1343398701.9567151, 'rIN')
(1343398701.9567389, 'rNU')
(1343398701.9567621, '\rL: 118\n')
(1343398701.9568009, '2I\x91\xd5')
(1343398701.956826, 'S\x9b\x95\xd5')
(1343398701.956851, '2f\x97\xd5')
(1343398701.9569609, '2F\xa4\xd5')
(1343398701.9569931, '2t\xa6\xd5')
(1343398701.9570179, '2C\xa9\xd5')
(1343398701.96365, '2o6\xd6')
(1343398701.9636869, '+')
(1343398701.9637201, '2PI\xd6')
(1343398701.9637439, '2Rf\xd6')
(1343398701.9637671, 'rIN')
(1343398701.963789, 'rNU')
(1343398701.983762, 'S\x9c\xa5\xd6')
(1343398701.98382, '2f\xa7\xd6')
(1343398701.983861, '2F\xb4\xd6')
(1343398701.983887, '2t\xb6\xd6')
(1343398701.983911, '2C\xb9\xd6')
(1343398701.9839351, '2oF\xd7')
(1343398701.983958, '+')
(1343398701.9839921, 'S\x9d\xa4\xd7')
(1343398701.9840169, '2f\xa6\xd7')
(1343398701.98404, '2F\xb3\xd7')
(1343398701.9840651, '2t\xb5\xd7')
(1343398701.9840889, '2!\xb7\xd7')
(1343398701.984112, '-')
(1343398701.9841349, 'cr\xba\xd7')
(1343398701.984159, '2I\x1c\xd8')
(1343398701.984184, 'S\x9d\x1f\xd8')
(1343398701.9842069, '2f!\xd8')
(1343398701.98423, '2F.\xd8')
(1343398701.9842539, '2t0\xd8')
(1343398701.984277, '2C3\xd8')
(1343398701.9843011, '2o\xc0\xd8')
(1343398701.984324, '+')
(1343398701.984355, '2P\xd3\xd8')
(1343398701.984411, '2R\xf1\xd8')
(1343398701.984436, 'rIN')
(1343398701.9844589, 'rNU')
(1343398701.984483, 'S\x9e\x1f\xd9')
(1343398701.9845059, '2f!\xd9')
(1343398701.98453, '2F.\xd9')
(1343398701.9846461, '2t0\xd9')
(1343398701.984679, '2C3\xd9')
(1343398702.0044219, '2o\xc0\xd9')
(1343398702.004483, '+')
(1343398702.0045221, 'S\x9f\x1c\xda')
(1343398702.0045481, '2f\x1f\xda')
(1343398702.0045719, '2F,\xda')
(1343398702.004595, '2t.\xda')
(1343398702.0046189, '2C0\xda')
(1343398702.004642, '2o\xbd\xda')
(1343398702.0046649, '+')
(1343398702.0046959, 'S\xa0\x1c\xdb')
(1343398702.0047209, '2f\x1f\xdb')
(1343398702.004745, '2F,\xdb')
(1343398702.0047679, '2t/\xdb')
(1343398702.004791, '2C2\xdb')
(1343398702.0049069, '2o\xbf\xdb')
(1343398702.0049391, '+')
(1343398702.0122149, '2I\xd5\xdc')
(1343398702.0131969, '\rL: 118\n')
(1343398702.0152841, '2P&\xdd')
(1343398702.016361, '2RD\xdd')
(1343398702.0163939, 'rIN')
(1343398702.0164199, 'rNU')
(1343398702.0174799, 'S\xa1h\xdd')
(1343398702.0175171, '2fk\xdd')
(1343398702.0175419, '2Fw\xdd')
(1343398702.017565, '2ty\xdd')
(1343398702.0175879, '2C|\xdd')
(1343398702.0222759, '2o\t\xde')
(1343398702.0223131, '+')
(1343398702.023443, '\rL: 118\n')
(1343398702.026298, 'S\xa2\x8a\xde')
(1343398702.026334, '2f\x8c\xde')
(1343398702.02636, '2F\x99\xde')
(1343398702.0263841, '2t\x9b\xde')
(1343398702.026408, '2C\x9e\xde')
(1343398702.0303171, '2o+\xdf')
(1343398702.030349, '+')
(1343398702.0343299, '\rL: 118\n')
(1343398702.0374191, 'S\xa3\xf7\xdf')
(1343398702.037456, '2f\xfa\xdf')
(1343398702.037482, '2F\x07\xe0')
(1343398702.0375049, '2t\t\xe0')
(1343398702.037529, '2!\x0c\xe0')
(1343398702.0375521, '-')
(1343398702.037576, 'cr\x0f\xe0')
(1343398702.0383511, '2I\x17\xe0')
(1343398702.039304, '\rL: 118\n')
(1343398702.040205, '2Pk\xe0')
(1343398702.0411651, '2R\x89\xe0')
(1343398702.0411971, 'rIN')
(1343398702.0412209, 'rNU')
(1343398702.0452061, '\rL: 118\n')
(1343398702.045259, '2I\x11\xe1')
(1343398702.04616, '2P6\xe1')
(1343398702.047183, '2RS\xe1')
(1343398702.0472209, 'rIN')
(1343398702.0481739, 'rNU')
(1343398702.048209, 'S\xa3w\xe1')
(1343398702.0491719, '2fy\xe1')
(1343398702.0492051, '2F\x87\xe1')
(1343398702.0492311, '2t\x89\xe1')
(1343398702.0492549, '2C\x8c\xe1')
(1343398702.05318, '2o\x19\xe2')
(1343398702.0532141, '+')
(1343398702.0551839, '\rL: 118\n')
(1343398702.0591431, '\rL: 118\n')
(1343398702.064121, '\rL: 118\n')
(1343398702.076448, 'S\xa4\xb8\xe3')
(1343398702.076499, '2f\xbb\xe3')
(1343398702.0765259, '2F\xc7\xe3')
(1343398702.076551, '2t\xc9\xe3')
(1343398702.076576, '2C\xcc\xe3')
(1343398702.0766001, '2oY\xe4')
(1343398702.0766239, '+')
(1343398702.0766561, '\rL: 118\n')
(1343398702.076695, 'S\xa5\xeb\xe4')
(1343398702.07672, '2f\xee\xe4')
(1343398702.0767441, '2F\xfa\xe4')
(1343398702.0767679, '2t\xfd\xe4')
(1343398702.076792, '2!\xff\xe4')
(1343398702.0768139, '-')
(1343398702.076838, 'cr\x03\xe5')
(1343398702.0851631, '2Is\xe5')
(1343398702.0852039, '2Pv\xe5')
(1343398702.0852311, '2R\x95\xe5')
(1343398702.0852561, 'rIN')
(1343398702.085278, 'rNU')
(1343398702.0853021, 'S\xa5\xc1\xe5')
(1343398702.0853269, '2f\xc4\xe5')
(1343398702.085351, '2F\xd0\xe5')
(1343398702.0853751, '2t\xd2\xe5')
(1343398702.0853989, '2C\xd5\xe5')
(1343398702.103735, '2ob\xe6')
(1343398702.1038029, '+')
(1343398702.103848, 'S\xa6\x9d\xe6')
(1343398702.1038749, '2f\xa0\xe6')
(1343398702.1039081, '2F\xac\xe6')
(1343398702.1039469, '2t\xae\xe6')
(1343398702.103972, '2C\xb1\xe6')
(1343398702.1039979, '2o>\xe7')
(1343398702.1040339, '+')
(1343398702.1040909, 'S\xa7\xa4\xe7')
(1343398702.1041191, '2f\xa6\xe7')
(1343398702.1041429, '2F\xb3\xe7')
(1343398702.104167, '2t\xb5\xe7')
(1343398702.1041901, '2C\xb7\xe7')
(1343398702.104214, '2oE\xe8')
(1343398702.1042359, '+')
(1343398702.104923, 'S\xa8\x9d\xe8')
(1343398702.1049581, '2f\x9f\xe8')
(1343398702.104984, '2F\xac\xe8')
(1343398702.1050079, '2t\xae\xe8')
(1343398702.105032, '2C\xb1\xe8')
(1343398702.1099679, '2o>\xe9')
(1343398702.1100049, '+')
(1343398702.112891, '\rL: 118\n')
(1343398702.116905, '\rL: 118\n')
(1343398702.117847, '2IU\xea')
(1343398702.118855, '2Pl\xea')
(1343398702.119957, '2R\x8a\xea')
(1343398702.1199901, 'rIN')
(1343398702.1200149, 'rNU')
(1343398702.1208971, 'S\xa9\xae\xea')
(1343398702.1209309, '2f\xb1\xea')
(1343398702.1209569, '2F\xbd\xea')
(1343398702.120981, '2t\xbf\xea')
(1343398702.1210041, '2C\xc2\xea')
(1343398702.125874, '2oO\xeb')
(1343398702.125916, '+')
(1343398702.1288209, '\rL: 118\n')
(1343398702.131763, '\rL: 118\n')
(1343398702.1337869, 'S\xaaa\xec')
(1343398702.133827, '2fc\xec')
(1343398702.1338539, '2If\xec')
(1343398702.134707, '2Fs\xec')
(1343398702.134747, '2tu\xec')
(1343398702.134774, '2Cw\xec')
(1343398702.138808, '2o\x05\xed')
(1343398702.1388559, '+')
(1343398702.1398921, '2P\x17\xed')
(1343398702.140744, '2R5\xed')
(1343398702.1407771, 'rIN')
(1343398702.1408019, 'rNU')
(1343398702.1438241, '\rL: 118\n')
(1343398702.1553659, '\rL: 118\n')
(1343398702.1554201, "2I'\xee")
(1343398702.155447, '2P1\xee')
(1343398702.1554699, '2RO\xee')
(1343398702.155493, 'rIN')
(1343398702.155515, 'rNU')
(1343398702.155539, 'S\xabr\xee')
(1343398702.1555619, '2fu\xee')
(1343398702.1555851, '2F\x82\xee')
(1343398702.1556089, '2t\x85\xee')
(1343398702.155632, '2C\x87\xee')
(1343398702.1556561, '2o\x14\xef')
(1343398702.155678, '+')
(1343398702.1682451, 'S\xac\xa4\xef')
(1343398702.168299, '2f\xa6\xef')
(1343398702.1683259, '2F\xb3\xef')
(1343398702.16835, '2t\xb5\xef')
(1343398702.168375, '2!\xb8\xef')
(1343398702.1683979, '-')
(1343398702.168422, 'cr\xbb\xef')
(1343398702.1684461, '2I\x12\xf0')
(1343398702.1684699, 'S\xac\x1f\xf0')
(1343398702.168494, '2f!\xf0')
(1343398702.1685171, '2F.\xf0')
(1343398702.16854, '2t0\xf0')
(1343398702.1685629, '2C3\xf0')
(1343398702.168586, '2o\xc0\xf0')
(1343398702.1686089, '+')
(1343398702.168731, '2P\xd3\xf0')
(1343398702.1747749, '2R\xf1\xf0')
(1343398702.1748199, 'rIN')
(1343398702.1748459, 'rNU')
(1343398702.174871, 'S\xad\x1f\xf1')
(1343398702.1748991, '2f!\xf1')
(1343398702.174922, '2F.\xf1')
(1343398702.1749461, '2t0\xf1')
(1343398702.174969, '2C3\xf1')
(1343398702.1843951, '2o\xc0\xf1')
(1343398702.1844399, '+')
(1343398702.1844771, 'S\xae\x1c\xf2')
(1343398702.1845031, '2f\x1f\xf2')
(1343398702.1845281, '2F+\xf2')
(1343398702.184551, '2t.\xf2')
(1343398702.1845739, '2C0\xf2')
(1343398702.184598, '2o\xbd\xf2')
(1343398702.1846211, '+')
(1343398702.186691, 'S\xaf\x1d\xf3')
(1343398702.1867261, '2f\x1f\xf3')
(1343398702.1867521, '2F,\xf3')
(1343398702.1867759, '2t.\xf3')
(1343398702.1877191, '2C1\xf3')
(1343398702.191644, '2o\xbe\xf3')
(1343398702.19168, '+')
(1343398702.1955359, '\rL: 118\n')
(1343398702.197505, 'S\xb0\x8e\xf4')
(1343398702.1975429, '2f\x90\xf4')
(1343398702.1985941, '2F\x9d\xf4')
(1343398702.1986279, '2t\x9f\xf4')
(1343398702.198653, '2!\xa2\xf4')
(1343398702.1986761, '-')
(1343398702.1987, 'cr\xa5\xf4')
(1343398702.1995621, '\rL: 118\n')
(1343398702.1996069, '2I\xd5\xf4')
(1343398702.201544, '2P\x03\xf5')
(1343398702.2026651, '2R \xf5')
(1343398702.202702, 'rIN')
(1343398702.2027271, 'rNU')
(1343398702.2035301, 'S\xb0F\xf5')
(1343398702.2035639, '2fH\xf5')
(1343398702.203589, '2FU\xf5')
(1343398702.2036121, '2tW\xf5')
(1343398702.204658, '2CZ\xf5')
(1343398702.208545, '2o\xe7\xf5')
(1343398702.2085891, '+')
(1343398702.212496, '\rL: 118\n')
(1343398702.2134809, '2I\x95\xf6')
(1343398702.213517, '2P\x9c\xf6')
(1343398702.2145219, '2R\xb9\xf6')
(1343398702.2145569, 'rIN')
(1343398702.2145951, 'rNU')
(1343398702.217344, '\rL: 118\n')
(1343398702.219393, 'S\xb1[\xf7')
(1343398702.219435, '2f^\xf7')
(1343398702.2204521, '2Fj\xf7')
(1343398702.2204859, '2tl\xf7')
(1343398702.220511, '2!o\xf7')
(1343398702.2205341, '-')
(1343398702.220557, 'crr\xf7')
(1343398702.221329, '\rL: 118\n')
(1343398702.2223811, '2I\xbb\xf7')
(1343398702.223326, '2P\xd0\xf7')
(1343398702.224385, '2R\xee\xf7')
(1343398702.2244239, 'rIN')
(1343398702.2244489, 'rNU')
(1343398702.227335, '\rL: 118\n')
(1343398702.235424, '2I\x91\xf8')
(1343398702.2354741, '2P\x9c\xf8')
(1343398702.2355001, '2R\xba\xf8')
(1343398702.235523, 'rIN')
(1343398702.2355461, 'rNU')
(1343398702.23557, 'S\xb1\xde\xf8')
(1343398702.235595, '2f\xe0\xf8')
(1343398702.2356191, '2F\xed\xf8')
(1343398702.2356429, '2t\xef\xf8')
(1343398702.235666, '2C\xf2\xf8')
(1343398702.245352, '2o\x7f\xf9')
(1343398702.2453971, '+')
(1343398702.2454331, '\rL: 118\n')
(1343398702.2454729, '2I\x16\xfa')
(1343398702.2454989, 'S\xb2\x1f\xfa')
(1343398702.245523, '2f!\xfa')
(1343398702.2455471, '2F.\xfa')
(1343398702.2455699, '2t0\xfa')
(1343398702.2455931, '2C3\xfa')
(1343398702.2542939, '2o\xc0\xfa')
(1343398702.254333, '+')
(1343398702.254369, '2P\xd3\xfa')
(1343398702.2543941, '2R\xf1\xfa')
(1343398702.2544169, 'rIN')
(1343398702.2544401, 'rNU')
(1343398702.254463, 'S\xb3!\xfb')
(1343398702.254487, '2f#\xfb')
(1343398702.2545099, '2F0\xfb')
(1343398702.2545331, '2t2\xfb')
(1343398702.2545559, '2C4\xfb')
(1343398702.2545791, '2o\xc1\xfb')
(1343398702.254602, '+')
(1343398702.2653649, 'S\xb4\x1d\xfc')
(1343398702.265419, '2f\x1f\xfc')
(1343398702.2654469, '2F,\xfc')
(1343398702.265471, '2t.\xfc')
(1343398702.2654941, '2C0\xfc')
(1343398702.265518, '2o\xbe\xfc')
(1343398702.2655411, '+')
(1343398702.265574, 'S\xb5\x1c\xfd')
(1343398702.265599, '2f\x1f\xfd')
(1343398702.2656231, '2F+\xfd')
(1343398702.265646, '2t-\xfd')
(1343398702.2656691, '2C0\xfd')
(1343398702.269218, '2o\xbd\xfd')
(1343398702.269253, '+')
(1343398702.2732129, '\rL: 118\n')
(1343398702.276175, 'S\xb6\x8d\xfe')
(1343398702.2762151, '2f\x90\xfe')
(1343398702.276242, '2F\x9d\xfe')
(1343398702.2762661, '2t\x9f\xfe')
(1343398702.2762909, '2!\xa1\xfe')
(1343398702.276314, '-')
(1343398702.2763369, 'cr\xa4\xfe')
(1343398702.277194, '\rL: 118\n')
(1343398702.2781661, '2I\xd4\xfe')
(1343398702.2790899, '2P\x02\xff')
(1343398702.280117, '2R\x1f\xff')
(1343398702.280153, 'rIN')
(1343398702.2801781, 'rNU')
(1343398702.2811739, 'S\xb6E\xff')
(1343398702.281209, '2fG\xff')
(1343398702.283545, '2FT\xff')
(1343398702.2835841, '2tV\xff')
(1343398702.2836111, '2CX\xff')
(1343398702.2862101, '2o\xe6\xff')
(1343398702.2862489, '+')
(1343398702.2900929, '\rL: 118\n')
(1343398702.29217, '2I\x95\x00')
(1343398702.2922089, '2P\x9d\x00')
(1343398702.293169, '2R\xbb\x00')
(1343398702.2932031, 'rIN')
(1343398702.2932279, 'rNU')
(1343398702.2951081, '\rL: 118\n')
(1343398702.2982099, 'S\xb7^\x01')
(1343398702.2982521, '2fa\x01')
(1343398702.2982769, '2Fm\x01')
(1343398702.298301, '2tp\x01')
(1343398702.2983251, '2!r\x01')
(1343398702.2983489, '-')
(1343398702.298959, 'cru\x01')
(1343398702.3000591, '\rL: 118\n')
(1343398702.3064239, '2I\xbc\x01')
(1343398702.3064799, '2P\xd3\x01')
(1343398702.3065081, '2R\xf1\x01')
(1343398702.306531, 'rIN')
(1343398702.3065541, 'rNU')
(1343398702.306577, '\rL: 118\n')
(1343398702.3141251, '2I\x93\x02')
(1343398702.3141651, 'S\xb7\x95\x02')
(1343398702.314193, '2f\x98\x02')
(1343398702.3142171, '2F\xa4\x02')
(1343398702.3142419, '2t\xa7\x02')
(1343398702.314266, '2C\xa9\x02')
(1343398702.31429, '2o7\x03')
(1343398702.3143129, '+')
(1343398702.3143449, '2PI\x03')
(1343398702.3143699, '2Rg\x03')
(1343398702.314393, 'rIN')
(1343398702.3144159, 'rNU')
(1343398702.3251269, 'S\xb8\x9c\x03')
(1343398702.3251691, '2f\x9f\x03')
(1343398702.325197, '2F\xac\x03')
(1343398702.325222, '2t\xae\x03')
(1343398702.325247, '2C\xb0\x03')
(1343398702.3252699, '2o>\x04')
(1343398702.3252931, '+')
(1343398702.325326, 'S\xb9\xa4\x04')
(1343398702.325352, '2f\xa6\x04')
(1343398702.325376, '2F\xb3\x04')
(1343398702.3253989, '2t\xb5\x04')
(1343398702.3254321, '2C\xb7\x04')
(1343398702.3366079, '2oD\x05')
(1343398702.3366611, '+')
(1343398702.336699, 'S\xba\x9d\x05')
(1343398702.336725, '2f\xa0\x05')
(1343398702.3367491, '2F\xac\x05')
(1343398702.3367729, '2t\xae\x05')
(1343398702.336797, '2C\xb1\x05')
(1343398702.3368211, '2o>\x06')
(1343398702.336843, '+')
(1343398702.338897, 'S\xbb\xae\x06')
(1343398702.3399329, '2f\xb0\x06')
(1343398702.339951, '2F\xbd\x06')
(1343398702.3399639, '2t\xbf\x06')
(1343398702.3399761, '2C\xc2\x06')
(1343398702.3439021, '2oO\x07')
(1343398702.3439381, '+')
(1343398702.347038, 'S\xbc\x9e\x07')
(1343398702.3470809, '2f\xa1\x07')
(1343398702.3471069, '2F\xad\x07')
(1343398702.347132, '2t\xaf\x07')
(1343398702.347156, '2!\xb2\x07')
(1343398702.347178, '-')
(1343398702.3479481, 'cr\xb5\x07')
(1343398702.3508739, '\rL: 11')
(1343398702.3509071, '8\n')
(1343398702.3519809, '2PV\x08')
(1343398702.352762, '2Rs\x08')
(1343398702.3527949, 'rIN')
(1343398702.353739, 'rNU')
(1343398702.3548181, '\rL: 118\n')
(1343398702.3569801, 'S\xbc\xf3\x08')
(1343398702.357022, '2f\xf6\x08')
(1343398702.357872, '2F\x04\t')
(1343398702.357909, '2t\x06\t')
(1343398702.357934, '2!\x08\t')
(1343398702.3579559, '-')
(1343398702.35798, 'cr\x0b\t')
(1343398702.3580029, '2I\x18\t')
(1343398702.3619299, '\rL: 118\n')
(1343398702.3629141, '2P\xb7\t')
(1343398702.363955, '2R\xd5\t')
(1343398702.363991, 'rIN')
(1343398702.3640151, 'rNU')
(1343398702.366791, '\rL: 118\n')
(1343398702.3750319, 'S\xbcv\n')
(1343398702.3750679, '2fx\n')
(1343398702.375093, '2F\x86\n')
(1343398702.3751171, '2t\x88\n')
(1343398702.37514, '2C\x8a\n')
(1343398702.375164, '2o\x18\x0b')
(1343398702.3751869, '+')
(1343398702.3752179, '\rL: 118\n')
(1343398702.385128, 'S\xbd\xa7\x0b')
(1343398702.3851709, '2f\xa9\x0b')
(1343398702.3851991, '2F\xb6\x0b')
(1343398702.3852241, '2t\xb8\x0b')
(1343398702.3852489, '2!\xba\x0b')
(1343398702.385272, '-')
(1343398702.3852961, 'cr\xbd\x0b')
(1343398702.3853199, '2I\x13\x0c')
(1343398702.385344, 'S\xbd\x1f\x0c')
(1343398702.3853681, '2f!\x0c')
(1343398702.385392, '2F.\x0c')
(1343398702.3854151, '2t0\x0c')
(1343398702.3854389, '2C2\x0c')
(1343398702.394649, '2o\xc0\x0c')
(1343398702.3947051, '+')
(1343398702.394742, '2P\xd3\x0c')
(1343398702.394768, '2R\xf0\x0c')
(1343398702.3947921, 'rIN')
(1343398702.3948159, 'rNU')
(1343398702.394841, 'S\xbe\x1f\r')
(1343398702.394865, '2f!\r')
(1343398702.3948879, '2F.\r')
(1343398702.3949101, '2t0\r')
(1343398702.394933, '2C2\r')
(1343398702.3949561, '2o\xc0\r')
(1343398702.394979, '+')
(1343398702.413686, 'S\xbf\x1c\x0e')
(1343398702.413727, '2f\x1f\x0e')
(1343398702.4137411, '2F+\x0e')
(1343398702.413753, '2t-\x0e')
(1343398702.413765, '2C0\x0e')
(1343398702.4137771, '2o\xbd\x0e')
(1343398702.4137919, '+')
(1343398702.4138269, 'S\xc0\x1c\x0f')
(1343398702.4138429, '2f\x1f\x0f')
(1343398702.4138579, '2F,\x0f')
(1343398702.413871, '2t.\x0f')
(1343398702.4138851, '2C0\x0f')
(1343398702.4138989, '2o\xbe\x0f')
(1343398702.4139121, '+')
(1343398702.4139309, 'S\xc1\x1c\x10')
(1343398702.413945, '2f\x1f\x10')
(1343398702.413959, '2F+\x10')
(1343398702.4139731, '2t-\x10')
(1343398702.413986, '2C0\x10')
(1343398702.4176581, '2o\xbd\x10')
(1343398702.4176829, '+')
(1343398702.421581, '\rL: 118\n')
(1343398702.4247119, 'S\xc2\x8e\x11')
(1343398702.424746, '2f\x90\x11')
(1343398702.424762, '2F\x9d\x11')
(1343398702.4247761, '2t\x9f\x11')
(1343398702.4247899, '2!\xa1\x11')
(1343398702.424803, '-')
(1343398702.425534, 'cr\xa4\x11')
(1343398702.426578, '\rL: 118\n')
(1343398702.4266281, '2I\xd4\x11')
(1343398702.427567, '2P\x02\x12')
(1343398702.4286101, '2R\x1f\x12')
(1343398702.428632, 'rIN')
(1343398702.4286461, 'rNU')
(1343398702.4295239, 'S\xc2D\x12')
(1343398702.429548, '2fG\x12')
(1343398702.4304881, '2FS\x12')
(1343398702.430511, '2tV\x12')
(1343398702.430527, '2CX\x12')
(1343398702.4345219, '2o\xe6\x12')
(1343398702.434546, '+')
(1343398702.4385879, '\rL: 118\n')
(1343398702.4403701, '2I\x95\x13')
(1343398702.4403911, '2P\x9b\x13')
(1343398702.441509, '2R\xb8\x13')
(1343398702.441529, 'rIN')
(1343398702.4415431, 'rNU')
(1343398702.4433789, '\rL: 118\n')
(1343398702.4465151, 'S\xc3\\\x14')
(1343398702.4465539, '2f^\x14')
(1343398702.4465799, '2Fk\x14')
(1343398702.446604, '2tm\x14')
(1343398702.4466281, '2!o\x14')
(1343398702.44665, '-')
(1343398702.4474969, 'crs\x14')
(1343398702.448384, '\rL: 118\n')
(1343398702.449338, '2I\xbc\x14')
(1343398702.449383, '2P\xd0\x14')
(1343398702.4503851, '2R\xed\x14')
(1343398702.4504189, 'rIN')
(1343398702.451406, 'rNU')
(1343398702.4543509, '\rL: 118\n')
(1343398702.4647391, '2I\x93\x15')
(1343398702.464792, '2P\x9b\x15')
(1343398702.464819, '2R\xb9\x15')
(1343398702.464843, 'rIN')
(1343398702.464865, 'rNU')
(1343398702.4648881, '\rL: 118\n')
(1343398702.464927, 'S\xc36\x16')
(1343398702.464952, '2f8\x16')
(1343398702.4649761, '2FE\x16')
(1343398702.464999, '2tG\x16')
(1343398702.4650221, '2!J\x16')
(1343398702.465044, '-')
(1343398702.4650669, 'crM\x16')
(1343398702.465091, '2I\x93\x16')
(1343398702.4651151, 'S\xc3\xa6\x16')
(1343398702.4651389, '2f\xa8\x16')
(1343398702.465162, '2F\xb5\x16')
(1343398702.4651849, '2t\xb7\x16')
(1343398702.4652081, '2C\xba\x16')
(1343398702.483757, '2oG\x17')
(1343398702.483808, '+')
(1343398702.483845, '2PZ\x17')
(1343398702.483871, '2Rx\x17')
(1343398702.4838941, 'rIN')
(1343398702.483917, 'rNU')
(1343398702.4839411, 'S\xc4\x9f\x17')
(1343398702.4839661, '2f\xa1\x17')
(1343398702.48399, '2F\xae\x17')
(1343398702.484014, '2t\xb0\x17')
(1343398702.4840381, '2C\xb3\x17')
(1343398702.4840839, '2o@\x18')
(1343398702.484108, '+')
(1343398702.484158, 'S\xc5\xa3\x18')
(1343398702.4841859, '2f\xa6\x18')
(1343398702.484211, '2F\xb2\x18')
(1343398702.4842341, '2t\xb5\x18')
(1343398702.4842579, '2C\xb7\x18')
(1343398702.4843719, '2oE\x19')
(1343398702.484417, '+')
(1343398702.50371, 'S\xc6\x9d\x19')
(1343398702.503768, '2f\xa0\x19')
(1343398702.5037961, '2F\xac\x19')
(1343398702.5038209, '2t\xae\x19')
(1343398702.503845, '2C\xb1\x19')
(1343398702.5038691, '2o>\x1a')
(1343398702.5038919, '+')
(1343398702.5039251, 'S\xc7\xa3\x1a')
(1343398702.5039501, '2f\xa6\x1a')
(1343398702.503974, '2F\xb2\x1a')
(1343398702.503998, '2t\xb5\x1a')
(1343398702.5040381, '2C\xb7\x1a')
(1343398702.504087, '2oD\x1b')
(1343398702.5041111, '+')
(1343398702.504144, 'S\xc8\x9d\x1b')
(1343398702.504169, '2f\xa0\x1b')
(1343398702.5041931, '2F\xac\x1b')
(1343398702.504216, '2t\xae\x1b')
(1343398702.50424, '2C\xb1\x1b')
(1343398702.5081151, '2o>\x1c')
(1343398702.5081539, '+')
(1343398702.511101, '\rL: 118\n')
(1343398702.5141981, 'S\xc9\x0c\x1d')
(1343398702.514236, '2f\x0e\x1d')
(1343398702.5142641, '2F\x1b\x1d')
(1343398702.5151019, '2t\x1d\x1d')
(1343398702.5151379, '2!\x1f\x1d')
(1343398702.515162, '-')
(1343398702.5151861, 'cr#\x1d')
(1343398702.516098, '\rL: 118\n')
(1343398702.5161409, '2IN\x1d')
(1343398702.518132, '2P\x7f\x1d')
(1343398702.518177, '2R\x9d\x1d')
(1343398702.518203, 'rIN')
(1343398702.519114, 'rNU')
(1343398702.522177, '\rL: 118\n')
(1343398702.5222239, '2I\x1e\x1e')
(1343398702.524055, '2PJ\x1e')
(1343398702.525238, '2Rg\x1e')
(1343398702.525275, 'rIN')
(1343398702.5253, 'rNU')
(1343398702.5261569, 'S\xc9\x8c\x1e')
(1343398702.526195, '2f\x8f\x1e')
(1343398702.5262201, '2F\x9b\x1e')
(1343398702.5262439, '2t\x9d\x1e')
(1343398702.526268, '2!\xa0\x1e')
(1343398702.5262899, '-')
(1343398702.526314, 'cr\xa3\x1e')
(1343398702.5281711, '\rL: 118\n')
(1343398702.5302019, '2I\x19\x1f')
(1343398702.5321879, '\rL: 118\n')
(1343398702.5346429, '2P\x82\x1f')
(1343398702.534683, '2R\xa0\x1f')
(1343398702.534708, 'rIN')
(1343398702.5347309, 'rNU')
(1343398702.5446291, '\rL: 118\n')
(1343398702.544683, '2I\x13 ')
(1343398702.5447159, '2P& ')
(1343398702.544739, '2RD ')
(1343398702.5447619, 'rIN')
(1343398702.5447831, 'rNU')
(1343398702.544806, 'S\xc9h ')
(1343398702.5448279, '2fj ')
(1343398702.5448501, '2Fw ')
(1343398702.544872, '2ty ')
(1343398702.544893, '2C| ')
(1343398702.5449989, '2o\t!')
(1343398702.5450311, '+')
(1343398702.5549569, 'S\xca\xa4!')
(1343398702.554996, '2f\xa6!')
(1343398702.5550201, '2F\xb3!')
(1343398702.555043, '2t\xb5!')
(1343398702.5550661, '2!\xb7!')
(1343398702.5551, '-')
(1343398702.555124, 'cr\xbb!')
(1343398702.5551469, 'S\xca\x1c"')
(1343398702.5551701, '2f\x1e"')
(1343398702.5551929, '2I("')
(1343398702.5552139, '2F."')
(1343398702.5552361, '2t0"')
(1343398702.5552571, '2C2"')
(1343398702.5648611, '2o\xc0"')
(1343398702.5649171, '+')
(1343398702.564954, '2P\xd3"')
(1343398702.5649791, '2R\xf1"')
(1343398702.565002, 'rIN')
(1343398702.5650239, 'rNU')
(1343398702.565048, 'S\xcb\x1f#')
(1343398702.5650711, '2f!#')
(1343398702.565093, '2F.#')
(1343398702.565115, '2t0#')
(1343398702.5651369, '2C3#')
(1343398702.5748, '2o\xc0#')
(1343398702.5748439, '+')
(1343398702.5748799, 'S\xcc\x1c$')
(1343398702.5749049, '2f\x1f$')
(1343398702.574928, '2F+$')
(1343398702.5749509, '2t.$')
(1343398702.5749719, '2C0$')
(1343398702.574995, '2o\xbd$')
(1343398702.5750179, '+')
(1343398702.576858, 'S\xcd\x1d%')
(1343398702.5768981, '2f\x1f%')
(1343398702.5779729, '2F,%')
(1343398702.578012, '2t.%')
(1343398702.578038, '2C1%')
(1343398702.5818329, '2o\xbe%')
(1343398702.5818679, '+')
(1343398702.585778, '\rL: 118\n')
(1343398702.5888851, 'S\xce\x8e&')
(1343398702.588923, '2f\x90&')
(1343398702.588948, '2F\x9d&')
(1343398702.5889709, '2t\x9f&')
(1343398702.588995, '2!\xa2&')
(1343398702.5890169, '-')
(1343398702.58904, 'cr\xa5&')
(1343398702.5898731, '\rL: 118\n')
(1343398702.590893, '2I\xd5&')
(1343398702.5918779, "2P\x03'")
(1343398702.5927801, "2R!'")
(1343398702.592813, 'rIN')
(1343398702.5928371, 'rNU')
(1343398702.593894, "S\xceG'")
(1343398702.59393, "2fI'")
(1343398702.594717, "2FV'")
(1343398702.594753, "2tX'")
(1343398702.5947759, "2CZ'")
(1343398702.598906, "2o\xe8'")
(1343398702.5989439, '+')
(1343398702.6028991, '\rL: 118\n')
(1343398702.604789, '2I\x97(')
(1343398702.6048269, '2P\x9e(')
(1343398702.605782, '2R\xbb(')
(1343398702.605814, 'rIN')
(1343398702.6058381, 'rNU')
(1343398702.607832, '\rL: 118\n')
(1343398702.6109109, 'S\xcf^)')
(1343398702.6109431, '2f`)')
(1343398702.6109681, '2Fm)')
(1343398702.61099, '2to)')
(1343398702.611012, '2!r)')
(1343398702.6110339, '-')
(1343398702.611057, 'cru)')
(1343398702.6118281, '\rL: 118\n')
(1343398702.6236589, '2I\xbe)')
(1343398702.6237099, '2P\xd3)')
(1343398702.6237359, '2R\xf1)')
(1343398702.6237581, 'rIN')
(1343398702.623781, 'rNU')
(1343398702.6238029, '\rL: 118\n')
(1343398702.6238401, 'S\xcf\x93')
(1343398702.6238639, '*')
(1343398702.6238861, '2f\x98*')
(1343398702.623909, '2F\xa4*')
(1343398702.6239319, '2t\xa6*')
(1343398702.623955, '2C\xa9*')
(1343398702.6350961, '2o6+')
(1343398702.6351521, '+')
(1343398702.6351869, '2PI+')
(1343398702.635211, '2Rg+')
(1343398702.6352329, 'rIN')
(1343398702.6352551, 'rNU')
(1343398702.6352789, 'S\xd0\x9c+')
(1343398702.635303, '2f\x9f+')
(1343398702.6353259, '2F\xab+')
(1343398702.635349, '2t\xad+')
(1343398702.6353719, '2C\xb0+')
(1343398702.6353941, '2o=,')
(1343398702.635416, '+')
(1343398702.645117, 'S\xd1\xa3,')
(1343398702.645164, '2f\xa6,')
(1343398702.64519, '2F\xb3,')
(1343398702.6452141, '2t\xb5,')
(1343398702.645237, '2C\xb7,')
(1343398702.6452601, '2oD-')
(1343398702.645283, '+')
(1343398702.6453159, 'S\xd2\x9e-')
(1343398702.64534, '2f\xa0-')
(1343398702.6453631, '2F\xad-')
(1343398702.645386, '2t\xaf-')
(1343398702.6454091, '2C\xb2-')
(1343398702.655015, '2o?.')
(1343398702.6550591, '+')
(1343398702.6550961, 'S\xd3\xa4.')
(1343398702.6551211, '2f\xa6.')
(1343398702.6551449, '2F\xb3.')
(1343398702.6551681, '2t\xb5.')
(1343398702.6551919, '2C\xb7.')
(1343398702.656527, '2oD/')
(1343398702.6565609, '+')
(1343398702.6595709, 'S\xd4\x9e/')
(1343398702.659605, '2f\xa0/')
(1343398702.6596291, '2F\xad/')
(1343398702.659652, '2t\xaf/')
(1343398702.6596749, '2C\xb1/')
(1343398702.6645999, '2o?0')
(1343398702.664639, '+')
(1343398702.667568, '\rL: 118\n')
(1343398702.6703711, 'S\xd5\x0c1')
(1343398702.6704111, '2f\x0f1')
(1343398702.6704359, '2F\x1b1')
(1343398702.67046, '2t\x1d1')
(1343398702.6714311, '2! 1')
(1343398702.671468, '-')
(1343398702.6714909, 'cr#1')
(1343398702.6724379, '\rL: 118\n')
(1343398702.672478, '2IO1')
(1343398702.673435, '2P\x7f1')
(1343398702.6744161, '2R\x9d1')
(1343398702.6744649, 'rIN')
(1343398702.6754091, 'rNU')
(1343398702.678493, '\rL: 118\n')
(1343398702.6785381, '2I\x1f2')
(1343398702.6805019, '2PJ2')
(1343398702.6814671, '2Rg2')
(1343398702.6815, 'rIN')
(1343398702.681525, 'rNU')
(1343398702.6825011, 'S\xd5\x8c2')
(1343398702.682534, '2f\x8f2')
(1343398702.6825581, '2F\x9c2')
(1343398702.6825819, '2t\x9e2')
(1343398702.682605, '2!\xa02')
(1343398702.682627, '-')
(1343398702.682651, 'cr\xa32')
(1343398702.683423, '\rL: 118\n')
(1343398702.686506, '2I\x1a3')
(1343398702.6883669, '\rL: 118\n')
(1343398702.6946869, '2P\x863')
(1343398702.694726, '2R\xa43')
(1343398702.694751, 'rIN')
(1343398702.6947739, 'rNU')
(1343398702.6947961, '\rL: 118\n')
(1343398702.6948271, '2I\x144')
(1343398702.6948581, '2P&4')
(1343398702.70505, '2RD4')
(1343398702.7051041, 'rIN')
(1343398702.7051289, 'rNU')
(1343398702.705153, 'S\xd5h4')
(1343398702.7051771, '2fk4')
(1343398702.705199, '2Fw4')
(1343398702.7052209, '2ty4')
(1343398702.7052431, '2C|4')
(1343398702.705265, '2o\t5')
(1343398702.705287, '+')
(1343398702.714824, 'S\xd6\xa55')
(1343398702.71487, '2f\xa75')
(1343398702.714896, '2F\xb45')
(1343398702.714921, '2t\xb65')
(1343398702.7149439, '2!\xb95')
(1343398702.714967, '-')
(1343398702.714999, 'cr\xbc5')
(1343398702.715024, 'S\xd6\x1c6')
(1343398702.7150481, '2f\x1f6')
(1343398702.715071, '2I(6')
(1343398702.7150929, '2F.6')
(1343398702.715116, '2t06')
(1343398702.715138, '2C36')
(1343398702.7250741, '2o\xc06')
(1343398702.7251251, '+')
(1343398702.725162, '2P\xd36')
(1343398702.7251871, '2R\xf16')
(1343398702.72521, 'rIN')
(1343398702.7252331, 'rNU')
(1343398702.725256, 'S\xd7\x1f7')
(1343398702.7252791, '2f"7')
(1343398702.725302, '2F/7')
(1343398702.7253239, '2t17')
(1343398702.7253461, '2C37')
(1343398702.725368, '2o\xc07')
(1343398702.72539, '+')
(1343398702.7255099, 'S\xd8\x1c8')
(1343398702.7255421, '2f\x1f8')
(1343398702.7351041, '2F+8')
(1343398702.7351561, '2t-8')
(1343398702.7351811, '2C08')
(1343398702.7352049, '2o\xbd8')
(1343398702.7352281, '+')
(1343398702.735261, 'S\xd9\x1c9')
(1343398702.735286, '2f\x1f9')
(1343398702.7353089, '2F+9')
(1343398702.7353311, '2t-9')
(1343398702.735353, '2C09')
(1343398702.7381921, '2o\xbd9')
(1343398702.7382331, '+')
(1343398702.7422299, '\rL: 118\n')
(1343398702.7452691, '\rL: 118\n')
(1343398702.7545829, '2I\xd4:')
(1343398702.754622, 'S\xda\xeb:')
(1343398702.754648, '2f\xee:')
(1343398702.7546721, '2F\xfa:')
(1343398702.7546949, '2t\xfc:')
(1343398702.7547181, '2C\xff:')
(1343398702.754741, '2o\x8c;')
(1343398702.7547641, '+')
(1343398702.7547951, '2P\xa0;')
(1343398702.7548189, '2R\xbe;')
(1343398702.7548411, 'rIN')
(1343398702.754863, 'rNU')
(1343398702.7737589, '\rL: 118\n')
(1343398702.7738409, 'S\xdbe<')
(1343398702.773869, '2fh<')
(1343398702.7738919, '2Ft<')
(1343398702.7739151, '2tv<')
(1343398702.773937, '2Cy<')
(1343398702.7739611, '2o\x06=')
(1343398702.773984, '+')
(1343398702.7740159, '2I\x97=')
(1343398702.77404, 'S\xdc\xa6=')
(1343398702.7740641, '2f\xa8=')
(1343398702.7740879, '2F\xb5=')
(1343398702.774111, '2t\xb7=')
(1343398702.7741339, '2C\xba=')
(1343398702.7742529, '2oG>')
(1343398702.7742839, '+')
(1343398702.7743161, '2PZ>')
(1343398702.793736, '2Rx>')
(1343398702.793787, 'rIN')
(1343398702.793813, 'rNU')
(1343398702.793838, 'S\xdd\x9e>')
(1343398702.7938621, '2f\xa1>')
(1343398702.7938859, '2F\xae>')
(1343398702.7939091, '2t\xb0>')
(1343398702.793932, '2C\xb2>')
(1343398702.7939539, '2o??')
(1343398702.793977, '+')
(1343398702.794009, '2IO@')
(1343398702.7940321, '2PS@')
(1343398702.794054, '2Rq@')
(1343398702.794076, 'rIN')
(1343398702.7940979, 'rNU')
(1343398702.805059, '2I\x1fA')
(1343398702.8051109, '2P"A')
(1343398702.8051381, '2R@A')
(1343398702.80516, 'rIN')
(1343398702.8051829, 'rNU')
(1343398702.8052061, '2I\x1aB')
(1343398702.8052299, '2P\x1dB')
(1343398702.8052521, '2R;B')
(1343398702.805274, 'rIN')
(1343398702.8052959, 'rNU')
(1343398702.814024, '2I\x14C')
(1343398702.8140669, '2P\x17C')
(1343398702.8140919, '2R5C')
(1343398702.814116, 'rIN')
(1343398702.8141379, 'rNU')
(1343398702.83429, '2I\x1aD')
(1343398702.834393, '2P\x1dD')
(1343398702.8344259, '2R;D')
(1343398702.83445, 'rIN')
(1343398702.8344729, 'rNU')
(1343398702.834496, '2I\x15E')
(1343398702.8345211, '2P\x18E')
(1343398702.8345449, '2R6E')
(1343398702.834568, 'rIN')
(1343398702.83459, 'rNU')
(1343398702.874263, '2IjJ')
(1343398702.874326, '2PnJ')
(1343398702.8743529, '2RxJ')
(1343398702.8744049, '2S\x1e\x00\x00\x00 zJ')
(1343398703.875293, '2Im\xca')
(1343398703.87535, '2Pp\xca')
(1343398703.8753791, '2Rz\xca')
(1343398703.875406, '2S\x1e\x00\x00\x00!|\xca')
(1343398704.214031, 'S\xde(\xf6')
(1343398704.2140839, '2f+\xf6')
(1343398704.214112, '2F6\xf6')
(1343398704.2141359, '2t8\xf6')
(1343398704.214159, '2C;\xf6')
(1343398704.2245491, '2o\xb6\xf6')
(1343398704.224592, '+')
(1343398704.8740449, '2IoJ')
(1343398704.8740971, '2PsJ')
(1343398704.8741231, '2R}J')
(1343398704.87415, '2S\x1e\x00\x00\x00"\x7fJ')
(1343398705.875278, '2Ir\xca')
(1343398705.8753209, '2Pu\xca')
(1343398705.8753359, '2R\x7f\xca')
(1343398705.875351, '2S\x1e\x00\x00\x00#\x83\xca')
