(1343398682.372194, '\rL: 2\n')
(1343398682.372305, '\rGot configuration message of type I\n')
(1343398682.388474, '\rL: 48\n')
(1343398682.91384, '2I\xa3\xa2')
(1343398682.913895, '2P\xa7\xa2')
(1343398682.932504, '2R\xb0\xa2')
(1343398682.932583, '2S\x1e\x00\x00\x00\x0c\xb3\xa2')
(1343398683.923827, '2I\xa2"')
(1343398683.923881, '2P\xa6"')
(1343398683.933721, '2R\xaf"')
(1343398683.933786, '2S\x1e\x00\x00\x00\r\xb2"')
(1343398684.913907, '2I\xa1\xa2')
(1343398684.92383, '2P\xa5\xa2')
(1343398684.933809, '2R\xae\xa2')
(1343398684.933848, '2S\x1e\x00\x00\x00\x0e\xb1\xa2')
(1343398685.193892, '2I\xa0\xc6')
(1343398685.193947, '2P\xa4\xc6')
(1343398685.20395, '2R\xbb\xc6')
(1343398685.203994, 'rIN')
(1343398685.204018, 'D{\xc3\xc6')
(1343398685.204041, 'ci\xc5\xc6')
(1343398685.204081, 'S\x7f=\xc7')
(1343398685.204104, '2f?\xc7')
(1343398685.204126, '2FH\xc7')
(1343398685.204147, '2tJ\xc7')
(1343398685.204168, '2CM\xc7')
(1343398685.204189, '2o\xaa\xc7')
(1343398685.20421, '+')
(1343398685.901831, '2I\xa0"')
(1343398685.912828, '2P\xa4"')
(1343398685.912865, '2R\xad"')
(1343398685.912892, '2S\x1e\x00\x00\x00\x0f\xaf"')
(1343398686.404391, '\rL: 48\n')
(1343398686.901846, '2I\x9f\xa2')
(1343398686.913921, '2P\xa3\xa2')
(1343398686.923928, '2R\xac\xa2')
(1343398686.92393, '2S\x1e\x00\x00\x00\x10\xae\xa2')
(1343398687.923177, '2I\x9e"')
(1343398687.923231, '2P\xa1"')
(1343398687.933784, '2R\xab"')
(1343398687.933838, '2S\x1e\x00\x00\x00\x11\xad"')
(1343398688.533888, 'S\x80\xa9r')
(1343398688.533943, '2f\xacr')
(1343398688.533967, '2F\xb6r')
(1343398688.533989, '2t\xb8r')
(1343398688.53401, '2C\xbbr')
(1343398688.542323, '2o7s')
(1343398688.542357, '+')
(1343398688.542378, '2IIt')
(1343398688.542398, '2PMt')
(1343398688.542417, '2R`t')
(1343398688.542437, 'rIN')
(1343398688.542456, 'D\\ht')
(1343398688.542476, 'cikt')
(1343398688.901831, '2I\x9c\xa2')
(1343398688.913803, '2P\xa0\xa2')
(1343398688.923098, '2R\xaa\xa2')
(1343398688.923156, '2S\x1e\x00\x00\x00\x12\xac\xa2')
(1343398689.913947, '2I\x9b"')
(1343398689.914002, '2P\x9f"')
(1343398689.921858, '2R\xa8"')
(1343398689.921897, '2S\x1e\x00\x00\x00\x13\xab"')
(1343398690.420313, '\rL: 48\n')
(1343398690.901832, '2I\x9a\xa2')
(1343398690.91282, '2P\x9e\xa2')
(1343398690.912856, '2R\xa7\xa2')
(1343398690.912883, '2S\x1e\x00\x00\x00\x14\xaa\xa2')
(1343398691.911531, '2I\x87"')
(1343398691.911586, '2P\x8c"')
(1343398691.91161, '2R\xa4"')
(1343398691.911631, 'rIN')
(1343398691.911653, 'D|\xac"')
(1343398691.911675, 'ci\xae"')
(1343398692.573295, '2I\x81u')
(1343398692.573359, '2P\x85u')
(1343398692.582547, '2R\x9cu')
(1343398692.582601, 'rIN')
(1343398692.582642, 'D]\xa4u')
(1343398692.58268, 'ci\xa7u')
(1343398692.901838, '2I\x98\xa2')
(1343398692.913981, '2P\x9c\xa2')
(1343398692.914018, '2R\xa5\xa2')
(1343398692.914045, '2S\x1e\x00\x00\x00\x16\xa8\xa2')
(1343398693.91389, '2I\x97"')
(1343398693.913945, '2P\x9b"')
(1343398693.923796, '2R\xa4"')
(1343398693.923835, '2S\x1e\x00\x00\x00\x17\xa7"')
(1343398694.531637, 'S\x81Cr')
(1343398694.531699, '2fFr')
(1343398694.531721, '2FNr')
(1343398694.531741, '2tPr')
(1343398694.531761, '2CSr')
(1343398694.531782, '2o\xb0r')
(1343398694.531803, '+')
(1343398694.921257, '2I\x96\xa2')
(1343398694.921322, '2P\x9a\xa2')
(1343398694.93107, '2R\xa3\xa2')
(1343398694.931187, '2S\x1e\x00\x00\x00\x18\xa5\xa2')
(1343398695.872267, 'S\x82"\x1c')
(1343398695.872322, '2f$\x1c')
(1343398695.872345, '2F/\x1c')
(1343398695.872367, '2t1\x1c')
(1343398695.872389, '2C4\x1c')
(1343398695.874041, '2o\xb0\x1c')
(1343398695.874076, '+')
(1343398695.874099, '2IS\x1d')
(1343398695.874122, '2PW\x1d')
(1343398695.874143, '2Rj\x1d')
(1343398695.874164, 'rIN')
(1343398695.874185, 'D^q\x1d')
(1343398695.874206, 'cit\x1d')
(1343398695.874238, 'S\x83\xd1\x1d')
(1343398695.874261, '2f\xd3\x1d')
(1343398695.874283, '2F\xdb\x1d')
(1343398695.874305, '2t\xde\x1d')
(1343398695.874326, '2C\xe1\x1d')
(1343398695.874348, '2o?\x1e')
(1343398695.874369, '+')
(1343398695.906747, '2I\x95"')
(1343398695.909826, '2P\x99"')
(1343398695.913892, '2R\xa2"')
(1343398695.913932, '2S\x1e\x00\x00\x00\x19\xa4"')
(1343398696.901924, '2I\x93\xa2')
(1343398696.911736, '2P\x97\xa2')
(1343398696.911772, '2R\xa1\xa2')
(1343398696.911799, '2S\x1e\x00\x00\x00\x1a\xa3\xa2')
(1343398697.833916, '2I\xf0\x16')
(1343398697.833973, '2P\xf4\x16')
(1343398697.843952, '2R\x0f\x17')
(1343398697.844013, 'rIN')
(1343398697.84406, 'D}\x17\x17')
(1343398697.844104, 'ci\x19\x17')
(1343398697.844157, 'S\x84h\x17')
(1343398697.844198, '2fj\x17')
(1343398697.844236, '2Fv\x17')
(1343398697.844297, '2tx\x17')
(1343398697.844319, '2C{\x17')
(1343398697.84434, '2o\t\x18')
(1343398697.844361, '+')
(1343398697.913922, '2I\x92"')
(1343398697.913976, '2P\x96"')
(1343398697.931385, '2R\x9f"')
(1343398697.931478, '2S\x1e\x00\x00\x00\x1b\xa2"')
(1343398698.913893, '2I\x92\xa2')
(1343398698.913948, '2P\x95\xa2')
(1343398698.931974, '2R\x9e\xa2')
(1343398698.932045, '2S\x1e\x00\x00\x00\x1c\xa1\xa2')
(1343398699.401836, '2I\x81\xe2')
(1343398699.411463, '2P\x85\xe2')
(1343398699.411502, '2R\x9d\xe2')
(1343398699.411524, 'rIN')
(1343398699.411547, 'D_\xa4\xe2')
(1343398699.411569, 'ci\xa7\xe2')
(1343398699.913922, '2I\x90"')
(1343398699.913977, '2P\x94"')
(1343398699.933786, '2R\x9d"')
(1343398699.93384, '2S\x1e\x00\x00\x00\x1d\xa0"')
(1343398700.924014, '2I\x8f\xa2')
(1343398700.92407, '2P\x93\xa2')
(1343398700.93381, '2R\x9c\xa2')
(1343398700.93385, '2S\x1e\x00\x00\x00\x1e\x9f\xa2')
(1343398701.613852, '2I!\xfd')
(1343398701.623719, '2P%\xfd')
(1343398701.631492, '2R?\xfd')
(1343398701.631544, 'rIN')
(1343398701.631579, 'D~G\xfd')
(1343398701.631602, 'ciI\xfd')
(1343398701.631634, 'S\x85\x9a\xfd')
(1343398701.631658, '2f\x9c\xfd')
(1343398701.63168, '2F\xa8\xfd')
(1343398701.631702, '2t\xaa\xfd')
(1343398701.631723, '2C\xad\xfd')
(1343398701.631745, '2o:\xfe')
(1343398701.631765, '+')
(1343398701.63382, '2I\xea\xff')
(1343398701.637866, '2P\xee\xff')
(1343398701.637903, '2R\x0b\x00')
(1343398701.637926, 'rIN')
(1343398701.637949, 'D\x7f\x13\x00')
(1343398701.637972, 'ci\x15\x00')
(1343398701.638003, 'S\x86e\x00')
(1343398701.638025, '2fh\x00')
(1343398701.638047, '2Fs\x00')
(1343398701.638068, '2tv\x00')
(1343398701.63809, '2Cy\x00')
(1343398701.638112, '2o\x06\x01')
(1343398701.638133, '+')
(1343398701.641923, '2I\x9d\x01')
(1343398701.641961, '2P\xa1\x01')
(1343398701.658278, '2R\xbb\x01')
(1343398701.658278, 'rIN')
(1343398701.658278, 'D\x80\xc3\x01')
(1343398701.658295, 'ci\xc5\x01')
(1343398701.658339, 'S\x87\x15\x02')
(1343398701.658363, '2f\x17\x02')
(1343398701.658385, '2F#\x02')
(1343398701.658407, '2t%\x02')
(1343398701.658428, '2C(\x02')
(1343398701.661844, '2o\xb6\x02')
(1343398701.661878, '+')
(1343398701.673903, '2I\xdd\x03')
(1343398701.673943, '2P\xe1\x03')
(1343398701.673968, '2R\xfc\x03')
(1343398701.67399, 'rIN')
(1343398701.674012, 'D\x81\x04\x04')
(1343398701.674035, 'ci\x07\x04')
(1343398701.684227, 'S\x88U\x04')
(1343398701.684306, '2fW\x04')
(1343398701.68433, '2Fd\x04')
(1343398701.684353, '2tg\x04')
(1343398701.684374, '2!i\x04')
(1343398701.684394, '-')
(1343398701.684415, 'crm\x04')
(1343398701.684438, 'S\x88\x97\x04')
(1343398701.68446, '2f\x99\x04')
(1343398701.684482, '2F\xa5\x04')
(1343398701.684503, '2t\xa7\x04')
(1343398701.684525, '2!\xaa\x04')
(1343398701.684545, '-')
(1343398701.684566, 'cr\xae\x04')
(1343398701.684587, '2I\xe4\x04')
(1343398701.684609, '2P\xe8\x04')
(1343398701.68463, '2R\x03\x05')
(1343398701.684651, 'rIN')
(1343398701.684672, 'D\x82\x0b\x05')
(1343398701.684693, 'ci\r\x05')
(1343398701.684724, 'S\x88Z\x05')
(1343398701.684746, '2f\\\x05')
(1343398701.684767, '2Fi\x05')
(1343398701.684788, '2tk\x05')
(1343398701.684809, '2!n\x05')
(1343398701.684828, '-')
(1343398701.684849, 'crr\x05')
(1343398701.68487, 'S\x88\x97\x05')
(1343398701.684892, '2f\x99\x05')
(1343398701.684913, '2F\xa5\x05')
(1343398701.684935, '2t\xa7\x05')
(1343398701.684956, '2!\xaa\x05')
(1343398701.684976, '-')
(1343398701.684997, 'cr\xae\x05')
(1343398701.685018, '2I\xe4\x05')
(1343398701.685039, '2P\xe8\x05')
(1343398701.685061, '2R\x03\x06')
(1343398701.685081, 'rIN')
(1343398701.685102, 'D\x83\x0b\x06')
(1343398701.685123, 'ci\r\x06')
(1343398701.685166, 'S\x88Z\x06')
(1343398701.685189, '2f\\\x06')
(1343398701.688061, '2Fi\x06')
(1343398701.688061, '2tl\x06')
(1343398701.688098, '2!n\x06')
(1343398701.688179, '-')
(1343398701.68825, 'crr\x06')
(1343398701.691377, 'S\x88\x97\x06')
(1343398701.69144, '2f\x99\x06')
(1343398701.691484, '2F\xa5\x06')
(1343398701.691527, '2t\xa7\x06')
(1343398701.691567, '2!\xaa\x06')
(1343398701.691604, '-')
(1343398701.691741, 'cr\xae\x06')
(1343398701.691764, '2I\xe4\x06')
(1343398701.691787, '2P\xe8\x06')
(1343398701.691809, '2R\x04\x07')
(1343398701.69183, 'rIN')
(1343398701.691851, 'D\x84\x0c\x07')
(1343398701.691873, 'ci\x0e\x07')
(1343398701.691906, 'S\x88[\x07')
(1343398701.691928, '2f]\x07')
(1343398701.69195, '2Fi\x07')
(1343398701.691971, '2tk\x07')
(1343398701.691992, '2Cn\x07')
(1343398701.692014, '2o\xfc\x07')
(1343398701.692035, '+')
(1343398701.703965, 'S\x89\x9e\x08')
(1343398701.70403, '2f\xa0\x08')
(1343398701.704065, '2F\xac\x08')
(1343398701.704089, '2t\xae\x08')
(1343398701.704111, '2!\xb1\x08')
(1343398701.704132, '-')
(1343398701.704153, 'cr\xb5\x08')
(1343398701.704175, '2I\r\t')
(1343398701.713948, 'S\x89\x19\t')
(1343398701.713984, '2f\x1c\t')
(1343398701.714007, "2F'\t")
(1343398701.714027, '2t*\t')
(1343398701.714046, '2C-\t')
(1343398701.72611, '2o\xba\t')
(1343398701.726158, '+')
(1343398701.726191, '2P\xcd\t')
(1343398701.726214, '2R\xe7\t')
(1343398701.726235, 'rIN')
(1343398701.726256, 'D\x85\xef\t')
(1343398701.726278, 'ci\xf1\t')
(1343398701.726307, 'S\x8a?\n')
(1343398701.726327, '2fB\n')
(1343398701.726347, '2FN\n')
(1343398701.726366, '2tP\n')
(1343398701.726386, '2CS\n')
(1343398701.726406, '2o\xe1\n')
(1343398701.726427, '+')
(1343398701.726455, 'S\x8b\x16\x0b')
(1343398701.726479, '2f\x19\x0b')
(1343398701.726501, '2F$\x0b')
(1343398701.726567, "2t'\x0b")
(1343398701.726591, '2C*\x0b')
(1343398701.726613, '2o\xb7\x0b')
(1343398701.726634, '+')
(1343398701.726663, 'S\x8c\x16\x0c')
(1343398701.726686, '2f\x18\x0c')
(1343398701.726708, '2F$\x0c')
(1343398701.726729, '2t&\x0c')
(1343398701.72675, '2!)\x0c')
(1343398701.726771, '-')
(1343398701.726791, 'cr-\x0c')
(1343398701.726813, '2Ir\x0c')
(1343398701.726834, '2Pv\x0c')
(1343398701.730002, '2R\x92\x0c')
(1343398701.730042, 'rIN')
(1343398701.730066, 'D\x86\x9a\x0c')
(1343398701.730089, 'ci\x9c\x0c')
(1343398701.730123, 'S\x8c\xea\x0c')
(1343398701.73018, '2f\xee\x0c')
(1343398701.730208, '2F\xf9\x0c')
(1343398701.73023, '2t\xfc\x0c')
(1343398701.730251, '2!\xfe\x0c')
(1343398701.730272, '-')
(1343398701.730293, 'cr\x03\r')
(1343398701.743947, '2Il\r')
(1343398701.743982, '2Pp\r')
(1343398701.743996, '2R\x8c\r')
(1343398701.744007, 'rIN')
(1343398701.744018, 'D\x87\x94\r')
(1343398701.744028, 'ci\x96\r')
(1343398701.756684, 'S\x8c\xea\r')
(1343398701.756721, '2f\xed\r')
(1343398701.756744, '2F\xf9\r')
(1343398701.756766, '2t\xfb\r')
(1343398701.756788, '2!\xfe\r')
(1343398701.756808, '-')
(1343398701.756875, 'cr\x03\x0e')
(1343398701.756899, '2Im\x0e')
(1343398701.756921, '2Pq\x0e')
(1343398701.756943, '2R\x8c\x0e')
(1343398701.756964, 'rIN')
(1343398701.756985, 'D\x88\x94\x0e')
(1343398701.757008, 'ci\x96\x0e')
(1343398701.757039, 'S\x8c\xe4\x0e')
(1343398701.757062, '2f\xe7\x0e')
(1343398701.757084, '2F\xf3\x0e')
(1343398701.757106, '2t\xf5\x0e')
(1343398701.757128, '2!\xf8\x0e')
(1343398701.757148, '-')
(1343398701.757169, 'cr\xfc\x0e')
(1343398701.757191, 'S\x8c\x1f\x0f')
(1343398701.757213, '2f!\x0f')
(1343398701.757234, '2F-\x0f')
(1343398701.757255, '2t/\x0f')
(1343398701.757276, '2!2\x0f')
(1343398701.757297, '-')
(1343398701.757317, 'cr6\x0f')
(1343398701.757338, '2Ie\x0f')
(1343398701.75736, '2Pi\x0f')
(1343398701.757381, '2R\x85\x0f')
(1343398701.757402, 'rIN')
(1343398701.757423, 'D\x89\x8c\x0f')
(1343398701.757446, 'ci\x8f\x0f')
(1343398701.757476, 'S\x8c\xdd\x0f')
(1343398701.757499, '2f\xdf\x0f')
(1343398701.757521, '2F\xec\x0f')
(1343398701.757543, '2t\xee\x0f')
(1343398701.757565, '2!\xf1\x0f')
(1343398701.757585, '-')
(1343398701.757606, 'cr\xf5\x0f')
(1343398701.757628, 'S\x8c\x19\x10')
(1343398701.75765, '2f\x1b\x10')
(1343398701.757686, "2F'\x10")
(1343398701.761946, '2t)\x10')
(1343398701.761988, '2!,\x10')
(1343398701.762011, '-')
(1343398701.762033, 'cr0\x10')
(1343398701.762055, '2Ik\x10')
(1343398701.762076, '2Po\x10')
(1343398701.762098, '2R\x8a\x10')
(1343398701.76212, 'rIN')
(1343398701.762141, 'D\x8a\x92\x10')
(1343398701.762164, 'ci\x94\x10')
(1343398701.762195, 'S\x8c\xe3\x10')
(1343398701.762217, '2f\xe6\x10')
(1343398701.762239, '2F\xf2\x10')
(1343398701.762261, '2t\xf4\x10')
(1343398701.762282, '2!\xf7\x10')
(1343398701.762303, '-')
(1343398701.762323, 'cr\xfb\x10')
(1343398701.762345, 'S\x8c\x1e\x11')
(1343398701.762367, '2f \x11')
(1343398701.76588, '2F,\x11')
(1343398701.765914, '2t.\x11')
(1343398701.765937, '2!1\x11')
(1343398701.765958, '-')
(1343398701.765978, 'cr5\x11')
(1343398701.774048, '2Id\x11')
(1343398701.774086, '2Ph\x11')
(1343398701.774111, '2R\x84\x11')
(1343398701.774133, 'rIN')
(1343398701.774155, 'D\x8b\x8c\x11')
(1343398701.774178, 'ci\x8e\x11')
(1343398701.786776, 'S\x8c\xd5\x11')
(1343398701.786844, '2f\xd7\x11')
(1343398701.786897, '2F\xe3\x11')
(1343398701.786947, '2t\xe5\x11')
(1343398701.786994, '2C\xe8\x11')
(1343398701.787197, '2ov\x12')
(1343398701.787238, '+')
(1343398701.787287, 'S\x8d\xa4\x12')
(1343398701.787328, '2f\xa7\x12')
(1343398701.787367, '2F\xb2\x12')
(1343398701.787405, '2t\xb5\x12')
(1343398701.787443, '2C\xb7\x12')
(1343398701.78748, '2oE\x13')
(1343398701.787515, '+')
(1343398701.787791, 'S\x8e\x9d\x13')
(1343398701.787824, '2f\x9f\x13')
(1343398701.787846, '2F\xab\x13')
(1343398701.787868, '2t\xad\x13')
(1343398701.78789, '2C\xb0\x13')
(1343398701.787911, '2o>\x14')
(1343398701.787932, '+')
(1343398701.789864, 'S\x8f\x97\x14')
(1343398701.789901, '2f\x99\x14')
(1343398701.789924, '2F\xa5\x14')
(1343398701.789946, '2t\xa7\x14')
(1343398701.789968, '2C\xaa\x14')
(1343398701.793837, '2o8\x15')
(1343398701.793878, '+')
(1343398701.804064, 'S\x90\x9e\x15')
(1343398701.804112, '2f\xa0\x15')
(1343398701.804136, '2F\xac\x15')
(1343398701.804159, '2t\xae\x15')
(1343398701.804181, '2!\xb1\x15')
(1343398701.804202, '-')
(1343398701.804223, 'cr\xb5\x15')
(1343398701.813911, '2I\x08\x16')
(1343398701.826068, 'S\x90\x19\x16')
(1343398701.826115, '2f\x1c\x16')
(1343398701.826139, "2F'\x16")
(1343398701.826207, '2t*\x16')
(1343398701.826234, '2C-\x16')
(1343398701.826257, '2o\xba\x16')
(1343398701.826278, '+')
(1343398701.826308, '2P\xcd\x16')
(1343398701.826331, '2R\xe9\x16')
(1343398701.826352, 'rIN')
(1343398701.826373, 'D\x8c\xf0\x16')
(1343398701.826395, 'ci\xf3\x16')
(1343398701.826425, 'S\x91A\x17')
(1343398701.826447, '2fC\x17')
(1343398701.826468, '2FO\x17')
(1343398701.826489, '2tQ\x17')
(1343398701.82651, '2!T\x17')
(1343398701.82653, '-')
(1343398701.826551, 'crX\x17')
(1343398701.826572, '2Ig\x17')
(1343398701.826593, '2Pm\x17')
(1343398701.826614, '2R\x88\x17')
(1343398701.826635, 'rIN')
(1343398701.826656, 'D\x8d\x90\x17')
(1343398701.826678, 'ci\x92\x17')
(1343398701.826707, 'S\x91\xe5\x17')
(1343398701.82673, '2f\xe8\x17')
(1343398701.826751, '2F\xf4\x17')
(1343398701.826773, '2t\xf7\x17')
(1343398701.826794, '2!\xf9\x17')
(1343398701.826815, '-')
(1343398701.826835, 'cr\xfd\x17')
(1343398701.830783, '2Il\x18')
(1343398701.830846, '2Pp\x18')
(1343398701.830894, '2R\x8b\x18')
(1343398701.830939, 'rIN')
(1343398701.830983, 'D\x8e\x93\x18')
(1343398701.831027, 'ci\x95\x18')
(1343398701.831217, 'S\x91\xe3\x18')
(1343398701.831258, '2f\xe6\x18')
(1343398701.831296, '2F\xf2\x18')
(1343398701.831334, '2t\xf4\x18')
(1343398701.831371, '2!\xf7\x18')
(1343398701.83142, '-')
(1343398701.831486, 'cr\xfb\x18')
(1343398701.831555, 'S\x91\x1f\x19')
(1343398701.831579, '2f!\x19')
(1343398701.831601, '2F-\x19')
(1343398701.831622, '2t/\x19')
(1343398701.831643, '2!2\x19')
(1343398701.831663, '-')
(1343398701.831684, 'cr6\x19')
(1343398701.831705, '2If\x19')
(1343398701.831726, '2Pi\x19')
(1343398701.831748, '2R\x85\x19')
(1343398701.831768, 'rIN')
(1343398701.831789, 'D\x8f\x8d\x19')
(1343398701.831811, 'ci\x8f\x19')
(1343398701.831965, 'S\x91\xde\x19')
(1343398701.831995, '2f\xe0\x19')
(1343398701.832028, '2F\xed\x19')
(1343398701.832052, '2t\xef\x19')
(1343398701.832074, '2!\xf2\x19')
(1343398701.832095, '-')
(1343398701.832116, 'cr\xf6\x19')
(1343398701.844138, 'S\x91\x1a\x1a')
(1343398701.844194, '2f\x1c\x1a')
(1343398701.844218, '2F(\x1a')
(1343398701.844241, '2t*\x1a')
(1343398701.844262, '2!-\x1a')
(1343398701.844283, '-')
(1343398701.844303, 'cr1\x1a')
(1343398701.844325, '2Ij\x1a')
(1343398701.844346, '2Pn\x1a')
(1343398701.84443, '2R\x8a\x1a')
(1343398701.844458, 'rIN')
(1343398701.84448, 'D\x90\x92\x1a')
(1343398701.84454, 'ci\x94\x1a')
(1343398701.853985, 'S\x91\xe2\x1a')
(1343398701.854025, '2f\xe6\x1a')
(1343398701.854049, '2F\xf1\x1a')
(1343398701.854072, '2t\xf4\x1a')
(1343398701.854094, '2!\xf6\x1a')
(1343398701.854115, '-')
(1343398701.854136, 'cr\xfa\x1a')
(1343398701.854159, 'S\x91\x1d\x1b')
(1343398701.854181, '2f \x1b')
(1343398701.854203, '2F+\x1b')
(1343398701.854411, '2t.\x1b')
(1343398701.854435, '2!0\x1b')
(1343398701.854456, '-')
(1343398701.854523, 'cr4\x1b')
(1343398701.854551, '2Id\x1b')
(1343398701.854572, '2Ph\x1b')
(1343398701.854594, '2R\x83\x1b')
(1343398701.854615, 'rIN')
(1343398701.854636, 'D\x91\x8b\x1b')
(1343398701.854658, 'ci\x8e\x1b')
(1343398701.85469, 'S\x91\xd4\x1b')
(1343398701.854713, '2f\xd7\x1b')
(1343398701.854735, '2F\xe2\x1b')
(1343398701.854756, '2t\xe5\x1b')
(1343398701.854778, '2C\xe8\x1b')
(1343398701.857888, '2ou\x1c')
(1343398701.858094, '+')
(1343398701.858132, 'S\x93\xa4\x1c')
(1343398701.858157, '2f\xa7\x1c')
(1343398701.858179, '2F\xb2\x1c')
(1343398701.8582, '2t\xb5\x1c')
(1343398701.858222, '2C\xb8\x1c')
(1343398701.858353, '2oE\x1d')
(1343398701.858382, '+')
(1343398701.862769, 'S\x94\x9d\x1d')
(1343398701.862835, '2f\x9f\x1d')
(1343398701.862912, '2F\xab\x1d')
(1343398701.862957, '2t\xad\x1d')
(1343398701.863042, '2!\xb1\x1d')
(1343398701.863083, '-')
(1343398701.863124, 'cr\xb4\x1d')
(1343398701.863165, 'S\x94\x16\x1e')
(1343398701.863205, '2f\x18\x1e')
(1343398701.865856, '2F$\x1e')
(1343398701.865892, '2t&\x1e')
(1343398701.865915, '2!)\x1e')
(1343398701.865936, '-')
(1343398701.865957, 'cr-\x1e')
(1343398701.865978, '2I0\x1e')
(1343398701.872239, '2P9\x1e')
(1343398701.872275, '2RS\x1e')
(1343398701.872297, 'rIN')
(1343398701.872319, 'D\x92[\x1e')
(1343398701.872341, 'ci]\x1e')
(1343398701.872373, 'S\x94\xac\x1e')
(1343398701.872396, '2f\xae\x1e')
(1343398701.872418, '2F\xba\x1e')
(1343398701.872439, '2t\xbc\x1e')
(1343398701.872461, '2C\xbf\x1e')
(1343398701.873956, '2oM\x1f')
(1343398701.873993, '+')
(1343398701.896126, 'S\x95\x9d\x1f')
(1343398701.896164, '2f\x9f\x1f')
(1343398701.896188, '2F\xab\x1f')
(1343398701.896211, '2t\xad\x1f')
(1343398701.896233, '2C\xb0\x1f')
(1343398701.896254, '2o> ')
(1343398701.896274, '+')
(1343398701.896303, 'S\x96\x97 ')
(1343398701.896326, '2f\x99 ')
(1343398701.896347, '2F\xa5 ')
(1343398701.896369, '2t\xa7 ')
(1343398701.89639, '2C\xaa ')
(1343398701.899461, '2o8!')
(1343398701.899516, '+')
(1343398701.901943, 'S\x97\x9d!')
(1343398701.901977, '2f\x9f!')
(1343398701.902, '2F\xab!')
(1343398701.902022, '2t\xad!')
(1343398701.902044, '2C\xb0!')
(1343398701.902064, '2o="')
(1343398701.902084, '+')
(1343398701.902112, '2I\x8e"')
(1343398701.902135, 'S\x99\x9a"')
(1343398701.902157, '2f\x9d"')
(1343398701.902178, '2F\xa8"')
(1343398701.902199, '2t\xab"')
(1343398701.902221, '2C\xae"')
(1343398701.913931, '2o;#')
(1343398701.913971, '+')
(1343398701.914001, '2PL#')
(1343398701.914022, '2RU#')
(1343398701.914048, '2S\x1e\x00\x00\x00\x1fX#')
(1343398701.924013, '2I?$')
(1343398701.92406, '2PC$')
(1343398701.924082, '2R]$')
(1343398701.924102, 'rIN')
(1343398701.924125, 'D\x95e$')
(1343398701.924146, 'cig$')
(1343398701.924177, 'S\x9a\xb8$')
(1343398701.924199, '2f\xbb$')
(1343398701.92422, '2F\xc6$')
(1343398701.924241, '2t\xc8$')
(1343398701.924263, '2C\xcb$')
(1343398701.929844, '2oY%')
(1343398701.929885, '+')
(1343398701.933941, '2I\xec%')
(1343398701.933963, '2P\xf0%')
(1343398701.933975, '2R\x0b&')
(1343398701.933987, 'rIN')
(1343398701.933997, 'D\x96\x13&')
(1343398701.934008, 'ci\x15&')
(1343398701.934034, 'S\x9bc&')
(1343398701.934045, '2ff&')
(1343398701.934055, '2Fr&')
(1343398701.934065, '2tu&')
(1343398701.934074, '2!x&')
(1343398701.934085, '-')
(1343398701.934094, 'cr{&')
(1343398701.934105, 'S\x9b\x9b&')
(1343398701.934116, '2f\x9d&')
(1343398701.934127, '2F\xa9&')
(1343398701.934137, '2t\xab&')
(1343398701.934147, '2!\xae&')
(1343398701.934157, '-')
(1343398701.934167, 'cr\xb2&')
(1343398701.934177, '2I\xea&')
(1343398701.934188, '2P\xee&')
(1343398701.934198, "2R\t'")
(1343398701.934208, 'rIN')
(1343398701.942148, "D\x97\x11'")
(1343398701.942191, "ci\x13'")
(1343398701.954099, "S\x9b_'")
(1343398701.954137, "2fb'")
(1343398701.954158, "2Fo'")
(1343398701.954179, "2tq'")
(1343398701.954198, "2!t'")
(1343398701.954218, '-')
(1343398701.954238, "crx'")
(1343398701.954259, "S\x9b\x96'")
(1343398701.954281, "2f\x99'")
(1343398701.954303, "2F\xa5'")
(1343398701.954324, "2t\xa7'")
(1343398701.954346, "2!\xaa'")
(1343398701.954366, '-')
(1343398701.954387, "cr\xad'")
(1343398701.954408, "2I\xe3'")
(1343398701.95443, "2P\xe7'")
(1343398701.954451, '2R\x02(')
(1343398701.954472, 'rIN')
(1343398701.954493, 'D\x98\n(')
(1343398701.954514, 'ci\x0c(')
(1343398701.954544, 'S\x9bY(')
(1343398701.954565, '2f\\(')
(1343398701.954585, '2Fh(')
(1343398701.954604, '2tk(')
(1343398701.954624, '2!m(')
(1343398701.954643, '-')
(1343398701.954663, 'crq(')
(1343398701.954684, 'S\x9b\x97(')
(1343398701.954705, '2f\x99(')
(1343398701.954727, '2F\xa5(')
(1343398701.954748, '2t\xa7(')
(1343398701.954769, '2!\xaa(')
(1343398701.95479, '-')
(1343398701.957507, 'cr\xae(')
(1343398701.957729, '2I\xe3(')
(1343398701.957761, '2P\xe7(')
(1343398701.95779, '2R\x02)')
(1343398701.957823, 'rIN')
(1343398701.957845, 'D\x99\n)')
(1343398701.957867, 'ci\x0c)')
(1343398701.957897, 'S\x9bY)')
(1343398701.957918, '2f\\)')
(1343398701.957938, '2Fg)')
(1343398701.957957, '2tj)')
(1343398701.957977, '2Cm)')
(1343398701.957997, '2o\xfa)')
(1343398701.958018, '+')
(1343398701.961815, 'S\x9c\x9e*')
(1343398701.961855, '2f\xa0*')
(1343398701.961878, '2F\xac*')
(1343398701.9619, '2t\xae*')
(1343398701.961921, '2!\xb1*')
(1343398701.961942, '-')
(1343398701.961963, 'cr\xb5*')
(1343398701.972302, '2I\x0c+')
(1343398701.972356, 'S\x9c\x19+')
(1343398701.972391, '2f\x1c+')
(1343398701.97394, "2F'+")
(1343398701.973974, '2t*+')
(1343398701.973996, '2C-+')
(1343398701.982436, '2o\xba+')
(1343398701.982476, '+')
(1343398701.982508, '2P\xcd+')
(1343398701.982531, '2R\xe7+')
(1343398701.982552, 'rIN')
(1343398701.982573, 'D\x9a\xef+')
(1343398701.982595, 'ci\xf1+')
(1343398701.982624, 'S\x9d@,')
(1343398701.982645, '2fB,')
(1343398701.982664, '2FN,')
(1343398701.982684, '2tP,')
(1343398701.982703, '2CS,')
(1343398701.993946, '2o\xe0,')
(1343398701.993982, '+')
(1343398701.994013, 'S\x9e\x16-')
(1343398701.994036, '2f\x19-')
(1343398701.994057, '2F$-')
(1343398701.994077, "2t'-")
(1343398701.994097, '2C)-')
(1343398701.994117, '2o\xb7-')
(1343398701.994138, '+')
(1343398701.997928, 'S\x9f\x16.')
(1343398701.997966, '2f\x19.')
(1343398701.997989, '2F$.')
(1343398701.998009, '2t&.')
(1343398701.998029, '2!).')
(1343398701.998048, '-')
(1343398701.998068, 'cr-.')
(1343398701.998088, '2I[.')
(1343398701.998107, '2P_.')
(1343398701.998126, '2Rz.')
(1343398701.998146, 'rIN')
(1343398701.998167, 'D\x9b\x83.')
(1343398701.998189, 'ci\x85.')
(1343398701.99822, 'S\x9f\xd2.')
(1343398701.998242, '2f\xd5.')
(1343398701.998263, '2F\xe0.')
(1343398701.998284, '2t\xe3.')
(1343398701.998306, '2C\xe5.')
(1343398702.00397, '2os/')
(1343398702.004002, '+')
(1343398702.004033, 'S\xa0\xa1/')
(1343398702.004056, '2f\xa4/')
(1343398702.004078, '2F\xaf/')
(1343398702.004099, '2t\xb2/')
(1343398702.00412, '2C\xb5/')
(1343398702.013989, '2oB0')
(1343398702.014023, '+')
(1343398702.026341, '2I\xe50')
(1343398702.026379, '2P\xe90')
(1343398702.026403, '2R\x041')
(1343398702.026425, 'rIN')
(1343398702.026447, 'D\x9d\x0c1')
(1343398702.026469, 'ci\x0e1')
(1343398702.0265, 'S\xa1]1')
(1343398702.026521, '2f_1')
(1343398702.026541, '2Fl1')
(1343398702.026561, '2tn1')
(1343398702.026589, '2!q1')
(1343398702.026609, '-')
(1343398702.026629, 'cru1')
(1343398702.02665, 'S\xa1\x971')
(1343398702.026672, '2f\x991')
(1343398702.026693, '2F\xa51')
(1343398702.026715, '2t\xa71')
(1343398702.026737, '2!\xaa1')
(1343398702.026757, '-')
(1343398702.026778, 'cr\xae1')
(1343398702.026799, '2I\xe51')
(1343398702.026821, '2P\xe91')
(1343398702.026842, '2R\x052')
(1343398702.026863, 'rIN')
(1343398702.026884, 'D\x9e\r2')
(1343398702.026905, 'ci\x0f2')
(1343398702.026994, 'S\xa1]2')
(1343398702.027024, '2f_2')
(1343398702.027044, '2Fl2')
(1343398702.027063, '2tn2')
(1343398702.027083, '2!q2')
(1343398702.027102, '-')
(1343398702.027121, 'cru2')
(1343398702.027142, 'S\xa1\x9c2')
(1343398702.027164, '2f\x9f2')
(1343398702.027185, '2F\xaa2')
(1343398702.027207, '2t\xad2')
(1343398702.027228, '2!\xaf2')
(1343398702.027248, '-')
(1343398702.027269, 'cr\xb32')
(1343398702.02729, '2I\xe32')
(1343398702.027311, '2P\xe72')
(1343398702.027332, '2R\x023')
(1343398702.027353, 'rIN')
(1343398702.030521, 'D\x9f\n3')
(1343398702.030582, 'ci\x0c3')
(1343398702.033921, 'S\xa1Y3')
(1343398702.033955, '2f[3')
(1343398702.033976, '2Fh3')
(1343398702.033996, '2tj3')
(1343398702.034015, '2!m3')
(1343398702.034035, '-')
(1343398702.034054, 'crq3')
(1343398702.043714, 'S\xa1\x983')
(1343398702.043766, '2f\x9b3')
(1343398702.04379, '2F\xa63')
(1343398702.043811, '2t\xa93')
(1343398702.043833, '2!\xac3')
(1343398702.043853, '-')
(1343398702.043874, 'cr\xaf3')
(1343398702.043896, '2I\xe43')
(1343398702.043917, '2P\xe83')
(1343398702.043939, '2R\x034')
(1343398702.043959, 'rIN')
(1343398702.04398, 'D\xa0\x0b4')
(1343398702.044002, 'ci\x0e4')
(1343398702.052649, 'S\xa1[4')
(1343398702.052693, '2f]4')
(1343398702.052715, '2Fi4')
(1343398702.052735, '2tk4')
(1343398702.052754, '2Cn4')
(1343398702.052775, '2o\xfc4')
(1343398702.052796, '+')
(1343398702.067656, 'S\xa2\x9d5')
(1343398702.067705, '2f\xa05')
(1343398702.067729, '2F\xab5')
(1343398702.067751, '2t\xae5')
(1343398702.067773, '2!\xb25')
(1343398702.067794, '-')
(1343398702.067815, 'cr\xb55')
(1343398702.067837, 'S\xa2\x166')
(1343398702.067859, '2f\x186')
(1343398702.06788, '2F$6')
(1343398702.0679, '2t&6')
(1343398702.067919, '2!)6')
(1343398702.067939, '-')
(1343398702.067958, 'cr')
(1343398702.067977, '-6')
(1343398702.067997, '2P96')
(1343398702.068016, '2RS6')
(1343398702.068036, 'rIN')
(1343398702.068057, 'D\xa1[6')
(1343398702.068077, 'ci]6')
(1343398702.068107, 'S\xa2\xab6')
(1343398702.06813, '2f\xae6')
(1343398702.068151, '2F\xb96')
(1343398702.068228, '2t\xbc6')
(1343398702.06826, '2C\xbf6')
(1343398702.068281, '2oL7')
(1343398702.0683, '+')
(1343398702.068329, 'S\xa3\x9d7')
(1343398702.068351, '2f\x9f7')
(1343398702.068373, '2F\xab7')
(1343398702.068394, '2t\xad7')
(1343398702.068415, '2C\xb07')
(1343398702.068435, '2o>8')
(1343398702.068454, '+')
(1343398702.073954, 'S\xa4\x978')
(1343398702.073994, '2f\x998')
(1343398702.074017, '2F\xa58')
(1343398702.074039, '2t\xa78')
(1343398702.074061, '2C\xaa8')
(1343398702.074082, '2o89')
(1343398702.074102, '+')
(1343398702.091527, 'S\xa5\x9d9')
(1343398702.091585, '2f\x9f9')
(1343398702.09162, '2F\xab9')
(1343398702.091643, '2t\xad9')
(1343398702.091665, '2C\xb09')
(1343398702.091686, '2o>:')
(1343398702.091706, '+')
(1343398702.101834, '2I~<')
(1343398702.101888, '2P\x83<')
(1343398702.113898, '2R\x9e<')
(1343398702.113937, 'rIN')
(1343398702.11396, 'D\xa4\xa5<')
(1343398702.113983, 'ci\xa8<')
(1343398702.125421, 'S\xa6\xf7<')
(1343398702.125458, '2f\xfa<')
(1343398702.125482, '2F\x06=')
(1343398702.125504, '2t\t=')
(1343398702.125525, '2C\x0c=')
(1343398702.125546, '2o\x99=')
(1343398702.125567, '+')
(1343398702.125596, '2I\x87>')
(1343398702.13403, '2P\x8d>')
(1343398702.13408, '2R\xa8>')
(1343398702.134103, 'rIN')
(1343398702.134168, 'D\xa5\xaf>')
(1343398702.134195, 'ci\xb2>')
(1343398702.134227, 'S\xa7\t?')
(1343398702.13425, '2f\x0c?')
(1343398702.134272, '2F\x17?')
(1343398702.134293, '2t\x1a?')
(1343398702.134315, '2!\x1c?')
(1343398702.134335, '-')
(1343398702.134355, 'cr ?')
(1343398702.134375, '2Ic?')
(1343398702.134394, '2Pg?')
(1343398702.134428, '2R\x82?')
(1343398702.13445, 'rIN')
(1343398702.134471, 'D\xa6\x8a?')
(1343398702.134493, 'ci\x8d?')
(1343398702.134523, 'S\xa7\xda?')
(1343398702.134545, '2f\xdd?')
(1343398702.134566, '2F\xe8?')
(1343398702.134588, '2t\xec?')
(1343398702.13461, '2!\xee?')
(1343398702.134631, '-')
(1343398702.134651, 'cr\xf2?')
(1343398702.134673, 'S\xa7\x16@')
(1343398702.134695, '2f\x19@')
(1343398702.142662, '2F$@')
(1343398702.142696, "2t'@")
(1343398702.142718, '2!)@')
(1343398702.142738, '-')
(1343398702.142758, 'cr-@')
(1343398702.142777, '2Ii@')
(1343398702.142976, '2Pm@')
(1343398702.143006, '2R\x89@')
(1343398702.143027, 'rIN')
(1343398702.143048, 'D\xa7\x91@')
(1343398702.143071, 'ci\x93@')
(1343398702.143102, 'S\xa7\xe0@')
(1343398702.143124, '2f\xe4@')
(1343398702.143146, '2F\xef@')
(1343398702.143199, '2t\xf2@')
(1343398702.143237, '2!\xf4@')
(1343398702.143258, '-')
(1343398702.143278, 'cr\xf8@')
(1343398702.143301, 'S\xa7\x1bA')
(1343398702.143322, '2f\x1eA')
(1343398702.156642, '2F)A')
(1343398702.156678, '2t,A')
(1343398702.1567, '2!/A')
(1343398702.15672, '-')
(1343398702.15674, 'cr2A')
(1343398702.156759, '2IcA')
(1343398702.156779, '2PgA')
(1343398702.156801, '2R\x82A')
(1343398702.156822, 'rIN')
(1343398702.156844, 'D\xa8\x8aA')
(1343398702.156866, 'ci\x8dA')
(1343398702.156897, 'S\xa7\xdaA')
(1343398702.15692, '2f\xddA')
(1343398702.156941, '2F\xe8A')
(1343398702.157027, '2t\xebA')
(1343398702.157051, '2C\xeeA')
(1343398702.157121, '2o{B')
(1343398702.157146, '+')
(1343398702.157176, 'S\xa8\x16C')
(1343398702.157199, '2f\x19C')
(1343398702.157219, '2F$C')
(1343398702.157239, "2t'C")
(1343398702.157258, '2!)C')
(1343398702.157278, '-')
(1343398702.157297, 'cr-C')
(1343398702.157317, '2ItC')
(1343398702.157336, '2PxC')
(1343398702.157357, '2R\x93C')
(1343398702.157377, 'rIN')
(1343398702.157398, 'D\xa9\x9bC')
(1343398702.15742, 'ci\x9dC')
(1343398702.161932, 'S\xa8\xebC')
(1343398702.161976, '2f\xedC')
(1343398702.162, '2F\xf9C')
(1343398702.162022, '2t\xfbC')
(1343398702.162044, '2C\xfeC')
(1343398702.162066, '2o\x8cD')
(1343398702.162086, '+')
(1343398702.171311, 'S\xa9\x16E')
(1343398702.171354, '2f\x19E')
(1343398702.173891, '2F$E')
(1343398702.173925, "2t'E")
(1343398702.18616, '2I)E')
(1343398702.18616, '2!-E')
(1343398702.18616, '-')
(1343398702.18616, 'cr1E')
(1343398702.18616, '2P9E')
(1343398702.18616, '2RSE')
(1343398702.18616, 'rIN')
(1343398702.186176, 'D\xaa[E')
(1343398702.186314, 'ci]E')
(1343398702.186346, 'S\xa9\xacE')
(1343398702.186368, '2f\xaeE')
(1343398702.18639, '2F\xbaE')
(1343398702.186411, '2t\xbcE')
(1343398702.186432, '2C\xbfE')
(1343398702.186453, '2oMF')
(1343398702.186472, '+')
(1343398702.18665, 'S\xaa\x9dF')
(1343398702.18668, '2f\x9fF')
(1343398702.186703, '2F\xabF')
(1343398702.186725, '2t\xadF')
(1343398702.186746, '2C\xb0F')
(1343398702.186766, '2o>G')
(1343398702.186786, '+')
(1343398702.190908, 'S\xab\x97G')
(1343398702.190977, '2f\x99G')
(1343398702.191026, '2F\xa5G')
(1343398702.191073, '2t\xa7G')
(1343398702.191172, '2C\xaaG')
(1343398702.191556, '2o8H')
(1343398702.191599, '+')
(1343398702.193889, 'S\xac\x9dH')
(1343398702.193924, '2f\x9fH')
(1343398702.202596, '2F\xabH')
(1343398702.202633, '2t\xadH')
(1343398702.202656, '2!\xb0H')
(1343398702.202677, '-')
(1343398702.202698, 'cr\xb4H')
(1343398702.213961, '2I\xe4H')
(1343398702.214, '2P\xe8H')
(1343398702.21974, '2R\x04I')
(1343398702.219817, 'rIN')
(1343398702.219841, 'D\xac\x0cI')
(1343398702.219864, 'ci\x0eI')
(1343398702.219896, 'S\xacZI')
(1343398702.219917, '2f\\I')
(1343398702.219936, '2FiI')
(1343398702.219956, '2tkI')
(1343398702.219976, '2!nI')
(1343398702.219995, '-')
(1343398702.220014, 'crrI')
(1343398702.220035, 'S\xac\x97I')
(1343398702.220057, '2f\x99I')
(1343398702.220078, '2F\xa5I')
(1343398702.220099, '2t\xa7I')
(1343398702.22012, '2!\xaaI')
(1343398702.22014, '-')
(1343398702.22016, 'cr\xaeI')
(1343398702.220181, '2I\xe4I')
(1343398702.220203, '2P\xe8I')
(1343398702.220224, '2R\x04J')
(1343398702.220244, 'rIN')
(1343398702.220265, 'D\xad\x0cJ')
(1343398702.220286, 'ci\x0eJ')
(1343398702.220328, 'S\xac[J')
(1343398702.22035, '2f]J')
(1343398702.220369, '2FjJ')
(1343398702.220389, '2tlJ')
(1343398702.220409, '2!oJ')
(1343398702.220428, '-')
(1343398702.220448, 'crsJ')
(1343398702.220469, 'S\xac\x97J')
(1343398702.220491, '2f\x99J')
(1343398702.220512, '2F\xa5J')
(1343398702.220633, '2t\xa7J')
(1343398702.220655, '2!\xaaJ')
(1343398702.220675, '-')
(1343398702.220695, 'cr\xaeJ')
(1343398702.220716, '2I\xe2J')
(1343398702.220737, '2P\xe6J')
(1343398702.220758, '2R\x01K')
(1343398702.220779, 'rIN')
(1343398702.220799, 'D\xae\tK')
(1343398702.220941, 'ci\x0bK')
(1343398702.220995, 'S\xacZK')
(1343398702.221017, '2f\\K')
(1343398702.221351, '2FiK')
(1343398702.22138, '2tkK')
(1343398702.2214, '2!nK')
(1343398702.22142, '-')
(1343398702.221439, 'crrK')
(1343398702.221462, 'S\xac\x99K')
(1343398702.221484, '2f\x9cK')
(1343398702.221506, '2F\xa7K')
(1343398702.221528, '2t\xaaK')
(1343398702.221549, '2!\xacK')
(1343398702.22157, '-')
(1343398702.22159, 'cr\xb0K')
(1343398702.221612, '2I\xe3K')
(1343398702.221633, '2P\xe7K')
(1343398702.221655, '2R\x02L')
(1343398702.221712, 'rIN')
(1343398702.221738, 'D\xaf\nL')
(1343398702.22176, 'ci\x0cL')
(1343398702.23243, 'S\xacYL')
(1343398702.232484, '2f\\L')
(1343398702.243114, '2FgL')
(1343398702.243149, '2tjL')
(1343398702.243171, '2CmL')
(1343398702.254166, '2o\xfaL')
(1343398702.254238, '+')
(1343398702.254271, 'S\xad\x9eM')
(1343398702.254294, '2f\xa0M')
(1343398702.254315, '2F\xacM')
(1343398702.254336, '2t\xaeM')
(1343398702.254357, '2!\xb1M')
(1343398702.254378, '-')
(1343398702.254398, 'cr\xb5M')
(1343398702.254419, '2I\x0bN')
(1343398702.254441, 'S\xad\x19N')
(1343398702.254462, '2f\x1cN')
(1343398702.254482, "2F'N")
(1343398702.254502, '2t*N')
(1343398702.254521, '2C,N')
(1343398702.254541, '2o\xbaN')
(1343398702.254562, '+')
(1343398702.25459, '2P\xcdN')
(1343398702.254611, '2R\xe7N')
(1343398702.254631, 'rIN')
(1343398702.254652, 'D\xb0\xefN')
(1343398702.254673, 'ci\xf1N')
(1343398702.254701, 'S\xae?O')
(1343398702.254722, '2fBO')
(1343398702.254741, '2FMO')
(1343398702.254761, '2tPO')
(1343398702.25478, '2CSO')
(1343398702.2548, '2o\xe0O')
(1343398702.254847, '+')
(1343398702.254882, 'S\xaf\x16P')
(1343398702.254904, '2f\x19P')
(1343398702.254925, '2F$P')
(1343398702.254944, "2t'P")
(1343398702.254963, '2C)P')
(1343398702.261804, '2o\xb7P')
(1343398702.261845, '+')
(1343398702.261876, 'S\xb0\x16Q')
(1343398702.261899, '2f\x19Q')
(1343398702.273964, '2F%Q')
(1343398702.274002, '2t(Q')
(1343398702.274023, '2!*Q')
(1343398702.274043, '-')
(1343398702.274063, 'cr.Q')
(1343398702.274087, 'S\xb0\x97Q')
(1343398702.274109, '2f\x99Q')
(1343398702.284146, '2I\xa3Q')
(1343398702.284149, '2F\xa8Q')
(1343398702.284149, '2t\xabQ')
(1343398702.284149, '2C\xaeQ')
(1343398702.284149, '2o;R')
(1343398702.284149, '+')
(1343398702.284149, '2PNR')
(1343398702.284149, '2RjR')
(1343398702.284149, 'rIN')
(1343398702.284178, 'D\xb1qR')
(1343398702.284209, 'citR')
(1343398702.284238, 'S\xb1\xc7R')
(1343398702.284261, '2f\xcaR')
(1343398702.284282, '2F\xd5R')
(1343398702.284303, '2t\xd8R')
(1343398702.284324, '2!\xdbR')
(1343398702.284345, '-')
(1343398702.284365, 'cr\xdfR')
(1343398702.284386, '2I\xe4R')
(1343398702.284407, '2P\xebR')
(1343398702.284429, '2R\x06S')
(1343398702.284449, 'rIN')
(1343398702.28447, 'D\xb2\x0eS')
(1343398702.284491, 'ci\x10S')
(1343398702.28452, 'S\xb1bS')
(1343398702.284541, '2feS')
(1343398702.284561, '2FqS')
(1343398702.284581, '2tsS')
(1343398702.2846, '2!vS')
(1343398702.284619, '-')
(1343398702.284639, 'crzS')
(1343398702.284659, 'S\xb1\x99S')
(1343398702.284681, '2f\x9bS')
(1343398702.284703, '2F\xa7S')
(1343398702.284724, '2t\xa9S')
(1343398702.284745, '2!\xacS')
(1343398702.284766, '-')
(1343398702.284786, 'cr\xb0S')
(1343398702.284945, '2I\xe6S')
(1343398702.284967, '2P\xeaS')
(1343398702.284989, '2R\x05T')
(1343398702.285009, 'rIN')
(1343398702.28503, 'D\xb3\rT')
(1343398702.285051, 'ci\x0fT')
(1343398702.293998, 'S\xb1\\T')
(1343398702.29404, '2f_T')
(1343398702.294061, '2FkT')
(1343398702.294081, '2tnT')
(1343398702.294101, '2!pT')
(1343398702.294133, '-')
(1343398702.294202, 'crtT')
(1343398702.294229, 'S\xb1\x97T')
(1343398702.294252, '2f\x99T')
(1343398702.294273, '2F\xa5T')
(1343398702.294294, '2t\xa7T')
(1343398702.294315, '2!\xaaT')
(1343398702.294336, '-')
(1343398702.294356, 'cr\xaeT')
(1343398702.294377, '2I\xe2T')
(1343398702.294399, '2P\xe6T')
(1343398702.29442, '2R\x01U')
(1343398702.294441, 'rIN')
(1343398702.294461, 'D\xb4\tU')
(1343398702.294483, 'ci\x0cU')
(1343398702.30228, 'S\xb1YU')
(1343398702.302314, '2f[U')
(1343398702.302335, '2FhU')
(1343398702.302355, '2tjU')
(1343398702.302374, '2!mU')
(1343398702.302394, '-')
(1343398702.302413, 'crqU')
(1343398702.316829, 'S\xb1\x97U')
(1343398702.316869, '2f\x99U')
(1343398702.316892, '2F\xa5U')
(1343398702.3169, '2t\xa7U')
(1343398702.3169, '2!\xaaU')
(1343398702.316906, '-')
(1343398702.316937, 'cr\xaeU')
(1343398702.316959, '2I\xe2U')
(1343398702.316981, '2P\xe6U')
(1343398702.317003, '2R\x01V')
(1343398702.317024, 'rIN')
(1343398702.317045, 'D\xb5\tV')
(1343398702.317067, 'ci\x0bV')
(1343398702.317098, 'S\xb1YV')
(1343398702.317119, '2f[V')
(1343398702.317139, '2FgV')
(1343398702.317159, '2tiV')
(1343398702.317178, '2ClV')
(1343398702.317198, '2o\xfaV')
(1343398702.317219, '+')
(1343398702.31748, 'S\xb2\x9eW')
(1343398702.317512, '2f\xa1W')
(1343398702.317534, '2F\xacW')
(1343398702.317556, '2t\xafW')
(1343398702.317577, '2!\xb1W')
(1343398702.317597, '-')
(1343398702.317618, 'cr\xb5W')
(1343398702.317638, '2I\nX')
(1343398702.317659, 'S\xb2\x1aX')
(1343398702.31768, '2f\x1cX')
(1343398702.317701, '2F(X')
(1343398702.31772, '2t*X')
(1343398702.317739, '2C-X')
(1343398702.321786, '2o\xbbX')
(1343398702.321825, '+')
(1343398702.325852, '2P\xcdX')
(1343398702.325891, '2R\xe8X')
(1343398702.325912, 'rIN')
(1343398702.325934, 'D\xb6\xefX')
(1343398702.325956, 'ci\xf2X')
(1343398702.333898, 'S\xb3@Y')
(1343398702.333932, '2fCY')
(1343398702.333953, '2FNY')
(1343398702.333973, '2tQY')
(1343398702.333993, '2CTY')
(1343398702.334014, '2o\xe1Y')
(1343398702.334035, '+')
(1343398702.355328, 'S\xb4\x17Z')
(1343398702.355383, '2f\x1aZ')
(1343398702.355424, '2F%Z')
(1343398702.355462, '2t(Z')
(1343398702.355498, '2C*Z')
(1343398702.355536, '2o\xb8Z')
(1343398702.355572, '+')
(1343398702.355617, 'S\xb5\x16[')
(1343398702.355655, '2f\x18[')
(1343398702.355691, '2F$[')
(1343398702.355725, '2t&[')
(1343398702.355759, '2!)[')
(1343398702.355792, '-')
(1343398702.355822, 'cr-[')
(1343398702.355842, '2IZ[')
(1343398702.355861, '2P_[')
(1343398702.35588, '2Ry[')
(1343398702.355899, 'rIN')
(1343398702.355921, 'D\xb7\x82[')
(1343398702.355942, 'ci\x84[')
(1343398702.355972, 'S\xb5\xd1[')
(1343398702.355994, '2f\xd4[')
(1343398702.356016, '2F\xdf[')
(1343398702.356037, '2t\xe3[')
(1343398702.356058, '2!\xe6[')
(1343398702.356078, '-')
(1343398702.356098, 'cr\xe9[')
(1343398702.35612, 'S\xb5\x16\\')
(1343398702.356141, '2f\x19\\')
(1343398702.356162, '2F$\\')
(1343398702.356181, "2t'\\")
(1343398702.356201, '2!)\\')
(1343398702.35622, '-')
(1343398702.356239, 'cr-\\')
(1343398702.356258, '2Ia\\')
(1343398702.356278, '2Pe\\')
(1343398702.356298, '2R\x81\\')
(1343398702.356318, 'rIN')
(1343398702.356339, 'D\xb8\x89\\')
(1343398702.356361, 'ci\x8b\\')
(1343398702.35639, 'S\xb5\xd9\\')
(1343398702.356411, '2f\xdb\\')
(1343398702.356432, '2F\xe7\\')
(1343398702.356453, '2t\xeb\\')
(1343398702.356474, '2!\xed\\')
(1343398702.356495, '-')
(1343398702.356515, 'cr\xf1\\')
(1343398702.356537, 'S\xb5\x15]')
(1343398702.356558, '2f\x18]')
(1343398702.356579, '2F#]')
(1343398702.361844, '2t%]')
(1343398702.361882, '2!(]')
(1343398702.361903, '-')
(1343398702.361924, 'cr,]')
(1343398702.361943, '2Ii]')
(1343398702.361962, '2Pm]')
(1343398702.361985, '2R\x88]')
(1343398702.362007, 'rIN')
(1343398702.362028, 'D\xb9\x90]')
(1343398702.36205, 'ci\x92]')
(1343398702.372971, 'S\xb5\xe0]')
(1343398702.373058, '2f\xe4]')
(1343398702.373083, '2F\xef]')
(1343398702.373105, '2t\xf2]')
(1343398702.373127, '2!\xf4]')
(1343398702.373147, '-')
(1343398702.373168, 'cr\xf8]')
(1343398702.37319, 'S\xb5\x1b^')
(1343398702.373211, '2f\x1e^')
(1343398702.373247, '2F)^')
(1343398702.373267, '2t,^')
(1343398702.373287, '2!.^')
(1343398702.373306, '-')
(1343398702.373326, 'cr2^')
(1343398702.386707, '2Ib^')
(1343398702.386906, '2Pf^')
(1343398702.38695, '2R\x82^')
(1343398702.386989, 'rIN')
(1343398702.387028, 'D\xba\x89^')
(1343398702.387067, 'ci\x8c^')
(1343398702.387116, 'S\xb5\xd2^')
(1343398702.387155, '2f\xd5^')
(1343398702.387192, '2F\xe0^')
(1343398702.387229, '2t\xe3^')
(1343398702.387265, '2C\xe6^')
(1343398702.3873, '2os_')
(1343398702.387333, '+')
(1343398702.387372, 'S\xb6\xa2_')
(1343398702.387395, '2f\xa5_')
(1343398702.387416, '2F\xb0_')
(1343398702.387438, '2t\xb3_')
(1343398702.387459, '2C\xb6_')
(1343398702.38748, '2oC`')
(1343398702.387499, '+')
(1343398702.387527, 'S\xb7\x9d`')
(1343398702.387549, '2f\x9f`')
(1343398702.387571, '2F\xab`')
(1343398702.387592, '2t\xad`')
(1343398702.387613, '2C\xb0`')
(1343398702.39381, '2o=a')
(1343398702.39386, '+')
(1343398702.403991, 'S\xb8\x97a')
(1343398702.40404, '2f\x99a')
(1343398702.404064, '2F\xa5a')
(1343398702.404086, '2t\xa7a')
(1343398702.404107, '2C\xaaa')
(1343398702.404128, '2o8b')
(1343398702.404148, '+')
(1343398702.413886, 'S\xb9\x9db')
(1343398702.413923, '2f\x9fb')
(1343398702.419085, '2F\xabb')
(1343398702.419156, '2t\xadb')
(1343398702.419211, '2C\xb0b')
(1343398702.419262, '2o>c')
(1343398702.419309, '+')
(1343398702.419366, 'S\xba\x97c')
(1343398702.419413, '2f\x99c')
(1343398702.419458, '2F\xa5c')
(1343398702.41965, '2t\xa7c')
(1343398702.41969, '2C\xaac')
(1343398702.419894, '2o8d')
(1343398702.419934, '+')
(1343398702.41998, '2I\xe3d')
(1343398702.420015, '2P\xe7d')
(1343398702.432063, '2R\x03e')
(1343398702.432107, 'rIN')
(1343398702.432127, 'D\xbd\x0be')
(1343398702.432145, 'ci\re')
(1343398702.432167, 'S\xbc[e')
(1343398702.432178, '2f^e')
(1343398702.432187, '2Fje')
(1343398702.432197, '2tme')
(1343398702.432206, '2!pe')
(1343398702.432215, '-')
(1343398702.432225, 'crse')
(1343398702.432235, 'S\xbc\x97e')
(1343398702.432246, '2f\x99e')
(1343398702.432256, '2F\xa5e')
(1343398702.432266, '2t\xa7e')
(1343398702.432277, '2!\xaae')
(1343398702.432286, '-')
(1343398702.432296, 'cr\xaee')
(1343398702.432307, '2I\xe3e')
(1343398702.432317, '2P\xe7e')
(1343398702.433797, '2R\x03f')
(1343398702.433815, 'rIN')
(1343398702.433826, 'D\xbe\x0bf')
(1343398702.433837, 'ci\rf')
(1343398702.441954, 'S\xbcYf')
(1343398702.441987, '2f\\f')
(1343398702.441999, '2Fhf')
(1343398702.442011, '2tkf')
(1343398702.442022, '2!mf')
(1343398702.442033, '-')
(1343398702.442045, 'crqf')
(1343398702.442057, 'S\xbc\x97f')
(1343398702.44207, '2f\x99f')
(1343398702.442082, '2F\xa5f')
(1343398702.442095, '2t\xa7f')
(1343398702.442107, '2!\xaaf')
(1343398702.442119, '-')
(1343398702.44213, 'cr\xaef')
(1343398702.442143, '2I\xe1f')
(1343398702.442155, '2P\xe5f')
(1343398702.442167, '2R\xfff')
(1343398702.442179, 'rIN')
(1343398702.442191, 'D\xbf\x08g')
(1343398702.442203, 'ci\ng')
(1343398702.442219, 'S\xbcWg')
(1343398702.442232, '2fZg')
(1343398702.442243, '2Ffg')
(1343398702.442254, '2tig')
(1343398702.442265, '2!kg')
(1343398702.442276, '-')
(1343398702.442287, 'crog')
(1343398702.454035, 'S\xbc\x97g')
(1343398702.454057, '2f\x99g')
(1343398702.454071, '2F\xa5g')
(1343398702.454084, '2t\xa7g')
(1343398702.454096, '2!\xaag')
(1343398702.454108, '-')
(1343398702.45412, 'cr\xaeg')
(1343398702.454133, '2I\xe1g')
(1343398702.454145, '2P\xe5g')
(1343398702.454158, '2R\x01h')
(1343398702.45417, 'rIN')
(1343398702.454182, 'D\xc0\th')
(1343398702.454194, 'ci\x0bh')
(1343398702.454212, 'S\xbcXh')
(1343398702.454224, '2f[h')
(1343398702.454236, '2Fgh')
(1343398702.454247, '2tjh')
(1343398702.454258, '2!lh')
(1343398702.45427, '-')
(1343398702.454281, 'crph')
(1343398702.454293, 'S\xbc\x97h')
(1343398702.454306, '2f\x99h')
(1343398702.454318, '2F\xa5h')
(1343398702.45433, '2t\xa7h')
(1343398702.454343, '2!\xaah')
(1343398702.454354, '-')
(1343398702.454366, 'cr\xaeh')
(1343398702.461914, '2I\xe1h')
(1343398702.461948, '2P\xe5h')
(1343398702.461962, '2R\xffh')
(1343398702.461975, 'rIN')
(1343398702.461988, 'D\xc1\x08i')
(1343398702.462011, 'ci\x0bi')
(1343398702.46203, 'S\xbcXi')
(1343398702.462042, '2fZi')
(1343398702.462054, '2Ffi')
(1343398702.462065, '2thi')
(1343398702.462077, '2Cki')
(1343398702.462089, '2o\xf9i')
(1343398702.462101, '+')
(1343398702.473964, 'S\xbd\x9ej')
(1343398702.474002, '2f\xa0j')
(1343398702.486118, '2F\xacj')
(1343398702.486268, '2t\xaej')
(1343398702.486293, '2!\xb1j')
(1343398702.486314, '-')
(1343398702.486336, 'cr\xb5j')
(1343398702.486356, '2I\tk')
(1343398702.486378, 'S\xbd\x19k')
(1343398702.486399, '2f\x1ck')
(1343398702.48642, "2F'k")
(1343398702.48644, '2t*k')
(1343398702.486459, '2C,k')
(1343398702.48648, '2o\xbak')
(1343398702.486501, '+')
(1343398702.486531, '2P\xcdk')
(1343398702.486552, '2R\xe7k')
(1343398702.486573, 'rIN')
(1343398702.486594, 'D\xc2\xefk')
(1343398702.486615, 'ci\xf1k')
(1343398702.486644, 'S\xbe?l')
(1343398702.486665, '2fBl')
(1343398702.486685, '2FNl')
(1343398702.486704, '2tPl')
(1343398702.486723, '2CSl')
(1343398702.486744, '2o\xe1l')
(1343398702.486765, '+')
(1343398702.486793, 'S\xbf\x16m')
(1343398702.486814, '2f\x19m')
(1343398702.486835, '2F$m')
(1343398702.486855, "2t'm")
(1343398702.486874, '2C*m')
(1343398702.486895, '2o\xb7m')
(1343398702.486915, '+')
(1343398702.493853, 'S\xc0\x16n')
(1343398702.493909, '2f\x19n')
(1343398702.493932, '2F$n')
(1343398702.493953, "2t'n")
(1343398702.493973, '2C*n')
(1343398702.493994, '2o\xb7n')
(1343398702.494015, '+')
(1343398702.503938, 'S\xc1\x16o')
(1343398702.503991, '2f\x19o')
(1343398702.511995, '2F$o')
(1343398702.512029, "2t'o")
(1343398702.51205, '2!)o')
(1343398702.51207, '-')
(1343398702.51209, 'cr-o')
(1343398702.516409, '2Iko')
(1343398702.516498, '2Pno')
(1343398702.516588, '2R\x8ao')
(1343398702.516631, 'rIN')
(1343398702.516671, 'D\xc3\x92o')
(1343398702.516709, 'ci\x94o')
(1343398702.51675, 'S\xc1\xe1o')
(1343398702.516773, '2f\xe5o')
(1343398702.516794, '2F\xf0o')
(1343398702.516816, '2t\xf3o')
(1343398702.516837, '2!\xf5o')
(1343398702.516858, '-')
(1343398702.516878, 'cr\xf9o')
(1343398702.5169, 'S\xc1\x1cp')
(1343398702.516921, '2f\x1fp')
(1343398702.516942, '2F*p')
(1343398702.516961, '2t-p')
(1343398702.516981, '2!/p')
(1343398702.517, '-')
(1343398702.517019, 'cr3p')
(1343398702.517039, '2Icp')
(1343398702.517058, '2Pgp')
(1343398702.517078, '2R\x83p')
(1343398702.517099, 'rIN')
(1343398702.51712, 'D\xc4\x8ap')
(1343398702.517141, 'ci\x8dp')
(1343398702.517171, 'S\xc1\xdbp')
(1343398702.517193, '2f\xdep')
(1343398702.517214, '2F\xebp')
(1343398702.517235, '2t\xedp')
(1343398702.517256, '2!\xf0p')
(1343398702.517277, '-')
(1343398702.517297, 'cr\xf4p')
(1343398702.517318, 'S\xc1\x1eq')
(1343398702.517339, '2f!q')
(1343398702.517358, '2F,q')
(1343398702.517377, '2t/q')
(1343398702.517397, '2!2q')
(1343398702.517417, '-')
(1343398702.517436, 'cr5q')
(1343398702.517455, '2Ihq')
(1343398702.517474, '2Plq')
(1343398702.520829, '2R\x87q')
(1343398702.52091, 'rIN')
(1343398702.520959, 'D\xc5\x8fq')
(1343398702.521004, 'ci\x91q')
(1343398702.522045, 'S\xc1\xdfq')
(1343398702.522079, '2f\xe3q')
(1343398702.522102, '2F\xeeq')
(1343398702.522123, '2t\xf1q')
(1343398702.522145, '2!\xf4q')
(1343398702.522166, '-')
(1343398702.522186, 'cr\xf7q')
(1343398702.525945, 'S\xc1\x1br')
(1343398702.52598, '2f\x1dr')
(1343398702.526002, '2F)r')
(1343398702.526022, '2t+r')
(1343398702.526041, '2!.r')
(1343398702.526061, '-')
(1343398702.52608, 'cr2r')
(1343398702.5261, '2Ibr')
(1343398702.526119, '2Pfr')
(1343398702.52614, '2R\x81r')
(1343398702.52616, 'rIN')
(1343398702.526181, 'D\xc6\x89r')
(1343398702.526203, 'ci\x8br')
(1343398702.526232, 'S\xc1\xd9r')
(1343398702.526255, '2f\xdcr')
(1343398702.526276, '2F\xe8r')
(1343398702.526298, '2t\xebr')
(1343398702.526319, '2!\xeer')
(1343398702.526339, '-')
(1343398702.52636, 'cr\xf1r')
(1343398702.533894, 'S\xc1\x15s')
(1343398702.53393, '2f\x18s')
(1343398702.533952, '2F#s')
(1343398702.533972, '2t&s')
(1343398702.533992, '2!)s')
(1343398702.534012, '-')
(1343398702.534031, 'cr,s')
(1343398702.534051, '2Ihs')
(1343398702.53407, '2Pls')
(1343398702.547005, '2R\x87s')
(1343398702.5471, 'rIN')
(1343398702.547125, 'D\xc7\x8fs')
(1343398702.547148, 'ci\x91s')
(1343398702.54718, 'S\xc1\xe0s')
(1343398702.547202, '2f\xe3s')
(1343398702.547224, '2F\xefs')
(1343398702.547245, '2t\xf1s')
(1343398702.547267, '2!\xf4s')
(1343398702.547288, '-')
(1343398702.547308, 'cr\xf8s')
(1343398702.54733, 'S\xc1\x1bt')
(1343398702.547351, '2f\x1dt')
(1343398702.547372, '2F)t')
(1343398702.547392, '2t+t')
(1343398702.547412, '2!.t')
(1343398702.547431, '-')
(1343398702.547451, 'cr2t')
(1343398702.54747, '2Ibt')
(1343398702.547489, '2Pft')
(1343398702.553904, '2R\x81t')
(1343398702.553952, 'rIN')
(1343398702.553975, 'D\xc8\x89t')
(1343398702.553998, 'ci\x8bt')
(1343398702.554029, 'S\xc1\xd2t')
(1343398702.554052, '2f\xd5t')
(1343398702.554073, '2F\xe0t')
(1343398702.554094, '2t\xe2t')
(1343398702.554115, '2C\xe5t')
(1343398702.554136, '2osu')
(1343398702.554156, '+')
(1343398702.554184, 'S\xc2\xa1u')
(1343398702.554207, '2f\xa4u')
(1343398702.554228, '2F\xafu')
(1343398702.554249, '2t\xb2u')
(1343398702.55427, '2C\xb5u')
(1343398702.554291, '2oBv')
(1343398702.554311, '+')
(1343398702.564076, 'S\xc3\x9dv')
(1343398702.564123, '2f\x9fv')
(1343398702.564147, '2F\xabv')
(1343398702.564169, '2t\xadv')
(1343398702.56419, '2C\xb0v')
(1343398702.573908, '2o=w')
(1343398702.573942, '+')
(1343398702.585924, 'S\xc4\x97w')
(1343398702.585951, '2f\x99w')
(1343398702.585985, '2F\xa5w')
(1343398702.586008, '2t\xa7w')
(1343398702.58603, '2C\xaaw')
(1343398702.59002, '2o8x')
(1343398702.590058, '+')
(1343398702.590091, 'S\xc5\x9dx')
(1343398702.590115, '2f\x9fx')
(1343398702.590137, '2F\xabx')
(1343398702.590158, '2t\xaex')
(1343398702.59018, '2!\xb1x')
(1343398702.5902, '-')
(1343398702.59022, 'cr\xb5x')
(1343398702.590242, 'S\xc5\x16y')
(1343398702.590264, '2f\x18y')
(1343398702.590284, '2F$y')
(1343398702.590304, '2t&y')
(1343398702.590323, '2!)y')
(1343398702.590343, '2I,y')
(1343398702.590362, 'cr0y')
(1343398702.590382, '2P9y')
(1343398702.590401, '2RSy')
(1343398702.590421, 'rIN')
(1343398702.590441, 'D\xc9[y')
(1343398702.590462, 'ci]y')
(1343398702.590491, 'S\xc5\xaby')
(1343398702.590513, '2f\xaey')
(1343398702.590535, '2F\xb9y')
(1343398702.590556, '2t\xbcy')
(1343398702.590577, '2C\xbfy')
(1343398702.590597, '2oLz')
(1343398702.590617, '+')
(1343398702.590645, 'S\xc6\x9dz')
(1343398702.590667, '2f\x9fz')
(1343398702.590688, '2F\xabz')
(1343398702.59071, '2t\xadz')
(1343398702.590731, '2!\xb0z')
(1343398702.590751, '-')
(1343398702.590772, 'cr\xb4z')
(1343398702.590866, '2I\xe3z')
(1343398702.590896, '2P\xe7z')
(1343398702.590919, '2R\x02{')
(1343398702.59094, 'rIN')
(1343398702.593856, 'D\xca\n{')
(1343398702.593889, 'ci\r{')
(1343398702.604131, 'S\xc6Y{')
(1343398702.60421, '2f[{')
(1343398702.604244, '2Fh{')
(1343398702.604278, '2tj{')
(1343398702.604298, '2!m{')
(1343398702.604318, '-')
(1343398702.604337, 'crq{')
(1343398702.604359, 'S\xc6\x97{')
(1343398702.604381, '2f\x99{')
(1343398702.604402, '2F\xa5{')
(1343398702.604423, '2t\xa7{')
(1343398702.604444, '2!\xaa{')
(1343398702.604464, '-')
(1343398702.604485, 'cr\xae{')
(1343398702.604506, '2I\xe3{')
(1343398702.604527, '2P\xe7{')
(1343398702.605893, '2R\x02|')
(1343398702.605926, 'rIN')
(1343398702.605948, 'D\xcb\n|')
(1343398702.60597, 'ci\x0c|')
(1343398702.614044, 'S\xc6Y|')
(1343398702.61408, '2f\\|')
(1343398702.614101, '2Fh|')
(1343398702.614121, '2tk|')
(1343398702.614141, '2!m|')
(1343398702.61416, '-')
(1343398702.61418, 'crq|')
(1343398702.614201, 'S\xc6\x97|')
(1343398702.614223, '2f\x99|')
(1343398702.614245, '2F\xa5|')
(1343398702.614266, '2t\xa7|')
(1343398702.614287, '2!\xaa|')
(1343398702.614308, '-')
(1343398702.614328, 'cr\xae|')
(1343398702.61435, '2I\xe1|')
(1343398702.614371, '2P\xe4|')
(1343398702.614392, '2R\xff|')
(1343398702.614413, 'rIN')
(1343398702.614434, 'D\xcc\x08}')
(1343398702.614455, 'ci\n}')
(1343398702.614483, 'S\xc6X}')
(1343398702.614504, '2f[}')
(1343398702.614524, '2Fg}')
(1343398702.614543, '2tj}')
(1343398702.614563, '2!m}')
(1343398702.614582, '-')
(1343398702.614602, 'crp}')
(1343398702.622027, 'S\xc6\x98}')
(1343398702.622083, '2f\x9a}')
(1343398702.622107, '2F\xa6}')
(1343398702.62213, '2t\xa8}')
(1343398702.622152, '2!\xab}')
(1343398702.622173, '-')
(1343398702.622194, 'cr\xaf}')
(1343398702.622216, '2I\xe1}')
(1343398702.622237, '2P\xe5}')
(1343398702.622258, '2R\xff}')
(1343398702.622279, 'rIN')
(1343398702.622301, 'D\xcd\x08~')
(1343398702.622323, 'ci\x0b~')
(1343398702.622354, 'S\xc6X~')
(1343398702.622375, '2f[~')
(1343398702.622395, '2Ff~')
(1343398702.622414, '2ti~')
(1343398702.622434, '2Ck~')
(1343398702.622455, '2o\xf9~')
(1343398702.622475, '+')
(1343398702.633946, 'S\xc8\x9e\x7f')
(1343398702.633996, '2f\xa0\x7f')
(1343398702.634021, '2F\xac\x7f')
(1343398702.634043, '2t\xae\x7f')
(1343398702.634065, '2!\xb1\x7f')
(1343398702.634086, '-')
(1343398702.634107, 'cr\xb5\x7f')
(1343398702.655861, '2I\x0b\x80')
(1343398702.6559, 'S\xc8\x1a\x80')
(1343398702.655925, '2f\x1d\x80')
(1343398702.655947, '2F)\x80')
(1343398702.655969, '2t+\x80')
(1343398702.655991, '2C.\x80')
(1343398702.656013, '2o\xbb\x80')
(1343398702.656034, '+')
(1343398702.656065, '2P\xce\x80')
(1343398702.656087, '2R\xe8\x80')
(1343398702.656108, 'rIN')
(1343398702.65613, 'D\xce\xf0\x80')
(1343398702.656152, 'ci\xf2\x80')
(1343398702.656181, 'S\xc9A\x81')
(1343398702.656203, '2fC\x81')
(1343398702.656225, '2FO\x81')
(1343398702.656246, '2tQ\x81')
(1343398702.656268, '2CT\x81')
(1343398702.656289, '2o\xe2\x81')
(1343398702.65631, '+')
(1343398702.656338, 'S\xca\x17\x82')
(1343398702.656361, '2f\x1a\x82')
(1343398702.656383, '2F%\x82')
(1343398702.656404, '2t(\x82')
(1343398702.656425, '2C+\x82')
(1343398702.66209, '2o\xb8\x82')
(1343398702.662132, '+')
(1343398702.662164, 'S\xcb\x16\x83')
(1343398702.662188, '2f\x18\x83')
(1343398702.66221, '2F$\x83')
(1343398702.662231, '2t&\x83')
(1343398702.662253, '2!)\x83')
(1343398702.662273, '-')
(1343398702.662294, 'cr-\x83')
(1343398702.662315, '2IY\x83')
(1343398702.662337, '2P]\x83')
(1343398702.662358, '2Rw\x83')
(1343398702.662378, 'rIN')
(1343398702.662399, 'D\xcf\x7f\x83')
(1343398702.662422, 'ci\x83\x83')
(1343398702.662451, 'S\xcb\xd0\x83')
(1343398702.662474, '2f\xd2\x83')
(1343398702.662495, '2F\xde\x83')
(1343398702.662517, '2t\xe2\x83')
(1343398702.662539, '2!\xe4\x83')
(1343398702.662559, '-')
(1343398702.66258, 'cr\xe8\x83')
(1343398702.662602, 'S\xcb\x16\x84')
(1343398702.662624, '2f\x19\x84')
(1343398702.662646, '2F$\x84')
(1343398702.662667, "2t'\x84")
(1343398702.662689, '2!)\x84')
(1343398702.662709, '-')
(1343398702.662729, 'cr-\x84')
(1343398702.66275, '2I`\x84')
(1343398702.662771, '2Pd\x84')
(1343398702.673908, '2R~\x84')
(1343398702.673951, 'rIN')
(1343398702.673975, 'D\xd0\x87\x84')
(1343398702.673998, 'ci\x8a\x84')
(1343398702.683945, 'S\xcb\xd7\x84')
(1343398702.683991, '2f\xda\x84')
(1343398702.684015, '2F\xe5\x84')
(1343398702.684038, '2t\xe9\x84')
(1343398702.68406, '2!\xeb\x84')
(1343398702.684081, '-')
(1343398702.684102, 'cr\xef\x84')
(1343398702.690694, 'S\xcb\x16\x85')
(1343398702.690743, '2f\x19\x85')
(1343398702.690767, '2F$\x85')
(1343398702.69079, "2t'\x85")
(1343398702.690811, '2!)\x85')
(1343398702.690832, '-')
(1343398702.690853, 'cr-\x85')
(1343398702.690874, '2Ig\x85')
(1343398702.690895, '2Pk\x85')
(1343398702.690917, '2R\x87\x85')
(1343398702.690938, 'rIN')
(1343398702.690959, 'D\xd1\x8f\x85')
(1343398702.690982, 'ci\x91\x85')
(1343398702.691013, 'S\xcb\xdf\x85')
(1343398702.691036, '2f\xe3\x85')
(1343398702.691057, '2F\xee\x85')
(1343398702.691079, '2t\xf1\x85')
(1343398702.6911, '2!\xf3\x85')
(1343398702.691238, '-')
(1343398702.691287, 'cr\xf7\x85')
(1343398702.69131, 'S\xcb\x1a\x86')
(1343398702.691333, '2f\x1d\x86')
(1343398702.691355, '2F(\x86')
(1343398702.691376, '2t+\x86')
(1343398702.691397, '2!.\x86')
(1343398702.691418, '-')
(1343398702.691438, 'cr1\x86')
(1343398702.69146, '2Ib\x86')
(1343398702.691481, '2Pf\x86')
(1343398702.691503, '2R\x81\x86')
(1343398702.691524, 'rIN')
(1343398702.691545, 'D\xd2\x89\x86')
(1343398702.691567, 'ci\x8b\x86')
(1343398702.691598, 'S\xcb\xd2\x86')
(1343398702.69162, '2f\xd4\x86')
(1343398702.691642, '2F\xe0\x86')
(1343398702.691673, '2t\xe2\x86')
(1343398702.691695, '2!\xe5\x86')
(1343398702.691716, '-')
(1343398702.691737, 'cr\xea\x86')
(1343398702.69176, 'S\xcb\x16\x87')
(1343398702.691782, '2f\x18\x87')
(1343398702.691804, '2F$\x87')
(1343398702.69197, '2t&\x87')
(1343398702.692001, '2!)\x87')
(1343398702.692023, '-')
(1343398702.692044, 'cr-\x87')
(1343398702.692065, '2Ig\x87')
(1343398702.692087, '2Pk\x87')
(1343398702.692109, '2R\x87\x87')
(1343398702.69213, 'rIN')
(1343398702.693963, 'D\xd3\x8f\x87')
(1343398702.693999, 'ci\x91\x87')
(1343398702.694031, 'S\xcb\xd8\x87')
(1343398702.694054, '2f\xda\x87')
(1343398702.694076, '2F\xe7\x87')
(1343398702.694098, '2t\xe9\x87')
(1343398702.694119, '2!\xec\x87')
(1343398702.69414, '-')
(1343398702.694161, 'cr\xf0\x87')
(1343398702.694184, 'S\xcb\x17\x88')
(1343398702.694206, '2f\x19\x88')
(1343398702.694227, '2F%\x88')
(1343398702.694249, "2t'\x88")
(1343398702.69427, '2!*\x88')
(1343398702.694291, '-')
(1343398702.694311, 'cr.\x88')
(1343398702.694332, '2Ia\x88')
(1343398702.694354, '2Pe\x88')
(1343398702.694375, '2R\x81\x88')
(1343398702.694396, 'rIN')
(1343398702.694417, 'D\xd4\x89\x88')
(1343398702.69444, 'ci\x8b\x88')
(1343398702.704136, 'S\xcb\xd2\x88')
(1343398702.704224, '2f\xd4\x88')
(1343398702.713922, '2F\xe0\x88')
(1343398702.713958, '2t\xe2\x88')
(1343398702.713983, '2C\xe5\x88')
(1343398702.726962, '2os\x89')
(1343398702.727057, '+')
(1343398702.727111, 'S\xcc\xa2\x89')
(1343398702.727154, '2f\xa4\x89')
(1343398702.727195, '2F\xb0\x89')
(1343398702.727234, '2t\xb2\x89')
(1343398702.727273, '2C\xb5\x89')
(1343398702.727311, '2oC\x8a')
(1343398702.727371, '+')
(1343398702.727425, 'S\xcd\x9d\x8a')
(1343398702.727464, '2f\x9f\x8a')
(1343398702.727501, '2F\xab\x8a')
(1343398702.727537, '2t\xad\x8a')
(1343398702.727573, '2C\xb0\x8a')
(1343398702.727605, '2o>\x8b')
(1343398702.727626, '+')
(1343398702.733884, 'S\xce\x97\x8b')
(1343398702.73393, '2f\x99\x8b')
(1343398702.733954, '2F\xa5\x8b')
(1343398702.733976, '2t\xa7\x8b')
(1343398702.733998, '2C\xaa\x8b')
(1343398702.73402, '2o8\x8c')
(1343398702.734041, '+')
(1343398702.734071, 'S\xcf\x9d\x8c')
(1343398702.734094, '2f\x9f\x8c')
(1343398702.734116, '2F\xab\x8c')
(1343398702.734138, '2t\xae\x8c')
(1343398702.73416, '2!\xb1\x8c')
(1343398702.734181, '-')
(1343398702.734201, 'cr\xb5\x8c')
(1343398702.734223, 'S\xcf\x16\x8d')
(1343398702.734245, '2f\x18\x8d')
(1343398702.744096, '2F$\x8d')
(1343398702.744143, '2t&\x8d')
(1343398702.744167, '2!)\x8d')
(1343398702.744189, '2I,\x8d')
(1343398702.744211, 'cr0\x8d')
(1343398702.744232, '2P9\x8d')
(1343398702.744254, '2RS\x8d')
(1343398702.744275, 'rIN')
(1343398702.744296, 'D\xd5[\x8d')
(1343398702.744318, 'ci]\x8d')
(1343398702.744349, 'S\xcf\xab\x8d')
(1343398702.744372, '2f\xae\x8d')
(1343398702.744394, '2F\xb9\x8d')
(1343398702.744416, '2t\xbc\x8d')
(1343398702.744438, '2C\xbf\x8d')
(1343398702.745854, '2oL\x8e')
(1343398702.745886, '+')
(1343398702.753972, 'S\xd0\x9d\x8e')
(1343398702.75401, '2f\x9f\x8e')
(1343398702.754034, '2F\xab\x8e')
(1343398702.754056, '2t\xad\x8e')
(1343398702.754078, '2!\xb0\x8e')
(1343398702.754099, '-')
(1343398702.75412, 'cr\xb4\x8e')
(1343398702.754142, '2I\xe3\x8e')
(1343398702.754164, '2P\xe6\x8e')
(1343398702.754186, '2R\x02\x8f')
(1343398702.754207, 'rIN')
(1343398702.754228, 'D\xd6\n\x8f')
(1343398702.75425, 'ci\x0c\x8f')
(1343398702.754345, 'S\xd0X\x8f')
(1343398702.754373, '2f[\x8f')
(1343398702.754429, '2Fg\x8f')
(1343398702.754457, '2tj\x8f')
(1343398702.754479, '2!l\x8f')
(1343398702.754499, '-')
(1343398702.75452, 'crp\x8f')
(1343398702.758673, 'S\xd0\x97\x8f')
(1343398702.758762, '2f\x99\x8f')
(1343398702.758808, '2F\xa5\x8f')
(1343398702.758852, '2t\xa7\x8f')
(1343398702.758894, '2!\xaa\x8f')
(1343398702.758933, '-')
(1343398702.758973, 'cr\xae\x8f')
(1343398702.759012, '2I\xe3\x8f')
(1343398702.759051, '2P\xe7\x8f')
(1343398702.75909, '2R\x02\x90')
(1343398702.759127, 'rIN')
(1343398702.759164, 'D\xd7\n\x90')
(1343398702.759314, 'ci\r\x90')
(1343398702.75936, 'S\xd0Y\x90')
(1343398702.759428, '2f\\\x90')
(1343398702.759451, '2Fh\x90')
(1343398702.759481, '2tk\x90')
(1343398702.759503, '2!m\x90')
(1343398702.759524, '-')
(1343398702.759544, 'crq\x90')
(1343398702.759567, 'S\xd0\x97\x90')
(1343398702.759589, '2f\x99\x90')
(1343398702.759611, '2F\xa5\x90')
(1343398702.759633, '2t\xa7\x90')
(1343398702.759655, '2!\xaa\x90')
(1343398702.759676, '-')
(1343398702.759696, 'cr\xae\x90')
(1343398702.762255, '2I\xe0\x90')
(1343398702.762255, '2P\xe4\x90')
(1343398702.762255, '2R\xfe\x90')
(1343398702.762255, 'rIN')
(1343398702.762255, 'D\xd8\x07\x91')
(1343398702.762255, 'ci\t\x91')
(1343398702.765877, 'S\xd0V\x91')
(1343398702.765914, '2fY\x91')
(1343398702.765998, '2Ff\x91')
(1343398702.766023, '2th\x91')
(1343398702.766066, '2!k\x91')
(1343398702.766103, '-')
(1343398702.766124, 'crn\x91')
(1343398702.773863, 'S\xd0\x97\x91')
(1343398702.7739, '2f\x99\x91')
(1343398702.773924, '2F\xa5\x91')
(1343398702.773946, '2t\xa7\x91')
(1343398702.773968, '2!\xaa\x91')
(1343398702.773989, '-')
(1343398702.774011, 'cr\xae\x91')
(1343398702.784029, '2I\xe0\x91')
(1343398702.784086, '2P\xe4\x91')
(1343398702.784126, '2R\xfe\x91')
(1343398702.784158, 'rIN')
(1343398702.784181, 'D\xd9\x07\x92')
(1343398702.784204, 'ci\t\x92')
(1343398702.784512, 'S\xd0V\x92')
(1343398702.784544, '2fY\x92')
(1343398702.784567, '2Fe\x92')
(1343398702.784589, '2tg\x92')
(1343398702.78461, '2Cj\x92')
(1343398702.784633, '2o\xf7\x92')
(1343398702.784654, '+')
(1343398702.790615, 'S\xd4\x9d\x93')
(1343398702.790674, '2f\x9f\x93')
(1343398702.790717, '2F\xab\x93')
(1343398702.790757, '2t')
(1343398702.790797, '\xad\x93')
(1343398702.790836, '2C\xb3\x93')
(1343398702.790875, '2oA\x94')
(1343398702.790912, '+')
(1343398702.790958, '2PT\x94')
(1343398702.790996, '2Rn\x94')
(1343398702.791032, 'rIN')
(1343398702.791068, 'D\xdav\x94')
(1343398702.791105, 'cix\x94')
(1343398702.793872, 'S\xd5\xc7\x94')
(1343398702.79391, '2f\xca\x94')
(1343398702.793935, '2F\xd5\x94')
(1343398702.793959, '2t\xd8\x94')
(1343398702.793982, '2!\xdb\x94')
(1343398702.794004, '-')
(1343398702.794026, 'cr\xdf\x94')
(1343398702.802697, 'S\xd5\x16\x95')
(1343398702.802734, '2f\x19\x95')
(1343398702.802758, '2F$\x95')
(1343398702.80278, "2t'\x95")
(1343398702.802802, '2C-\x95')
(1343398702.802824, '2o\xba\x95')
(1343398702.802845, '+')
(1343398702.814044, '2P\xcd\x95')
(1343398702.814142, '2R\xe7\x95')
(1343398702.814166, 'rIN')
(1343398702.814229, 'D\xdb\xf0\x95')
(1343398702.814257, 'ci\xf3\x95')
(1343398702.814288, 'S\xd6B\x96')
(1343398702.81431, '2fE\x96')
(1343398702.814332, '2FP\x96')
(1343398702.814353, '2tS\x96')
(1343398702.814375, '2!V\x96')
(1343398702.814395, '-')
(1343398702.814416, 'crY\x96')
(1343398702.814437, '2Ij\x96')
(1343398702.814458, '2Pr\x96')
(1343398702.81448, '2R\x8e\x96')
(1343398702.814501, 'rIN')
(1343398702.814522, 'D\xdc\x96\x96')
(1343398702.814544, 'ci\x98\x96')
(1343398702.818119, 'S\xd6\xee\x96')
(1343398702.818119, '2f\xf0\x96')
(1343398702.818119, '2F\xfc\x96')
(1343398702.818119, '2t\xfe\x96')
(1343398702.818133, '2!\x02\x97')
(1343398702.818165, '-')
(1343398702.818187, 'cr\x06\x97')
(1343398702.818208, '2Ib\x97')
(1343398702.81823, '2Pf\x97')
(1343398702.818252, '2R\x81\x97')
(1343398702.818273, 'rIN')
(1343398702.818294, 'D\xdd\x89\x97')
(1343398702.818316, 'ci\x8b\x97')
(1343398702.818347, 'S\xd6\xd2\x97')
(1343398702.81837, '2f\xd5\x97')
(1343398702.818392, '2F\xe0\x97')
(1343398702.818414, '2t\xe3\x97')
(1343398702.818435, '2C\xe5\x97')
(1343398702.82226, '2os\x98')
(1343398702.822318, '+')
(1343398702.822372, 'S\xd7\xa2\x98')
(1343398702.822418, '2f\xa4\x98')
(1343398702.822461, '2F\xb0\x98')
(1343398702.822502, '2t\xb2\x98')
(1343398702.822543, '2C\xb5\x98')
(1343398702.825881, '2oB\x99')
(1343398702.825915, '+')
(1343398702.84149, 'S\xd8\x9d\x99')
(1343398702.841586, '2f\x9f\x99')
(1343398702.841627, '2F\xab\x99')
(1343398702.841661, '2t\xad\x99')
(1343398702.841684, '2C\xb0\x99')
(1343398702.858047, '2o>\x9a')
(1343398702.858089, '+')
(1343398702.858122, 'S\xd9\x97\x9a')
(1343398702.858146, '2f\x99\x9a')
(1343398702.858168, '2F\xa5\x9a')
(1343398702.85819, '2t\xa7\x9a')
(1343398702.858212, '2C\xaa\x9a')
(1343398702.858243, '2o8\x9b')
(1343398702.858265, '+')
(1343398702.858294, 'S\xda\x9d\x9b')
(1343398702.858317, '2f\x9f\x9b')
(1343398702.858339, '2F\xab\x9b')
(1343398702.858361, '2t\xad\x9b')
(1343398702.858383, '2C\xb0\x9b')
(1343398702.858405, '2o=\x9c')
(1343398702.858426, '+')
(1343398702.858454, 'S\xdb\x97\x9c')
(1343398702.858477, '2f\x9a\x9c')
(1343398702.858499, '2F\xa5\x9c')
(1343398702.858521, '2t\xa8\x9c')
(1343398702.858543, '2C\xab\x9c')
(1343398702.858564, '2o8\x9d')
(1343398702.858585, '+')
(1343398702.89783, '2I\x8d\xa2')
(1343398702.901932, '2P\x94\xa2')
(1343398702.901974, '2R\x9d\xa2')
(1343398702.902, '2S\x1e\x00\x00\x00 \xa0\xa2')
(1343398703.911473, '2I\x8c"')
(1343398703.911565, '2P\x90"')
(1343398703.913872, '2R\x99"')
(1343398703.91391, '2S\x1e\x00\x00\x00!\x9b"')
(1343398704.261458, '2I\xd3N')
(1343398704.27197, '2P\xd7N')
(1343398704.272006, '2R\xefN')
(1343398704.272029, 'rIN')
(1343398704.272051, 'D\xde\xf6N')
(1343398704.272073, 'ci\xf9N')
(1343398704.913893, '2I\x8b\xa2')
(1343398704.913948, '2P\x8f\xa2')
(1343398704.923739, '2R\x98\xa2')
(1343398704.923784, '2S\x1e\x00\x00\x00"\x9b\xa2')
(1343398705.912873, '2I\x89"')
(1343398705.912951, '2P\x8f"')
(1343398705.912993, '2R\x99"')
(1343398705.913035, '2S\x1e\x00\x00\x00#\x9b"')
(1343398706.901942, '2I\x88\xa2')
(1343398706.901997, '2P\x8d\xa2')
(1343398706.905868, '2R\x96\xa2')
(1343398706.905907, '2S\x1e\x00\x00\x00$\x98\xa2')
