(1343139910.398488, '2I\r\xb3')
(1343139910.3985779, '2P\x10\xb3')
(1343139910.398608, '2R+\xb3')
(1343139910.398633, 'rIN')
(1343139910.3986571, 'D\x9c3\xb3')
(1343139910.3986809, 'ci5\xb3')
(1343139910.398705, 'Sv\xaf\x1f')
(1343139910.3987291, '2f\xb1\x1f')
(1343139910.3987529, '2F\xbd\x1f')
(1343139910.3987761, '2t\xbf\x1f')
(1343139910.3987999, '2C\xca\x1f')
(1343139910.398823, '2oF ')
(1343139910.3988459, '+')
(1343139910.4179151, '\rL: 10\n')
(1343139910.417968, '\rGot configuration message of type P\n')
(1343139910.4179969, '\rSetting prefix aaaa::\n')
(1343139910.4180219, '\rcreated a new RPL dag\n')
(1343139910.426698, '\rL: 2\n')
(1343139910.426765, '\rGot configuration message of type I\n')
(1343139910.445586, '\rL: 48\n')
(1343139911.6584361, '2I\xbd\xf0')
(1343139911.65851, '2P\xc0\xf0')
(1343139911.65854, '2R\xd5\xf0')
(1343139911.6585701, 'rIN')
(1343139911.658596, 'D\x9d\xde\xf0')
(1343139911.658622, 'ci\xe0\xf0')
(1343139912.5373709, '2I\xf8`')
(1343139912.5374401, '2P\xfb`')
(1343139912.5374689, '2R\x17a')
(1343139912.537493, 'rIN')
(1343139912.5375171, 'DI a')
(1343139913.4780099, 'Sw\xaf\xd9')
(1343139913.4780631, '2f\xb1\xd9')
(1343139913.4780779, '2F\xbc\xd9')
(1343139913.478091, '2t\xbf\xd9')
(1343139913.4781029, '2C\xca\xd9')
(1343139913.487325, '2oE\xda')
(1343139913.4873581, '+')
(1343139913.4980309, '2IW\xdb')
(1343139913.498075, '2P[\xdb')
(1343139913.4981029, '2Rp\xdb')
(1343139913.4981279, 'rIN')
(1343139913.498153, 'D\x9ey\xdb')
(1343139913.4981771, 'ci|\xdb')
(1343139914.4219699, '\rL: 48\n')
(1343139916.3772421, '2I\xcfL')
(1343139916.3773191, '2P\xd3L')
(1343139916.3773639, '2R\xedL')
(1343139916.3773899, 'rIN')
(1343139916.3882301, 'D\x9f\xf6L')
(1343139916.388278, 'ci\xf8L')
(1343139916.3883071, '2I\xe8M')
(1343139916.3883331, '2P\xebM')
(1343139916.3883581, '2R\x01N')
(1343139916.388382, 'rIN')
(1343139916.3884051, 'rNU')
(1343139916.667521, '2I\xc8p')
(1343139916.6675711, '2P\xcbp')
(1343139916.667654, '2R\xdfp')
(1343139916.6676819, 'rIN')
(1343139916.667707, 'D\xa0\xe7p')
(1343139916.6677239, 'ci\xe9p')
(1343139916.667748, 'SxOq')
(1343139916.6677611, '2fQq')
(1343139916.6677771, '2FYq')
(1343139916.667788, '2t[q')
(1343139916.6677999, '2Cfq')
(1343139916.6678121, '2o\xb9q')
(1343139916.6678231, '+')
(1343139918.4221489, '\rL: 48\n')
(1343139918.997479, '2I\x8b\x9b')
(1343139918.9975469, '2P\x8e\x9b')
(1343139918.997576, '2R\xa9\x9b')
(1343139918.997602, 'rIN')
(1343139918.997628, 'DK\xb2\x9b')
(1343139920.4678791, '2IXX')
(1343139920.4679301, '2P[X')
(1343139920.4679451, '2RnX')
(1343139920.467958, 'rIN')
(1343139920.4679699, 'rNU')
(1343139920.487462, '2I:Y')
(1343139920.48752, '2P>Y')
(1343139920.487535, '2RQY')
(1343139920.4875469, 'rIN')
(1343139920.4875591, 'rNU')
(1343139921.597466, 'Sy\xaf\xe6')
(1343139921.5975239, '2f\xb1\xe6')
(1343139921.5975449, '2F\xbc\xe6')
(1343139921.5975621, '2t\xbe\xe6')
(1343139921.597579, '2C\xc9\xe6')
(1343139921.5975959, '2oE\xe7')
(1343139921.5976119, '+')
(1343139923.9982309, '2I\xeb\x1b')
(1343139923.9983051, '2P\xef\x1b')
(1343139923.9983349, '2R\n\x1c')
(1343139923.9983599, 'rIN')
(1343139923.9983859, 'D\xa2\x13\x1c')
(1343139923.9984109, 'ci\x15\x1c')
(1343139924.1982989, '2I\xec5')
(1343139924.1983681, '2P\xef5')
(1343139924.1983969, '2R\x056')
(1343139924.1984229, 'rIN')
(1343139924.1984479, 'D\xa3\x0e6')
(1343139924.207972, 'ci\x106')
(1343139924.667254, '2I\xe6q')
(1343139924.6673241, '2P\xe9q')
(1343139924.6673529, '2R\xfcq')
(1343139924.6673789, 'rIN')
(1343139924.667403, 'rNU')
(1343139924.6781659, '2I\xe8r')
(1343139924.6782141, '2P\xecr')
(1343139924.6782429, '2R\xffr')
(1343139924.678268, 'rIN')
(1343139924.678293, 'rNU')
(1343139925.1281991, '2I(\xac')
(1343139925.1282711, '2P,\xac')
(1343139925.1283, '2RF\xac')
(1343139925.128325, 'rIN')
(1343139925.12835, 'DNO\xac')
(1343139926.597378, '2I\xfag')
(1343139926.5974481, '2P\xfeg')
(1343139926.597477, '2R\x14h')
(1343139926.5975029, 'rIN')
(1343139926.597527, 'rNU')
(1343139926.5975521, '2I\xech')
(1343139926.5975759, '2P\xf0h')
(1343139926.5976009, '2R\x06i')
(1343139926.597625, 'rIN')
(1343139926.5978479, 'D\xa5\x0fi')
(1343139926.597893, 'ci\x11i')
(1343139937.9082501, 'Sz\xaf\x10')
(1343139937.9083209, '2f\xb1\x10')
(1343139937.90835, '2F\xbc\x10')
(1343139937.908376, '2t\xbf\x10')
(1343139937.908401, '2C\xca\x10')
(1343139937.9181719, '2oE\x11')
(1343139937.9182191, '+')
(1343139940.437974, '2I)T')
(1343139940.4380441, '2P,T')
(1343139940.438071, '2RGT')
(1343139940.438096, 'rIN')
(1343139940.4381211, 'D\xa6OT')
(1343139940.4381449, 'ciQT')
(1343139942.5179069, '2Ij^')
(1343139942.5179789, '2Pm^')
(1343139942.518008, '2R\x89^')
(1343139942.518033, 'rIN')
(1343139942.5180581, 'DP\x91^')
(1343139943.1100881, '2I\xb9\xaa')
(1343139943.1101301, '2P\xbc\xaa')
(1343139943.1109419, '2R\xd1\xaa')
(1343139943.110961, 'rIN')
(1343139943.1109741, 'D\xa7\xda\xaa')
(1343139943.110986, 'ci\xdc\xaa')
(1343139943.1257861, '\rL: 91\n')
(1343139943.1268711, '\rL: 118\n')
(1343139943.1298201, 'S{?\xad')
(1343139943.129858, '2fB\xad')
(1343139943.1298831, '2FO\xad')
(1343139943.1299081, '2tQ\xad')
(1343139943.1308999, '2C[\xad')
(1343139943.1347959, '2o\xe9\xad')
(1343139943.134831, '+')
(1343139943.138669, '\rL: 118\n')
(1343139943.14079, 'S|\xba\xae')
(1343139943.1408279, '2f\xbc\xae')
(1343139943.141773, '2F\xc9\xae')
(1343139943.1418099, '2t\xcb\xae')
(1343139943.1418369, '2!\xd5\xae')
(1343139943.1418619, '-')
(1343139943.1418869, 'cr\xd9\xae')
(1343139943.142714, '\rL: 118\n')
(1343139943.147716, '\rL: 118\n')
(1343139943.1507831, 'S|\xee\xaf')
(1343139943.150821, '2f\xf0\xaf')
(1343139943.1508491, '2F\xfd\xaf')
(1343139943.1508729, '2t\xff\xaf')
(1343139943.1516869, '2C\n\xb0')
(1343139943.1557701, '2o\x98\xb0')
(1343139943.1558249, '+')
(1343139943.1587131, '\rL: 118\n')
(1343139943.161701, '\rL: 118\n')
(1343139943.162797, '2Ix\xb1')
(1343139943.162832, '2I}\xb1')
(1343139943.163698, '2P\x93\xb1')
(1343139943.1646869, '2R\xb1\xb1')
(1343139943.1647201, 'rIN')
(1343139943.1647451, 'rFR')
(1343139943.165715, 'S}\xd1\xb1')
(1343139943.1657491, '2f\xd4\xb1')
(1343139943.1657751, '2F\xe0\xb1')
(1343139943.1657989, '2t\xe2\xb1')
(1343139943.1658239, '2C\xed\xb1')
(1343139943.1705711, '2oz\xb2')
(1343139943.170615, '+')
(1343139943.1736529, '\rL: 118\n')
(1343139943.187577, '\rL: 118\n')
(1343139943.18768, 'S~\x93\xb3')
(1343139943.1877141, '2f\x95\xb3')
(1343139943.187741, '2I\x9d\xb3')
(1343139943.187767, '2F\xa5\xb3')
(1343139943.1877921, '2t\xa7\xb3')
(1343139943.1878181, '2C\xb2\xb3')
(1343139943.1878431, '2o?\xb4')
(1343139943.1878669, '+')
(1343139943.1879001, '2PR\xb4')
(1343139943.1879261, '2Rp\xb4')
(1343139943.1879499, 'rIN')
(1343139943.187973, 'rNU')
(1343139943.188107, 'S\x7f\xa7\xb4')
(1343139943.1881411, '2f\xa9\xb4')
(1343139943.1881659, '2F\xb6\xb4')
(1343139943.1881909, '2t\xb8\xb4')
(1343139943.2075751, '2C\xc3\xb4')
(1343139943.2076399, '2oP\xb5')
(1343139943.2076681, '+')
(1343139943.2077041, 'S\x80\x9f\xb5')
(1343139943.2077301, '2f\xa2\xb5')
(1343139943.2077539, '2F\xaf\xb5')
(1343139943.207778, '2t\xb1\xb5')
(1343139943.207803, '2!\xbb\xb5')
(1343139943.2078259, '-')
(1343139943.20785, 'cr\xbf\xb5')
(1343139943.207875, 'S\x80\x1d\xb6')
(1343139943.2078991, '2f\x1f\xb6')
(1343139943.2079229, '2F,\xb6')
(1343139943.207947, '2t.\xb6')
(1343139943.2079699, '2!9\xb6')
(1343139943.207993, '-')
(1343139943.2080159, 'cr<\xb6')
(1343139943.208041, 'S\x80\x9e\xb6')
(1343139943.208065, '2f\xa0\xb6')
(1343139943.2080891, '2F\xad\xb6')
(1343139943.208113, '2t\xaf\xb6')
(1343139943.208137, '2C\xba\xb6')
(1343139943.2081611, '2oG\xb7')
(1343139943.208184, '+')
(1343139943.218637, 'S\x81\xa4\xb7')
(1343139943.2186799, '2f\xa6\xb7')
(1343139943.2187071, '2F\xb3\xb7')
(1343139943.2187321, '2t\xb5\xb7')
(1343139943.218756, '2C\xc0\xb7')
(1343139943.21878, '2oM\xb8')
(1343139943.2188039, '+')
(1343139943.2188361, 'S\x82\x9d\xb8')
(1343139943.2188621, '2f\xa0\xb8')
(1343139943.2188859, '2F\xac\xb8')
(1343139943.21891, '2t\xae\xb8')
(1343139943.2193871, '2!\xb9\xb8')
(1343139943.2194209, '-')
(1343139943.2194469, 'cr\xbc\xb8')
(1343139943.222527, 'S\x82\x1f\xb9')
(1343139943.2225709, '2f!\xb9')
(1343139943.222599, '2F.\xb9')
(1343139943.2226369, '2t0\xb9')
(1343139943.223423, '2!;\xb9')
(1343139943.2234559, '-')
(1343139943.2234809, 'cr>\xb9')
(1343139943.2264309, 'S\x82\x9e\xb9')
(1343139943.226475, '2f\xa0\xb9')
(1343139943.2265019, '2F\xad\xb9')
(1343139943.226527, '2t\xaf\xb9')
(1343139943.2273619, '2C\xba\xb9')
(1343139943.2313499, '2oG\xba')
(1343139943.2313981, '+')
(1343139943.235312, '\rL: 118\n')
(1343139943.2373841, 'S\x83\x15\xbb')
(1343139943.237422, '2f\x17\xbb')
(1343139943.2383859, '2F$\xbb')
(1343139943.2384281, '2t&\xbb')
(1343139943.2384541, '2C1\xbb')
(1343139943.2423611, '2o\xbe\xbb')
(1343139943.2434011, '+')
(1343139943.2442989, '\rL: 118\n')
(1343139943.2483749, '\rL:')
(1343139943.2484109, ' ')
(1343139943.248436, '118\n')
(1343139943.251672, '2P\xb7\xbc')
(1343139943.251714, '2R\xd5\xbc')
(1343139943.2517419, 'rIN')
(1343139943.251766, 'rFR')
(1343139943.2523789, 'S\x84\xf6\xbc')
(1343139943.252413, '2f\xf8\xbc')
(1343139943.2534111, '2F\x06\xbd')
(1343139943.2534461, '2t\x08\xbd')
(1343139943.2534721, '2C\x13\xbd')
(1343139943.2572889, '2o\xa0\xbd')
(1343139943.2573309, '+')
(1343139943.2606981, '\rL: 118\n')
(1343139943.2632749, '\rL: 118\n')
(1343139943.2661951, 'S\x85\xb7\xbe')
(1343139943.266233, '2f\xb9\xbe')
(1343139943.2662599, '2I\xc3\xbe')
(1343139943.2662849, '2F\xc8\xbe')
(1343139943.266309, '2t\xcb\xbe')
(1343139943.267175, '2C\xd5\xbe')
(1343139943.271251, '2oc\xbf')
(1343139943.2712879, '+')
(1343139943.2722421, '2Pu\xbf')
(1343139943.2732251, '2R\x94\xbf')
(1343139943.273257, 'rIN')
(1343139943.2732811, 'rNU')
(1343139943.276351, '\rL: 118\n')
(1343139943.279268, 'S\x86U\xc0')
(1343139943.279304, '2fX\xc0')
(1343139943.27933, '2Fe\xc0')
(1343139943.2793541, '2tg\xc0')
(1343139943.2793779, '2!r\xc0')
(1343139943.2794011, '-')
(1343139943.2802539, 'crv\xc0')
(1343139943.2813101, '\rL: 118\n')
(1343139943.2851629, '\rL: 118\n')
(1343139943.2908511, 'S\x86q\xc1')
(1343139943.2908881, '2fs\xc1')
(1343139943.2909031, '2F\x81\xc1')
(1343139943.290915, '2t\x83\xc1')
(1343139943.2909279, '2C\x8e\xc1')
(1343139943.2982299, '2o\x1b\xc2')
(1343139943.2982731, '+')
(1343139943.2983079, '\rL: 118\n')
(1343139943.2983501, 'S\x87\xc3\xc2')
(1343139943.2983749, '2f\xc6\xc2')
(1343139943.2983999, '2F\xd2\xc2')
(1343139943.298424, '2t\xd5')
(1343139943.2984481, '\xc2')
(1343139943.3176551, '2!\xe2\xc2')
(1343139943.317724, '-')
(1343139943.317754, 'cr\xe5\xc2')
(1343139943.31778, '2P\xef\xc2')
(1343139943.3178051, '2I\x0e\xc3')
(1343139943.3178301, '2R\x11\xc3')
(1343139943.317853, 'rIN')
(1343139943.3178761, 'rFR')
(1343139943.3178999, '2P\x1e\xc3')
(1343139943.317924, '2R&\xc3')
(1343139943.3179481, 'rIN')
(1343139943.31797, 'rFR')
(1343139943.3179941, 'S\x87F\xc3')
(1343139943.318018, '2fH\xc3')
(1343139943.318042, '2FU\xc3')
(1343139943.3180659, '2tW\xc3')
(1343139943.318089, '2Cb\xc3')
(1343139943.3181131, '2o\xef\xc3')
(1343139943.3181369, '+')
(1343139943.318171, 'S\x88%\xc4')
(1343139943.3181961, "2f'\xc4")
(1343139943.3182199, '2F4\xc4')
(1343139943.318244, '2t6\xc4')
(1343139943.3182671, '2CA\xc4')
(1343139943.3182909, '2o\xce\xc4')
(1343139943.3183141, '+')
(1343139943.318347, 'S\x89\x1c\xc5')
(1343139943.318372, '2f\x1f\xc5')
(1343139943.3183961, '2F+\xc5')
(1343139943.3184209, '2t-\xc5')
(1343139943.318445, '2C8\xc5')
(1343139943.337667, '2o\xc5\xc5')
(1343139943.337723, '+')
(1343139943.3377631, 'S\x8a\x1d\xc6')
(1343139943.33779, '2f\x1f\xc6')
(1343139943.337815, '2F,\xc6')
(1343139943.3378389, '2t.\xc6')
(1343139943.337863, '2C9\xc6')
(1343139943.337887, '2o\xc6\xc6')
(1343139943.3379099, '+')
(1343139943.3379431, 'S\x8b\x1c\xc7')
(1343139943.3379681, '2f\x1f\xc7')
(1343139943.337992, '2F+\xc7')
(1343139943.3380151, '2t.\xc7')
(1343139943.3380389, '2C9\xc7')
(1343139943.338063, '2o\xc6\xc7')
(1343139943.3380849, '+')
(1343139943.3459649, '\rL: ')
(1343139943.3460071, '118\n')
(1343139943.3480239, '2P&\xc9')
(1343139943.349045, '2RD\xc9')
(1343139943.349081, 'rIN')
(1343139943.3491049, 'rNU')
(1343139943.3501019, 'S\x8ch\xc9')
(1343139943.350141, '2fk\xc9')
(1343139943.3501661, '2Fw\xc9')
(1343139943.350209, '2ty\xc9')
(1343139943.3510129, '2C\x84\xc9')
(1343139943.3550079, '2o\x11\xca')
(1343139943.3550639, '+')
(1343139943.3558309, '\rL: 118\n')
(1343139943.3588531, 'S\x8d\x92\xca')
(1343139943.3589001, '2f\x94\xca')
(1343139943.358928, '2F\xa1\xca')
(1343139943.358954, '2t\xa3\xca')
(1343139943.3597741, '2C\xae\xca')
(1343139943.363909, '2o;\xcb')
(1343139943.3639519, '+')
(1343139943.367815, '\rL: 118\n')
(1343139943.3698411, 'S\x8e\t\xcc')
(1343139943.3698771, '2f\x0b\xcc')
(1343139943.3706701, '2F\x18\xcc')
(1343139943.3707049, '2t\x1a\xcc')
(1343139943.3707311, '2C%\xcc')
(1343139943.375767, '2o\xb2\xcc')
(1343139943.375802, '+')
(1343139943.3767731, '\rL: 118\n')
(1343139943.3806679, '\rL: 118\n')
(1343139943.3836789, 'S\x8f\xc0\xcd')
(1343139943.383723, '2f\xc2\xcd')
(1343139943.3837509, '2F\xcf\xcd')
(1343139943.3837759, '2t\xd1\xcd')
(1343139943.3848791, '2C\xdc\xcd')
(1343139943.3887291, '2oi\xce')
(1343139943.3887751, '+')
(1343139943.3917689, '\rL: 118\n')
(1343139943.39378, '2I\x0c\xcf')
(1343139943.393816, '2I\x11\xcf')
(1343139943.3956251, '\rL: 118\n')
(1343139943.3977089, '2P\x88\xcf')
(1343139943.3988161, '2R\xa6\xcf')
(1343139943.3988559, 'rIN')
(1343139943.3988819, 'rFR')
(1343139943.399713, 'S\x90\xc6\xcf')
(1343139943.3997481, '2f\xc9\xcf')
(1343139943.3997741, '2F\xd5\xcf')
(1343139943.3997991, '2t\xd8\xcf')
(1343139943.4007549, '2C\xe2\xcf')
(1343139943.404598, '2op\xd0')
(1343139943.4046371, '+')
(1343139943.4075651, '\rL: 118\n')
(1343139943.409641, 'S\x91\x1f\xd1')
(1343139943.4096839, '2f!\xd1')
(1343139943.4105461, '2F.\xd1')
(1343139943.4105849, '2t0\xd1')
(1343139943.4106121, '2!;\xd1')
(1343139943.4106359, '-')
(1343139943.41066, 'cr>\xd1')
(1343139943.411551, '\rL: 118\n')
(1343139943.416724, '\rL: 118\n')
(1343139943.4272809, 'S\x91Q\xd2')
(1343139943.4274061, '2fT\xd2')
(1343139943.427434, '2F`\xd2')
(1343139943.427459, '2tb\xd2')
(1343139943.4274831, '2Cm\xd2')
(1343139943.4275081, '2o\xfb\xd2')
(1343139943.427531, '+')
(1343139943.427563, '\rL: 118\n')
(1343139943.447298, 'S\x92\xa4\xd3')
(1343139943.447345, '2f\xa6\xd3')
(1343139943.4473729, '2F\xb3\xd3')
(1343139943.4473979, '2t\xb5\xd3')
(1343139943.447423, '2!\xc0\xd3')
(1343139943.4474471, '-')
(1343139943.4474709, 'cr\xc4\xd3')
(1343139943.4474959, 'S\x92\x1c\xd4')
(1343139943.447526, '2f\x1f\xd4')
(1343139943.4476011, '2F+\xd4')
(1343139943.447628, '2t-\xd4')
(1343139943.4476521, '2C8\xd4')
(1343139943.4476769, '2o\xc6\xd4')
(1343139943.4477, '+')
(1343139943.4477341, 'S\x93\x1c\xd5')
(1343139943.4477601, '2f\x1f\xd5')
(1343139943.4477839, '2F+\xd5')
(1343139943.447808, '2t-\xd5')
(1343139943.4478309, '2C8\xd5')
(1343139943.447855, '2o\xc5\xd5')
(1343139943.4478779, '+')
(1343139943.4673719, 'S\x94\x1c\xd6')
(1343139943.467442, '2f\x1f\xd6')
(1343139943.4674709, '2F+\xd6')
(1343139943.4674959, '2t-\xd6')
(1343139943.46752, '2!8\xd6')
(1343139943.4675441, '-')
(1343139943.4675679, 'cr<\xd6')
(1343139943.467592, '2I\x81\xd6')
(1343139943.4676211, '2P\x84\xd6')
(1343139943.4676459, '2I\x86\xd6')
(1343139943.4676709, '2R\xa5\xd6')
(1343139943.467694, 'rIN')
(1343139943.4677169, 'rFR')
(1343139943.467741, 'S\x94\xc7\xd6')
(1343139943.4677651, '2f\xc9\xd6')
(1343139943.4677899, '2F\xd6\xd6')
(1343139943.467813, '2t\xd8\xd6')
(1343139943.4678371, '2C\xe3\xd6')
(1343139943.4678609, '2oq\xd7')
(1343139943.4678841, '+')
(1343139943.4679179, '2P\x85\xd7')
(1343139943.467943, '2R\x8b\xd7')
(1343139943.4679661, 'rIN')
(1343139943.467989, 'rFR')
(1343139943.468013, 'S\x95\xb2\xd7')
(1343139943.4680381, '2f\xb4\xd7')
(1343139943.4680619, '2F\xc1\xd7')
(1343139943.468086, '2t\xc3\xd7')
(1343139943.4681089, '2C\xce\xd7')
(1343139943.4681461, '2o\\\xd8')
(1343139943.4681721, '+')
(1343139943.4685459, 'S\x96\xa4\xd8')
(1343139943.4686069, '2f\xa6\xd8')
(1343139943.469389, '2F\xb3\xd8')
(1343139943.469434, '2t\xb5\xd8')
(1343139943.4694631, '2C\xc0\xd8')
(1343139943.473367, '2oM\xd9')
(1343139943.473408, '+')
(1343139943.4782951, '\rL: 118\n')
(1343139943.4814229, '2I;\xda')
(1343139943.481462, 'S\x97B\xda')
(1343139943.4814899, '2fD\xda')
(1343139943.481528, '2FQ\xda')
(1343139943.4815531, '2tS\xda')
(1343139943.482342, '2C^\xda')
(1343139943.486171, '2o\xeb\xda')
(1343139943.486213, '+')
(1343139943.4872489, '\rL: 118\n')
(1343139943.489254, '2PP\xdb')
(1343139943.4902489, '2Rn\xdb')
(1343139943.490284, 'rIN')
(1343139943.490309, 'rNU')
(1343139943.4912651, 'S\x98\x95\xdb')
(1343139943.4913001, '2f\x98\xdb')
(1343139943.4922631, '2F\xa5\xdb')
(1343139943.4922969, '2t\xa7\xdb')
(1343139943.492322, '2C\xb3\xdb')
(1343139943.497236, '2o@\xdc')
(1343139943.497283, '+')
(1343139943.50037, '\rL: 118\n')
(1343139943.503216, 'S\x99\r\xdd')
(1343139943.5032611, '2f\x0f\xdd')
(1343139943.5032871, '2F\x1c\xdd')
(1343139943.5033121, '2t\x1e\xdd')
(1343139943.5042601, '2!)\xdd')
(1343139943.504297, '-')
(1343139943.504323, 'cr,\xdd')
(1343139943.505271, '\rL: 118\n')
(1343139943.5092151, '\rL: 118\n')
(1343139943.512202, 'S\x990\xde')
(1343139943.512239, '2f2\xde')
(1343139943.512265, '2F?\xde')
(1343139943.51229, '2tA\xde')
(1343139943.513061, '2CL\xde')
(1343139943.5171821, '2o\xd9\xde')
(1343139943.517225, '+')
(1343139943.5201671, '\rL: 118\n')
(1343139943.523051, '\rL: 118\n')
(1343139943.5241399, '2I\xbc\xdf')
(1343139943.5241771, '2I\xc2\xdf')
(1343139943.5250349, '2P\xdc\xdf')
(1343139943.526124, '2R\xfb\xdf')
(1343139943.5261631, 'rIN')
(1343139943.5261879, 'rFR')
(1343139943.529191, '\rL: 118\n')
(1343139943.547524, 'S\x9a\xbb\xe0')
(1343139943.547565, '2f\xbd\xe0')
(1343139943.5475791, '2F\xca\xe0')
(1343139943.5475919, '2t\xcc\xe0')
(1343139943.5476041, '2C\xd7\xe0')
(1343139943.5476351, '2od\xe1')
(1343139943.5476511, '+')
(1343139943.547668, '\rL: 118\n')
(1343139943.547689, 'S\x9b\xe9\xe1')
(1343139943.5477021, '2f\xeb\xe1')
(1343139943.547714, '2F\xf8\xe1')
(1343139943.5477271, '2t\xfa\xe1')
(1343139943.547739, '2!\x05\xe2')
(1343139943.5477509, '-')
(1343139943.5477631, 'cr\x08\xe2')
(1343139943.547775, '2I\x85\xe2')
(1343139943.547787, '2P\x8d\xe2')
(1343139943.5477991, '2R\xab\xe2')
(1343139943.5478101, 'rIN')
(1343139943.547822, 'rNU')
(1343139943.547895, 'S\x9b\xce\xe2')
(1343139943.5479131, '2f\xd0\xe2')
(1343139943.5479259, '2F\xdd\xe2')
(1343139943.558125, '2t\xdf\xe2')
(1343139943.5581889, '2C\xea\xe2')
(1343139943.558218, '2ow\xe3')
(1343139943.558243, '+')
(1343139943.5582781, 'S\x9c\xa7\xe3')
(1343139943.5583041, '2f\xa9\xe3')
(1343139943.5583291, '2F\xb6\xe3')
(1343139943.5583529, '2t\xb8\xe3')
(1343139943.558377, '2C\xc3\xe3')
(1343139943.568157, '2oP\xe4')
(1343139943.568202, '+')
(1343139943.5682399, 'S\x9d\xa3\xe4')
(1343139943.5682671, '2f\xa6\xe4')
(1343139943.5682919, '2F\xb2\xe4')
(1343139943.568316, '2t\xb5\xe4')
(1343139943.5683401, '2!\xbf\xe4')
(1343139943.5683639, '-')
(1343139943.568388, 'cr\xc3\xe4')
(1343139943.568413, 'S\x9d\x1c\xe5')
(1343139943.5684371, '2f\x1e\xe5')
(1343139943.5684609, '2F+\xe5')
(1343139943.568485, '2t-\xe5')
(1343139943.5685079, '2!8\xe5')
(1343139943.568531, '-')
(1343139943.5685551, 'cr;\xe5')
(1343139943.5876529, 'S\x9d\x9d\xe5')
(1343139943.587723, '2f\x9f\xe5')
(1343139943.5877521, '2F\xac\xe5')
(1343139943.5877781, '2t\xae\xe5')
(1343139943.5878029, '2C\xb9\xe5')
(1343139943.5878279, '2oF\xe6')
(1343139943.587851, '+')
(1343139943.5878861, 'S\x9e\xa3\xe6')
(1343139943.5879121, '2f\xa6\xe6')
(1343139943.5879371, '2F\xb3\xe6')
(1343139943.587961, '2t\xb5\xe6')
(1343139943.587985, '2C\xbf\xe6')
(1343139943.5880091, '2oM\xe7')
(1343139943.5880439, '+')
(1343139943.5880771, 'S\x9f\x9d\xe7')
(1343139943.5881021, '2f\xa0\xe7')
(1343139943.5881269, '2F\xac\xe7')
(1343139943.588151, '2t\xaf\xe7')
(1343139943.5881751, '2C\xba\xe7')
(1343139943.591644, '2oG\xe8')
(1343139943.5916879, '+')
(1343139943.5939679, '\rL: 118\n')
(1343139943.5970271, 'S\xa0\x07\xe9')
(1343139943.59707, '2f\t\xe9')
(1343139943.597101, '2F\x16\xe9')
(1343139943.597127, '2t\x18\xe9')
(1343139943.597959, '2!"\xe9')
(1343139943.5979941, '-')
(1343139943.598021, 'cr&\xe9')
(1343139943.600765, '\rL: 118\n')
(1343139943.603709, '\rL: 118\n')
(1343139943.605669, 'S\xa07\xea')
(1343139943.605706, '2f9\xea')
(1343139943.606725, '2FF\xea')
(1343139943.606782, '2tH\xea')
(1343139943.6068101, '2CS\xea')
(1343139943.610677, '2o\xe0\xea')
(1343139943.6107171, '+')
(1343139943.614768, '\rL: 118\n')
(1343139943.6177289, '\rL: 118\n')
(1343139943.62076, 'S\xa1\x0f\xec')
(1343139943.6208019, '2f\x12\xec')
(1343139943.6208291, '2F\x1e\xec')
(1343139943.6208539, '2t!\xec')
(1343139943.620878, '2C,\xec')
(1343139943.6256809, '2o\xb9\xec')
(1343139943.6257269, '+')
(1343139943.6285779, '\rL: 118\n')
(1343139943.647733, '2I|\xed')
(1343139943.6477921, '2I\x81\xed')
(1343139943.6478209, 'S\xa2\x85\xed')
(1343139943.647846, '2f\x87\xed')
(1343139943.647871, '2F\x94\xed')
(1343139943.6478951, '2t\x96\xed')
(1343139943.6479189, '2!\xa0\xed')
(1343139943.6479421, '-')
(1343139943.6479659, 'cr\xa4\xed')
(1343139943.64799, '\rL: 118\n')
(1343139943.6480291, '2P\xfe\xed')
(1343139943.6480551, '2R\x1e\xee')
(1343139943.648078, 'rIN')
(1343139943.6481011, 'rFR')
(1343139943.6481249, 'S\xa2@\xee')
(1343139943.648149, '2fB\xee')
(1343139943.6481731, '2FO\xee')
(1343139943.6481969, '2tQ\xee')
(1343139943.6482201, '2C\\\xee')
(1343139943.6482439, '2o\xe9\xee')
(1343139943.648267, '+')
(1343139943.648299, 'S\xa3%\xef')
(1343139943.648324, '2f(\xef')
(1343139943.6483469, '2F4\xef')
(1343139943.648371, '2t7\xef')
(1343139943.6483941, '2CB\xef')
(1343139943.6598639, '2o\xcf\xef')
(1343139943.6599159, '+')
(1343139943.6599531, 'S\xa4\x1c\xf0')
(1343139943.6599801, '2f\x1f\xf0')
(1343139943.660012, '2F+\xf0')
(1343139943.660038, '2t.\xf0')
(1343139943.6600621, '2C9\xf0')
(1343139943.6600859, '2o\xc6\xf0')
(1343139943.660109, '+')
(1343139943.6601419, 'S\xa5\x1c\xf1')
(1343139943.660167, '2f\x1f\xf1')
(1343139943.660408, '2F+\xf1')
(1343139943.6604431, '2t-\xf1')
(1343139943.6604691, '2C8\xf1')
(1343139943.6645429, '2o\xc6\xf1')
(1343139943.6645801, '+')
(1343139943.668463, '\rL: 118\n')
(1343139943.6715829, 'S\xa6\x95\xf2')
(1343139943.671622, '2f\x98\xf2')
(1343139943.671648, '2F\xa4\xf2')
(1343139943.6716731, '2t\xa6\xf2')
(1343139943.67257, '2C\xb2\xf2')
(1343139943.6765659, '2o?\xf3')
(1343139943.676599, '+')
(1343139943.6774759, '\rL: 118\n')
(1343139943.68051, 'S\xa7\xbf\xf3')
(1343139943.6805501, '2f\xc2\xf3')
(1343139943.680577, '2F\xce\xf3')
(1343139943.680603, '2t\xd1\xf3')
(1343139943.6813951, '2C\xdc\xf3')
(1343139943.685535, '2oi\xf4')
(1343139943.6855841, '+')
(1343139943.689435, '\rL: 118\n')
(1343139943.692347, '\rL: 118\n')
(1343139943.6953959, 'S\xa8\xa3\xf5')
(1343139943.695436, '2f\xa5\xf5')
(1343139943.6954639, '2F\xb2\xf5')
(1343139943.6954889, '2t\xb4\xf5')
(1343139943.6962709, '2C\xbf\xf5')
(1343139943.700413, '2oL\xf6')
(1343139943.70046, '+')
(1343139943.7032931, '\rL: 118\n')
(1343139943.7074151, '\rL: 118\n')
(1343139943.7092891, '2In\xf7')
(1343139943.7093251, 'S\xa9~\xf7')
(1343139943.709352, '2f\x82\xf7')
(1343139943.710357, '2F\x8f\xf7')
(1343139943.7104011, '2t\x91\xf7')
(1343139943.7104299, '2C\x9c\xf7')
(1343139943.7154801, '2o)\xf8')
(1343139943.715523, '+')
(1343139943.7155609, '2P<\xf8')
(1343139943.7161789, '2RY\xf8')
(1343139943.7162139, 'rIN')
(1343139943.716239, 'rNU')
(1343139943.7191761, '\rL: 118\n')
(1343139943.7283211, '\rL: 118\n')
(1343139943.7283859, '2IJ\xf9')
(1343139943.7284141, 'S\xaaf\xf9')
(1343139943.72844, '2fh\xf9')
(1343139943.7284639, '2Fu\xf9')
(1343139943.728487, '2tw\xf9')
(1343139943.7285111, '2C\x82\xf9')
(1343139943.737318, '2o\x0f\xfa')
(1343139943.7374239, '+')
(1343139943.737469, '2P"\xfa')
(1343139943.7374959, '2R@\xfa')
(1343139943.737519, 'rIN')
(1343139943.7375419, 'rNU')
(1343139943.737566, 'S\xab\xa3\xfa')
(1343139943.737591, '2f\xa6\xfa')
(1343139943.7376151, '2F\xb3\xfa')
(1343139943.737639, '2t\xb5\xfa')
(1343139943.737663, '2!\xbf\xfa')
(1343139943.7376859, '-')
(1343139943.73771, 'cr\xc2\xfa')
(1343139943.7528679, 'S\xab\x1c\xfb')
(1343139943.7529271, '2f\x1e\xfb')
(1343139943.752955, '2F+\xfb')
(1343139943.75298, '2t-\xfb')
(1343139943.753005, '2C8\xfb')
(1343139943.7530291, '2o\xc5\xfb')
(1343139943.753052, '+')
(1343139943.753087, 'S\xac\x1c\xfc')
(1343139943.753113, '2f\x1f\xfc')
(1343139943.7531371, '2F+\xfc')
(1343139943.7531731, '2t-\xfc')
(1343139943.753197, '2C9\xfc')
(1343139943.753222, '2o\xc6\xfc')
(1343139943.7532451, '+')
(1343139943.753392, 'S\xad\x1c\xfd')
(1343139943.753433, '2f\x1f\xfd')
(1343139943.7540939, '2F+\xfd')
(1343139943.7541289, '2t-\xfd')
(1343139943.754154, '2!8\xfd')
(1343139943.754178, '-')
(1343139943.7542019, 'cr<\xfd')
(1343139943.757179, 'S\xad\x9e\xfd')
(1343139943.7572219, '2f\xa0\xfd')
(1343139943.758317, '2F\xad\xfd')
(1343139943.758357, '2t\xaf\xfd')
(1343139943.7583849, '2!\xba\xfd')
(1343139943.758409, '-')
(1343139943.7584341, 'cr\xbd\xfd')
(1343139943.7621889, '\rL: 118\n')
(1343139943.7641671, 'S\xad\x82\xfe')
(1343139943.7642059, '2f\x85\xfe')
(1343139943.76508, '2F\x92\xfe')
(1343139943.7651229, '2t\x94\xfe')
(1343139943.7651491, '2C\x9e\xfe')
(1343139943.7701521, '2o+\xff')
(1343139943.7701931, '+')
(1343139943.771045, '\rL: 118\n')
(1343139943.7729559, 'S\xae\xab\xff')
(1343139943.774107, '2f\xad\xff')
(1343139943.774143, '2F\xba\xff')
(1343139943.774169, '2t\xbc\xff')
(1343139943.774194, '2C\xc7\xff')
(1343139943.7790539, '2oT\x00')
(1343139943.7791059, '+')
(1343139943.7821491, '\rL: 118\n')
(1343139943.7840509, '2I\xfb\x00')
(1343139943.78408, '2I\x01\x01')
(1343139943.7840941, '2P\x0e\x01')
(1343139943.7850349, '2R,\x01')
(1343139943.7850699, 'rIN')
(1343139943.785991, 'rNU')
(1343139943.7879109, '\rL: 118\n')
(1343139943.789953, 'S\xaf\xcf\x01')
(1343139943.789993, '2f\xd2\x01')
(1343139943.7910149, '2F\xde\x01')
(1343139943.7910531, '2t\xe0\x01')
(1343139943.791079, '2C\xeb\x01')
(1343139943.79498, '2oy\x02')
(1343139943.795018, '+')
(1343139943.797085, '\rL: 118\n')
(1343139943.808418, '\rL: 118\n')
(1343139943.8084791, 'S\xb0z\x03')
(1343139943.8085079, '2f}\x03')
(1343139943.808533, '2F\x8a\x03')
(1343139943.808558, '2t\x8c\x03')
(1343139943.8085821, '2!\x97\x03')
(1343139943.808605, '-')
(1343139943.808629, 'cr\x9b\x03')
(1343139943.8086541, 'S\xb0\x1e\x04')
(1343139943.8086779, '2f \x04')
(1343139943.81793, '2F-\x04')
(1343139943.8179719, '2t/\x04')
(1343139943.817986, '2C:\x04')
(1343139943.8179979, '2o\xc7\x04')
(1343139943.8180101, '+')
(1343139943.818028, 'S\xb1\x1d\x05')
(1343139943.8180411, '2f\x1f\x05')
(1343139943.818053, '2F,\x05')
(1343139943.8180649, '2t.\x05')
(1343139943.8180759, '2C9\x05')
(1343139943.8376291, '2o\xc6\x05')
(1343139943.837678, '+')
(1343139943.8377161, 'S\xb2\x1c\x06')
(1343139943.837744, '2f\x1f\x06')
(1343139943.837769, '2F+\x06')
(1343139943.8377931, '2t-\x06')
(1343139943.837817, '2C8\x06')
(1343139943.837841, '2o\xc5\x06')
(1343139943.8378651, '+')
(1343139943.8378971, 'S\xb3\x1c\x07')
(1343139943.837923, '2f\x1f\x07')
(1343139943.8379469, '2F+\x07')
(1343139943.837971, '2t.\x07')
(1343139943.8379951, '2C8\x07')
(1343139943.8380179, '2o\xc5\x07')
(1343139943.838042, '+')
(1343139943.83972, 'S\xb4\x1d\x08')
(1343139943.839761, '2f\x1f\x08')
(1343139943.839787, '2F,\x08')
(1343139943.8398111, '2t.\x08')
(1343139943.840847, '2C9\x08')
(1343139943.8448019, '2o\xc6\x08')
(1343139943.844851, '+')
(1343139943.8487589, '\rL: 118\n')
(1343139943.8496981, '2It\t')
(1343139943.8497331, '2Iz\t')
(1343139943.850837, '2P\x7f\t')
(1343139943.8517771, '2R\x9e\t')
(1343139943.851815, 'rIN')
(1343139943.851841, 'rFR')
(1343139943.8533411, 'S\xb5\xc0\t')
(1343139943.85338, '2f\xc3\t')
(1343139943.853406, '2F\xd0\t')
(1343139943.853431, '2t\xd2\t')
(1343139943.8534551, '2!\xdc\t')
(1343139943.8534789, '-')
(1343139943.853745, 'cr\xe0\t')
(1343139943.854702, '\rL: 118\n')
(1343139943.8585801, '\rL: 118\n')
(1343139943.860574, 'S\xb5\xdd\n')
(1343139943.8606169, '2f\xdf\n')
(1343139943.8615451, '2F\xec\n')
(1343139943.8615811, '2t\xee\n')
(1343139943.8616071, '2C\xf9\n')
(1343139943.8655479, '2o\x87\x0b')
(1343139943.8665891, '+')
(1343139943.8695371, '\rL: 118\n')
(1343139943.8726859, '\rL: 118\n')
(1343139943.87465, '2I\xa8\x0c')
(1343139943.875628, 'S\xb6\xbb\x0c')
(1343139943.8757169, '2f\xbd\x0c')
(1343139943.875751, '2F\xca\x0c')
(1343139943.875778, '2t\xcc\x0c')
(1343139943.8768339, '2C\xd7\x0c')
(1343139943.8805599, '2oe\r')
(1343139943.8806219, '+')
(1343139943.8816459, '2Pw\r')
(1343139943.882585, '2R\x96\r')
(1343139943.882623, 'rIN')
(1343139943.8826489, 'rNU')
(1343139943.8846691, '\rL: 118\n')
(1343139943.8975, 'S\xb7D\x0e')
(1343139943.8975389, '2fF\x0e')
(1343139943.8975661, '2FS\x0e')
(1343139943.8975899, '2tU\x0e')
(1343139943.8976381, '2!`\x0e')
(1343139943.89767, '-')
(1343139943.8976951, 'crc\x0e')
(1343139943.8977189, '\rL: 118\n')
(1343139943.8977599, 'S\xb7\xe0\x0e')
(1343139943.8977871, '2f\xe2\x0e')
(1343139943.8978131, '2F\xef\x0e')
(1343139943.8978369, '2t\xf1\x0e')
(1343139943.897862, '2C\xfc\x0e')
(1343139943.8979721, '2o\x89\x0f')
(1343139943.8980041, '+')
(1343139943.9175529, 'S\xb8\x1c\x10')
(1343139943.917644, '2f\x1f\x10')
(1343139943.9176791, '2F+\x10')
(1343139943.9177041, '2t.\x10')
(1343139943.9177289, '2!8\x10')
(1343139943.917753, '-')
(1343139943.917778, 'cr;\x10')
(1343139943.917804, 'S\xb8\x9e\x10')
(1343139943.91783, '2f\xa1\x10')
(1343139943.917855, '2F\xad\x10')
(1343139943.9178791, '2t\xaf\x10')
(1343139943.9179029, '2C\xba\x10')
(1343139943.917927, '2oH\x11')
(1343139943.9179499, '+')
(1343139943.917984, 'S\xb9\xa4\x11')
(1343139943.918009, '2f\xa6\x11')
(1343139943.9180341, '2F\xb3\x11')
(1343139943.9180579, '2t\xb5\x11')
(1343139943.918082, '2C\xc0\x11')
(1343139943.937674, '2oN\x12')
(1343139943.9377401, '+')
(1343139943.9377799, 'S\xba\x9d\x12')
(1343139943.9378071, '2f\xa0\x12')
(1343139943.9378321, '2F\xac\x12')
(1343139943.937856, '2t\xae\x12')
(1343139943.93788, '2!\xb9\x12')
(1343139943.9379039, '-')
(1343139943.937928, 'cr\xbd\x12')
(1343139943.937952, '2I\xe6\x12')
(1343139943.9379759, '2P\xe9\x12')
(1343139943.938, '2I\xeb\x12')
(1343139943.938025, '2R\x0b\x13')
(1343139943.9380479, 'rIN')
(1343139943.938071, 'rNU')
(1343139943.9380951, 'S\xba0\x13')
(1343139943.9381189, '2f2\x13')
(1343139943.938143, '2F?\x13')
(1343139943.9381659, '2tA\x13')
(1343139943.93819, '2CL\x13')
(1343139943.9382131, '2o\xda\x13')
(1343139943.938236, '+')
(1343139943.9382679, '2P\xec\x13')
(1343139943.938293, '2R\xf2\x13')
(1343139943.9383161, 'rIN')
(1343139943.938339, 'rFR')
(1343139943.9383631, 'S\xbb\x1d\x14')
(1343139943.9383869, '2f\x1f\x14')
(1343139943.938411, '2F,\x14')
(1343139943.9384339, '2t.\x14')
(1343139943.938458, '2C8\x14')
(1343139943.9385769, '2o\xc6\x14')
(1343139943.9386089, '+')
(1343139943.947289, '\rL: ')
(1343139943.9473491, '118\n')
(1343139943.9491971, "2P'\x16")
(1343139943.950263, '2RD\x16')
(1343139943.9502971, 'rIN')
(1343139943.9503219, 'rNU')
(1343139943.951333, 'S\xbci\x16')
(1343139943.9513681, '2fk\x16')
(1343139943.9513941, '2Fx\x16')
(1343139943.9514179, '2tz\x16')
(1343139943.9539449, '2C\x85\x16')
(1343139943.9563489, '2o\x12\x17')
(1343139943.9563899, '+')
(1343139943.957365, '\rL: 118\n')
(1343139943.9603159, 'S\xbd\x92\x17')
(1343139943.960357, '2f\x95\x17')
(1343139943.9603839, '2F\xa1\x17')
(1343139943.961246, '2t\xa3\x17')
(1343139943.961282, '2!\xae\x17')
(1343139943.961307, '-')
(1343139943.9613309, 'cr\xb1\x17')
(1343139943.964473, '\rL: 118\n')
(1343139943.965337, '2I3\x18')
(1343139943.966368, '2P]\x18')
(1343139943.9673071, '2Rz\x18')
(1343139943.967345, 'rIN')
(1343139943.9673691, 'rNU')
(1343139943.970366, '\rL: 118\n')
(1343139943.9722021, 'S\xbd\x1d\x19')
(1343139943.9722381, '2f \x19')
(1343139943.9732139, '2F,\x19')
(1343139943.9732461, '2t.\x19')
(1343139943.9732709, '2C:\x19')
(1343139943.9771841, '2o\xc7\x19')
(1343139943.9772201, '+')
(1343139943.9791081, '\rL: 118\n')
(1343139943.9831221, '\rL: 118\n')
(1343139943.9851229, 'S\xbe\xcf\x1a')
(1343139943.9851589, '2f\xd1\x1a')
(1343139943.98615, '2F\xde\x1a')
(1343139943.9861901, '2t\xe0\x1a')
(1343139943.986217, '2!\xeb\x1a')
(1343139943.9862421, '-')
(1343139943.9862671, 'cr\xee\x1a')
(1343139943.989151, '\rL: 118\n')
(1343139944.0001991, '\rL: 118\n')
(1343139944.000258, 'S\xbe\xff\x1b')
(1343139944.000288, '2f\x03\x1c')
(1343139944.000313, '2F\x0f\x1c')
(1343139944.0003369, '2t\x11\x1c')
(1343139944.0003619, '2C\x1c\x1c')
(1343139944.000386, '2o\xaa\x1c')
(1343139944.0004089, '+')
(1343139944.0079789, 'S\xbf\x1e\x1d')
(1343139944.0080521, '2f \x1d')
(1343139944.00808, '2F-\x1d')
(1343139944.0081041, '2t/\x1d')
(1343139944.0081279, '2C:\x1d')
(1343139944.0184031, '2o\xc7\x1d')
(1343139944.018451, '+')
(1343139944.0184889, 'S\xc0\x1d\x1e')
(1343139944.0185161, '2f\x1f\x1e')
(1343139944.0185399, '2F,\x1e')
(1343139944.018564, '2t.\x1e')
(1343139944.0185871, '2C9\x1e')
(1343139944.018611, '2o\xc6\x1e')
(1343139944.0186341, '+')
(1343139944.0284719, 'S\xc1\x1c\x1f')
(1343139944.028527, '2f\x1f\x1f')
(1343139944.0285549, '2F+\x1f')
(1343139944.02858, '2t.\x1f')
(1343139944.028605, '2C9\x1f')
(1343139944.0286291, '2o\xc6\x1f')
(1343139944.028652, '+')
(1343139944.028686, 'S\xc2\x1c ')
(1343139944.0287111, '2f\x1f ')
(1343139944.028734, '2F+ ')
(1343139944.0287571, '2t- ')
(1343139944.02878, '2C8 ')
(1343139944.0319281, '2o\xc6 ')
(1343139944.031971, '+')
(1343139944.036092, '\rL: 118\n')
(1343139944.038976, 'S\xc3\x96!')
(1343139944.039017, '2f\x98!')
(1343139944.0390439, '2F\xa5!')
(1343139944.039068, '2t\xa7!')
(1343139944.0390921, '2C\xb2!')
(1343139944.043865, '2o?"')
(1343139944.0439091, '+')
(1343139944.0448761, '\rL: 118\n')
(1343139944.047847, 'S\xc4\xbf"')
(1343139944.0478849, '2f\xc2"')
(1343139944.0479109, '2F\xce"')
(1343139944.047935, '2t\xd0"')
(1343139944.0488069, '2C\xdb"')
(1343139944.0528941, '2oi#')
(1343139944.0529339, '+')
(1343139944.0568941, '\rL: 118\n')
(1343139944.057848, '2I\x11$')
(1343139944.0578859, '2I\x16$')
(1343139944.0589049, '2P $')
(1343139944.0589399, '2R>$')
(1343139944.058964, 'rIN')
(1343139944.059777, 'rFR')
(1343139944.061672, '\rL: 118\n')
(1343139944.0636671, 'S\xc5\xdc$')
(1343139944.063705, '2f\xdf$')
(1343139944.064738, '2F\xeb$')
(1343139944.0647731, '2t\xee$')
(1343139944.0648, '2C\xf9$')
(1343139944.0687661, '2o\x86%')
(1343139944.069658, '+')
(1343139944.070648, '\rL: 118\n')
(1343139944.0747571, '\rL: 118\n')
(1343139944.0777631, '2I\xa7&')
(1343139944.078805, '\rL: 118\n')
(1343139944.0969169, "2P\x01'")
(1343139944.096976, "2R\x1f'")
(1343139944.0970039, 'rIN')
(1343139944.097028, 'rNU')
(1343139944.097054, "S\xc6C'")
(1343139944.0970769, "2fE'")
(1343139944.0971, "2FR'")
(1343139944.0971229, "2tT'")
(1343139944.097146, "2C_'")
(1343139944.0971689, "2o\xed'")
(1343139944.097193, '+')
(1343139944.097224, '\rL: 118\n')
(1343139944.0972641, 'S\xc7\x83(')
(1343139944.0972891, '2f\x85(')
(1343139944.0973129, '2F\x92(')
(1343139944.097337, '2t\x94(')
(1343139944.0973599, '2!\x9f(')
(1343139944.097383, '-')
(1343139944.0974071, 'cr\xa2(')
(1343139944.1083331, 'S\xc7\x1c)')
(1343139944.108398, '2f\x1f)')
(1343139944.1084249, '2F+)')
(1343139944.108449, '2t.)')
(1343139944.108489, '2C9)')
(1343139944.108515, '2o\xc6)')
(1343139944.1085379, '+')
(1343139944.108573, 'S\xc8\x1d*')
(1343139944.108598, '2f\x1f*')
(1343139944.1086221, '2F,*')
(1343139944.108645, '2t.*')
(1343139944.1086669, '2C9*')
(1343139944.1186371, '2o\xc6*')
(1343139944.1186881, '+')
(1343139944.118726, 'S\xc9\x1c+')
(1343139944.118753, '2f\x1f+')
(1343139944.118777, '2F++')
(1343139944.118799, '2t-+')
(1343139944.1188221, '2C8+')
(1343139944.118845, '2o\xc6+')
(1343139944.1188681, '+')
(1343139944.1208141, 'S\xca\x1d,')
(1343139944.1208589, '2f\x1f,')
(1343139944.1214819, '2F,,')
(1343139944.121516, '2t.,')
(1343139944.1215401, '2C9,')
(1343139944.125555, '2o\xc6,')
(1343139944.1255929, '+')
(1343139944.1295879, '\rL: 118\n')
(1343139944.1325891, 'S\xcb\x97-')
(1343139944.1326311, '2f\x99-')
(1343139944.132658, '2F\xa6-')
(1343139944.132683, '2t\xa8-')
(1343139944.1335919, '2C\xb3-')
(1343139944.1375179, '2o@.')
(1343139944.1375649, '+')
(1343139944.1385851, '\rL: 118\n')
(1343139944.1414809, 'S\xcc\xc0.')
(1343139944.141526, '2f\xc2.')
(1343139944.1415541, '2F\xcf.')
(1343139944.141578, '2t\xd1.')
(1343139944.142525, '2C\xdc.')
(1343139944.146292, '2oi/')
(1343139944.1463239, '+')
(1343139944.150383, '\rL: 118\n')
(1343139944.1534009, '\rL: 118\n')
(1343139944.156451, 'S\xcd\xa40')
(1343139944.1564889, '2f\xa70')
(1343139944.1565149, '2F\xb30')
(1343139944.156539, '2t\xb60')
(1343139944.157408, '2C\xc10')
(1343139944.1613419, '2oN1')
(1343139944.1613879, '+')
(1343139944.16432, '\rL: 118\n')
(1343139944.168272, '\rL: 118\n')
(1343139944.170289, '2Ig2')
(1343139944.170325, '2Il2')
(1343139944.170352, 'S\xce\x812')
(1343139944.170377, '2f\x832')
(1343139944.171418, '2F\x902')
(1343139944.1714561, '2t\x922')
(1343139944.1714821, '2C\x9d2')
(1343139944.1761589, '2o*3')
(1343139944.176193, '+')
(1343139944.1762271, '2P=3')
(1343139944.1772449, '2R[3')
(1343139944.177285, 'rIN')
(1343139944.17731, 'rFR')
(1343139944.1801729, '\rL: 118\n')
(1343139944.188328, '\rL: 118\n')
(1343139944.1883881, '2IK4')
(1343139944.188416, 'S\xcf^4')
(1343139944.1884401, '2f`4')
(1343139944.188463, '2Fm4')
(1343139944.1884861, '2to4')
(1343139944.188509, '2Cz4')
(1343139944.197835, '2o\x075')
(1343139944.1978741, '+')
(1343139944.197911, '2P\x1a5')
(1343139944.1979361, '2R85')
(1343139944.1979599, 'rIN')
(1343139944.197983, 'rNU')
(1343139944.1980071, 'S\xd0\xa55')
(1343139944.1980309, '2f\xa75')
(1343139944.198055, '2F\xb45')
(1343139944.1980779, '2t\xb65')
(1343139944.198102, '2!\xc15')
(1343139944.1981249, '-')
(1343139944.198148, 'cr\xc45')
(1343139944.2075181, 'S\xd0\x1f6')
(1343139944.207581, '2f!6')
(1343139944.207607, '2F.6')
(1343139944.2076311, '2t06')
(1343139944.207654, '2C:6')
(1343139944.2076781, '2o\xc86')
(1343139944.207701, '+')
(1343139944.2077489, 'S\xd1\x1d7')
(1343139944.2077751, '2f\x1f7')
(1343139944.207799, '2F,7')
(1343139944.2078209, '2t.7')
(1343139944.207844, '2C97')
(1343139944.218153, '2o\xc67')
(1343139944.2181971, '+')
(1343139944.218235, 'S\xd2\x1c8')
(1343139944.2182629, '2f\x1f8')
(1343139944.2182879, '2F+8')
(1343139944.218312, '2t-8')
(1343139944.2183349, '2C88')
(1343139944.220072, '2o\xc68')
(1343139944.2201071, '+')
(1343139944.2221529, 'S\xd3\x1d9')
(1343139944.222198, '2f 9')
(1343139944.223083, '2F,9')
(1343139944.2231181, '2t/9')
(1343139944.2231441, '2C:9')
(1343139944.2271221, '2o\xc79')
(1343139944.2271609, '+')
(1343139944.2301929, '\rL: 118\n')
(1343139944.233084, 'S\xd4z:')
(1343139944.2331271, '2f|:')
(1343139944.2331541, '2F\x8a:')
(1343139944.2331791, '2t\x8c:')
(1343139944.233999, '2C\x97:')
(1343139944.237936, '2o%;')
(1343139944.237988, '+')
(1343139944.2390151, '\rL: 118\n')
(1343139944.2420349, 'S\xd5\xa5;')
(1343139944.24208, '2f\xa8;')
(1343139944.243048, '2F\xb4;')
(1343139944.2430811, '2t\xb6;')
(1343139944.2431071, '2!\xc1;')
(1343139944.2431309, '-')
(1343139944.243155, 'cr\xc4;')
(1343139944.2460411, '\rL: ')
(1343139944.247153, '118\n')
(1343139944.2471919, '2I;<')
(1343139944.2480381, '2Pr<')
(1343139944.2490051, '2R\x91<')
(1343139944.2490389, 'rIN')
(1343139944.249064, 'rFR')
(1343139944.2519751, '\rL: 118\n')
(1343139944.2540541, 'S\xd50=')
(1343139944.254091, '2f2=')
(1343139944.2550769, '2F?=')
(1343139944.2551129, '2tA=')
(1343139944.255137, '2CL=')
(1343139944.2589719, '2o\xd9=')
(1343139944.259016, '+')
(1343139944.2610011, '\rL: 118\n')
(1343139944.265063, '\rL: 118\n')
(1343139944.266963, 'S\xd6\xe0>')
(1343139944.2670081, '2f\xe2>')
(1343139944.2680011, '2F\xef>')
(1343139944.2680371, '2t\xf1>')
(1343139944.2680621, '2!\xfc>')
(1343139944.268086, '-')
(1343139944.26811, 'cr\xff>')
(1343139944.2708459, '\rL: 118\n')
(1343139944.277401, '\rL: 118\n')
(1343139944.277463, 'S\xd6\x12@')
(1343139944.277492, '2f\x15@')
(1343139944.2775171, '2F!@')
(1343139944.2775409, '2t$@')
(1343139944.288835, '2C/@')
(1343139944.2888851, '2o\xbc@')
(1343139944.2889121, '+')
(1343139944.2889471, 'S\xd7\x1cA')
(1343139944.2889719, '2f\x1fA')
(1343139944.288995, '2F+A')
(1343139944.2890179, '2t.A')
(1343139944.289041, '2C9A')
(1343139944.297215, '2o\xc6A')
(1343139944.2972751, '+')
(1343139944.2973149, 'S\xd8\x1cB')
(1343139944.2973421, '2f\x1fB')
(1343139944.2973659, '2F+B')
(1343139944.297389, '2t.B')
(1343139944.297411, '2C8B')
(1343139944.3079529, '2o\xc5B')
(1343139944.3080201, '+')
(1343139944.308059, 'S\xd9\x1dC')
(1343139944.308085, '2f\x1fC')
(1343139944.308109, '2F,C')
(1343139944.3081319, '2t.C')
(1343139944.3081551, '2C9C')
(1343139944.3081789, '2o\xc6C')
(1343139944.308202, '+')
(1343139944.308234, 'S\xda\x1cD')
(1343139944.308867, '2f\x1fD')
(1343139944.3089161, '2F+D')
(1343139944.308943, '2t.D')
(1343139944.3089671, '2C9D')
(1343139944.3137071, '2o\xc6D')
(1343139944.313746, '+')
(1343139944.3178611, '\rL: 118\n')
(1343139944.3198099, 'S\xdb\x96E')
(1343139944.31985, '2f\x98E')
(1343139944.3198769, '2I\xa0E')
(1343139944.3207879, '2I\xa5E')
(1343139944.320828, '2F\xaaE')
(1343139944.3208549, '2t\xadE')
(1343139944.320879, '2!\xb7E')
(1343139944.3209021, '-')
(1343139944.320926, 'cr\xbbE')
(1343139944.321557, '\rL: 118\n')
(1343139944.323602, '2P\x16F')
(1343139944.3246081, '2R5F')
(1343139944.324646, 'rIN')
(1343139944.3246701, 'rFR')
(1343139944.325681, 'S\xdbVF')
(1343139944.3257179, '2fYF')
(1343139944.325742, '2FfF')
(1343139944.3257661, '2thF')
(1343139944.3266349, '2CsF')
(1343139944.3305421, '2o\x01G')
(1343139944.3305819, '+')
(1343139944.3345511, '\rL: 118\n')
(1343139944.3375001, '\rL: 118\n')
(1343139944.3395829, '2I$H')
(1343139944.339622, '2P)H')
(1343139944.3406141, '2RGH')
(1343139944.3406551, 'rIN')
(1343139944.340682, 'rNU')
(1343139944.3416369, 'S\xdckH')
(1343139944.3416891, '2fmH')
(1343139944.342674, '2FzH')
(1343139944.3427081, '2t|H')
(1343139944.3427329, '2C\x87H')
(1343139944.346499, '2o\x14I')
(1343139944.347574, '+')
(1343139944.349488, '\rL: 118\n')
(1343139944.3583479, '\rL: 118\n')
(1343139944.3584061, 'S\xdd"J')
(1343139944.358434, '2f$J')
(1343139944.358458, '2F1J')
(1343139944.3584809, '2t3J')
(1343139944.3585041, '2C>J')
(1343139944.377562, '2o\xcbJ')
(1343139944.3776131, '+')
(1343139944.377651, 'S\xde\x1cK')
(1343139944.377677, '2f\x1fK')
(1343139944.377701, '2F+K')
(1343139944.3777239, '2t.K')
(1343139944.377748, '2C9K')
(1343139944.3777721, '2o\xc6K')
(1343139944.377795, '+')
(1343139944.3778269, 'S\xdf\x1cL')
(1343139944.377852, '2f\x1fL')
(1343139944.3778839, '2F+L')
(1343139944.377907, '2t.L')
(1343139944.3779299, '2C8L')
(1343139944.3779531, '2o\xc5L')
(1343139944.3779759, '+')
(1343139944.3784671, 'S\xe0\x1cM')
(1343139944.3785031, '2f\x1fM')
(1343139944.379482, '2F+M')
(1343139944.379519, '2t.M')
(1343139944.3795431, '2C8M')
(1343139944.383481, '2o\xc6M')
(1343139944.3835239, '+')
(1343139944.3873861, '\rL: 118\n')
(1343139944.3903971, 'S\xe1\x95N')
(1343139944.3904359, '2f\x97N')
(1343139944.3904619, '2F\xa4N')
(1343139944.390487, '2t\xa6N')
(1343139944.3913119, '2C\xb1N')
(1343139944.3953331, '2o>O')
(1343139944.395371, '+')
(1343139944.3962901, '\rL: 118\n')
(1343139944.3993471, 'S\xe2\xbfO')
(1343139944.3993931, '2f\xc2O')
(1343139944.399421, '2F\xceO')
(1343139944.399446, '2t\xd1O')
(1343139944.4005001, '2!\xdbO')
(1343139944.400537, '-')
(1343139944.400563, 'cr\xdfO')
(1343139944.4005871, '2I\xe1O')
(1343139944.4006109, '2I\xe6O')
(1343139944.4006341, '2P\xeeO')
(1343139944.401479, '2R\x0eP')
(1343139944.4015169, 'rIN')
(1343139944.4015419, 'rFR')
(1343139944.4055951, '\rL: 118\n')
(1343139944.407162, '\rL: 118\n')
(1343139944.4101851, 'S\xe2(Q')
(1343139944.4102261, '2f*Q')
(1343139944.4102521, '2F7Q')
(1343139944.4102759, '2t9Q')
(1343139944.411231, '2CDQ')
(1343139944.41517, '2o\xd1Q')
(1343139944.415204, '+')
(1343139944.4191949, '\rL: 118\n')
(1343139944.4376881, '\rL: 118\n')
(1343139944.437742, '2I\xf4R')
(1343139944.437757, 'S\xe3\xf9R')
(1343139944.4377699, '2f\xfbR')
(1343139944.4377811, '2F\tS')
(1343139944.437794, '2t\x0bS')
(1343139944.4378049, '2C\x16S')
(1343139944.4378171, '2o\xa3S')
(1343139944.437829, '+')
(1343139944.437845, '2P\xb6S')
(1343139944.4378569, '2R\xd4S')
(1343139944.4378681, 'rIN')
(1343139944.4378791, 'rNU')
(1343139944.437891, 'S\xe4\x1cT')
(1343139944.4379029, '2f\x1fT')
(1343139944.4379139, '2F+T')
(1343139944.4379251, '2t-T')
(1343139944.4379361, '2C8T')
(1343139944.438005, '2o\xc6T')
(1343139944.4380219, '+')
(1343139944.450839, 'S\xe5\x1cU')
(1343139944.4508941, '2f\x1fU')
(1343139944.450922, '2F+U')
(1343139944.4509461, '2t.U')
(1343139944.450969, '2C9U')
(1343139944.4509921, '2o\xc6U')
(1343139944.4510159, '+')
(1343139944.4510491, 'S\xe6\x1cV')
(1343139944.4510739, '2f\x1fV')
(1343139944.451098, '2F+V')
(1343139944.4511199, '2t-V')
(1343139944.451154, '2C8V')
(1343139944.4540939, '2o\xc6V')
(1343139944.4541371, '+')
(1343139944.4580629, '\rL: 118\n')
(1343139944.4602101, 'S\xe7\x94W')
(1343139944.4602511, '2f\x97W')
(1343139944.461179, '2F\xa3W')
(1343139944.4612141, '2t\xa5W')
(1343139944.4612391, '2!\xb0W')
(1343139944.4612629, '-')
(1343139944.461287, 'cr\xb3W')
(1343139944.4639549, '\rL: 118\n')
(1343139944.465971, 'S\xe7WX')
(1343139944.4660079, '2fYX')
(1343139944.467041, '2FfX')
(1343139944.467062, '2thX')
(1343139944.4670739, '2CsX')
(1343139944.4709589, '2o\x01Y')
(1343139944.4709921, '+')
(1343139944.472966, '\rL: 118\n')
(1343139944.4770551, '\rL: 118\n')
(1343139944.480974, '\rL: 118\n')
(1343139944.487108, 'S\xe8\x96Z')
(1343139944.4871509, '2f\x99Z')
(1343139944.4871781, '2F\xa6Z')
(1343139944.4872029, '2t\xa8Z')
(1343139944.487227, '2C\xb2Z')
(1343139944.5009511, '2o@[')
(1343139944.5010231, '+')
(1343139944.501061, '\rL: 118\n')
(1343139944.5011029, 'S\xe9\xd6[')
(1343139944.5011289, '2f\xd8[')
(1343139944.501153, '2F\xe5[')
(1343139944.5011761, '2t\xe7[')
(1343139944.5012, '2!\xf2[')
(1343139944.5012231, '-')
(1343139944.5012469, 'cr\xf5[')
(1343139944.501271, 'S\xe9$\\')
(1343139944.5012939, '2f&\\')
(1343139944.501317, '2F3\\')
(1343139944.501339, '2t5\\')
(1343139944.5013621, '2!?\\')
(1343139944.501384, '-')
(1343139944.501406, 'crC\\')
(1343139944.50143, 'S\xe9\x9e\\')
(1343139944.5014541, '2f\xa0\\')
(1343139944.501478, '2F\xad\\')
(1343139944.501502, '2t\xaf\\')
(1343139944.5015249, '2C\xba\\')
(1343139944.508137, '2oG]')
(1343139944.508183, '+')
(1343139944.50822, 'S\xea\xa3]')
(1343139944.5082469, '2f\xa6]')
(1343139944.508271, '2F\xb3]')
(1343139944.5082951, '2t\xb5]')
(1343139944.521302, '2C\xc0]')
(1343139944.521353, '2oM^')
(1343139944.521379, '+')
(1343139944.521414, 'S\xeb\x9d^')
(1343139944.52144, '2f\xa0^')
(1343139944.5214641, '2F\xac^')
(1343139944.521488, '2t\xae^')
(1343139944.5215111, '2C\xb9^')
(1343139944.5215349, '2oG_')
(1343139944.521558, '+')
(1343139944.5228829, 'S\xec\xa4_')
(1343139944.523767, '2f\xa6_')
(1343139944.523802, '2F\xb3_')
(1343139944.5238271, '2t\xb5_')
(1343139944.5238509, '2C\xc0_')
(1343139944.5286591, '2oM`')
(1343139944.5287001, '+')
(1343139944.530813, 'S\xed\x9d`')
(1343139944.530849, '2f\xa0`')
(1343139944.5318141, '2F\xac`')
(1343139944.531848, '2t\xae`')
(1343139944.531873, '2C\xb9`')
(1343139944.5357189, '2oFa')
(1343139944.535764, '+')
(1343139944.5396481, '\rL: 118\n')
(1343139944.5417299, '2I\xf7a')
(1343139944.5417559, '2I\xfca')
(1343139944.5427649, 'S\xee\x18b')
(1343139944.542805, '2f\x1bb')
(1343139944.5428319, "2F'b")
(1343139944.542856, '2t*b')
(1343139944.5436621, '2!4b')
(1343139944.543695, '-')
(1343139944.5437191, 'cr7b')
(1343139944.5447099, '\rL: 118\n')
(1343139944.545753, '2P\x92b')
(1343139944.546768, '2R\xb0b')
(1343139944.5468049, 'rIN')
(1343139944.5475631, 'rFR')
(1343139944.550632, '\rL: 118\n')
(1343139944.552562, 'S\xeepc')
(1343139944.5525811, '2fsc')
(1343139944.553602, '2F\x7fc')
(1343139944.5536201, '2t\x82c')
(1343139944.553633, '2C\x8ec')
(1343139944.5586531, '2o\x1bd')
(1343139944.558697, '+')
(1343139944.559643, '\rL: 118\n')
(1343139944.5636959, '\rL: 118\n')
(1343139944.566664, '2I<e')
(1343139944.5675759, '\rL: 118\n')
(1343139944.577913, '2P\x95e')
(1343139944.5779381, '2R\xb3e')
(1343139944.577951, 'rIN')
(1343139944.5779631, 'rNU')
(1343139944.577975, 'S\xef\xd7e')
(1343139944.577987, '2f\xd9e')
(1343139944.5779991, '2F\xe6e')
(1343139944.578011, '2t\xe8e')
(1343139944.578023, '2C\xf3e')
(1343139944.5780339, '2o\x81f')
(1343139944.5780449, '+')
(1343139944.5890031, '\rL: 118\n')
(1343139944.5890851, 'S\xf0 g')
(1343139944.589114, '2f"g')
(1343139944.589155, '2F/g')
(1343139944.5891831, '2t1g')
(1343139944.5891969, '2!;g')
(1343139944.58921, '-')
(1343139944.5892241, 'cr?g')
(1343139944.589252, 'S\xf0\x9dg')
(1343139944.5892761, '2f\x9fg')
(1343139944.5892999, '2F\xacg')
(1343139944.589323, '2t\xaeg')
(1343139944.5893459, '2C\xb9g')
(1343139944.5985129, '2oFh')
(1343139944.5985579, '+')
(1343139944.5985811, 'S\xf1\xa4h')
(1343139944.5986049, '2f\xa7h')
(1343139944.5986171, '2F\xb3h')
(1343139944.598629, '2t\xb5h')
(1343139944.5986409, '2C\xc0h')
(1343139944.5986519, '2oNi')
(1343139944.5986631, '+')
(1343139944.6080539, 'S\xf2\x9di')
(1343139944.608103, '2f\xa0i')
(1343139944.60813, '2F\xaci')
(1343139944.608156, '2t\xaei')
(1343139944.60818, '2C\xb9i')
(1343139944.6082029, '2oGj')
(1343139944.6082461, '+')
(1343139944.6095121, 'S\xf3\xa4j')
(1343139944.6095541, '2f\xa6j')
(1343139944.6095819, '2F\xb3j')
(1343139944.609606, '2t\xb5j')
(1343139944.6102779, '2C\xc0j')
(1343139944.614357, '2oMk')
(1343139944.614398, '+')
(1343139944.6163189, 'S\xf4\x9dk')
(1343139944.6174409, '2f\x9fk')
(1343139944.6174901, '2F\xack')
(1343139944.6175179, '2t\xaek')
(1343139944.617543, '2C\xb9k')
(1343139944.6223381, '2oGl')
(1343139944.622371, '+')
(1343139944.6253121, '\rL: 118\n')
(1343139944.6284201, 'S\xf5\x14m')
(1343139944.6284709, '2f\x16m')
(1343139944.6284981, '2F#m')
(1343139944.6285219, '2t%m')
(1343139944.6293249, '2!/m')
(1343139944.629359, '-')
(1343139944.629384, 'cr3m')
(1343139944.630383, '\rL: 118\n')
(1343139944.6344161, '\rL: 118\n')
(1343139944.6372941, 'S\xf58n')
(1343139944.637332, '2f:n')
(1343139944.6373529, '2FGn')
(1343139944.6373639, '2tIn')
(1343139944.6382301, '2CTn')
(1343139944.642262, '2o\xe1n')
(1343139944.642283, '+')
(1343139944.645216, '\rL: 118\n')
(1343139944.6481569, '\rL: ')
(1343139944.649168, '2I\xb9o')
(1343139944.65117, '2P\x03p')
(1343139944.652169, '2R!p')
(1343139944.6522031, 'rIN')
(1343139944.6522281, 'rNU')
(1343139944.653192, 'S\xf6Ep')
(1343139944.6532249, '2fHp')
(1343139944.65325, '2FTp')
(1343139944.6532731, '2tVp')
(1343139944.654217, '2Cap')
(1343139944.6582539, '2o\xefp')
(1343139944.6582971, '+')
(1343139944.6612589, '\rL: 118\n')
(1343139944.667927, 'S\xf7\x9bq')
(1343139944.667974, '2f\x9dq')
(1343139944.6680009, '2F\xaaq')
(1343139944.668026, '2t\xacq')
(1343139944.6680501, '2!\xb6q')
(1343139944.6680729, '-')
(1343139944.668097, 'cr\xbaq')
(1343139944.6681199, '\rL: 118\n')
(1343139944.668251, 'S\xf77r')
(1343139944.668283, '2f9r')
(1343139944.687573, '2FFr')
(1343139944.687633, '2tHr')
(1343139944.6876609, '2CSr')
(1343139944.687686, '2o\xe0r')
(1343139944.68771, '+')
(1343139944.6877439, 'S\xf8\x1ds')
(1343139944.6877699, '2f\x1fs')
(1343139944.687793, '2F,s')
(1343139944.6878159, '2t.s')
(1343139944.687839, '2C9s')
(1343139944.6878619, '2o\xc7s')
(1343139944.687885, '+')
(1343139944.687916, 'S\xf9\x1ct')
(1343139944.6879411, '2f\x1ft')
(1343139944.6879799, '2F+t')
(1343139944.6880059, '2t-t')
(1343139944.6880291, '2C8t')
(1343139944.6881471, '2o\xc5t')
(1343139944.688179, '+')
(1343139944.691052, 'S\xfa\x1du')
(1343139944.691087, '2f u')
(1343139944.691113, '2F,u')
(1343139944.692132, '2t.u')
(1343139944.6921699, '2C9u')
(1343139944.6959341, '2o\xc6u')
(1343139944.6959801, '+')
(1343139944.7000151, '\rL: 118\n')
(1343139944.702966, 'S\xfb\x96v')
(1343139944.7030151, '2f\x99v')
(1343139944.703042, '2F\xa5v')
(1343139944.7030671, '2t\xa7v')
(1343139944.7030909, '2C\xb2v')
(1343139944.7079811, '2o@w')
(1343139944.708019, '+')
(1343139944.7089801, '\rL: 118\n')
(1343139944.711973, 'S\xfc\xc0w')
(1343139944.7120099, '2f\xc2w')
(1343139944.7120359, '2F\xcfw')
(1343139944.7120609, '2t\xd1w')
(1343139944.713006, '2C\xdcw')
(1343139944.7170279, '2oix')
(1343139944.717067, '+')
(1343139944.720901, '\rL: 118\n')
(1343139944.723984, '\rL: 118\n')
(1343139944.726058, 'S\xfd\x9fy')
(1343139944.7261009, '2f\xa1y')
(1343139944.7272, '2F\xaey')
(1343139944.7272379, '2t\xb0y')
(1343139944.7272639, '2C\xbby')
(1343139944.7318201, '2oHz')
(1343139944.7318649, '+')
(1343139944.7348299, '\rL: 118\n')
(1343139944.7378449, '\rL: 118\n')
(1343139944.7387879, '2IL{')
(1343139944.739888, '2IR{')
(1343139944.739922, '2P`{')
(1343139944.7409379, '2R\x7f{')
(1343139944.740983, 'rIN')
(1343139944.74101, 'rFR')
(1343139944.7419341, 'S\xfe\xa0{')
(1343139944.7419741, '2f\xa2{')
(1343139944.7428479, '2F\xaf{')
(1343139944.7428839, '2t\xb1{')
(1343139944.7429099, '2C\xbc{')
(1343139944.746845, '2oI|')
(1343139944.7468791, '+')
(1343139944.7499299, '\rL: 118\n')
(1343139944.7576361, '\rL: 118\n')
(1343139944.7577059, 'S\xff[}')
(1343139944.7577341, '2f]}')
(1343139944.7577579, '2Ik}')
(1343139944.757781, '2to}')
(1343139944.7578039, '2Cy}')
(1343139944.76794, '2o\x07~')
(1343139944.7679961, '+')
(1343139944.7680321, '2P\x19~')
(1343139944.7680571, '2R7~')
(1343139944.76808, 'rIN')
(1343139944.7681041, 'rNU')
(1343139944.7681279, 'S\x00\xa3~')
(1343139944.768152, '2f\xa6~')
(1343139944.7681761, '2F\xb2~')
(1343139944.7681999, '2t\xb5~')
(1343139944.768223, '2!\xbf~')
(1343139944.7682459, '-')
(1343139944.768276, 'cr\xc3~')
(1343139944.777884, 'S\x00\x1c\x7f')
(1343139944.777931, '2f\x1e\x7f')
(1343139944.7779591, '2F+\x7f')
(1343139944.7779851, '2t-\x7f')
(1343139944.7780089, '2C8\x7f')
(1343139944.778033, '2o\xc5\x7f')
(1343139944.7780571, '+')
(1343139944.778091, 'S\x01\x1e\x80')
(1343139944.778116, '2f \x80')
(1343139944.7781401, '2F-\x80')
(1343139944.7781639, '2t/\x80')
(1343139944.778188, '2C:\x80')
(1343139944.78864, '2o\xc7\x80')
(1343139944.7886829, '+')
(1343139944.788722, 'S\x02\x1e\x81')
(1343139944.788749, '2f \x81')
(1343139944.788774, '2F-\x81')
(1343139944.7887981, '2t/\x81')
(1343139944.788821, '2C:\x81')
(1343139944.7896531, '2o\xc7\x81')
(1343139944.7896869, '+')
(1343139944.792573, 'S\x03&\x82')
(1343139944.792609, '2f(\x82')
(1343139944.7935691, '2F5\x82')
(1343139944.7936029, '2t7\x82')
(1343139944.793628, '2CB\x82')
(1343139944.7976301, '2o\xcf\x82')
(1343139944.7976861, '+')
(1343139944.8005071, '\rL: 118\n')
(1343139944.803546, 'S\x04\x81\x83')
(1343139944.803582, '2f\x83\x83')
(1343139944.8036089, '2F\x90\x83')
(1343139944.8036339, '2t\x92\x83')
(1343139944.8045809, '2C\x9d\x83')
(1343139944.808645, '2o*\x84')
(1343139944.8086951, '+')
(1343139944.809576, '\rL: 118\n')
(1343139944.812454, 'S\x05\xab\x84')
(1343139944.812489, '2f\xad\x84')
(1343139944.812516, '2F\xba\x84')
(1343139944.8134661, '2t\xbc\x84')
(1343139944.8134999, '2C\xc7\x84')
(1343139944.817446, '2oT\x85')
(1343139944.817486, '+')
(1343139944.8215101, '\rL: 118\n')
(1343139944.8234341, 'S\x06!\x86')
(1343139944.824475, '2f$\x86')
(1343139944.8245139, '2F0\x86')
(1343139944.8245389, '2t3\x86')
(1343139944.824563, '2C=\x86')
(1343139944.8295541, '2o\xcb\x86')
(1343139944.829603, '+')
(1343139944.830431, '\rL: 118\n')
(1343139944.8354671, '\rL: 118\n')
(1343139944.837513, 'S\x07\xdf\x87')
(1343139944.837549, '2I\xe1\x87')
(1343139944.837563, '2f\xe4\x87')
(1343139944.837575, '2I\xe6\x87')
(1343139944.838336, '2F\xf3\x87')
(1343139944.838372, '2t\xf5\x87')
(1343139944.838398, '2C\x01\x88')
(1343139944.843293, '2o\x8e\x88')
(1343139944.8433371, '+')
(1343139944.843375, '2P\xa1\x88')
(1343139944.84443, '2R\xbf\x88')
(1343139944.8444641, 'rIN')
(1343139944.8444891, 'rFR')
(1343139944.8472869, '\rL: 118\n')
(1343139944.850405, '\rL: 118\n')
(1343139944.8513169, '2I\xb0\x89')
(1343139944.8522849, '2P\xb6\x89')
(1343139944.85232, '2R\xd3\x89')
(1343139944.8532751, 'rIN')
(1343139944.8533089, 'rNU')
(1343139944.8543169, 'S\x08\xf7\x89')
(1343139944.854351, '2f\xf9\x89')
(1343139944.854377, '2F\x07\x8a')
(1343139944.8544011, '2t\t\x8a')
(1343139944.8544259, '2C\x14\x8a')
(1343139944.8593571, '2o\xa2\x8a')
(1343139944.8594069, '+')
(1343139944.8624589, '\rL: 118\n')
(1343139944.866178, '\rL: 118\n')
(1343139944.8682311, '2I\xc4\x8b')
(1343139944.8682721, 'S\t\xd6\x8b')
(1343139944.8683, '2f\xd8\x8b')
(1343139944.869287, '2F\xe5\x8b')
(1343139944.8693211, '2t\xe7\x8b')
(1343139944.8693471, '2C\xf2\x8b')
(1343139944.8732021, '2o\x7f\x8c')
(1343139944.874233, '+')
(1343139944.8742781, '2P\x93\x8c')
(1343139944.8751731, '2R\xb0\x8c')
(1343139944.875206, 'rIN')
(1343139944.875231, 'rNU')
(1343139944.878304, '\rL: 118\n')
(1343139944.8970211, '\rL: 118\n')
(1343139944.897155, '2I\xa2\x8d')
(1343139944.8971901, 'S\n\xb9\x8d')
(1343139944.897217, '2f\xbb\x8d')
(1343139944.8972421, '2F\xc8\x8d')
(1343139944.8972659, '2t\xca\x8d')
(1343139944.8972909, '2C\xd5\x8d')
(1343139944.897315, '2ob\x8e')
(1343139944.8973379, '+')
(1343139944.8973701, '2Pu\x8e')
(1343139944.8973949, '2R\x94\x8e')
(1343139944.8974299, 'rIN')
(1343139944.897454, 'rNU')
(1343139944.8974791, 'S\x0b\xc6\x8e')
(1343139944.8975041, '2f\xc9\x8e')
(1343139944.8975289, '2F\xd5\x8e')
(1343139944.897553, '2t\xd7\x8e')
(1343139944.897577, '2C\xe2\x8e')
(1343139944.897722, '2oo\x8f')
(1343139944.8977561, '+')
(1343139944.917064, 'S\x0c\xa5\x8f')
(1343139944.9171669, '2f\xa7\x8f')
(1343139944.9172001, '2F\xb4\x8f')
(1343139944.9172261, '2t\xb6\x8f')
(1343139944.9172511, '2!\xc0\x8f')
(1343139944.917274, '-')
(1343139944.917299, 'cr\xc4\x8f')
(1343139944.9173241, 'S\x0c\x1c\x90')
(1343139944.9173491, '2f\x1f\x90')
(1343139944.9173729, '2F+\x90')
(1343139944.917397, '2t-\x90')
(1343139944.9174199, '2!8\x90')
(1343139944.917443, '-')
(1343139944.9174671, 'cr<\x90')
(1343139944.9174919, 'S\x0c\x9d\x90')
(1343139944.917516, '2f\x9f\x90')
(1343139944.9175401, '2F\xac\x90')
(1343139944.9175639, '2t\xae\x90')
(1343139944.917588, '2C\xb9\x90')
(1343139944.91764, '2oF\x91')
(1343139944.9176719, '+')
(1343139944.9177091, 'S\r\xa3\x91')
(1343139944.9177351, '2f\xa6\x91')
(1343139944.9177599, '2F\xb3\x91')
(1343139944.917784, '2t\xb5\x91')
(1343139944.917809, '2C\xbf\x91')
(1343139944.919173, '2oM\x92')
(1343139944.9192071, '+')
(1343139944.9211919, 'S\x0e\x9e\x92')
(1343139944.922153, '2f\xa0\x92')
(1343139944.922194, '2F\xad\x92')
(1343139944.9222209, '2t\xaf\x92')
(1343139944.9222469, '2C\xba\x92')
(1343139944.9270549, '2oG\x93')
(1343139944.927093, '+')
(1343139944.929996, '\rL: 118\n')
(1343139944.933089, 'S\x0f\x14\x94')
(1343139944.933125, '2f\x17\x94')
(1343139944.933151, '2F#\x94')
(1343139944.933177, '2t%\x94')
(1343139944.933948, '2C0\x94')
(1343139944.938076, '2o\xbe\x94')
(1343139944.9381161, '+')
(1343139944.939081, '\rL: 118\n')
(1343139944.9441011, '\rL: 118\n')
(1343139944.9470429, 'S\x10\xdb\x95')
(1343139944.9470849, '2f\xdd\x95')
(1343139944.947113, '2F\xea\x95')
(1343139944.9471381, '2t\xec\x95')
(1343139944.9479649, '2C\xf7\x95')
(1343139944.951972, '2o\x85\x96')
(1343139944.952019, '+')
(1343139944.954994, '\rL: 118\n')
(1343139944.9569061, '\rL: ')
(1343139944.9581721, '2I;\x97')
(1343139944.9600489, '2P\x82\x97')
(1343139944.9609129, '2R\x9f\x97')
(1343139944.960948, 'rIN')
(1343139944.960973, 'rFR')
(1343139944.9619479, 'S\x11\xc0\x97')
(1343139944.961987, '2f\xc2\x97')
(1343139944.962013, '2F\xcf\x97')
(1343139944.9620371, '2t\xd1\x97')
(1343139944.962914, '2C\xdc\x97')
(1343139944.9670291, '2oi\x98')
(1343139944.9670689, '+')
(1343139944.969866, '\rL: 118\n')
(1343139944.9737689, '\rL: 118\n')
(1343139944.975863, '2I\x8a\x99')
(1343139944.9768929, 'S\x12\xa4\x99')
(1343139944.976928, '2f\xa6\x99')
(1343139944.9769549, '2F\xb3\x99')
(1343139944.97698, '2t\xb5\x99')
(1343139944.9770639, '2C\xc0\x99')
(1343139944.981811, '2oM\x9a')
(1343139944.981848, '+')
(1343139944.9818821, '2P`\x9a')
(1343139944.982707, '2R~\x9a')
(1343139944.9827411, 'rIN')
(1343139944.983783, 'rNU')
(1343139944.985723, '\rL: 118\n')
(1343139944.997561, 'S\x13$\x9b')
(1343139944.9976101, '2f&\x9b')
(1343139944.997683, '2F3\x9b')
(1343139944.99771, '2t5\x9b')
(1343139944.9977341, '2!@\x9b')
(1343139944.997757, '-')
(1343139944.997782, 'crC\x9b')
(1343139944.9978051, '\rL: 118\n')
(1343139944.9978449, 'S\x13\xc8\x9b')
(1343139944.9978709, '2f\xca\x9b')
(1343139944.997895, '2F\xd7\x9b')
(1343139944.9979191, '2t\xd9\x9b')
(1343139944.9979429, '2C\xe4\x9b')
(1343139945.0174551, '2oq\x9c')
(1343139945.0175221, '+')
(1343139945.017561, 'S\x14\xa7\x9c')
(1343139945.0175869, '2f\xa9\x9c')
(1343139945.0176151, '2F\xb6\x9c')
(1343139945.0176411, '2t\xb8\x9c')
(1343139945.0176661, '2C\xc3\x9c')
(1343139945.0176899, '2oP\x9d')
(1343139945.0177131, '+')
(1343139945.017746, 'S\x15\xa4\x9d')
(1343139945.017772, '2f\xa6\x9d')
(1343139945.017796, '2F\xb3\x9d')
(1343139945.0178211, '2t\xb5\x9d')
(1343139945.0178449, '2!\xc0\x9d')
(1343139945.017868, '-')
(1343139945.0178931, 'cr\xc3\x9d')
(1343139945.0179169, '2I\xf8\x9d')
(1343139945.017941, '2P\xfb\x9d')
(1343139945.0179651, '2R\x1d\x9e')
(1343139945.017988, 'rIN')
(1343139945.0180099, 'rFR')
(1343139945.018034, 'S\x15>\x9e')
(1343139945.0180669, '2f@\x9e')
(1343139945.0180919, '2FM\x9e')
(1343139945.018116, '2tO\x9e')
(1343139945.0181389, '2CZ\x9e')
(1343139945.01827, '2o\xe7\x9e')
(1343139945.018301, '+')
(1343139945.0183351, '2P\xfa\x9e')
(1343139945.0185571, '2R\x01\x9f')
(1343139945.01859, 'rIN')
(1343139945.018615, 'rFR')
(1343139945.0196791, 'S\x16#\x9f')
(1343139945.019716, '2f%\x9f')
(1343139945.019742, '2F2\x9f')
(1343139945.0197661, '2t4\x9f')
(1343139945.020668, '2C?\x9f')
(1343139945.0245581, '2o\xcc\x9f')
(1343139945.0245979, '+')
(1343139945.0287061, '\rL: 118\n')
(1343139945.031671, '\rL: 118\n')
(1343139945.0336671, '2I\xef\xa0')
(1343139945.0337081, 'S\x17\xff\xa0')
(1343139945.033735, '2f\x02\xa1')
(1343139945.0347879, '2F\x0f\xa1')
(1343139945.034826, '2t\x11\xa1')
(1343139945.034852, '2C\x1c\xa1')
(1343139945.0384691, '2o\xa9\xa1')
(1343139945.039609, '+')
(1343139945.0396531, '2P\xbc\xa1')
(1343139945.0404291, '2R\xda\xa1')
(1343139945.040463, 'rIN')
(1343139945.040488, 'rNU')
(1343139945.043473, '\rL: 118\n')
(1343139945.0475571, '\rL: 118\n')
(1343139945.047605, '2I\xcd\xa2')
(1343139945.049448, '2P\xf5\xa2')
(1343139945.050421, '2R\x13\xa3')
(1343139945.050456, 'rIN')
(1343139945.0504811, 'rNU')
(1343139945.0515361, 'S\x188\xa3')
(1343139945.0515721, '2f:\xa3')
(1343139945.0515971, '2FG\xa3')
(1343139945.051621, '2tI\xa3')
(1343139945.0524859, '2CT\xa3')
(1343139945.056505, '2o\xe1\xa3')
(1343139945.05656, '+')
(1343139945.059478, '\rL: 118\n')
(1343139945.0680561, '\rL: 118\n')
(1343139945.0681281, 'S\x19\xe8\xa4')
(1343139945.068157, '2f\xea\xa4')
(1343139945.0681829, '2F\xf7\xa4')
(1343139945.068207, '2t\xf9\xa4')
(1343139945.0682499, '2!\x04\xa5')
(1343139945.068274, '-')
(1343139945.0682991, 'cr\x07\xa5')
(1343139945.078444, 'S\x19\xa4\xa5')
(1343139945.07849, '2f\xa6\xa5')
(1343139945.0785191, '2F\xb3\xa5')
(1343139945.0785451, '2t\xb5\xa5')
(1343139945.0785699, '2C\xc0\xa5')
(1343139945.078594, '2oM\xa6')
(1343139945.0786171, '+')
(1343139945.078651, 'S\x1a\x9e\xa6')
(1343139945.078676, '2f\xa1\xa6')
(1343139945.078701, '2F\xad\xa6')
(1343139945.0787251, '2t\xaf\xa6')
(1343139945.0787511, '2C\xba\xa6')
(1343139945.0880949, '2oH\xa7')
(1343139945.0881519, '+')
(1343139945.0881889, 'S\x1b\xa4\xa7')
(1343139945.088232, '2f\xa6\xa7')
(1343139945.0882599, '2F\xb3\xa7')
(1343139945.088284, '2t\xb5\xa7')
(1343139945.0883081, '2!\xc0\xa7')
(1343139945.088331, '-')
(1343139945.0883551, 'cr\xc4\xa7')
(1343139945.0883801, '2I\xc8\xa7')
(1343139945.0884039, '2I\xce\xa7')
(1343139945.088428, '2P\xd3\xa7')
(1343139945.0885489, '2R\xf2\xa7')
(1343139945.0885811, 'rIN')
(1343139945.0886061, 'rFR')
(1343139945.0983729, 'S\x1b\x1c\xa8')
(1343139945.0984249, '2f\x1e\xa8')
(1343139945.098454, '2F+\xa8')
(1343139945.098479, '2t-\xa8')
(1343139945.0985031, '2!8\xa8')
(1343139945.098527, '-')
(1343139945.098551, 'cr;\xa8')
(1343139945.0985751, 'S\x1b\x9d\xa8')
(1343139945.0985999, '2f\xa0\xa8')
(1343139945.098624, '2F\xac\xa8')
(1343139945.0986481, '2t\xae\xa8')
(1343139945.0986719, '2C\xb9\xa8')
(1343139945.098696, '2oG\xa9')
(1343139945.0987189, '+')
(1343139945.1022241, 'S\x1c\xbb\xa9')
(1343139945.1022689, '2f\xbd\xa9')
(1343139945.1022961, '2F\xca\xa9')
(1343139945.1023209, '2t\xcc\xa9')
(1343139945.103195, '2C\xd7\xa9')
(1343139945.1072271, '2od\xaa')
(1343139945.1072631, '+')
(1343139945.1092989, 'S\x1d\x9d\xaa')
(1343139945.10934, '2f\x9f\xaa')
(1343139945.1093681, '2F\xac\xaa')
(1343139945.1093941, '2t\xae\xaa')
(1343139945.110172, '2C\xb9\xaa')
(1343139945.1142061, '2oG\xab')
(1343139945.1142499, '+')
(1343139945.117204, '\rL: 118\n')
(1343139945.1202109, 'S\x1e\xfd\xab')
(1343139945.1202509, '2f\x01\xac')
(1343139945.1202779, '2F\x0e\xac')
(1343139945.1203029, '2t\x10\xac')
(1343139945.120327, '2!\x1a\xac')
(1343139945.1203511, '-')
(1343139945.1211879, 'cr\x1e\xac')
(1343139945.1228321, '\rL: 118\n')
(1343139945.1251571, '\rL: 118\n')
(1343139945.1301711, '\rL: 118\n')
(1343139945.133065, 'S\x1e\xb1\xad')
(1343139945.1331019, '2f\xb3\xad')
(1343139945.1331289, '2F\xc0\xad')
(1343139945.1331539, '2t\xc2\xad')
(1343139945.134115, '2C\xcd\xad')
(1343139945.1380899, '2oZ\xae')
(1343139945.1381259, '+')
(1343139945.141053, '\rL: 118\n')
(1343139945.1577539, '\rL: 118\n')
(1343139945.1578341, 'S\x1f\\\xaf')
(1343139945.1578629, '2f^\xaf')
(1343139945.1578879, '2Fk\xaf')
(1343139945.1579111, '2tm\xaf')
(1343139945.1579349, '2Cx\xaf')
(1343139945.157959, '2o\x05\xb0')
(1343139945.1579821, '+')
(1343139945.158015, 'S \xa3\xb0')
(1343139945.15804, '2f\xa6\xb0')
(1343139945.1580651, '2F\xb2\xb0')
(1343139945.1580889, '2t\xb5\xb0')
(1343139945.158113, '2!\xbf\xb0')
(1343139945.1581359, '-')
(1343139945.15816, 'cr\xc3\xb0')
(1343139945.168366, 'S \x1c\xb1')
(1343139945.168484, '2f\x1e\xb1')
(1343139945.168514, '2F+\xb1')
(1343139945.168539, '2t-\xb1')
(1343139945.1685629, '2C8\xb1')
(1343139945.168587, '2o\xc5\xb1')
(1343139945.168611, '+')
(1343139945.1686449, 'S!\x1c\xb2')
(1343139945.1686699, '2f\x1f\xb2')
(1343139945.168695, '2F+\xb2')
(1343139945.1687181, '2t-\xb2')
(1343139945.1687419, '2C8\xb2')
(1343139945.17816, '2o\xc6\xb2')
(1343139945.178205, '+')
(1343139945.178242, 'S"\x1e\xb3')
(1343139945.178268, '2f \xb3')
(1343139945.178292, '2F-\xb3')
(1343139945.1783161, '2t/\xb3')
(1343139945.178339, '2C:\xb3')
(1343139945.181138, '2o\xc7\xb3')
(1343139945.18118, '+')
(1343139945.1839809, '\rL: 118\n')
(1343139945.187144, 'S#\x96\xb4')
(1343139945.187201, '2f\x98\xb4')
(1343139945.1872301, '2F\xa5\xb4')
(1343139945.188102, '2t\xa7\xb4')
(1343139945.1881461, '2C\xb2\xb4')
(1343139945.1919799, '2o?\xb5')
(1343139945.1920171, '+')
(1343139945.19484, '\rL: 118\n')
(1343139945.1978011, '\rL: 118\n')
(1343139945.2028339, '\rL: 118\n')
(1343139945.2047989, 'S$\xee\xb6')
(1343139945.204838, '2f\xf0\xb6')
(1343139945.2058499, '2F\xfd\xb6')
(1343139945.2058859, '2t\xff\xb6')
(1343139945.2059121, '2C\n\xb7')
(1343139945.2108901, '2o\x98\xb7')
(1343139945.2109301, '+')
(1343139945.213671, '\rL: 118\n')
(1343139945.217988, '\rL: 118\n')
(1343139945.2180381, '2I]\xb8')
(1343139945.218066, '2Ib\xb8')
(1343139945.2180991, '2P\x91\xb8')
(1343139945.227335, '2R\xb0\xb8')
(1343139945.2273769, 'rIN')
(1343139945.227391, 'rFR')
(1343139945.2274029, 'S%\xd0\xb8')
(1343139945.227416, '2f\xd2\xb8')
(1343139945.227428, '2F\xdf\xb8')
(1343139945.2274401, '2t\xe1\xb8')
(1343139945.2274511, '2C\xec\xb8')
(1343139945.227463, '2oz\xb9')
(1343139945.2274749, '+')
(1343139945.237864, 'S&\x1c\xba')
(1343139945.23791, '2f\x1f\xba')
(1343139945.2379389, '2F+\xba')
(1343139945.2379639, '2t.\xba')
(1343139945.237988, '2!8\xba')
(1343139945.2380121, '-')
(1343139945.2380359, 'cr;\xba')
(1343139945.23806, 'S&\x9d\xba')
(1343139945.238096, '2f\xa0\xba')
(1343139945.2381239, '2F\xac\xba')
(1343139945.2381489, '2t\xae\xba')
(1343139945.238173, '2C\xb9\xba')
(1343139945.2569809, '2oG\xbb')
(1343139945.25705, '+')
(1343139945.2570901, "S'\xa3\xbb")
(1343139945.257117, '2f\xa6\xbb')
(1343139945.2571621, '2F\xb3\xbb')
(1343139945.2571881, '2t\xb5\xbb')
(1343139945.2572131, '2C\xc0\xbb')
(1343139945.257237, '2oM\xbc')
(1343139945.257261, '+')
(1343139945.257293, 'S(\x9d\xbc')
(1343139945.257318, '2f\xa0\xbc')
(1343139945.2573431, '2F\xac\xbc')
(1343139945.2573669, '2t\xaf\xbc')
(1343139945.257391, '2C\xba\xbc')
(1343139945.2574151, '2oG\xbd')
(1343139945.2574379, '+')
(1343139945.2575691, 'S)\xa4\xbd')
(1343139945.257602, '2f\xa6\xbd')
(1343139945.257633, '2F\xb3\xbd')
(1343139945.2586081, '2t\xb5\xbd')
(1343139945.2586429, '2C\xbf\xbd')
(1343139945.2627239, '2oM\xbe')
(1343139945.262768, '+')
(1343139945.2675879, '\rL: 118\n')
(1343139945.270694, 'S*?\xbf')
(1343139945.270731, '2fA\xbf')
(1343139945.270757, '2FN\xbf')
(1343139945.270781, '2tP\xbf')
(1343139945.2708049, '2C[\xbf')
(1343139945.275579, '2o\xe8\xbf')
(1343139945.2756209, '+')
(1343139945.2765901, '\rL: 118\n')
(1343139945.2795551, 'S+k\xc0')
(1343139945.2795961, '2fm\xc0')
(1343139945.279623, '2Fz\xc0')
(1343139945.2796471, '2t}\xc0')
(1343139945.2805369, '2!\x88\xc0')
(1343139945.2805741, '-')
(1343139945.2806001, 'cr\x8c\xc0')
(1343139945.2835259, '\rL: ')
(1343139945.283567, '2I\xfd\xc0')
(1343139945.285409, '2P:\xc1')
(1343139945.2864881, '2RX\xc1')
(1343139945.2865231, 'rIN')
(1343139945.2865479, 'rFR')
(1343139945.2875431, '\rL: 118\n')
(1343139945.2924421, '\rL: 118\n')
(1343139945.295434, 'S+m\xc2')
(1343139945.295454, '2fo\xc2')
(1343139945.2954669, '2F|\xc2')
(1343139945.2954791, '2t~\xc2')
(1343139945.295491, '2C\x8a\xc2')
(1343139945.3003039, '2o\x17\xc3')
(1343139945.3003449, '+')
(1343139945.303514, '\rL: 118\n')
(1343139945.3084271, '\rL: 118\n')
(1343139945.3084869, 'S,\x1f\xc4')
(1343139945.308516, '2f!\xc4')
(1343139945.3085411, '2F.\xc4')
(1343139945.3085649, '2t0\xc4')
(1343139945.3184199, '2!;\xc4')
(1343139945.318476, '-')
(1343139945.318507, 'cr>\xc4')
(1343139945.3185329, 'S,\xa3\xc4')
(1343139945.318558, '2f\xa6\xc4')
(1343139945.318583, '2F\xb2\xc4')
(1343139945.3186071, '2t\xb5\xc4')
(1343139945.3186319, '2C\xbf\xc4')
(1343139945.318656, '2oM\xc5')
(1343139945.3186791, '+')
(1343139945.3285351, 'S-\x9d\xc5')
(1343139945.328598, '2f\x9f\xc5')
(1343139945.3286259, '2F\xac\xc5')
(1343139945.328651, '2t\xae\xc5')
(1343139945.328676, '2C\xb9\xc5')
(1343139945.3287001, '2oF\xc6')
(1343139945.3287239, '+')
(1343139945.328758, 'S.\xa4\xc6')
(1343139945.328783, '2f\xa6\xc6')
(1343139945.3288081, '2F\xb3\xc6')
(1343139945.3288319, '2t\xb5\xc6')
(1343139945.328856, '2!\xbf\xc6')
(1343139945.338341, '-')
(1343139945.3383911, 'cr\xc3\xc6')
(1343139945.338423, '2I\xc7\xc6')
(1343139945.33845, '2I\xcd\xc6')
(1343139945.338475, '2P\xd2\xc6')
(1343139945.3384991, '2R\xf1\xc6')
(1343139945.3385229, 'rIN')
(1343139945.338546, 'rNU')
(1343139945.3385701, 'S.\x1c\xc7')
(1343139945.3385949, '2f\x1f\xc7')
(1343139945.338619, '2F+\xc7')
(1343139945.3386419, '2t-\xc7')
(1343139945.338666, '2!8\xc7')
(1343139945.3386879, '-')
(1343139945.338712, 'cr<\xc7')
(1343139945.3387361, 'S.\x9d\xc7')
(1343139945.3387599, '2f\xa0\xc7')
(1343139945.338784, '2F\xac\xc7')
(1343139945.3388081, '2t\xaf\xc7')
(1343139945.3388319, '2C\xb9\xc7')
(1343139945.3480439, '2oG\xc8')
(1343139945.3481131, '+')
(1343139945.3481541, 'S/\xa3\xc8')
(1343139945.348181, '2f\xa6\xc8')
(1343139945.348207, '2F\xb2\xc8')
(1343139945.3482311, '2t\xb5\xc8')
(1343139945.3482549, '2C\xc0\xc8')
(1343139945.3491521, '2oM\xc9')
(1343139945.3491869, '+')
(1343139945.351227, 'S0\x9e\xc9')
(1343139945.351269, '2f\xa0\xc9')
(1343139945.3512969, '2F\xad\xc9')
(1343139945.3521609, '2t\xaf\xc9')
(1343139945.3522019, '2C\xba\xc9')
(1343139945.3563859, '2oG\xca')
(1343139945.3564351, '+')
(1343139945.3600819, '\rL: 118\n')
(1343139945.362129, 'S1\x14\xcb')
(1343139945.36306, '2f\x17\xcb')
(1343139945.3631001, '2F#\xcb')
(1343139945.363127, '2t%\xcb')
(1343139945.363152, '2!0\xcb')
(1343139945.3631749, '-')
(1343139945.363199, 'cr3\xcb')
(1343139945.3640561, '\rL: 118\n')
(1343139945.369153, '\rL: 118\n')
(1343139945.371172, 'S13\xcc')
(1343139945.371208, '2f5\xcc')
(1343139945.3722889, '2FB\xcc')
(1343139945.3723271, '2tD\xcc')
(1343139945.372354, '2CO\xcc')
(1343139945.3761339, '2o\xdc\xcc')
(1343139945.3761699, '+')
(1343139945.380028, '\rL: 118\n')
(1343139945.383136, '\rL: 118\n')
(1343139945.386977, '\rL: 118\n')
(1343139945.3981919, 'S2{\xce')
(1343139945.3982451, '2f}\xce')
(1343139945.398273, '2F\x8b\xce')
(1343139945.398299, '2t\x8d\xce')
(1343139945.3983231, '2C\x98\xce')
(1343139945.3983469, '2o%\xcf')
(1343139945.398371, '+')
(1343139945.398402, '\rL: 118\n')
(1343139945.4177079, 'S3\xcd\xcf')
(1343139945.4177589, '2f\xd0\xcf')
(1343139945.4177859, '2F\xdc\xcf')
(1343139945.4178109, '2t\xdf')
(1343139945.417835, '\xcf')
(1343139945.4178591, '2!\xeb\xcf')
(1343139945.4178829, '-')
(1343139945.417907, 'cr\xef\xcf')
(1343139945.417932, '2P\xf9\xcf')
(1343139945.4179561, '2I\x17\xd0')
(1343139945.41798, '2R\x1a\xd0')
(1343139945.4180031, 'rIN')
(1343139945.418026, 'rFR')
(1343139945.4180501, '2P(\xd0')
(1343139945.4180739, '2R/\xd0')
(1343139945.418097, 'rIN')
(1343139945.4181199, 'rFR')
(1343139945.418143, 'S3N\xd0')
(1343139945.4181659, '2fP\xd0')
(1343139945.41819, '2F]\xd0')
(1343139945.4182129, '2t_\xd0')
(1343139945.418237, '2Cj\xd0')
(1343139945.4182611, '2o\xf8\xd0')
(1343139945.418293, '+')
(1343139945.418328, 'S4(\xd1')
(1343139945.4183531, '2f*\xd1')
(1343139945.4183769, '2F7\xd1')
(1343139945.418401, '2t9\xd1')
(1343139945.4184239, '2CD\xd1')
(1343139945.418447, '2o\xd1\xd1')
(1343139945.4184699, '+')
(1343139945.418613, 'S5\x1c\xd2')
(1343139945.4186521, '2f\x1f\xd2')
(1343139945.418679, '2F+\xd2')
(1343139945.418704, '2t-\xd2')
(1343139945.4376321, '2C8\xd2')
(1343139945.4376869, '2o\xc6\xd2')
(1343139945.4377151, '+')
(1343139945.437752, 'S6\x1c\xd3')
(1343139945.4377789, '2f\x1f\xd3')
(1343139945.437804, '2F+\xd3')
(1343139945.437829, '2t-\xd3')
(1343139945.437856, '2C8\xd3')
(1343139945.43788, '2o\xc5\xd3')
(1343139945.437906, '+')
(1343139945.4379411, 'S7\x1c\xd4')
(1343139945.4379661, '2f\x1f\xd4')
(1343139945.4379909, '2F+\xd4')
(1343139945.438014, '2t-\xd4')
(1343139945.4380369, '2C8\xd4')
(1343139945.4389019, '2o\xc6\xd4')
(1343139945.438936, '+')
(1343139945.4466791, '\rL: ')
(1343139945.447686, '118\n')
(1343139945.448772, '2P&\xd6')
(1343139945.4497349, '2RC\xd6')
(1343139945.4497681, 'rIN')
(1343139945.4497931, 'rNU')
(1343139945.4507439, 'S8h\xd6')
(1343139945.4507771, '2fj\xd6')
(1343139945.451772, '2Fw\xd6')
(1343139945.451807, '2ty\xd6')
(1343139945.451833, '2C\x84\xd6')
(1343139945.4567821, '2o\x11\xd7')
(1343139945.4568379, '+')
(1343139945.4576521, '\rL: 118\n')
(1343139945.459697, 'S9\x92\xd7')
(1343139945.4607861, '2f\x94\xd7')
(1343139945.4608259, '2F\xa1\xd7')
(1343139945.4608519, '2t\xa3\xd7')
(1343139945.4608769, '2C\xae\xd7')
(1343139945.465708, '2o;\xd8')
(1343139945.465749, '+')
(1343139945.468704, '\rL: 118\n')
(1343139945.471652, 'S:\n\xd9')
(1343139945.471689, '2f\x0c\xd9')
(1343139945.4717169, '2F\x19\xd9')
(1343139945.472667, '2t\x1b\xd9')
(1343139945.4727011, '2C&\xd9')
(1343139945.47667, '2o\xb3\xd9')
(1343139945.4767079, '+')
(1343139945.477627, '\rL: 118\n')
(1343139945.4825671, '\rL: 118\n')
(1343139945.484942, 'S;\xbf\xda')
(1343139945.484983, '2f\xc1\xda')
(1343139945.4856, '2F\xce\xda')
(1343139945.4856341, '2t\xd0\xda')
(1343139945.4856589, '2C\xdb\xda')
(1343139945.4905879, '2oi\xdb')
(1343139945.4906271, '+')
(1343139945.493644, '\rL: 118\n')
(1343139945.4979379, '2I\x0c\xdc')
(1343139945.497983, '2I\x12\xdc')
(1343139945.4980111, '2P\x16\xdc')
(1343139945.49807, '2R4\xdc')
(1343139945.4980979, 'rIN')
(1343139945.498122, 'rNU')
(1343139945.4981451, '\rL: 118\n')
(1343139945.5176909, 'S<\xb2\xdc')
(1343139945.517755, '2f\xb4\xdc')
(1343139945.5177829, '2F\xc1\xdc')
(1343139945.517808, '2t\xc3\xdc')
(1343139945.517833, '2C\xce\xdc')
(1343139945.5178571, '2o[\xdd')
(1343139945.51788, '+')
(1343139945.5179131, 'S=\xa8\xdd')
(1343139945.5179379, '2f\xaa\xdd')
(1343139945.517962, '2F\xb7\xdd')
(1343139945.5179861, '2t\xb9\xdd')
(1343139945.5180099, '2C\xc4\xdd')
(1343139945.518034, '2oQ\xde')
(1343139945.5180571, '+')
(1343139945.5180891, 'S>\x9d\xde')
(1343139945.5181129, '2f\xa0\xde')
(1343139945.518153, '2F\xac\xde')
(1343139945.5181799, '2t\xae\xde')
(1343139945.518204, '2C\xb9\xde')
(1343139945.5374761, '2oG\xdf')
(1343139945.537539, '+')
