(1343307266.6758521, '2I\x91\xf4')
(1343307266.6759391, '2P\x94\xf4')
(1343307266.6759689, '2R\x9e\xf4')
(1343307266.6759961, '2S\x1e\x00\x00\x0f-\xa0\xf4')
(1343307266.6760221, '2I\x81 ')
(1343307266.6760459, '2P\x8c ')
(1343307266.676069, '2R\x93 ')
(1343307266.6760941, '2S\x1e\x00\x00\x0f-\x95 ')
(1343307266.6761179, '2I\x93t')
(1343307266.676142, '2P\x96t')
(1343307266.6761651, '2R\xa0t')
(1343307266.6761889, '2S\x1e\x00\x00\x0f.\xa3t')
(1343307266.676214, '2I\x96\xf4')
(1343307266.6762381, '2P\x99\xf4')
(1343307266.6762609, '2R\xa3\xf4')
(1343307266.676286, '2S\x1e\x00\x00\x0f/\xa5\xf4')
(1343307266.676311, '2I\x98t')
(1343307266.6763339, '2P\x9bt')
(1343307266.676357, '2R\xa6t')
(1343307266.6763811, '2S\x1e\x00\x00\x0f0\xa8t')
(1343307266.6764059, '2I\x9b\xf4')
(1343307266.676429, '2P\x9e\xf4')
(1343307266.6764531, '2R\xa8\xf4')
(1343307266.6764779, '2S\x1e\x00\x00\x0f1\xaa\xf4')
(1343307266.676502, '2I\x9dt')
(1343307266.6765251, '2P\xa0t')
(1343307266.676548, '2R\xabt')
(1343307266.6765721, '2S\x1e\x00\x00\x0f2\xadt')
(1343307266.6765971, '2I\xa0\xf4')
(1343307266.676621, '2P\xa3\xf4')
(1343307266.6766441, '2R\xad\xf4')
(1343307266.6766689, '2S\x1e\x00\x00\x0f3\xaf\xf4')
(1343307266.676693, '2I\xa2t')
(1343307266.676717, '2P\xa6t')
(1343307266.6767399, '2R\xb0t')
(1343307266.6767631, '2S\x1e\x00\x00')
(1343307266.6945479, '\rL: 10\n')
(1343307266.6945901, '\rGot configuration message of type P\n')
(1343307266.694617, '\rSetting prefix aaaa::\n')
(1343307266.6946421, '\rcreated a new RPL dag\n')
(1343307266.7031591, '\rL: 2\n')
(1343307266.7032199, '\rGot configuration message of type I\n')
(1343307266.7187121, '\rL: 48\n')
(1343307267.0253489, '2I\x03u')
(1343307267.0254021, '2P\x06u')
(1343307267.02543, '2R\x10u')
(1343307267.0254569, '2S\x1e\x00\x00\x0fZ\x13u')
(1343307268.0250001, '2I\x06\xf5')
(1343307268.0250521, '2P\t\xf5')
(1343307268.02508, '2R\x13\xf5')
(1343307268.0251069, '2S\x1e\x00\x00\x0f[\x15\xf5')
(1343307269.0247271, '2I\x08u')
(1343307269.024791, '2P\x0bu')
(1343307269.0248179, '2R\x15u')
(1343307269.0248449, '2S\x1e\x00\x00\x0f\\\x18u')
(1343307269.3843789, 'S\x0c\xaf\xa3')
(1343307269.3844409, '2f\xb1\xa3')
(1343307269.384469, '2F\xbd\xa3')
(1343307269.3844931, '2t\xbf\xa3')
(1343307269.384517, '2C\xca\xa3')
(1343307269.393836, '2oE\xa4')
(1343307269.393883, '+')
(1343307269.4048109, '2IR\xa5')
(1343307269.4048491, '2PU\xa5')
(1343307269.404875, '2Rk\xa5')
(1343307269.4048989, 'rIN')
(1343307269.404923, 'D\x02s\xa5')
(1343307269.404947, 'ciu\xa5')
(1343307269.454273, '2I\xf2\xab')
(1343307269.45434, '2P\xf6\xab')
(1343307269.4544339, '2R\x0c\xac')
(1343307269.454458, 'rIN')
(1343307269.454483, 'D\x03\x15\xac')
(1343307269.4545081, 'ci\x17\xac')
(1343307269.6655841, '2I\x9c\xc7')
(1343307269.6656499, '2P\x9f\xc7')
(1343307269.6656771, '2R\xba\xc7')
(1343307269.6657009, 'rIN')
(1343307269.6657259, 'D\xba\xc2\xc7')
(1343307270.025147, '2I\x0b\xf5')
(1343307270.025203, '2P\x0e\xf5')
(1343307270.0252309, '2R\x18\xf5')
(1343307270.0252581, '2S\x1e\x00\x00\x0f]\x1b\xf5')
(1343307270.7030981, '\rL: 48\n')
(1343307271.026428, '2I\ru')
(1343307271.026473, '2P\x10u')
(1343307271.0265009, '2R\x1bu')
(1343307271.0265279, '2S\x1e\x00\x00\x0f^\x1du')
(1343307272.0242341, '2I\x10\xf5')
(1343307272.024303, '2P\x13\xf5')
(1343307272.024332, '2R\x1d\xf5')
(1343307272.02438, '2S\x1e\x00\x00\x0f_\x1f\xf5')
(1343307272.9042971, '2I\x86e')
(1343307272.904351, '2P\x8be')
(1343307272.9044211, '2R\xa6e')
(1343307272.9044449, 'rIN')
(1343307272.90447, 'D\x04\xafe')
(1343307272.904494, 'ci\xb1e')
(1343307273.034317, '2I\x12u')
(1343307273.0343809, '2P\x16u')
(1343307273.034409, '2R u')
(1343307273.0344369, '2S\x1e\x00\x00\x0f`"u')
(1343307274.024415, '2I\x15\xf5')
(1343307274.024472, '2P\x18\xf5')
(1343307274.0245011, '2R"\xf5')
(1343307274.0245271, '2S\x1e\x00\x00\x0fa%\xf5')
(1343307274.624722, '\rL: 118\n')
(1343307274.6343319, '\rslip-bridge: Destination off-link but no route src=aaaa::200:0:1291:b276 dst=aaaa::c30c:0:0:1\n')
(1343307274.7024269, '\rL: 48\n')
(1343307275.0342281, '2I\x17u')
(1343307275.034277, '2P\x1bu')
(1343307275.0343001, '2R%u')
(1343307275.0343139, "2S\x1e\x00\x00\x0fb'u")
(1343307275.4740491, '2I9\xaf')
(1343307275.4741061, '2P<\xaf')
(1343307275.474134, '2RW\xaf')
(1343307275.474158, 'rIN')
(1343307275.4741819, 'D\xbb_\xaf')
(1343307276.0246201, '2I\x1a\xf5')
(1343307276.0246749, '2P\x1d\xf5')
(1343307276.024704, "2R'\xf5")
(1343307276.02473, '2S\x1e\x00\x00\x0fc)\xf5')
(1343307276.851779, '\rL: 118\n')
(1343307276.8646851, '\rslip-bridge: Destination off-link but no route src=aaaa::200:0:1291:b276 dst=aaaa::c30c:0:0:1\n')
(1343307277.024056, '2I\x1du')
(1343307277.0241029, '2P u')
(1343307277.0241311, '2R*u')
(1343307277.024157, '2S\x1e\x00\x00\x0fd,u')
(1343307278.0336399, '2I\x1f\xf5')
(1343307278.0336919, '2P"\xf5')
(1343307278.03372, '2R,\xf5')
(1343307278.033747, '2S\x1e\x00\x00\x0fe/\xf5')
(1343307278.5642409, '2I\xbc8')
(1343307278.564275, '2P\xbf8')
(1343307278.5642891, '2R\xd48')
(1343307278.564301, 'rIN')
(1343307278.564312, 'rNU')
(1343307278.5643239, '2I\xad9')
(1343307278.5643361, '2P\xb09')
(1343307278.564347, '2R\xc69')
(1343307278.5643611, 'rIN')
(1343307278.564374, 'D\x05\xce9')
(1343307278.5643859, 'ci\xd09')
(1343307278.8142109, 'S\r\xafZ')
(1343307278.8142731, '2f\xb1Z')
(1343307278.814301, '2F\xbdZ')
(1343307278.8143251, '2t\xbfZ')
(1343307278.8143489, '2C\xcaZ')
(1343307278.8338721, '2oE[')
(1343307278.833915, '+')
(1343307279.0342219, '2I"u')
(1343307279.034287, '2P%u')
(1343307279.0343139, '2R/u')
(1343307279.0343411, '2S\x1e\x00\x00\x0ff1u')
(1343307280.024327, '2I$\xf5')
(1343307280.024441, "2P'\xf5")
(1343307280.0244701, '2R2\xf5')
(1343307280.024497, '2S\x1e\x00\x00\x0fg4\xf5')
(1343307280.3749471, '2I\xa3"')
(1343307280.3750141, '2P\xa6"')
(1343307280.3752339, '2R\xc1"')
(1343307280.3752761, 'rIN')
(1343307280.375303, 'D\x06\xc9"')
(1343307280.3851769, 'ci\xcb"')
(1343307281.0243671, "2I'u")
(1343307281.024431, '2P*u')
(1343307281.0244579, '2R4u')
(1343307281.0244851, '2S\x1e\x00\x00\x0fh6u')
(1343307282.0240321, '2I)\xf5')
(1343307282.024091, '2P-\xf5')
(1343307282.0241189, '2R7\xf5')
(1343307282.0241511, '2S\x1e\x00\x00\x0fi9\xf5')
(1343307282.074043, '2I\xca\xfb')
(1343307282.07411, '2P\xce\xfb')
(1343307282.0741379, '2R\xe8\xfb')
(1343307282.074162, 'rIN')
(1343307282.0741861, 'D\xbd\xf1\xfb')
(1343307283.0340619, '2I,u')
(1343307283.034121, '2P/u')
(1343307283.034148, '2R9u')
(1343307283.0341749, '2S\x1e\x00\x00\x0fj;u')
(1343307284.024056, '2I.\xf5')
(1343307284.024117, '2P2\xf5')
(1343307284.0241449, '2R<\xf5')
(1343307284.0241721, '2S\x1e\x00\x00\x0fk>\xf5')
(1343307285.0340509, '2I1u')
(1343307285.034107, '2P4u')
(1343307285.0341339, '2R>u')
(1343307285.0341611, '2S\x1e\x00\x00\x0fl@u')
(1343307286.0264511, '2I3\xf5')
(1343307286.0265081, '2P7\xf5')
(1343307286.026536, '2RA\xf5')
(1343307286.0265629, '2S\x1e\x00\x00\x0fmC\xf5')
(1343307287.0247419, '2I6u')
(1343307287.024801, '2P9u')
(1343307287.024828, '2RCu')
(1343307287.0248599, '2S\x1e\x00\x00\x0fnEu')
(1343307287.32551, '2I5\x9b')
(1343307287.3255711, '2P8\x9b')
(1343307287.325599, '2RM\x9b')
(1343307287.325623, 'rIN')
(1343307287.3256471, 'D\x07V\x9b')
(1343307287.3256719, 'ciX\x9b')
(1343307287.3601899, '\rL: 118\n')
(1343307287.3742421, 'S\x0e\x1a\xa1')
(1343307287.3743041, '2f\x1c\xa1')
(1343307287.374332, '2F)\xa1')
(1343307287.374356, '2t+\xa1')
(1343307287.374387, '2C6\xa1')
(1343307287.3744111, '2o\xc4\xa1')
(1343307287.374434, '+')
(1343307287.3942089, '2I\xe5\xa2')
(1343307287.3942621, '2P\xe8\xa2')
(1343307287.39429, '2R\x07\xa3')
(1343307287.394315, 'rIN')
(1343307287.3943379, 'rNU')
(1343307288.024349, '2I9\xf5')
(1343307288.024466, '2P<\xf5')
(1343307288.0244939, '2RF\xf5')
(1343307288.0245211, '2S\x1e\x00\x00\x0foH\xf5')
(1343307289.024425, '2I;u')
(1343307289.0244839, '2P>u')
(1343307289.0245121, '2RHu')
(1343307289.024538, '2S\x1e\x00\x00\x0fpKu')
(1343307289.9140029, '2Im\xe7')
(1343307289.914073, '2Pp\xe7')
(1343307289.9141021, '2R\x86\xe7')
(1343307289.9141271, 'rIN')
(1343307289.914149, 'rNU')
(1343307289.92577, '2I^\xe8')
(1343307289.925812, '2Pa\xe8')
(1343307289.9258389, '2Rw\xe8')
(1343307289.9258621, 'rIN')
(1343307289.925899, 'D\t\x7f\xe8')
(1343307289.925925, 'ci\x83\xe8')
(1343307290.0247281, '2I>\xf5')
(1343307290.0247941, '2PA\xf5')
(1343307290.024821, '2RK\xf5')
(1343307290.024848, '2S\x1e\x00\x00\x0fqM\xf5')
(1343307290.8544531, 'S\x0f(_')
(1343307290.854511, '2f+_')
(1343307290.854538, '2F6_')
(1343307290.8545611, '2t8_')
(1343307290.854584, '2CC_')
(1343307290.8546071, '2o\xbe_')
(1343307290.8546309, '+')
(1343307291.033998, '2I@u')
(1343307291.0340631, '2PCu')
(1343307291.03409, '2RMu')
(1343307291.034117, '2S\x1e\x00\x00\x0frPu')
(1343307292.0239999, '2IC\xf5')
(1343307292.024051, '2PF\xf5')
(1343307292.0240691, '2RP\xf5')
(1343307292.0240841, '2S\x1e\x00\x00\x0fsR\xf5')
(1343307293.0246179, '2IEu')
(1343307293.024678, '2PIu')
(1343307293.0247049, '2RSu')
(1343307293.0247321, '2S\x1e\x00\x00\x0ftUu')
(1343307293.7540441, '2I\xf5\xd1')
(1343307293.7541089, '2P\xf8\xd1')
(1343307293.754137, '2R\x14\xd2')
(1343307293.7541609, 'rIN')
(1343307293.754185, 'D\xbf\x1d\xd2')
(1343307294.024565, '2IH\xf5')
(1343307294.024632, '2PK\xf5')
(1343307294.0246601, '2RU\xf5')
(1343307294.0246861, '2S\x1e\x00\x00\x0fuW\xf5')
(1343307295.033627, '2IJu')
(1343307295.0336859, '2PNu')
(1343307295.0337131, '2RXu')
(1343307295.033751, '2S\x1e\x00\x00\x0fvZu')
(1343307295.6963561, '\rL: 91\n')
(1343307295.697314, '\rL: 118\n')
(1343307295.7003241, 'S\x10R\xcc')
(1343307295.7003629, '2fT\xcc')
(1343307295.700388, '2Fa\xcc')
(1343307295.7004111, '2tc\xcc')
(1343307295.7010951, '2Cn\xcc')
(1343307295.7050979, '2o\xfb\xcc')
(1343307295.7051339, '+')
(1343307295.7090609, '\rL: 118\n')
(1343307295.7121611, '\rL: 118\n')
(1343307295.714242, '2I\x1d\xce')
(1343307295.714282, 'S\x11(\xce')
(1343307295.7143071, '2f+\xce')
(1343307295.715132, '2F8\xce')
(1343307295.715167, '2t:\xce')
(1343307295.7151909, '2CE\xce')
(1343307295.719135, '2o\xd2\xce')
(1343307295.7191739, '+')
(1343307295.7202151, '2P\xe5\xce')
(1343307295.721158, '2R\x04\xcf')
(1343307295.721195, 'rIN')
(1343307295.72122, 'rNU')
(1343307295.7241731, '\rL: 118\n')
(1343307295.7271409, 'S\x12\xc8\xcf')
(1343307295.7271841, '2f\xca\xcf')
(1343307295.72721, '2F\xd7\xcf')
(1343307295.7272351, '2t\xd9\xcf')
(1343307295.728116, '2!\xe4\xcf')
(1343307295.7281489, '-')
(1343307295.728174, 'cr\xe7\xcf')
(1343307295.7291839, '\rL: 118\n')
(1343307295.73318, '\rL: 118\n')
(1343307295.736043, 'S\x12\xe9\xd0')
(1343307295.736079, '2f\xeb\xd0')
(1343307295.736105, '2F\xf8\xd0')
(1343307295.736129, '2t\xfa\xd0')
(1343307295.7370901, '2C\x05\xd1')
(1343307295.7410121, '2o\x92\xd1')
(1343307295.741045, '+')
(1343307295.744091, '\rL: 118\n')
(1343307295.764401, '\rL: ')
(1343307295.7644639, '2IQ\xd2')
(1343307295.764508, '2P\x94\xd2')
(1343307295.764534, '2R\xb3\xd2')
(1343307295.7645569, 'rIN')
(1343307295.7645791, 'rNU')
(1343307295.7646029, 'S\x13\xd7\xd2')
(1343307295.764627, '2f\xd9\xd2')
(1343307295.7646511, '2F\xe6\xd2')
(1343307295.7646739, '2t\xe8\xd2')
(1343307295.764698, '2C\xf3\xd2')
(1343307295.7647209, '2o\x81\xd3')
(1343307295.7647431, '+')
(1343307295.764775, 'S\x14\x1c\xd4')
(1343307295.7647991, '2f\x1f\xd4')
(1343307295.764822, '2F+\xd4')
(1343307295.7648449, '2t-\xd4')
(1343307295.764868, '2!8\xd4')
(1343307295.76489, '-')
(1343307295.7649131, 'cr<\xd4')
(1343307295.7650449, 'S\x14\x9d\xd4')
(1343307295.7650781, '2f\x9f\xd4')
(1343307295.7651031, '2F\xac\xd4')
(1343307295.765126, '2t\xae\xd4')
(1343307295.7742219, '2C\xb9\xd4')
(1343307295.7742651, '2oG\xd5')
(1343307295.7742901, '+')
(1343307295.7743239, 'S\x15\xa4\xd5')
(1343307295.774349, '2f\xa6\xd5')
(1343307295.7743969, '2F\xb3\xd5')
(1343307295.7744229, '2t\xb5\xd5')
(1343307295.774446, '2C\xc0\xd5')
(1343307295.7943211, '2oM\xd6')
(1343307295.794394, '+')
(1343307295.7944379, 'S\x16\x9d\xd6')
(1343307295.7944641, '2f\xa0\xd6')
(1343307295.7944901, '2F\xac\xd6')
(1343307295.7945149, '2t\xae\xd6')
(1343307295.794539, '2!\xb9\xd6')
(1343307295.7945631, '-')
(1343307295.7945869, 'cr\xbd\xd6')
(1343307295.7946119, 'S\x16\x1c\xd7')
(1343307295.794637, '2f\x1f\xd7')
(1343307295.794661, '2F+\xd7')
(1343307295.7946849, '2t.\xd7')
(1343307295.7947221, '2C8\xd7')
(1343307295.7947471, '2o\xc6\xd7')
(1343307295.794769, '+')
(1343307295.794802, 'S\x17\x1c\xd8')
(1343307295.794827, '2f\x1f\xd8')
(1343307295.7948501, '2F+\xd8')
(1343307295.794874, '2t-\xd8')
(1343307295.7948971, '2C8\xd8')
(1343307295.798526, '2o\xc6\xd8')
(1343307295.7985671, '+')
(1343307295.8006971, '\rL: 118\n')
(1343307295.8027239, '2I\x84\xd9')
(1343307295.802763, 'S\x18\x88')
(1343307295.802789, '\xd9')
(1343307295.8028131, '2f\x8d\xd9')
(1343307295.803822, '2F\x99\xd9')
(1343307295.8038609, '2t\x9b\xd9')
(1343307295.8038859, '2!\xa6\xd9')
(1343307295.8039081, '-')
(1343307295.803932, 'cr\xaa\xd9')
(1343307295.80479, '2P\xb4\xd9')
(1343307295.80582, '2R\xd2\xd9')
(1343307295.8058591, 'rIN')
(1343307295.8058829, 'rFR')
(1343307295.808769, '\rL: 118\n')
(1343307295.8107581, 'S\x18\x8d\xda')
(1343307295.810797, '2f\x8f\xda')
(1343307295.811831, '2F\x9c\xda')
(1343307295.8118689, '2t\x9e\xda')
(1343307295.8118939, '2C\xa9\xda')
(1343307295.8170331, '2o6\xdb')
(1343307295.8170609, '+')
(1343307295.817596, '\rL: 118\n')
(1343307295.81952, 'S\x19\xb6\xdb')
(1343307295.82055, '2f\xb9\xdb')
(1343307295.8205681, '2F\xc6\xdb')
(1343307295.820581, '2t\xc8\xdb')
(1343307295.8205931, '2!\xd3\xdb')
(1343307295.8206041, '-')
(1343307295.8206151, 'cr\xd7\xdb')
(1343307295.824688, '\rL: 118\n')
(1343307295.8247199, '2IW\xdc')
(1343307295.8267119, '2P\x84\xdc')
(1343307295.8276041, '2R\xa1\xdc')
(1343307295.8276229, 'rIN')
(1343307295.827635, 'rNU')
(1343307295.8296311, '\rL: 118\n')
(1343307295.8326831, 'S\x19D\xdd')
(1343307295.8327219, '2fG\xdd')
(1343307295.8327351, '2FS\xdd')
(1343307295.832747, '2tU\xdd')
(1343307295.8335581, '2C`\xdd')
(1343307295.837589, '2o\xee\xdd')
(1343307295.83762, '+')
(1343307295.8386681, '\rL: 118\n')
(1343307295.844857, '\rL: 118\n')
(1343307295.8449171, 'S\x1a\xe7\xde')
(1343307295.8640931, '2f\xe9\xde')
(1343307295.864145, '2F\xf6\xde')
(1343307295.864172, '2t\xf8\xde')
(1343307295.8641961, '2!\x03\xdf')
(1343307295.864219, '-')
(1343307295.864243, 'cr\x06\xdf')
(1343307295.8642681, 'S\x1a\xa3\xdf')
(1343307295.8642919, '2f\xa6\xdf')
(1343307295.864316, '2F\xb3\xdf')
(1343307295.8643391, '2t\xb5\xdf')
(1343307295.8643849, '2C\xc0\xdf')
(1343307295.864414, '2oM\xe0')
(1343307295.8644371, '+')
(1343307295.864471, 'S\x1b\x9d\xe0')
(1343307295.864496, '2f\xa0\xe0')
(1343307295.8645189, '2F\xac\xe0')
(1343307295.864543, '2t\xae\xe0')
(1343307295.8645661, '2C\xb9\xe0')
(1343307295.864589, '2oG\xe1')
(1343307295.8646109, '+')
(1343307295.864728, '2Ir\xe1')
(1343307295.8841, '2Pv\xe1')
(1343307295.884156, '2R\x98\xe1')
(1343307295.8841829, 'rIN')
(1343307295.8842061, 'rFR')
(1343307295.8842299, '2P\xa7\xe1')
(1343307295.884254, '2R\xad\xe1')
(1343307295.8842771, 'rIN')
(1343307295.884299, 'rFR')
(1343307295.8843219, 'S\x1c\xcc\xe1')
(1343307295.884346, '2f\xce\xe1')
(1343307295.884403, '2F\xdb\xe1')
(1343307295.884433, '2t\xdd\xe1')
(1343307295.8844581, '2C\xe8\xe1')
(1343307295.884481, '2ov\xe2')
(1343307295.8845041, '+')
(1343307295.884537, 'S\x1d\xa6\xe2')
(1343307295.884562, '2f\xa8\xe2')
(1343307295.8845861, '2F\xb5\xe2')
(1343307295.8846099, '2t\xb7\xe2')
(1343307295.884634, '2C\xc2\xe2')
(1343307295.8846569, '2oO\xe3')
(1343307295.88468, '+')
(1343307295.884711, 'S\x1e\xa4\xe3')
(1343307295.8847361, '2f\xa6\xe3')
(1343307295.8847589, '2F\xb3\xe3')
(1343307295.884783, '2t\xb5\xe3')
(1343307295.8848059, '2C\xc0\xe3')
(1343307295.8873889, '2oM\xe4')
(1343307295.887423, '+')
(1343307295.89134, '\rL: ')
(1343307295.892293, '118\n')
(1343307295.894434, "2P'\xe5")
(1343307295.89447, '2RD\xe5')
(1343307295.894495, 'rIN')
(1343307295.895221, 'rNU')
(1343307295.8964629, 'S\x1fh\xe5')
(1343307295.896497, '2fk\xe5')
(1343307295.896522, '2Fw\xe5')
(1343307295.8965449, '2ty\xe5')
(1343307295.896569, '2C\x84\xe5')
(1343307295.901247, '2o\x12\xe6')
(1343307295.9012871, '+')
(1343307295.902241, '\rL: 118\n')
(1343307295.905262, 'S \x93\xe6')
(1343307295.9053049, '2f\x96\xe6')
(1343307295.9053309, '2F\xa2\xe6')
(1343307295.9053559, '2t\xa4\xe6')
(1343307295.906256, '2C\xaf\xe6')
(1343307295.9102681, '2o=\xe7')
(1343307295.9102869, '+')
(1343307295.91432, '\rL: 118\n')
(1343307295.9163411, '\rL: 118\n')
(1343307295.919251, '2I]\xe8')
(1343307295.9192851, 'S!d\xe8')
(1343307295.9193089, '2ff\xe8')
(1343307295.919332, '2Fs\xe8')
(1343307295.9193549, '2tu\xe8')
(1343307295.9201241, '2C\x81\xe8')
(1343307295.9240661, '2o\x0e\xe9')
(1343307295.9240999, '+')
(1343307295.925241, '2P!\xe9')
(1343307295.926163, '2R>\xe9')
(1343307295.9261999, 'rIN')
(1343307295.9262249, 'rNU')
(1343307295.929198, '\rL: 118\n')
(1343307295.9331851, '\rL: 118\n')
(1343307295.9332371, '2I0\xea')
(1343307295.9340529, '2P^\xea')
(1343307295.9351239, '2R{\xea')
(1343307295.935163, 'rIN')
(1343307295.936198, 'rNU')
(1343307295.9362359, 'S"\xa0\xea')
(1343307295.9370711, '2f\xa2\xea')
(1343307295.9371049, '2F\xaf\xea')
(1343307295.93713, '2t\xb1\xea')
(1343307295.937155, '2C\xbc\xea')
(1343307295.942158, '2oI\xeb')
(1343307295.942184, '+')
(1343307295.9451571, '\rL: 118\n')
(1343307295.948163, '\rL: 118\n')
(1343307295.950115, 'S#b\xec')
(1343307295.950134, '2fd\xec')
(1343307295.9511781, '2Ij\xec')
(1343307295.9512119, '2Ft\xec')
(1343307295.951237, '2tv\xec')
(1343307295.951262, '2C\x81\xec')
(1343307295.9561069, '2o\x0f\xed')
(1343307295.9561279, '+')
(1343307295.956146, '2P!\xed')
(1343307295.957166, '2R?\xed')
(1343307295.9571841, 'rIN')
(1343307295.957196, 'rNU')
(1343307295.9600019, '\rL: 118\n')
(1343307295.963959, '\rL: 118\n')
(1343307295.964021, '2I0\xee')
(1343307295.977185, '2P9\xee')
(1343307295.977212, '2RV\xee')
(1343307295.9772251, 'rIN')
(1343307295.977236, 'rNU')
(1343307295.977248, 'S$z\xee')
(1343307295.9772589, '2f}\xee')
(1343307295.9772711, '2F\x8a\xee')
(1343307295.977283, '2t\x8d\xee')
(1343307295.977294, '2C\x98\xee')
(1343307295.9773049, '2o%\xef')
(1343307295.9773171, '+')
(1343307295.9773331, 'S%\xa3\xef')
(1343307295.977345, '2f\xa6\xef')
(1343307295.9773569, '2F\xb3\xef')
(1343307295.9773681, '2t\xb5\xef')
(1343307295.97738, '2C\xbf\xef')
(1343307295.9939749, '2oM\xf0')
(1343307295.9940281, '+')
(1343307295.9940951, 'S&\x9d\xf0')
(1343307295.9941261, '2f\xa0\xf0')
(1343307295.9941511, '2F\xac\xf0')
(1343307295.9941759, '2t\xaf\xf0')
(1343307295.9942, '2C\xba\xf0')
(1343307295.994225, '2oG\xf1')
(1343307295.9942479, '+')
(1343307295.9942811, "S'\xa3\xf1")
(1343307295.9943061, '2f\xa6\xf1')
(1343307295.9943309, '2F\xb2\xf1')
(1343307295.994355, '2t\xb5\xf1')
(1343307295.99438, '2C\xc0\xf1')
(1343307295.996882, '2oM\xf2')
(1343307295.996901, '+')
(1343307295.9988501, 'S(\x9e\xf2')
(1343307295.998884, '2f\xa0\xf2')
(1343307295.9998519, '2F\xad\xf2')
(1343307295.9998851, '2t\xaf\xf2')
(1343307295.9999101, '2!\xba\xf2')
(1343307295.999933, '-')
(1343307295.9999571, 'cr\xbd\xf2')
(1343307296.003921, '\rL: 118\n')
(1343307296.005734, 'S(\x82\xf3')
(1343307296.005754, '2f\x84\xf3')
(1343307296.0068791, '2F\x91\xf3')
(1343307296.0069039, '2t\x93\xf3')
(1343307296.006917, '2C\x9e\xf3')
(1343307296.010721, '2o+\xf4')
(1343307296.010746, '+')
(1343307296.0127921, '\rL: 118\n')
(1343307296.014847, 'S)\xac\xf4')
(1343307296.0148859, '2f\xae\xf4')
(1343307296.0158441, '2F\xbb\xf4')
(1343307296.015877, '2t\xbd\xf4')
(1343307296.015903, '2C\xc8\xf4')
(1343307296.0207231, '2oU\xf5')
(1343307296.0207591, '+')
(1343307296.023813, '\rL: 118\n')
(1343307296.026722, '2I"\xf6')
(1343307296.026772, "2I'\xf6")
(1343307296.0278101, '\rL: 118\n')
(1343307296.0297079, '2P\x84\xf6')
(1343307296.030848, '2R\xa2\xf6')
(1343307296.030885, 'rIN')
(1343307296.03091, 'rFR')
(1343307296.0318241, 'S*\xc3\xf6')
(1343307296.031862, '2f\xc5\xf6')
(1343307296.0318871, '2F\xd2\xf6')
(1343307296.0319109, '2t\xd4\xf6')
(1343307296.0327809, '2C\xdf\xf6')
(1343307296.0366521, '2ol\xf7')
(1343307296.036691, '+')
(1343307296.039645, '\rL: 118\n')
(1343307296.04268, '\rL: 118\n')
(1343307296.0456591, 'S+\x89\xf8')
(1343307296.0456979, '2f')
(1343307296.045723, '\x8b\xf8')
(1343307296.045748, '2F\x9b\xf8')
(1343307296.0457721, '2t\x9d\xf8')
(1343307296.0465331, '2C\xa8\xf8')
(1343307296.050683, '2o5\xf9')
(1343307296.05072, '+')
(1343307296.050755, '2PH\xf9')
(1343307296.05177, '2Re\xf9')
(1343307296.0518069, 'rIN')
(1343307296.05268, 'rNU')
(1343307296.054491, '\rL: 118\n')
(1343307296.074414, '\rL: 118\n')
(1343307296.0744791, '2IV\xfa')
(1343307296.074507, 'S,r\xfa')
(1343307296.0745311, '2fu\xfa')
(1343307296.0745549, '2F\x83\xfa')
(1343307296.074578, '2t\x85\xfa')
(1343307296.0746019, '2C\x90\xfa')
(1343307296.074626, '2o\x1d\xfb')
(1343307296.07465, '+')
(1343307296.074681, '2P0\xfb')
(1343307296.0747049, '2RN\xfb')
(1343307296.074728, 'rIN')
(1343307296.0747499, 'rNU')
(1343307296.074774, 'S-\xa4\xfb')
(1343307296.0747981, '2f\xa6\xfb')
(1343307296.0748229, '2F\xb3\xfb')
(1343307296.074846, '2t\xb5\xfb')
(1343307296.0748701, '2!\xbf\xfb')
(1343307296.074893, '-')
(1343307296.074918, 'cr\xc3\xfb')
(1343307296.0749421, 'S-\x1c\xfc')
(1343307296.074965, '2f\x1e\xfc')
(1343307296.0749891, '2F+\xfc')
(1343307296.0750141, '2t-\xfc')
(1343307296.075135, '2!8\xfc')
(1343307296.075166, '-')
(1343307296.075191, 'cr;\xfc')
(1343307296.0944991, 'S-\x9d\xfc')
(1343307296.094547, '2f\xa0\xfc')
(1343307296.094573, '2F\xac\xfc')
(1343307296.0945981, '2t\xae\xfc')
(1343307296.0946219, '2C\xb9\xfc')
(1343307296.094646, '2oG\xfd')
(1343307296.0946691, '+')
(1343307296.094703, 'S.\xa3\xfd')
(1343307296.094728, '2f\xa6\xfd')
(1343307296.0947521, '2F\xb3\xfd')
(1343307296.094775, '2t\xb5\xfd')
(1343307296.094799, '2C\xc0\xfd')
(1343307296.0948219, '2oM\xfe')
(1343307296.0948451, '+')
(1343307296.0948761, '2Io\xfe')
(1343307296.0948999, '2Pr\xfe')
(1343307296.094923, '2It\xfe')
(1343307296.0949459, '2R\x94\xfe')
(1343307296.094969, 'rIN')
(1343307296.094991, 'rFR')
(1343307296.0950141, 'S/\xb7\xfe')
(1343307296.0950379, '2f\xba\xfe')
(1343307296.0950611, '2F\xc6\xfe')
(1343307296.0950849, '2t\xc8\xfe')
(1343307296.095108, '2!\xd3\xfe')
(1343307296.095135, '-')
(1343307296.095161, 'cr\xd7\xfe')
(1343307296.095185, '2P\xe0\xfe')
(1343307296.0954411, '2R\xe6\xfe')
(1343307296.095474, 'rIN')
(1343307296.0954981, 'rFR')
(1343307296.096477, 'S/\x1d\xff')
(1343307296.0965159, '2f\x1f\xff')
(1343307296.097384, '2F,\xff')
(1343307296.0974219, '2t.\xff')
(1343307296.0974469, '2C9\xff')
(1343307296.1013119, '2o\xc6\xff')
(1343307296.1013451, '+')
(1343307296.1054609, '\rL: 118\n')
(1343307296.108367, 'S0\x98\x00')
(1343307296.1084139, '2f\x9a\x00')
(1343307296.1084411, '2F\xa7\x00')
(1343307296.1084659, '2t\xa9\x00')
(1343307296.109319, '2C\xb4\x00')
(1343307296.1133871, '2oA\x01')
(1343307296.1134231, '+')
(1343307296.1143939, '\rL: 118\n')
(1343307296.1173451, 'S1\xc2\x01')
(1343307296.117382, '2f\xc4\x01')
(1343307296.117408, '2F\xd1\x01')
(1343307296.1182361, '2t\xd3\x01')
(1343307296.1182699, '2C\xde\x01')
(1343307296.122287, '2ok\x02')
(1343307296.122328, '+')
(1343307296.126287, '\rL: 118\n')
(1343307296.1293249, '\rL: 118\n')
(1343307296.1322949, 'S2\xa8\x03')
(1343307296.1323349, '2f\xaa\x03')
(1343307296.1323619, '2F\xb7\x03')
(1343307296.1323869, '2t\xb9\x03')
(1343307296.1334169, '2C\xc3\x03')
(1343307296.1373479, '2oQ\x04')
(1343307296.137387, '+')
(1343307296.1403339, '\rL: 118\n')
(1343307296.1443341, '\rL: 118\n')
(1343307296.146394, '2Ir\x05')
(1343307296.146436, 'S3}\x05')
(1343307296.146462, '2f\x81\x05')
(1343307296.147253, '2F\x8d\x05')
(1343307296.147301, '2t\x8f\x05')
(1343307296.14733, '2C\x9b\x05')
(1343307296.1522491, '2o(\x06')
(1343307296.1522911, '+')
(1343307296.1523261, '2P:\x06')
(1343307296.1532519, '2RX\x06')
(1343307296.1532941, 'rIN')
(1343307296.1533201, 'rNU')
(1343307296.1561439, '\rL: 118\n')
(1343307296.164222, '\rL: 118\n')
(1343307296.164279, '2IQ\x07')
(1343307296.1643071, 'S4_\x07')
(1343307296.164331, '2fa\x07')
(1343307296.164355, '2Fn\x07')
(1343307296.1643779, '2tp\x07')
(1343307296.1644011, '2C{\x07')
(1343307296.1844361, '2o\x08\x08')
(1343307296.184485, '+')
(1343307296.1845241, '2P\x1b\x08')
(1343307296.18455, '2R9\x08')
(1343307296.1845739, 'rIN')
(1343307296.184598, 'rNU')
(1343307296.184648, 'S5\xa4\x08')
(1343307296.1846769, '2f\xa6\x08')
(1343307296.1847019, '2F\xb3\x08')
(1343307296.184727, '2t\xb5\x08')
(1343307296.184752, '2!\xc0\x08')
(1343307296.184788, '-')
(1343307296.184813, 'cr\xc3\x08')
(1343307296.1848371, 'S5\x1c\t')
(1343307296.18486, '2f\x1e\t')
(1343307296.1848831, '2F+\t')
(1343307296.1849051, '2t-\t')
(1343307296.184927, '2C8\t')
(1343307296.1849501, '2o\xc6\t')
(1343307296.184973, '+')
(1343307296.1850049, 'S6\x1c\n')
(1343307296.185029, '2f\x1f\n')
(1343307296.185051, '2F+\n')
(1343307296.1850741, '2t-\n')
(1343307296.185096, '2C8\n')
(1343307296.195122, '2o\xc5\n')
(1343307296.1951711, '+')
(1343307296.1952071, 'S7\x1e\x0b')
(1343307296.1952331, '2f \x0b')
(1343307296.195256, '2F-\x0b')
(1343307296.1952789, '2t/\x0b')
(1343307296.1953399, '2!:\x0b')
(1343307296.195364, '-')
(1343307296.1953881, 'cr=\x0b')
(1343307296.1954119, 'S7\x9e\x0b')
(1343307296.195436, '2f\xa0\x0b')
(1343307296.1954601, '2F\xad\x0b')
(1343307296.1954839, '2t\xaf\x0b')
(1343307296.195508, '2C\xba\x0b')
(1343307296.2000189, '2oG\x0c')
(1343307296.2000539, '+')
(1343307296.2030029, '\rL: 118\n')
(1343307296.2069099, '\rL: 118\n')
(1343307296.2098761, 'S8\x8c\r')
(1343307296.2099111, '2f\x8e\r')
(1343307296.2099349, '2F\x9b\r')
(1343307296.209959, '2t\x9d\r')
(1343307296.2099819, '2C\xa8\r')
(1343307296.2150021, '2o5\x0e')
(1343307296.2150459, '+')
(1343307296.2179949, '\rL: 118\n')
(1343307296.2208359, '\rL: ')
(1343307296.220875, '118\n')
(1343307296.220901, '2I\xfb\x0e')
(1343307296.2228401, '2P4\x0f')
(1343307296.222882, '2RQ\x0f')
(1343307296.222908, 'rIN')
(1343307296.2239871, 'rFR')
(1343307296.2240231, 'S9q\x0f')
(1343307296.2240479, '2fs\x0f')
(1343307296.224962, '2F\x81\x0f')
(1343307296.2249811, '2t\x83\x0f')
(1343307296.224993, '2C\x8e\x0f')
(1343307296.229862, '2o\x1b\x10')
(1343307296.2299049, '+')
(1343307296.2328179, '\rL: 118\n')
(1343307296.2437811, '\rL: 118\n')
(1343307296.2438321, 'S:8\x11')
(1343307296.2438591, '2f:\x11')
(1343307296.2438829, '2I>\x11')
(1343307296.243906, '2FJ\x11')
(1343307296.2439289, '2tL\x11')
(1343307296.243952, '2CW\x11')
(1343307296.2439761, '2o\xe4\x11')
(1343307296.243999, '+')
(1343307296.2440319, '2P\xf7\x11')
(1343307296.255137, '2R\x16\x12')
(1343307296.255192, 'rIN')
(1343307296.255218, 'rNU')
(1343307296.2552421, 'S;<\x12')
(1343307296.255266, '2f>\x12')
(1343307296.25529, '2FK\x12')
(1343307296.2553129, '2tM\x12')
(1343307296.255337, '2CX\x12')
(1343307296.2553611, '2o\xe5\x12')
(1343307296.255384, '+')
(1343307296.2554171, 'S<"\x13')
(1343307296.2554419, '2f$\x13')
(1343307296.255465, '2F1\x13')
(1343307296.2554879, '2t3\x13')
(1343307296.255511, '2C=\x13')
(1343307296.264951, '2o\xcb\x13')
(1343307296.2649951, '+')
(1343307296.2650321, 'S=\x1c\x14')
(1343307296.265058, '2f\x1f\x14')
(1343307296.2650819, '2F+\x14')
(1343307296.265106, '2t.\x14')
(1343307296.2651291, '2!8\x14')
(1343307296.265152, '-')
(1343307296.2651761, 'cr;\x14')
(1343307296.2651999, 'S=\x9d\x14')
(1343307296.265223, '2f\x9f\x14')
(1343307296.2652471, '2F\xac\x14')
(1343307296.2655771, '2t\xae\x14')
(1343307296.265631, '2C\xb9\x14')
(1343307296.2696481, '2oF\x15')
(1343307296.2696829, '+')
(1343307296.2735929, '\rL: 118\n')
(1343307296.27669, '\rL: 118\n')
(1343307296.279593, 'S>\x82\x16')
(1343307296.2796309, '2f\x84\x16')
(1343307296.2796559, '2F\x91\x16')
(1343307296.279681, '2t\x93\x16')
(1343307296.280632, '2C\x9e\x16')
(1343307296.284646, '2o+\x17')
(1343307296.2846689, '+')
(1343307296.287514, '\rL: 118\n')
(1343307296.2904611, '2I\xf9\x17')
(1343307296.2904961, '\rL:')
(1343307296.2914431, ' 118\n')
(1343307296.293474, '2PJ\x18')
(1343307296.2945111, '2Ri\x18')
(1343307296.294549, 'rIN')
(1343307296.294574, 'rNU')
(1343307296.295572, 'S?\x8c\x18')
(1343307296.29561, '2f\x8f\x18')
(1343307296.2956359, '2F\x9c\x18')
(1343307296.29566, '2t\x9e\x18')
(1343307296.296442, '2C\xa9\x18')
(1343307296.300432, '2o6\x19')
(1343307296.3004651, '+')
(1343307296.303539, '\rL: 118\n')
(1343307296.3236389, '\rL: 118\n')
(1343307296.323683, 'S@E\x1a')
(1343307296.3236971, '2fG\x1a')
(1343307296.323709, '2FT\x1a')
(1343307296.3237209, '2IW\x1a')
(1343307296.3237319, '2Cd\x1a')
(1343307296.3237441, '2o\xf1\x1a')
(1343307296.323756, '+')
(1343307296.3237791, '2P\x05\x1b')
(1343307296.323791, '2R#\x1b')
(1343307296.3238029, 'rIN')
(1343307296.3238139, 'rNU')
(1343307296.3238249, 'SAH\x1b')
(1343307296.3238361, '2fK\x1b')
(1343307296.323848, '2FW\x1b')
(1343307296.3238699, '2tZ\x1b')
(1343307296.3238831, '2Cd\x1b')
(1343307296.323895, '2o\xf2\x1b')
(1343307296.3239059, '+')
(1343307296.3239219, "SB'\x1c")
(1343307296.3239341, '2f)\x1c')
(1343307296.336987, '2F6\x1c')
(1343307296.337014, '2t8\x1c')
(1343307296.3370271, '2CC\x1c')
(1343307296.337039, '2o\xd0\x1c')
(1343307296.33705, '+')
(1343307296.3370669, 'SC\x1c\x1d')
(1343307296.337079, '2f\x1f\x1d')
(1343307296.337091, '2F+\x1d')
(1343307296.3371019, '2t-\x1d')
(1343307296.3371141, '2C8\x1d')
(1343307296.3371251, '2o\xc5\x1d')
(1343307296.337137, '+')
(1343307296.3394761, 'SD\x1d\x1e')
(1343307296.3395081, '2f\x1f\x1e')
(1343307296.3395219, '2F,\x1e')
(1343307296.339534, '2t.\x1e')
(1343307296.339546, '2!9\x1e')
(1343307296.3395569, '-')
(1343307296.3395691, 'cr<\x1e')
(1343307296.3423541, 'SD\x9d\x1e')
(1343307296.343369, '2f\x9f\x1e')
(1343307296.3433959, '2F\xac\x1e')
(1343307296.3434131, '2t\xae\x1e')
(1343307296.343425, '2C\xb9\x1e')
(1343307296.348294, '2oG\x1f')
(1343307296.348335, '+')
(1343307296.3512969, '\rL: 118\n')
(1343307296.3542769, 'SE\x14 ')
(1343307296.3543179, '2f\x16 ')
(1343307296.3543439, '2F# ')
(1343307296.354367, '2t% ')
(1343307296.3552279, '2C0 ')
(1343307296.35934, '2o\xbd ')
(1343307296.3593819, '+')
(1343307296.3601899, '\rL: 118\n')
(1343307296.3653901, '\rL: 118\n')
(1343307296.365432, '2I\x8d!')
(1343307296.366333, '2I\x92!')
(1343307296.3673041, '2P\xc7!')
(1343307296.3681951, '2R\xe5!')
(1343307296.368228, 'rIN')
(1343307296.368252, 'rNU')
(1343307296.369334, 'SF\n"')
(1343307296.3693719, '2f\x0c"')
(1343307296.37023, '2F\x19"')
(1343307296.3702669, '2t\x1b"')
(1343307296.3702919, '2C&"')
(1343307296.375154, '2o\xb3"')
(1343307296.3752029, '+')
(1343307296.3761711, '\rL: 118\n')
(1343307296.3800819, '\rL: 118\n')
(1343307296.383146, 'SG\xc0#')
(1343307296.3831799, '2f\xc2#')
(1343307296.3832049, '2F\xcf#')
(1343307296.383229, '2t\xd1#')
(1343307296.384212, '2C\xdc#')
(1343307296.3881941, '2oi$')
(1343307296.388232, '+')
(1343307296.3912489, '\rL: 118\n')
(1343307296.3930759, '2I\n%')
(1343307296.39311, '2')
(1343307296.3931351, 'P\x0e%')
(1343307296.394177, '2R/%')
(1343307296.394213, 'rIN')
(1343307296.394237, 'rFR')
(1343307296.3952949, '\rL: 118\n')
(1343307296.3972499, '2P\x91%')
(1343307296.397284, '2R\x97%')
(1343307296.3973081, 'rIN')
(1343307296.397331, 'rFR')
(1343307296.4001219, '\rL: 118\n')
(1343307296.4052131, 'SHU&')
(1343307296.4052539, '2fW&')
(1343307296.405277, '2Fd&')
(1343307296.4052999, '2tf&')
(1343307296.4053221, '2Cq&')
(1343307296.4151461, '2o\xfe&')
(1343307296.41519, '+')
(1343307296.415226, '\rL: 118\n')
(1343307296.415266, "SI\xa4'")
(1343307296.4152911, "2f\xa6'")
(1343307296.415314, "2F\xb3'")
(1343307296.4153371, "2t\xb5'")
(1343307296.41536, "2!\xc0'")
(1343307296.4153831, '-')
(1343307296.415406, "cr\xc3'")
(1343307296.4251649, 'SI\x1c(')
(1343307296.4252081, '2f\x1e(')
(1343307296.4252341, '2F+(')
(1343307296.4252579, '2t-(')
(1343307296.4252801, '2C8(')
(1343307296.425303, '2o\xc5(')
(1343307296.4253261, '+')
(1343307296.4253581, 'SJ\x1c)')
(1343307296.4253831, '2f\x1f)')
(1343307296.425405, '2F+)')
(1343307296.4254279, '2t.)')
(1343307296.4339941, '2C8)')
(1343307296.4340379, '2o\xc6)')
(1343307296.4340751, '+')
(1343307296.4341099, 'SK\x1c*')
(1343307296.434134, '2f\x1f*')
(1343307296.4341569, '2F+*')
(1343307296.43418, '2t-*')
(1343307296.434202, '2!8*')
(1343307296.4342251, '-')
(1343307296.434247, 'cr<*')
(1343307296.445044, 'SK\x9d*')
(1343307296.4450991, '2f\x9f*')
(1343307296.445127, '2F\xac*')
(1343307296.4451511, '2t\xae*')
(1343307296.4451749, '2C\xb9*')
(1343307296.4451981, '2oF+')
(1343307296.4452209, '+')
(1343307296.4452541, 'SL\xa4+')
(1343307296.4452779, '2f\xa6+')
(1343307296.4453011, '2F\xb3+')
(1343307296.4453239, '2t\xb5+')
(1343307296.445797, '2C\xc0+')
(1343307296.4499781, '2oM,')
(1343307296.4500029, '+')
(1343307296.4518991, 'SM\x9d,')
(1343307296.451925, '2f\xa0,')
(1343307296.452955, '2F\xac,')
(1343307296.4529929, '2t\xae,')
(1343307296.4530151, '2C\xb9,')
(1343307296.457736, '2oG-')
(1343307296.4577601, '+')
(1343307296.458672, '2Ix-')
(1343307296.4586899, '2I}-')
(1343307296.460777, '\rL: 118\n')
(1343307296.462853, '2P\xfc-')
(1343307296.463877, '2R\x1c.')
(1343307296.463913, 'rIN')
(1343307296.463939, 'rFR')
(1343307296.4647319, 'SN>.')
(1343307296.4647729, '2f@.')
(1343307296.4657359, '2FM.')
(1343307296.4657691, '2tO.')
(1343307296.4657941, '2CZ.')
(1343307296.4696929, '2o\xe7.')
(1343307296.4697311, '+')
(1343307296.4716811, '\rL: 118\n')
(1343307296.4757991, '\rL: 118\n')
(1343307296.477751, 'SO\xef/')
(1343307296.4777939, '2f\xf2/')
(1343307296.4787619, '2F\xfe/')
(1343307296.478797, '2t\x010')
(1343307296.478822, '2C\x0c0')
(1343307296.4838209, '2o\x9a0')
(1343307296.483855, '+')
(1343307296.486604, '\rL: 118\n')
(1343307296.489625, '\rL: 118\n')
(1343307296.4915781, '2I\xbc1')
(1343307296.4936221, '\rL: 118\n')
(1343307296.4956651, '2P*2')
(1343307296.496649, '2RG2')
(1343307296.4966841, 'rIN')
(1343307296.4967091, 'rNU')
(1343307296.4976749, 'SPk2')
(1343307296.497709, '2fn2')
(1343307296.4977319, '2Fz2')
(1343307296.4977551, '2t}2')
(1343307296.4985819, '2C\x882')
(1343307296.5025849, '2o\x153')
(1343307296.5026231, '+')
(1343307296.5056319, '\rL: 118\n')
(1343307296.5244119, '\rL: 118\n')
(1343307296.524482, 'SQ*4')
(1343307296.5245099, '2f,4')
(1343307296.524534, '2I84')
(1343307296.5245571, '2F<4')
(1343307296.524579, '2t>4')
(1343307296.524601, '2CI4')
(1343307296.5246251, '2o\xd64')
(1343307296.524648, '+')
(1343307296.5246799, '2P\xe94')
(1343307296.524704, '2R\x085')
(1343307296.5247271, 'rIN')
(1343307296.524749, 'rNU')
(1343307296.5247719, 'SR45')
(1343307296.5247941, '2f75')
(1343307296.524816, '2FC5')
(1343307296.5248389, '2tE5')
(1343307296.5248599, '2CP5')
(1343307296.524977, '2o\xdd5')
(1343307296.525008, '+')
(1343307296.544358, 'SS+6')
(1343307296.5444059, '2f-6')
(1343307296.5444319, '2F:6')
(1343307296.5444551, '2t<6')
(1343307296.544477, '2CG6')
(1343307296.5445011, '2o\xd56')
(1343307296.5445249, '+')
(1343307296.544558, 'ST\x1c7')
(1343307296.5445819, '2f\x1f7')
(1343307296.544605, '2F+7')
(1343307296.5446279, '2t-7')
(1343307296.5446501, '2C87')
(1343307296.544673, '2o\xc57')
(1343307296.5446949, '+')
(1343307296.5447259, 'SU\x1c8')
(1343307296.54475, '2f\x1f8')
(1343307296.5447731, '2F+8')
(1343307296.544795, '2t-8')
(1343307296.544817, '2!88')
(1343307296.5448389, '-')
(1343307296.544862, 'cr<8')
(1343307296.5453589, 'SU\x9d8')
(1343307296.546504, '2f\xa08')
(1343307296.5465381, '2F\xac8')
(1343307296.5465629, '2t\xae8')
(1343307296.546587, '2C\xb98')
(1343307296.5513749, '2oG9')
(1343307296.55141, '+')
(1343307296.554451, '\rL: 118\n')
(1343307296.5575199, 'SV\x14:')
(1343307296.557564, '2f')
(1343307296.5575919, '\x16:')
(1343307296.557616, '2I\x1d:')
(1343307296.5584071, '2F(:')
(1343307296.558444, '2t*:')
(1343307296.5584669, '2!5:')
(1343307296.5584891, '-')
(1343307296.558511, 'cr8:')
(1343307296.559433, '\rL: 118\n')
(1343307296.561388, '2P\x93:')
(1343307296.562438, '2R\xb1:')
(1343307296.5624709, 'rIN')
(1343307296.5624959, 'rNU')
(1343307296.565491, '\rL: 118\n')
(1343307296.568347, 'SVv;')
(1343307296.5683661, '2fx;')
(1343307296.5683801, '2F\x86;')
(1343307296.568392, '2t\x88;')
(1343307296.5692389, '2C\x93;')
(1343307296.573247, '2o!<')
(1343307296.5732701, '+')
(1343307296.5742259, '\rL: 118\n')
(1343307296.57939, '\rL: 118\n')
(1343307296.5822749, 'SW@=')
(1343307296.5823081, '2fB')
(1343307296.5823319, '=')
(1343307296.5823541, '2FQ=')
(1343307296.582376, '2tS=')
(1343307296.583317, '2C^=')
(1343307296.5873649, '2o\xeb=')
(1343307296.587405, '+')
(1343307296.588192, '2P\xfe=')
(1343307296.589196, '2R\x1d>')
(1343307296.5892291, 'rIN')
(1343307296.5892529, 'rNU')
(1343307296.591229, '\rL: 118\n')
(1343307296.594641, '\rL: 118\n')
(1343307296.614403, '2I\r?')
(1343307296.6144559, 'SX\x19?')
(1343307296.6144819, '2f\x1c?')
(1343307296.6145051, '2F(?')
(1343307296.6145279, '2t*?')
(1343307296.614563, '2C5?')
(1343307296.6145871, '2o\xc3?')
(1343307296.61461, '+')
(1343307296.6146419, '2P\xd6?')
(1343307296.614666, '2R\xf3?')
(1343307296.6146891, 'rIN')
(1343307296.614711, 'rNU')
(1343307296.614733, 'SY(@')
(1343307296.614754, '2f*@')
(1343307296.6147759, '2F7@')
(1343307296.6147981, '2t9@')
(1343307296.61482, '2CD@')
(1343307296.6148429, '2o\xd1@')
(1343307296.6148651, '+')
(1343307296.6148951, 'SZ\x1cA')
(1343307296.6149189, '2f\x1fA')
(1343307296.6149409, '2F+A')
(1343307296.6149631, '2t.A')
(1343307296.614985, '2C9A')
(1343307296.6344509, '2o\xc6A')
(1343307296.6345091, '+')
(1343307296.634547, 'S[\x1cB')
(1343307296.6345711, '2f\x1fB')
(1343307296.6345949, '2F+B')
(1343307296.6346171, '2t-B')
(1343307296.63464, '2!8B')
(1343307296.6346619, '-')
(1343307296.6346841, 'cr<B')
(1343307296.634707, 'S[\x9dB')
(1343307296.634733, '2f\xa0B')
(1343307296.6347561, '2F\xacB')
(1343307296.634779, '2t\xafB')
(1343307296.6348021, '2C\xb9B')
(1343307296.634825, '2oFC')
(1343307296.6348469, '+')
(1343307296.6348779, 'S\\\xa4C')
(1343307296.634902, '2f\xa6C')
(1343307296.6349249, '2F\xb3C')
(1343307296.634948, '2t\xb5C')
(1343307296.6349699, '2C\xc0C')
(1343307296.6370349, '2oMD')
(1343307296.6370721, '+')
(1343307296.642066, '\rL: 118\n')
(1343307296.6440589, '2I\x1dE')
(1343307296.644093, '2I"E')
(1343307296.6441171, '2P)E')
(1343307296.6450901, '2RGE')
(1343307296.645129, 'rIN')
(1343307296.645153, 'rFR')
(1343307296.6460371, 'S]hE')
(1343307296.646075, '2fjE')
(1343307296.6461, '2FwE')
(1343307296.6461229, '2tyE')
(1343307296.6470089, '2C\x84E')
(1343307296.6510351, '2o\x12F')
(1343307296.651068, '+')
(1343307296.6519821, '\rL: 118\n')
(1343307296.654953, 'S^\x92F')
(1343307296.654989, '2f\x94F')
(1343307296.655014, '2F\xa1F')
(1343307296.6559751, '2t\xa3F')
(1343307296.6560149, '2C\xaeF')
(1343307296.6599281, '2o<G')
(1343307296.6599629, '+')
(1343307296.6640539, '\rL: 118\n')
(1343307296.6660149, 'S_\tH')
(1343307296.6668799, '2f\x0bH')
(1343307296.666914, '2F\x18H')
(1343307296.666939, '2t\x1aH')
(1343307296.6669619, '2C%H')
(1343307296.6718941, '2o\xb2H')
(1343307296.671931, '+')
(1343307296.672868, '\rL: 118\n')
(1343307296.677906, '\rL: 118\n')
(1343307296.680053, 'S`\xc6I')
(1343307296.6800921, '2f\xc8I')
(1343307296.6809649, '2I\xd3I')
(1343307296.6810019, '2F\xd8I')
(1343307296.6810269, '2t\xdaI')
(1343307296.6810501, '2C\xe5I')
(1343307296.6847789, '2orJ')
(1343307296.6848171, '+')
(1343307296.685755, '2P\x86J')
(1343307296.686698, '2R\xa4J')
(1343307296.6867349, 'rIN')
(1343307296.686759, 'rNU')
(1343307296.6898201, '\rL: 118\n')
(1343307296.6918161, '\rL: 118\n')
(1343307296.6938939, '2I\x93K')
(1343307296.694824, 'Sa\xacK')
(1343307296.6948631, '2f\xaeK')
(1343307296.6948881, '2F\xbbK')
(1343307296.695915, '2t\xbdK')
(1343307296.6959529, '2C\xc7K')
(1343307296.699784, '2oUL')
(1343307296.699821, '+')
(1343307296.7007661, '2PgL')
(1343307296.7018549, '2R\x86L')
(1343307296.7018881, 'rIN')
(1343307296.7019119, 'rNU')
(1343307296.704809, '\rL: 118\n')
(1343307296.707866, 'SbKM')
(1343307296.7079, '2fMM')
(1343307296.7079229, '2FZM')
(1343307296.7079461, '2t\\M')
(1343307296.7087269, '2!gM')
(1343307296.7087591, '-')
(1343307296.708782, 'crjM')
(1343307296.7097239, '\rL: 118\n')
(1343307296.713619, '\rL: 118\n')
(1343307296.7342999, 'SblN')
(1343307296.7343459, '2fnN')
(1343307296.7343991, '2F{N')
(1343307296.734426, '2t}N')
(1343307296.7344511, '2C\x88N')
(1343307296.7344749, '2o\x16O')
(1343307296.734498, '+')
(1343307296.73453, '\rL: 118\n')
(1343307296.73457, 'Sc\xb6O')
(1343307296.7345941, '2f\xb8O')
(1343307296.734617, '2F\xc5O')
(1343307296.7346399, '2t\xc7O')
(1343307296.734663, '2C\xd2O')
(1343307296.7346859, '2o_P')
(1343307296.7347081, '+')
(1343307296.7347381, 'Sd\xa5P')
(1343307296.734762, '2f\xa7P')
(1343307296.7347851, '2F\xb4P')
(1343307296.7348981, '2t\xb6P')
(1343307296.73493, '2C\xc1P')
(1343307296.746165, '2oNQ')
(1343307296.7462139, '+')
(1343307296.7462511, 'Se\xa4Q')
(1343307296.7462771, '2f\xa6Q')
(1343307296.7463, '2F\xb3Q')
(1343307296.7463231, '2t\xb5Q')
(1343307296.746346, '2C\xbfQ')
(1343307296.7464681, '2oMR')
(1343307296.7465, '+')
(1343307296.747643, '2IxR')
(1343307296.7476809, '2P{R')
(1343307296.748512, '2R\x9dR')
(1343307296.7495711, 'rIN')
(1343307296.749608, 'rFR')
(1343307296.750644, 'Sf\xbfR')
(1343307296.7506821, '2f\xc1R')
(1343307296.750706, '2F\xceR')
(1343307296.7507291, '2t\xd0R')
(1343307296.7507529, '2!\xdbR')
(1343307296.7507751, '-')
(1343307296.7507989, 'cr\xdeR')
(1343307296.7514789, '2P\xe8R')
(1343307296.751513, '2R\xeeR')
(1343307296.7515371, 'rIN')
(1343307296.751559, 'rFR')
(1343307296.754673, '\rL: 118\n')
(1343307296.7585731, '\rL: 118\n')
(1343307296.760571, 'Sf%T')
(1343307296.76156, "2f'T")
(1343307296.7615969, '2F4T')
(1343307296.761621, '2t6T')
(1343307296.7616429, '2CAT')
(1343307296.7666171, '2o\xceT')
(1343307296.766664, '+')
(1343307296.769402, '\rL: 118\n')
(1343307296.7749419, 'Sg\x82U')
(1343307296.7749829, '2f\x84U')
(1343307296.775008, '2F\x91U')
(1343307296.775032, '2t\x93U')
(1343307296.7750559, '2C\x9eU')
(1343307296.7860341, '2o+V')
(1343307296.786073, '+')
(1343307296.786108, '\rL: 118\n')
(1343307296.7861471, 'Sh\xabV')
(1343307296.7861719, '2f\xadV')
(1343307296.786195, '2F\xbaV')
(1343307296.7862179, '2t\xbcV')
(1343307296.786257, '2C\xc7V')
(1343307296.7862821, '2oTW')
(1343307296.7863891, '+')
(1343307296.7978771, 'Si\xa4W')
(1343307296.797936, '2f\xa6W')
(1343307296.7979629, '2F\xb3W')
(1343307296.7979879, '2t\xb5W')
(1343307296.7980111, '2C\xc0W')
(1343307296.7980349, '2oMX')
(1343307296.798058, '+')
(1343307296.7980909, 'Sj\x9dX')
(1343307296.798131, '2f\xa0X')
(1343307296.798157, '2F\xacX')
(1343307296.7981801, '2t\xaeX')
(1343307296.798203, '2C\xbaX')
(1343307296.8012249, '2oGY')
(1343307296.801259, '+')
(1343307296.8042049, '\rL: 118\n')
(1343307296.8051929, '2I\xe1Y')
(1343307296.8063371, '2P\xfaY')
(1343307296.8072491, '2R\x18Z')
(1343307296.8072929, 'rIN')
(1343307296.8073189, 'rNU')
(1343307296.8102119, '\rL: 118\n')
(1343307296.812242, 'Sk\xbcZ')
(1343307296.8122809, '2f\xbfZ')
(1343307296.8131981, '2F\xcbZ')
(1343307296.813236, '2t\xcdZ')
(1343307296.8132601, '2C\xd8Z')
(1343307296.8173311, '2of[')
(1343307296.817374, '+')
(1343307296.8191869, '\rL: 118\n')
(1343307296.8241439, '\rL: 118\n')
(1343307296.834213, 'Sl_\\')
(1343307296.8342509, '2fa\\')
(1343307296.834264, '2Fn\\')
(1343307296.834275, '2tp\\')
(1343307296.834286, '2C{\\')
(1343307296.8342979, '2o\x08]')
(1343307296.8343101, '+')
(1343307296.845242, 'Sm\xa4]')
(1343307296.845268, '2f\xa6]')
(1343307296.8452809, '2F\xb3]')
(1343307296.845293, '2t\xb5]')
(1343307296.845304, '2!\xc0]')
(1343307296.845315, '-')
(1343307296.8453269, 'cr\xc3]')
(1343307296.8453391, 'Sm\x1c^')
(1343307296.84535, '2f\x1e^')
(1343307296.845361, '2F+^')
(1343307296.845372, '2t-^')
(1343307296.8453829, '2C8^')
(1343307296.8453939, '2o\xc6^')
(1343307296.8454051, '+')
(1343307296.8643889, 'Sn\x1c_')
(1343307296.864455, '2f\x1f_')
(1343307296.8644819, '2F+_')
(1343307296.864506, '2t-_')
(1343307296.8645289, '2C8_')
(1343307296.864552, '2o\xc6_')
(1343307296.8645749, '+')
(1343307296.864609, 'So\x1c`')
(1343307296.8646331, '2f\x1f`')
(1343307296.864656, '2F+`')
(1343307296.8646779, '2t-`')
(1343307296.8647001, '2!8`')
(1343307296.864722, '-')
(1343307296.8647439, 'cr<`')
(1343307296.8647671, 'So\x9d`')
(1343307296.86479, '2f\x9f`')
(1343307296.864814, '2F\xac`')
(1343307296.8648369, '2t\xae`')
(1343307296.8648601, '2C\xb9`')
(1343307296.864882, '2oFa')
(1343307296.8649051, '+')
(1343307297.024642, '2IOu')
(1343307297.0247121, '2PSu')
(1343307297.024739, '2Ipu')
(1343307297.0247681, '2Rsu')
(1343307297.024792, 'rIN')
(1343307297.0248151, 'rFR')
(1343307297.024837, '2Pzu')
(1343307297.0248611, '2R\x8eu')
(1343307297.024884, 'rIN')
(1343307297.0249059, 'rFR')
(1343307297.036463, '2I\xb3v')
(1343307297.036509, '2P\xb6v')
(1343307297.036535, '2I\xccv')
(1343307297.0365591, '2R\xcfv')
(1343307297.036582, 'rIN')
(1343307297.0366049, 'rFR')
(1343307297.036629, '2P\xd8v')
(1343307297.0366521, '2I\xdev')
(1343307297.036675, '2I\xe1v')
(1343307297.0366981, '2R\xe4v')
(1343307297.03672, 'rIN')
(1343307297.0367529, 'rFR')
(1343307297.036777, '2P\xebv')
(1343307297.0367999, '2R\xf1v')
(1343307297.0368221, 'rIN')
(1343307297.036844, 'rFR')
(1343307298.0240581, '2IR\xf5')
(1343307298.024117, '2PU\xf5')
(1343307298.0241439, '2R_\xf5')
(1343307298.0241711, '2S\x1e\x00\x00\x0fya\xf5')
(1343307299.024066, '2IUu')
(1343307299.0241261, '2PXu')
(1343307299.024153, '2Rbu')
(1343307299.0241799, '2S\x1e\x00\x00\x0fzdu')
