(1343307256.901166, '#\x80\x80b\xa3>\x00\x00\x1f\x9f\xc3#\x80')
(1343307256.91137, '\rMAC c1:0c:00:00:00:00:00:02 Contiki-v1.2-12-g4fe9477 started. Node id is set to 2.\n')
(1343307256.911515, '\rCSMA nullrdc, channel check rate 256 Hz, radio channel 26\n')
(1343307256.91154, '\rTentative link-local IPv6 address fe80:0000:0000:0000:c30c:0000:0000:0002\n')
(1343307256.911702, "\rStarting 'node process' 'node blinky'\n")
(1343307256.91173, '\rnode started\n')
(1343307257.041171, '2I\xcbC')
(1343307257.04125, '2P\xcfC')
(1343307257.051076, '2R\xd8C')
(1343307257.051134, '2S\x1e\x00\x00\x0fP\xdaC')
(1343307259.171327, '\rRime started with address 193.12.0.0.0.0.0.2\n')
(1343307259.1714, '\rMAC c1:0c:00:00:00:00:00:02 Contiki-v1.2-12-g4fe9477 started. Node id is set to 2.\n')
(1343307259.17154, '2I?3')
(1343307259.171563, '\rCSMA nullrdc, channel check rate 256 Hz, radio channel 26\n')
(1343307259.171586, '\rTentative link-local IPv6 address fe80:0000:0000:0000:c30c:0000:0000:0002\n')
(1343307259.171785, "\rStarting 'node process' 'node blinky'\n")
(1343307259.171813, '\rnode started\n')
(1343307259.171848, '2P\x974')
(1343307259.171871, '2R\x9c4')
(1343307259.171891, 'rIN')
(1343307259.171911, 'rFR')
(1343307260.041837, '2I\xd8\xa2')
(1343307260.041893, '2P\xdc\xa2')
(1343307260.050927, '2R\xe5\xa2')
(1343307260.050992, '2S\x1e\x00\x00\x0fS\xe8\xa2')
(1343307260.861878, '2I\xe5\x0c')
(1343307260.861933, '2P\xe9\x0c')
(1343307260.861957, '2R\xfc\x0c')
(1343307260.861979, 'rIN')
(1343307260.862, 'D\xb7\x05\r')
(1343307260.862021, 'ci\x07\r')
(1343307261.041841, '2I\xd7"')
(1343307261.041896, '2P\xdb"')
(1343307261.058829, '2R\xe5"')
(1343307261.058895, '2S\x1e\x00\x00\x0fT\xe7"')
(1343307262.0412, '2I\xd6\xa2')
(1343307262.041287, '2P\xda\xa2')
(1343307262.050978, '2R\xe3\xa2')
(1343307262.051066, '2S\x1e\x00\x00\x0fU\xe6\xa2')
(1343307262.209854, '2Ig\xba')
(1343307262.221267, '2Pk\xba')
(1343307262.221313, '2R\x84\xba')
(1343307262.221337, 'rIN')
(1343307262.221359, 'D\xb8\x8b\xba')
(1343307262.221382, 'ci\x8e\xba')
(1343307263.041914, '2I\xd5"')
(1343307263.050984, '2P\xd9"')
(1343307263.061029, '2R\xe2"')
(1343307263.061096, '2S\x1e\x00\x00\x0fV\xe4"')
(1343307264.041875, '2I\xd4\xa2')
(1343307264.041932, '2P\xd8\xa2')
(1343307264.05009, '2R\xe1\xa2')
(1343307264.05013, '2S\x1e\x00\x00\x0fW\xe3\xa2')
(1343307265.038908, '2I\xd3"')
(1343307265.038991, '2P\xd6"')
(1343307265.041925, '2R\xe0"')
(1343307265.041963, '2S\x1e\x00\x00\x0fX\xe2"')
(1343307265.078882, '2I\x19)')
(1343307265.078958, '2P\x1d)')
(1343307265.086961, '2R5)')
(1343307265.087001, 'rIN')
(1343307265.087027, 'D\x0b<)')
(1343307265.087049, 'ci?)')
(1343307265.087084, 'S2\xb1)')
(1343307265.087108, '2f\xb3)')
(1343307265.087129, '2F\xbb)')
(1343307265.087151, '2t\xbe)')
(1343307265.087172, '2C\xc9)')
(1343307265.094686, '2o&*')
(1343307265.094742, '+')
(1343307266.049244, '2I\xd1\xa2')
(1343307266.049311, '2P\xd5\xa2')
(1343307266.059211, '2R\xde\xa2')
(1343307266.05927, '2S\x1e\x00\x00\x0fY\xe1\xa2')
(1343307266.085837, 'S\x01#\xaa')
(1343307266.085894, '2f%\xaa')
(1343307266.085919, '2F0\xaa')
(1343307266.085941, '2t2\xaa')
(1343307266.089871, '2C=\xaa')
(1343307266.089908, '2o\xb9\xaa')
(1343307266.089932, '+')
(1343307266.101874, '2I\xc1\xab')
(1343307266.101924, '2P\xc5\xab')
(1343307266.109296, '2R\xd8\xab')
(1343307266.109341, 'rIN')
(1343307266.109366, 'D\xb9\xe0\xab')
(1343307266.10939, 'ci\xe2\xab')
(1343307267.041842, '2I\xd0"')
(1343307267.041899, '2P\xd4"')
(1343307267.049783, '2R\xdd"')
(1343307267.049827, '2S\x1e\x00\x00\x0fZ\xe0"')
(1343307268.041027, '2I\xcf\xa2')
(1343307268.041108, '2P\xd3\xa2')
(1343307268.050898, '2R\xdc\xa2')
(1343307268.050957, '2S\x1e\x00\x00\x0f[\xdf\xa2')
(1343307269.041084, '2I\xce"')
(1343307269.04116, '2P\xd2"')
(1343307269.049964, '2R\xdb"')
(1343307269.050012, '2S\x1e\x00\x00\x0f\\\xde"')
(1343307269.409836, '2I\tR')
(1343307269.40989, '2P\rR')
(1343307269.429182, '2R%R')
(1343307269.429248, 'rIN')
(1343307269.429305, 'D\x0c,R')
(1343307269.429336, 'ci/R')
(1343307269.42942, 'S\x02\xa2R')
(1343307269.429444, '2f\xa4R')
(1343307269.429482, '2F\xacR')
(1343307269.429504, '2t\xafR')
(1343307269.429525, '2C\xbaR')
(1343307269.429546, '2o\x17S')
(1343307269.429566, '+')
(1343307269.45914, 'S\x03BY')
(1343307269.459218, '2fDY')
(1343307269.459262, '2FLY')
(1343307269.459303, '2tOY')
(1343307269.459342, '2CZY')
(1343307269.459382, '2o\xb7Y')
(1343307269.459421, '+')
(1343307269.681847, '2I_u')
(1343307269.690893, '2Pcu')
(1343307269.690953, '2R{u')
(1343307269.690999, 'rIN')
(1343307269.691047, 'D\xba\x84u')
(1343307269.691091, 'ci\x86u')
(1343307270.048647, '2I\xcd\xa2')
(1343307270.048712, '2P\xd1\xa2')
(1343307270.059748, '2R\xda\xa2')
(1343307270.05982, '2S\x1e\x00\x00\x0f]\xdc\xa2')
(1343307271.041854, '2I\xcc"')
(1343307271.041949, '2P\xd0"')
(1343307271.061004, '2R\xd9"')
(1343307271.061067, '2S\x1e\x00\x00\x0f^\xdb"')
(1343307272.041839, '2I\xca\xa2')
(1343307272.041894, '2P\xce\xa2')
(1343307272.049818, '2R\xd8\xa2')
(1343307272.049857, '2S\x1e\x00\x00\x0f_\xda\xa2')
(1343307272.909868, 'S\x04\xa8\x12')
(1343307272.909925, '2f\xaa\x12')
(1343307272.909949, '2F\xb4\x12')
(1343307272.909971, '2t\xb7\x12')
(1343307272.921783, '2C\xc2\x12')
(1343307272.92182, '2o>\x13')
(1343307272.921843, '+')
(1343307273.041169, '2I\xc9"')
(1343307273.041245, '2P\xcd"')
(1343307273.051023, '2R\xd6"')
(1343307273.051081, '2S\x1e\x00\x00\x0f`\xd9"')
(1343307274.041843, '2I\xc8\xa2')
(1343307274.041899, '2P\xcc\xa2')
(1343307274.059528, '2R\xd5\xa2')
(1343307274.059596, '2S\x1e\x00\x00\x0fa\xd8\xa2')
(1343307275.041801, '2I\xc7"')
(1343307275.041841, '2P\xcb"')
(1343307275.060863, '2R\xd4"')
(1343307275.060929, '2S\x1e\x00\x00\x0fb\xd7"')
(1343307275.481883, '2I\xe7\\')
(1343307275.481939, '2P\xeb\\')
(1343307275.481962, '2R\x03]')
(1343307275.481984, 'rIN')
(1343307275.482005, 'D\xbb\x0b]')
(1343307275.482026, 'ci\r]')
(1343307276.02983, '2I\xc6\xa2')
(1343307276.039237, '2P\xca\xa2')
(1343307276.053823, '2R\xd3\xa2')
(1343307276.053863, '2S\x1e\x00\x00\x0fc\xd6\xa2')
(1343307277.041846, '2I\xc5"')
(1343307277.041901, '2P\xc9"')
(1343307277.058479, '2R\xd2"')
(1343307277.058529, '2S\x1e\x00\x00\x0fd\xd4"')
(1343307278.041208, '2I\xc4\xa2')
(1343307278.041798, '2P\xc7\xa2')
(1343307278.049785, '2R\xd1\xa2')
(1343307278.049824, '2S\x1e\x00\x00\x0fe\xd3\xa2')
(1343307278.569845, '2I^\xe6')
(1343307278.569901, '2Pb\xe6')
(1343307278.581913, '2Ru\xe6')
(1343307278.581947, 'rIN')
(1343307278.58197, 'D\xbc}\xe6')
(1343307278.581993, 'ci\x7f\xe6')
(1343307278.582025, 'S\x05\xda\xe6')
(1343307278.582049, '2f\xdd\xe6')
(1343307278.58207, '2F\xe5\xe6')
(1343307278.582092, '2t\xe8\xe6')
(1343307278.582113, '2C\xf3\xe6')
(1343307278.582134, '2oP\xe7')
(1343307278.582155, '+')
(1343307278.849277, '2I\xe6\x08')
(1343307278.849333, '2P\xea\x08')
(1343307278.849356, '2R\x03\t')
(1343307278.849378, 'rIN')
(1343307278.849397, 'D\r\n\t')
(1343307278.849417, 'ci\r\t')
(1343307279.038913, '2I\xc2"')
(1343307279.038977, '2P\xc6"')
(1343307279.049056, '2R\xcf"')
(1343307279.049094, '2S\x1e\x00\x00\x0ff\xd2"')
(1343307280.029823, '2I\xc1\xa2')
(1343307280.039171, '2P\xc5\xa2')
(1343307280.04187, '2R\xce\xa2')
(1343307280.041909, '2S\x1e\x00\x00\x0fg\xd1\xa2')
(1343307280.389319, 'S\x06\xa9\xcf')
(1343307280.389377, '2f\xac\xcf')
(1343307280.389401, '2F\xb6\xcf')
(1343307280.389424, '2t\xb8\xcf')
(1343307280.389445, '2C\xc3\xcf')
(1343307280.389467, '2o?\xd0')
(1343307280.389487, '+')
(1343307281.041056, '2I\xc0"')
(1343307281.041124, '2P\xc4"')
(1343307281.050972, '2R\xce"')
(1343307281.05103, '2S\x1e\x00\x00\x0fh\xd0"')
(1343307282.02983, '2I\xbf\xa2')
(1343307282.041039, '2P\xc3\xa2')
(1343307282.041911, '2R\xcc\xa2')
(1343307282.041948, '2S\x1e\x00\x00\x0fi\xcf\xa2')
(1343307282.077833, '2I`\xa9')
(1343307282.077893, '2Pd\xa9')
(1343307282.081882, '2R{\xa9')
(1343307282.081918, 'rIN')
(1343307282.081942, 'D\xbd\x84\xa9')
(1343307282.081965, 'ci\x86\xa9')
(1343307283.041062, '2I\xbe"')
(1343307283.041119, '2P\xc2"')
(1343307283.041778, '2R\xcb"')
(1343307283.041814, '2S\x1e\x00\x00\x0fj\xcd"')
(1343307284.031138, '2I\xbd\xa2')
(1343307284.031194, '2P\xc1\xa2')
(1343307284.049537, '2R\xca\xa2')
(1343307284.049662, '2S\x1e\x00\x00\x0fk\xcc\xa2')
(1343307285.041838, '2I\xbb"')
(1343307285.041895, '2P\xbf"')
(1343307285.049777, '2R\xc9"')
(1343307285.049816, '2S\x1e\x00\x00\x0fl\xcb"')
(1343307286.029831, '2I\xba\xa2')
(1343307286.03844, '2P\xbe\xa2')
(1343307286.04185, '2R\xc7\xa2')
(1343307286.041888, '2S\x1e\x00\x00\x0fm\xca\xa2')
(1343307287.040964, '2I\xb9"')
(1343307287.041765, '2P\xbd"')
(1343307287.060153, '2R\xc6"')
(1343307287.060217, '2S\x1e\x00\x00\x0fn\xc9"')
(1343307287.331152, 'S\x07BH')
(1343307287.331212, '2fDH')
(1343307287.333889, '2FLH')
(1343307287.333925, '2tOH')
(1343307287.333946, '2CZH')
(1343307287.333969, '2o\xb7H')
(1343307287.33399, '+')
(1343307287.374046, '2IEO')
(1343307287.377851, '2PIO')
(1343307287.381888, '2RcO')
(1343307287.381923, 'rIN')
(1343307287.38195, 'D\x0ekO')
(1343307287.381972, 'cimO')
(1343307287.382003, 'S\x08\xbfO')
(1343307287.382025, '2f\xc1O')
(1343307287.382046, '2F\xcdO')
(1343307287.382067, '2t\xcfO')
(1343307287.382088, '2C\xdaO')
(1343307287.38981, '2ohP')
(1343307287.389846, '+')
(1343307288.041842, '2I\xb8\xa2')
(1343307288.041898, '2P\xbc\xa2')
(1343307288.051203, '2R\xc5\xa2')
(1343307288.051261, '2S\x1e\x00\x00\x0fo\xc8\xa2')
(1343307289.029833, '2I\xb7"')
(1343307289.041084, '2P\xbb"')
(1343307289.041817, '2R\xc4"')
(1343307289.041854, '2S\x1e\x00\x00\x0fp\xc6"')
(1343307289.929827, '2I\xe5\x94')
(1343307289.939842, '2P\xe9\x94')
(1343307289.949603, '2R\xfc\x94')
(1343307289.949657, 'rIN')
(1343307289.949698, 'D\xbe\x05\x95')
(1343307289.949735, 'ci\x07\x95')
(1343307289.949777, 'S\tb\x95')
(1343307289.949799, '2fd\x95')
(1343307289.949821, '2Fm\x95')
(1343307289.949842, '2to\x95')
(1343307289.949862, '2Cz\x95')
(1343307289.949884, '2o\xd7\x95')
(1343307289.949904, '+')
(1343307290.041115, '2I\xb6\xa2')
(1343307290.04119, '2P\xba\xa2')
(1343307290.050988, '2R\xc3\xa2')
(1343307290.051047, '2S\x1e\x00\x00\x0fq\xc5\xa2')
(1343307290.869837, '2I3\r')
(1343307290.879216, '2P7\r')
(1343307290.881847, '2RN\r')
(1343307290.881881, 'rIN')
(1343307290.881908, 'D\x0fV\r')
(1343307290.88193, 'ciX\r')
(1343307291.041882, '2I\xb5"')
(1343307291.041938, '2P\xb8"')
(1343307291.041961, '2R\xc2"')
(1343307291.041986, '2S\x1e\x00\x00\x0fr\xc4"')
(1343307292.041882, '2I\xb3\xa2')
(1343307292.041939, '2P\xb7\xa2')
(1343307292.06094, '2R\xc0\xa2')
(1343307292.061008, '2S\x1e\x00\x00\x0fs\xc3\xa2')
(1343307293.061036, '2I\xb2"')
(1343307293.061138, '2P\xb6"')
(1343307293.061846, '2R\xbf"')
(1343307293.061882, '2S\x1e\x00\x00\x0ft\xc2"')
(1343307293.749829, '2I_\x7f')
(1343307293.758585, '2Pc\x7f')
(1343307293.758622, '2R{\x7f')
(1343307293.758646, 'rIN')
(1343307293.758668, 'D\xbf\x83\x7f')
(1343307293.758691, 'ci\x86\x7f')
(1343307294.049754, '2I\xb1\xa2')
(1343307294.049827, '2P\xb5\xa2')
(1343307294.049852, '2R\xbe\xa2')
(1343307294.049876, '2S\x1e\x00\x00\x0fu\xc1\xa2')
(1343307295.041122, '2I\xb0"')
(1343307295.041179, '2P\xb4"')
(1343307295.04178, '2R\xbd"')
(1343307295.041816, '2S\x1e\x00\x00\x0fv\xc0"')
(1343307295.721084, '2I^z')
(1343307295.721159, '2Pbz')
(1343307295.721896, '2R|z')
(1343307295.721928, 'rIN')
(1343307295.721956, 'D\x10\x85z')
(1343307295.721978, 'ci\x87z')
(1343307295.729906, 'S\n\xd8z')
(1343307295.729943, '2f\xdaz')
(1343307295.729966, '2F\xe6z')
(1343307295.730027, '2t\xe8z')
(1343307295.730054, '2C\xf3z')
(1343307295.730076, '2o\x82{')
(1343307295.730096, '+')
(1343307295.742524, '2I4|')
(1343307295.742559, '2P8|')
(1343307295.74258, '2RS|')
(1343307295.7426, 'rIN')
(1343307295.742623, 'D\x11Z|')
(1343307295.742644, 'ci]|')
(1343307295.742674, 'S\x0b\xaf|')
(1343307295.742696, '2f\xb1|')
(1343307295.742717, '2F\xbd|')
(1343307295.742738, '2t\xbf|')
(1343307295.742759, '2C\xca|')
(1343307295.742779, '2oX}')
(1343307295.742799, '+')
(1343307295.7628, '2I\xf5~')
(1343307295.762876, '2P\xf9~')
(1343307295.762933, '2R\x14\x7f')
(1343307295.762985, 'rIN')
(1343307295.763035, 'D\x12\x1c\x7f')
(1343307295.763085, 'ci\x1e\x7f')
(1343307295.763142, 'S\x0cm\x7f')
(1343307295.763188, '2fp\x7f')
(1343307295.763232, '2F{\x7f')
(1343307295.763275, '2t~\x7f')
(1343307295.763476, '2C\x8a\x7f')
(1343307295.763713, '2o\x18\x80')
(1343307295.763793, '+')
(1343307295.763859, '2I\xe2\x80')
(1343307295.763885, '2P\xe6\x80')
(1343307295.763907, '2R\x02\x81')
(1343307295.763928, 'rIN')
(1343307295.763949, 'D\x13\t\x81')
(1343307295.763971, 'ci\x0c\x81')
(1343307295.769889, 'S\r[\x81')
(1343307295.769936, '2f^\x81')
(1343307295.769959, '2Fi\x81')
(1343307295.769981, '2tl\x81')
(1343307295.770002, '2Cw\x81')
(1343307295.770024, '2o\x05\x82')
(1343307295.770046, '+')
(1343307295.781878, '2I\xa9\x82')
(1343307295.791115, '2P\xad\x82')
(1343307295.803074, '2R\xc7\x82')
(1343307295.80314, 'rIN')
(1343307295.803362, 'D\x14\xcf\x82')
(1343307295.803407, 'ci\xd1\x82')
(1343307295.803458, 'S\x0e$\x83')
(1343307295.803498, '2f&\x83')
(1343307295.803537, '2F3\x83')
(1343307295.803574, '2t5\x83')
(1343307295.803612, '2!@\x83')
(1343307295.803648, '-')
(1343307295.803684, 'crD\x83')
(1343307295.803721, 'S\x0e\x98\x83')
(1343307295.80379, '2f\x9b\x83')
(1343307295.803835, '2F\xa6\x83')
(1343307295.803871, '2t\xa8\x83')
(1343307295.803906, '2C\xb3\x83')
(1343307295.803937, '2oA\x84')
(1343307295.804019, '+')
(1343307295.804053, '2I\x1f\x85')
(1343307295.804215, '2P#')
(1343307295.804245, '\x85')
(1343307295.804268, '2RB\x85')
(1343307295.804289, 'rIN')
(1343307295.804308, 'rFR')
(1343307295.804329, '2PI\x85')
(1343307295.80435, '2RO\x85')
(1343307295.804371, 'rIN')
(1343307295.804391, 'rFR')
(1343307295.809879, '2I(\x86')
(1343307295.810004, '2P,\x86')
(1343307295.810034, '2RF\x86')
(1343307295.810056, 'rIN')
(1343307295.810077, 'D\x17N\x86')
(1343307295.810098, 'ciP\x86')
(1343307295.81013, 'S\x0f\xa2\x86')
(1343307295.810153, '2f\xa4\x86')
(1343307295.810175, '2F\xb0\x86')
(1343307295.810197, '2t\xb2\x86')
(1343307295.810218, '2C\xbd\x86')
(1343307295.820937, '2oK\x87')
(1343307295.820962, '+')
(1343307295.820977, '2I\x99\x88')
(1343307295.830942, '2P\x9d\x88')
(1343307295.835185, '2R\xb7\x88')
(1343307295.835219, 'rIN')
(1343307295.835231, 'D\x18\xbf\x88')
(1343307295.835242, 'ci\xc1\x88')
(1343307295.835258, 'S\x10\x12\x89')
(1343307295.835269, '2f\x14\x89')
(1343307295.835279, '2F \x89')
(1343307295.83529, '2t"\x89')
(1343307295.8353, '2C-\x89')
(1343307295.83531, '2o\xbb\x89')
(1343307295.83532, '+')
(1343307295.841844, '2IP\x8b')
(1343307295.86106, '2PT\x8b')
(1343307295.861955, '2Rn\x8b')
(1343307295.861987, 'rIN')
(1343307295.862011, 'D\x19v\x8b')
(1343307295.862033, 'cix\x8b')
(1343307295.862065, 'S\x11\xca\x8b')
(1343307295.862088, '2f\xcd\x8b')
(1343307295.86211, '2F\xd8\x8b')
(1343307295.862131, '2t\xda\x8b')
(1343307295.862153, '2C\xe5\x8b')
(1343307295.862175, '2os\x8c')
(1343307295.862195, '+')
(1343307295.862224, '2I\xaf\x8d')
(1343307295.862246, '2P\xb3\x8d')
(1343307295.862267, '2R\xcd\x8d')
(1343307295.862288, 'rIN')
(1343307295.862309, 'D\x1a\xd5\x8d')
(1343307295.862331, 'ci\xd7\x8d')
(1343307295.865726, 'S\x12(\x8e')
(1343307295.865726, '2f+\x8e')
(1343307295.869822, '2F7\x8e')
(1343307295.869859, '2t9\x8e')
(1343307295.869882, '2!D\x8e')
(1343307295.869904, '-')
(1343307295.869925, 'crH\x8e')
(1343307295.881234, 'S\x12\x97\x8e')
(1343307295.88128, '2f\x9a\x8e')
(1343307295.881304, '2F\xa5\x8e')
(1343307295.881327, '2t\xa8\x8e')
(1343307295.881348, '2C\xb3\x8e')
(1343307295.88137, '2oA\x8f')
(1343307295.88139, '+')
(1343307295.889162, '2I\xc4\x8f')
(1343307295.889908, '2P\xc7')
(1343307295.889942, '\x8f')
(1343307295.889966, '2R\xe5\x8f')
(1343307295.889988, 'rIN')
(1343307295.890008, 'rFR')
(1343307295.890029, '2P\xed\x8f')
(1343307295.89005, '2R\xf3\x8f')
(1343307295.890071, 'rIN')
(1343307295.890091, 'rFR')
(1343307295.901956, '2I\xb1\x90')
(1343307295.901994, '2P\xb5\x90')
(1343307295.902018, '2R\xcf\x90')
(1343307295.902039, 'rIN')
(1343307295.902061, 'D\x1d\xd7\x90')
(1343307295.902126, 'ci\xd9\x90')
(1343307295.902158, 'S\x13*\x91')
(1343307295.90218, '2f,\x91')
(1343307295.902202, '2F9\x91')
(1343307295.902223, '2t;\x91')
(1343307295.902244, '2!F\x91')
(1343307295.902264, '-')
(1343307295.902285, 'crJ\x91')
(1343307295.902307, 'S\x13\x97\x91')
(1343307295.902341, '2f\x9a\x91')
(1343307295.902363, '2F\xa5\x91')
(1343307295.902385, '2t\xa8\x91')
(1343307295.905909, '2C\xb3\x91')
(1343307295.905946, '2o@\x92')
(1343307295.905969, '+')
(1343307295.905998, '2Id\x93')
(1343307295.909885, '2P')
(1343307295.90992, 'g\x93')
(1343307295.909943, '2R\x87\x93')
(1343307295.909964, 'rIN')
(1343307295.909984, 'rFR')
(1343307295.910005, '2P\x96\x93')
(1343307295.919499, '2R\x9b\x93')
(1343307295.919548, 'rIN')
(1343307295.919581, 'rFR')
(1343307295.919603, '2I\x9f\x94')
(1343307295.929877, '2P\xa2\x94')
(1343307295.934044, '2R\xbd\x94')
(1343307295.934134, 'rIN')
(1343307295.934158, 'D \xc4\x94')
(1343307295.934181, 'ci\xc7\x94')
(1343307295.934212, 'S\x14\x17\x95')
(1343307295.934235, '2f\x1a\x95')
(1343307295.934257, '2F%\x95')
(1343307295.934278, '2t(\x95')
(1343307295.934299, '2C3\x95')
(1343307295.93432, '2o\xc1\x95')
(1343307295.934341, '+')
(1343307295.934369, '2Ip\x96')
(1343307295.93439, '2Pt\x96')
(1343307295.934412, '2R\x8f\x96')
(1343307295.934433, 'rIN')
(1343307295.934453, 'D!\x97\x96')
(1343307295.934539, 'ci\x99\x96')
(1343307295.938736, 'S\x15\xea\x96')
(1343307295.938833, '2f\xed\x96')
(1343307295.938859, '2F\xf8\x96')
(1343307295.938881, '2t\xfb\x96')
(1343307295.938904, '2C\x06\x97')
(1343307295.938926, '2o\x93\x97')
(1343307295.938947, '+')
(1343307295.949877, '2I\xab\x98')
(1343307295.963035, '2P\xaf\x98')
(1343307295.963035, '2R\xc9\x98')
(1343307295.963071, 'rIN')
(1343307295.963106, 'D"\xd1\x98')
(1343307295.963139, 'ci\xd3\x98')
(1343307295.963177, 'S\x16$\x99')
(1343307295.963208, '2f&\x99')
(1343307295.963236, '2F2\x99')
(1343307295.963263, '2t4\x99')
(1343307295.96329, '2C?\x99')
(1343307295.965754, '2o\xcd\x99')
(1343307295.965772, '+')
(1343307295.965786, '2Ip\x9a')
(1343307295.965797, '2Pt\x9a')
(1343307295.969906, '2R\x8f\x9a')
(1343307295.969943, 'rIN')
(1343307295.969967, 'D#\x97\x9a')
(1343307295.96999, 'ci\x99\x9a')
(1343307295.97002, 'S\x17\xea\x9a')
(1343307295.970043, '2f\xed\x9a')
(1343307295.970065, '2F\xf8\x9a')
(1343307295.970087, '2t\xfb\x9a')
(1343307295.970109, '2C\x06\x9b')
(1343307295.980988, '2o\x93\x9b')
(1343307295.981019, '+')
(1343307295.981827, '2I\x86\x9c')
(1343307295.99606, '2P\x8d\x9c')
(1343307295.996108, '2R\xa7\x9c')
(1343307295.996132, 'rIN')
(1343307295.996154, 'D$\xaf\x9c')
(1343307295.996175, 'ci\xb1\x9c')
(1343307295.996206, 'S\x18\x02\x9d')
(1343307295.996229, '2f\x04\x9d')
(1343307295.99625, '2F\x10\x9d')
(1343307295.996271, '2t\x12\x9d')
(1343307295.996292, '2C\x1d\x9d')
(1343307295.996314, '2o\xab\x9d')
(1343307295.996335, '+')
(1343307296.001776, '2I\xa8\x9e')
(1343307296.001795, '2P\xac\x9e')
(1343307296.001806, '2R\xc7\x9e')
(1343307296.001817, 'rIN')
(1343307296.001827, 'D&\xce\x9e')
(1343307296.001838, 'ci\xd1\x9e')
(1343307296.001852, 'S\x19!\x9f')
(1343307296.001863, '2f$\x9f')
(1343307296.001873, '2F0\x9f')
(1343307296.001883, '2t3\x9f')
(1343307296.001893, '2!=\x9f')
(1343307296.001903, '-')
(1343307296.001913, 'crA\x9f')
(1343307296.010938, 'S\x19\x97\x9f')
(1343307296.01097, '2f\x9a\x9f')
(1343307296.021063, '2F\xa5\x9f')
(1343307296.02112, '2t\xa8\x9f')
(1343307296.021161, '2C\xb3\x9f')
(1343307296.022781, '2o@\xa0')
(1343307296.022781, '+')
(1343307296.026971, '2I\x85\xa1')
(1343307296.027031, '2I\x8b\xa1')
(1343307296.027077, '2P\x8f\xa1')
(1343307296.027121, '2R\xab\xa1')
(1343307296.027162, 'rIN')
(1343307296.0272, 'rFR')
(1343307296.027239, '2I\xb6\xa2')
(1343307296.02991, '2P\xba\xa2')
(1343307296.040021, '2R\xd5\xa2')
(1343307296.040078, 'rIN')
(1343307296.040113, 'D)\xdc\xa2')
(1343307296.040136, 'ci\xdf\xa2')
(1343307296.040167, 'S\x1a/\xa3')
(1343307296.040189, '2f2\xa3')
(1343307296.04021, '2F=\xa3')
(1343307296.040231, '2t@\xa3')
(1343307296.040252, '2CK\xa3')
(1343307296.041893, '2o\xd8\xa3')
(1343307296.041925, '+')
(1343307296.049436, '2I\xcd\xa4')
(1343307296.049891, '2P\xd1\xa4')
(1343307296.06406, '2R\xeb\xa4')
(1343307296.064111, 'rIN')
(1343307296.064142, 'D*\xf3\xa4')
(1343307296.064164, 'ci\xf6\xa4')
(1343307296.064195, 'S\x1bF\xa5')
(1343307296.064217, '2fI\xa5')
(1343307296.064238, '2FT\xa5')
(1343307296.064271, '2tW\xa5')
(1343307296.064293, '2Cb\xa5')
(1343307296.064314, '2o\xef\xa5')
(1343307296.064335, '+')
(1343307296.064363, '2I\x96\xa6')
(1343307296.064385, '2P\x9a\xa6')
(1343307296.064407, '2R\xb4\xa6')
(1343307296.064427, 'rIN')
(1343307296.064448, 'D+\xbc\xa6')
(1343307296.064469, 'ci\xbf\xa6')
(1343307296.064499, 'S\x1c\x0f\xa7')
(1343307296.064521, '2f\x12\xa7')
(1343307296.064543, '2F\x1d\xa7')
(1343307296.064564, '2t \xa7')
(1343307296.064585, '2C+\xa7')
(1343307296.081008, '2o\xb8\xa7')
(1343307296.081069, '+')
(1343307296.081112, '2I~\xa8')
(1343307296.093715, '2P\x83\xa8')
(1343307296.093715, '2R\x9d\xa8')
(1343307296.093715, 'rIN')
(1343307296.093715, 'D,\xa5\xa8')
(1343307296.093715, 'ci\xa8\xa8')
(1343307296.093715, 'S\x1d\xf9\xa8')
(1343307296.093752, '2f\xfc\xa8')
(1343307296.093785, '2F\x08\xa9')
(1343307296.093845, '2t\x0b\xa9')
(1343307296.093869, '2C\x16\xa9')
(1343307296.09389, '2o\xa4\xa9')
(1343307296.093911, '+')
(1343307296.09394, '2I\xa8\xaa')
(1343307296.093963, '2P\xac\xaa')
(1343307296.093984, '2R\xc6\xaa')
(1343307296.094005, 'rIN')
(1343307296.094026, 'D-\xce\xaa')
(1343307296.094083, 'ci\xd0\xaa')
(1343307296.094118, 'S\x1e!\xab')
(1343307296.094141, '2f#\xab')
(1343307296.094162, '2F0\xab')
(1343307296.094183, '2t2\xab')
(1343307296.094204, '2!=\xab')
(1343307296.094225, '-')
(1343307296.094245, 'crA\xab')
(1343307296.09788, 'S\x1e\x97\xab')
(1343307296.097921, '2f\x9a\xab')
(1343307296.097945, '2F\xa5\xab')
(1343307296.097967, '2t\xa8\xab')
(1343307296.098033, '2C\xb3\xab')
(1343307296.101859, '2o@\xac')
(1343307296.101893, '+')
(1343307296.12099, '2I \xad')
(1343307296.121048, '2P')
(1343307296.12582, '$\xad')
(1343307296.125868, '2RC\xad')
(1343307296.125892, 'rIN')
(1343307296.125912, 'rFR')
(1343307296.125932, '2PJ\xad')
(1343307296.125954, '2RP\xad')
(1343307296.125974, 'rIN')
(1343307296.125994, 'rFR')
(1343307296.129886, '2I\xa3\xae')
(1343307296.129924, '2P\xa7\xae')
(1343307296.129947, '2R\xc1\xae')
(1343307296.129969, 'rIN')
(1343307296.12999, 'D0\xc8\xae')
(1343307296.130012, 'ci\xcb\xae')
(1343307296.130043, 'S\x1f\x1b\xaf')
(1343307296.130066, '2f\x1e\xaf')
(1343307296.130087, '2F)\xaf')
(1343307296.130109, '2t,\xaf')
(1343307296.13013, '2C7\xaf')
(1343307296.130151, '2o\xc5\xaf')
(1343307296.130172, '+')
(1343307296.15646, '2I\xb2\xb1')
(1343307296.156513, '2P\xb6\xb1')
(1343307296.161919, '2R\xd0\xb1')
(1343307296.161956, 'rIN')
(1343307296.161979, 'D2\xd8\xb1')
(1343307296.162001, 'ci\xda\xb1')
(1343307296.162031, 'S +\xb2')
(1343307296.162053, '2f-\xb2')
(1343307296.162074, '2F9\xb2')
(1343307296.162095, '2t;\xb2')
(1343307296.162116, '2CF\xb2')
(1343307296.162138, '2o\xd4\xb2')
(1343307296.162159, '+')
(1343307296.162186, '2I\x89\xb3')
(1343307296.162208, '2P\x8e\xb3')
(1343307296.16223, '2R\xa8\xb3')
(1343307296.162251, 'rIN')
(1343307296.162272, 'D3\xb0\xb3')
(1343307296.162294, 'ci\xb2\xb3')
(1343307296.168504, 'S!\n\xb4')
(1343307296.168547, '2f\x0c\xb4')
(1343307296.171048, '2F\x18\xb4')
(1343307296.171103, '2t\x1a\xb4')
(1343307296.171146, '2C%\xb4')
(1343307296.181078, '2o\xb3\xb4')
(1343307296.181131, '+')
(1343307296.183606, '2Ii\xb5')
(1343307296.183606, '2Pm\xb5')
(1343307296.187167, '2R\x88\xb5')
(1343307296.187227, 'rIN')
(1343307296.187269, 'D4\x90\xb5')
(1343307296.187309, 'ci\x93\xb5')
(1343307296.187355, 'S"\xe4\xb5')
(1343307296.187388, '2f\xe6\xb5')
(1343307296.187409, '2F\xf2\xb5')
(1343307296.18743, '2t\xf4\xb5')
(1343307296.187452, '2C\xff\xb5')
(1343307296.187473, '2o\x8d\xb6')
(1343307296.187494, '+')
(1343307296.187522, '2I&\xb7')
(1343307296.189832, '2P*\xb7')
(1343307296.199909, '2RE\xb7')
(1343307296.199933, 'rIN')
(1343307296.199933, 'D5L\xb7')
(1343307296.199995, 'ciO\xb7')
(1343307296.200027, 'S#\xa1\xb7')
(1343307296.20005, '2f\xa3\xb7')
(1343307296.200109, '2F\xb0\xb7')
(1343307296.200136, '2t\xb2\xb7')
(1343307296.200157, '2!\xbd\xb7')
(1343307296.200178, '-')
(1343307296.200199, 'cr\xc1\xb7')
(1343307296.201831, 'S#\x16\xb8')
(1343307296.201865, '2f\x19\xb8')
(1343307296.209839, '2F$\xb8')
(1343307296.209875, "2t'\xb8")
(1343307296.209913, '2C2\xb8')
(1343307296.209936, '2o\xc0\xb8')
(1343307296.209957, '+')
(1343307296.224308, '2I\x99\xb9')
(1343307296.224377, '2P\x9d')
(1343307296.224424, '\xb9')
(1343307296.224466, '2R\xbb\xb9')
(1343307296.224506, 'rIN')
(1343307296.224542, 'rFR')
(1343307296.224579, '2P\xc3\xb9')
(1343307296.224614, '2R\xc8\xb9')
(1343307296.224754, 'rIN')
(1343307296.224775, 'rFR')
(1343307296.224929, '2I\x96\xbb')
(1343307296.224959, '2P\x9a\xbb')
(1343307296.224981, '2R\xb4\xbb')
(1343307296.225002, 'rIN')
(1343307296.225024, 'D8\xbc\xbb')
(1343307296.225045, 'ci\xbe\xbb')
(1343307296.229773, 'S$\x0f\xbc')
(1343307296.229793, '2f\x11\xbc')
(1343307296.229804, '2F\x1d\xbc')
(1343307296.229815, '2t\x1f\xbc')
(1343307296.229825, '2C*\xbc')
(1343307296.229836, '2o\xb8\xbc')
(1343307296.229846, '+')
(1343307296.241861, '2I{\xbd')
(1343307296.241901, '2P\x7f\xbd')
(1343307296.249284, '2R\x9b\xbd')
(1343307296.249361, 'rIN')
(1343307296.249385, 'D9\xa3\xbd')
(1343307296.249408, 'ci\xa5\xbd')
(1343307296.249439, 'S%\xf6\xbd')
(1343307296.249461, '2f\xf8\xbd')
(1343307296.249482, '2F\x05\xbe')
(1343307296.249504, '2t\x07\xbe')
(1343307296.249525, '2C\x12\xbe')
(1343307296.251635, '2o\xa0\xbe')
(1343307296.251635, '+')
(1343307296.25787, '2IE\xbf')
(1343307296.257909, '2PI\xbf')
(1343307296.257932, '2Rc\xbf')
(1343307296.257953, 'rIN')
(1343307296.257974, 'D:k\xbf')
(1343307296.257995, 'cim\xbf')
(1343307296.269351, 'S&\xbf\xbf')
(1343307296.269405, '2f\xc2\xbf')
(1343307296.269439, '2F\xce\xbf')
(1343307296.269462, '2t\xd1\xbf')
(1343307296.269484, '2!\xdb\xbf')
(1343307296.269505, '-')
(1343307296.269526, 'cr\xe0\xbf')
(1343307296.269547, 'S&\x16\xc0')
(1343307296.269569, '2f\x19\xc0')
(1343307296.26959, '2F%\xc0')
(1343307296.269611, '2t(\xc0')
(1343307296.269632, '2!3\xc0')
(1343307296.269652, '-')
(1343307296.269672, 'cr7\xc0')
(1343307296.269694, 'S&\x97\xc0')
(1343307296.269715, '2f\x9a\xc0')
(1343307296.279428, '2F\xa6\xc0')
(1343307296.279484, '2t\xa9\xc0')
(1343307296.279559, '2!\xb5\xc0')
(1343307296.279582, '-')
(1343307296.279603, 'cr\xba\xc0')
(1343307296.279625, 'S&\x16\xc1')
(1343307296.279646, '2f\x19\xc1')
(1343307296.279668, '2F$\xc1')
(1343307296.279689, "2t'\xc1")
(1343307296.27971, '2C2\xc1')
(1343307296.279731, '2o\xbf\xc1')
(1343307296.279752, '+')
(1343307296.285854, '2I\x97\xc2')
(1343307296.285897, '2P\x9b')
(1343307296.28592, '\xc2')
(1343307296.285943, '2R\xb9\xc2')
(1343307296.285964, 'rIN')
(1343307296.285984, 'rFR')
(1343307296.286005, '2P\xc1\xc2')
(1343307296.286026, '2R\xc6\xc2')
(1343307296.286047, 'rIN')
(1343307296.286067, 'rFR')
(1343307296.290927, '2I\x8c\xc4')
(1343307296.299348, '2P\x90\xc4')
(1343307296.301971, '2R\xaa\xc4')
(1343307296.302006, 'rIN')
(1343307296.30203, 'D>\xb1\xc4')
(1343307296.302052, 'ci\xb4\xc4')
(1343307296.302084, "S'\x04\xc5")
(1343307296.302107, '2f\x07\xc5')
(1343307296.302128, '2F\x12\xc5')
(1343307296.30215, '2t\x15\xc5')
(1343307296.302171, '2C \xc5')
(1343307296.302193, '2o\xae\xc5')
(1343307296.302214, '+')
(1343307296.309802, '2I\x96\xc6')
(1343307296.315004, '2P\x9a\xc6')
(1343307296.317877, '2R\xb5\xc6')
(1343307296.31791, 'rIN')
(1343307296.317933, 'D?\xbc\xc6')
(1343307296.317956, 'ci\xbf\xc6')
(1343307296.317987, 'S(\x0f\xc7')
(1343307296.318009, '2f\x12\xc7')
(1343307296.31803, '2F\x1d\xc7')
(1343307296.318052, '2t \xc7')
(1343307296.318073, '2C+\xc7')
(1343307296.328429, '2o\xb8\xc7')
(1343307296.328468, '+')
(1343307296.328495, '2IQ\xc8')
(1343307296.328516, '2PU\xc8')
(1343307296.330934, '2Ro\xc8')
(1343307296.330967, 'rIN')
(1343307296.330992, 'D@w\xc8')
(1343307296.331016, 'ciy\xc8')
(1343307296.341814, 'S)\xcb\xc8')
(1343307296.341834, '2f\xce\xc8')
(1343307296.341846, '2F\xda\xc8')
(1343307296.341857, '2t\xdd\xc8')
(1343307296.341867, '2!\xe8\xc8')
(1343307296.341877, '-')
(1343307296.341888, 'cr\xec\xc8')
(1343307296.341898, 'S)\x16\xc9')
(1343307296.341909, '2f\x19\xc9')
(1343307296.341919, '2F$\xc9')
(1343307296.34193, "2t'\xc9")
(1343307296.34194, '2!2\xc9')
(1343307296.34195, '-')
(1343307296.34196, 'cr5\xc9')
(1343307296.341975, 'S)\x97\xc9')
(1343307296.341986, '2f\x9a\xc9')
(1343307296.341997, '2F\xa5\xc9')
(1343307296.342007, '2t\xa8\xc9')
(1343307296.342018, '2!\xb3\xc9')
(1343307296.342028, '-')
(1343307296.342038, 'cr\xb6\xc9')
(1343307296.345838, 'S)\x16\xca')
(1343307296.345912, '2f\x19\xca')
(1343307296.345924, '2F$\xca')
(1343307296.345935, "2t'\xca")
(1343307296.345945, '2!2\xca')
(1343307296.345955, '-')
(1343307296.345965, 'cr6\xca')
(1343307296.345976, 'S)\x97\xca')
(1343307296.345986, '2f\x9a\xca')
(1343307296.345996, '2F\xa6\xca')
(1343307296.346007, '2t\xa9\xca')
(1343307296.346017, '2!\xb3\xca')
(1343307296.346027, '-')
(1343307296.346037, 'cr\xb7\xca')
(1343307296.346047, 'S)\x16\xcb')
(1343307296.346058, '2f\x19\xcb')
(1343307296.346068, '2F$\xcb')
(1343307296.346078, "2t'\xcb")
(1343307296.346088, '2C2\xcb')
(1343307296.346098, '2o\xc0\xcb')
(1343307296.346108, '+')
(1343307296.361827, '2I\x92\xcc')
(1343307296.361868, '2P\x95')
(1343307296.373328, '\xcc')
(1343307296.373365, '2R\xb3\xcc')
(1343307296.373389, 'rIN')
(1343307296.373409, 'rFR')
(1343307296.37343, '2P\xbb\xcc')
(1343307296.373452, '2R\xc1\xcc')
(1343307296.373472, 'rIN')
(1343307296.373475, 'rFR')
(1343307296.373475, '2I\x1e\xce')
(1343307296.373638, '2P!\xce')
(1343307296.373668, '2R<\xce')
(1343307296.37369, 'rIN')
(1343307296.373711, 'DEC\xce')
(1343307296.373733, 'ciF\xce')
(1343307296.373763, 'S*\x98\xce')
(1343307296.373785, '2f\x9b\xce')
(1343307296.373806, '2F\xa6\xce')
(1343307296.373828, '2t\xa8\xce')
(1343307296.373849, '2C\xb3\xce')
(1343307296.373871, '2oA\xcf')
(1343307296.373891, '+')
(1343307296.389933, '2I\x13\xd0')
(1343307296.390022, '2P\x17\xd0')
(1343307296.401848, '2R2\xd0')
(1343307296.401891, 'rIN')
(1343307296.401915, 'DF9\xd0')
(1343307296.401936, 'ci<\xd0')
(1343307296.405937, 'S+\x8c\xd0')
(1343307296.405974, '2f\x8f\xd0')
(1343307296.405997, '2F\x9a\xd0')
(1343307296.40602, '2t\x9d\xd0')
(1343307296.406042, '2C\xa8\xd0')
(1343307296.406063, '2o6\xd1')
(1343307296.406084, '+')
(1343307296.406113, '2I\xc9\xd1')
(1343307296.406135, '2P\xcd\xd1')
(1343307296.406157, '2R\xe8\xd1')
(1343307296.406178, 'rIN')
(1343307296.406199, 'DG\xef\xd1')
(1343307296.40622, 'ci\xf2\xd1')
(1343307296.406248, 'S,B\xd2')
(1343307296.40627, '2fE\xd2')
(1343307296.406291, '2FP\xd2')
(1343307296.406312, '2tS\xd2')
(1343307296.406333, '2C^\xd2')
(1343307296.406354, '2o\xeb\xd2')
(1343307296.406375, '+')
(1343307296.421818, '2I^\xd4')
(1343307296.429941, '2Pb\xd4')
(1343307296.442107, '2R|\xd4')
(1343307296.442145, 'rIN')
(1343307296.442168, 'DH\x85\xd4')
(1343307296.442191, 'ci\x88\xd4')
(1343307296.442222, 'S-\xd8\xd4')
(1343307296.442244, '2f\xdb\xd4')
(1343307296.442265, '2F\xe7\xd4')
(1343307296.442286, '2t\xe9\xd4')
(1343307296.442308, '2C\xf4\xd4')
(1343307296.442329, '2o\x82\xd5')
(1343307296.44235, '+')
(1343307296.442377, '2I%\xd6')
(1343307296.442399, '2P)\xd6')
(1343307296.44242, '2RC\xd6')
(1343307296.442441, 'rIN')
(1343307296.442461, 'DIK\xd6')
(1343307296.442482, 'ciM\xd6')
(1343307296.442511, 'S.\x9f\xd6')
(1343307296.442533, '2f\xa2\xd6')
(1343307296.442555, '2F\xae\xd6')
(1343307296.442576, '2t\xb1\xd6')
(1343307296.442598, '2!\xbc\xd6')
(1343307296.442618, '-')
(1343307296.442699, 'cr\xc0\xd6')
(1343307296.442741, 'S.\x16\xd7')
(1343307296.442763, '2f\x19\xd7')
(1343307296.442784, '2F$\xd7')
(1343307296.442805, "2t'\xd7")
(1343307296.442826, '2C2\xd7')
(1343307296.442848, '2o\xbf\xd7')
(1343307296.442868, '+')
(1343307296.44585, '2I\x98\xd8')
(1343307296.449876, '2P\x9b')
(1343307296.449911, '\xd8')
(1343307296.449935, '2R\xb9\xd8')
(1343307296.449957, 'rIN')
(1343307296.449977, 'rFR')
(1343307296.449998, '2P\xc1\xd8')
(1343307296.450049, '2R\xc7\xd8')
(1343307296.450075, 'rIN')
(1343307296.450094, 'rFR')
(1343307296.46179, '2I\xad\xd9')
(1343307296.473571, '2P\xb1\xd9')
(1343307296.473609, '2R\xcb\xd9')
(1343307296.473632, 'rIN')
(1343307296.473654, 'DL\xd3\xd9')
(1343307296.473676, 'ci\xd5\xd9')
(1343307296.473706, 'S/&\xda')
(1343307296.473728, '2f)\xda')
(1343307296.473748, '2F4\xda')
(1343307296.473769, '2t7\xda')
(1343307296.473804, '2!B\xda')
(1343307296.473826, '-')
(1343307296.473846, 'crF\xda')
(1343307296.473868, 'S/\x98\xda')
(1343307296.473889, '2f\x9b\xda')
(1343307296.473911, '2F\xa6\xda')
(1343307296.473932, '2t\xa9\xda')
(1343307296.473953, '2C\xb4\xda')
(1343307296.473974, '2oB\xdb')
(1343307296.473994, '+')
(1343307296.474031, '2I3\xdc')
(1343307296.477813, '2P6')
(1343307296.477855, '\xdc')
(1343307296.477879, '2RU\xdc')
(1343307296.4779, 'rIN')
(1343307296.47792, 'rFR')
(1343307296.477941, '2P\\\xdc')
(1343307296.489665, '2Rb\xdc')
(1343307296.48971, 'rIN')
(1343307296.489732, 'rFR')
(1343307296.489754, '2I\xf9\xdd')
(1343307296.500988, '2P\xfd\xdd')
(1343307296.505976, '2R\x18\xde')
(1343307296.506023, 'rIN')
(1343307296.506046, 'DO \xde')
(1343307296.506068, 'ci#\xde')
(1343307296.506098, 'S0r\xde')
(1343307296.50612, '2fu\xde')
(1343307296.506141, '2F\x81\xde')
(1343307296.506163, '2t\x84\xde')
(1343307296.506184, '2C\x8f\xde')
(1343307296.506246, '2o\x1c\xdf')
(1343307296.506272, '+')
(1343307296.510417, '2It\xe0')
(1343307296.510452, '2Px\xe0')
(1343307296.521138, '2R\x94\xe0')
(1343307296.521169, 'rIN')
(1343307296.521187, 'DP\x9b\xe0')
(1343307296.521199, 'ci\x9e\xe0')
(1343307296.521215, 'S1\xef\xe0')
(1343307296.521226, '2f\xf1\xe0')
(1343307296.521237, '2F\xfd\xe0')
(1343307296.521247, '2t\xff\xe0')
(1343307296.530984, '2C\x0b\xe1')
(1343307296.534064, '2o\x99\xe1')
(1343307296.534101, '+')
(1343307296.534133, '2I6\xe2')
(1343307296.534156, '2P:\xe2')
(1343307296.534177, '2RT\xe2')
(1343307296.534199, 'rIN')
(1343307296.53422, 'DQ\\\xe2')
(1343307296.534242, 'ci^\xe2')
(1343307296.534271, 'S2\xb0\xe2')
(1343307296.534293, '2f\xb3\xe2')
(1343307296.534315, '2F\xbf\xe2')
(1343307296.534337, '2t\xc2\xe2')
(1343307296.534359, '2!\xcc\xe2')
(1343307296.534381, '-')
(1343307296.534402, 'cr\xd0\xe2')
(1343307296.534424, 'S2\x16\xe3')
(1343307296.534446, '2f\x19\xe3')
(1343307296.534468, '2F$\xe3')
(1343307296.53449, "2t'\xe3")
(1343307296.534511, '2!2\xe3')
(1343307296.534532, '-')
(1343307296.534553, 'cr6\xe3')
(1343307296.534575, 'S2\x97\xe3')
(1343307296.534598, '2f\x9a\xe3')
(1343307296.53462, '2F\xa5\xe3')
(1343307296.534642, '2t\xa8\xe3')
(1343307296.534664, '2!\xb3\xe3')
(1343307296.534685, '-')
(1343307296.534707, 'cr\xb7\xe3')
(1343307296.541871, 'S2\x16\xe4')
(1343307296.541923, '2f\x19\xe4')
(1343307296.541947, '2F$\xe4')
(1343307296.54197, "2t'\xe4")
(1343307296.541991, '2!2\xe4')
(1343307296.542013, '-')
(1343307296.542034, 'cr5\xe4')
(1343307296.542056, 'S2\x97\xe4')
(1343307296.542078, '2f\x9a\xe4')
(1343307296.551068, '2I\xa7\xe4')
(1343307296.551113, '2I\xac\xe4')
(1343307296.551138, '2!\xba\xe4')
(1343307296.55116, '-')
(1343307296.551181, 'cr\xbe\xe4')
(1343307296.551203, '2P\xc6\xe4')
(1343307296.561158, '2R\xe1\xe4')
(1343307296.561213, 'rIN')
(1343307296.561252, 'rNU')
(1343307296.561986, 'S2\x16\xe5')
(1343307296.56202, '2f\x19\xe5')
(1343307296.562043, '2F$\xe5')
(1343307296.562066, "2t'\xe5")
(1343307296.562087, '2C2\xe5')
(1343307296.562109, '2o\xbf\xe5')
(1343307296.562131, '+')
(1343307296.566057, '2I\xa6\xe6')
(1343307296.566057, '2P\xaa\xe6')
(1343307296.566058, '2R\xc4\xe6')
(1343307296.566091, 'rIN')
(1343307296.566113, 'DU\xcc\xe6')
(1343307296.566136, 'ci\xcf\xe6')
(1343307296.566166, 'S3!\xe7')
(1343307296.566188, '2f#\xe7')
(1343307296.56621, '2F/\xe7')
(1343307296.566231, '2t1\xe7')
(1343307296.566253, '2C<\xe7')
(1343307296.566274, '2o\xca\xe7')
(1343307296.566296, '+')
(1343307296.58184, '2I\x81\xe9')
(1343307296.588665, '2P\x85\xe9')
(1343307296.591067, '2R\x9f\xe9')
(1343307296.591124, 'rIN')
(1343307296.591169, 'DV\xa7\xe9')
(1343307296.591211, 'ci\xa9\xe9')
(1343307296.591262, 'S4\xfa\xe9')
(1343307296.591303, '2f\xfc\xe9')
(1343307296.602851, '2F\t\xea')
(1343307296.602916, '2t\x0b\xea')
(1343307296.602968, '2C\x16\xea')
(1343307296.603014, '2o\xa4\xea')
(1343307296.603059, '+')
(1343307296.60311, '2IK\xeb')
(1343307296.606429, '2PN\xeb')
(1343307296.606496, '2Ri\xeb')
(1343307296.606544, 'rIN')
(1343307296.606589, 'DWp\xeb')
(1343307296.606632, 'cis\xeb')
(1343307296.606685, 'S5\xc5\xeb')
(1343307296.606743, '2f\xc7\xeb')
(1343307296.606923, '2F\xd3\xeb')
(1343307296.606962, '2t\xd5\xeb')
(1343307296.606999, '2C\xe0\xeb')
(1343307296.607035, '2on\xec')
(1343307296.60707, '+')
(1343307296.607243, '2I"\xed')
(1343307296.609834, '2P&\xed')
(1343307296.609868, '2R@\xed')
(1343307296.60989, 'rIN')
(1343307296.621252, 'DXH\xed')
(1343307296.6213, 'ciJ\xed')
(1343307296.621333, 'S6\x9c\xed')
(1343307296.621356, '2f\x9f\xed')
(1343307296.621378, '2F\xaa\xed')
(1343307296.621399, '2t\xac\xed')
(1343307296.621421, '2!\xb7\xed')
(1343307296.621441, '-')
(1343307296.621462, 'cr\xbb\xed')
(1343307296.630957, 'S6\x16\xee')
(1343307296.631013, '2f\x19\xee')
(1343307296.636254, '2F$\xee')
(1343307296.636323, "2t'\xee")
(1343307296.636368, '2!2\xee')
(1343307296.636408, '-')
(1343307296.636446, 'cr6\xee')
(1343307296.636484, 'S6\x97\xee')
(1343307296.636626, '2f\x9a\xee')
(1343307296.636649, '2F\xa6\xee')
(1343307296.63667, '2t\xa9\xee')
(1343307296.636692, '2!\xb4\xee')
(1343307296.636713, '-')
(1343307296.636734, 'cr\xb7\xee')
(1343307296.636756, 'S6\x16\xef')
(1343307296.636777, '2f\x19\xef')
(1343307296.636798, '2F$\xef')
(1343307296.636819, "2t'\xef")
(1343307296.63684, '2C2\xef')
(1343307296.636862, '2o\xc0\xef')
(1343307296.636882, '+')
(1343307296.651155, '2I\x9e\xf0')
(1343307296.651198, '2P')
(1343307296.651221, '\xa2\xf0')
(1343307296.651298, '2R\xc1\xf0')
(1343307296.651338, 'rIN')
(1343307296.651358, 'rFR')
(1343307296.651379, '2P\xc9\xf0')
(1343307296.651401, '2R\xce\xf0')
(1343307296.651421, 'rIN')
(1343307296.651441, 'rFR')
(1343307296.651461, '2I\xac\xf1')
(1343307296.659603, '2P\xb0\xf1')
(1343307296.663822, '2R\xca\xf1')
(1343307296.663867, 'rIN')
(1343307296.663891, 'D\\\xd2\xf1')
(1343307296.663914, 'ci\xd4\xf1')
(1343307296.663944, 'S7%\xf2')
(1343307296.663966, '2f(\xf2')
(1343307296.663986, '2F3\xf2')
(1343307296.664007, '2t5\xf2')
(1343307296.664027, '2C@\xf2')
(1343307296.664049, '2o\xce\xf2')
(1343307296.664069, '+')
(1343307296.664097, '2Iq\xf3')
(1343307296.664118, '2Pt\xf3')
(1343307296.664139, '2R\x90\xf3')
(1343307296.66416, 'rIN')
(1343307296.664181, 'D]\x98\xf3')
(1343307296.664202, 'ci\x9a\xf3')
(1343307296.66423, 'S8\xec\xf3')
(1343307296.664252, '2f\xee\xf3')
(1343307296.664273, '2F\xfa\xf3')
(1343307296.664294, '2t\xfc\xf3')
(1343307296.664316, '2C\x07\xf4')
(1343307296.669801, '2o\x95\xf4')
(1343307296.669842, '+')
(1343307296.681858, '2I\x11\xf6')
(1343307296.691114, '2P\x15\xf6')
(1343307296.693909, '2R/\xf6')
(1343307296.693954, 'rIN')
(1343307296.693978, 'D_7\xf6')
(1343307296.694, 'ci9\xf6')
(1343307296.69403, 'S9\x8a\xf6')
(1343307296.694053, '2f\x8d\xf6')
(1343307296.694075, '2F\x98\xf6')
(1343307296.694096, '2t\x9b\xf6')
(1343307296.694118, '2C\xa6\xf6')
(1343307296.697825, '2o3\xf7')
(1343307296.697862, '+')
(1343307296.697894, '2I\xd1\xf7')
(1343307296.697947, '2P\xd5\xf7')
(1343307296.697991, '2R\xef\xf7')
(1343307296.698013, 'rIN')
(1343307296.698034, 'D`\xf7\xf7')
(1343307296.698056, 'ci\xf9\xf7')
(1343307296.711163, 'S:J\xf8')
(1343307296.711205, '2fL\xf8')
(1343307296.711228, '2FX\xf8')
(1343307296.71125, '2tZ\xf8')
(1343307296.711271, '2Ce\xf8')
(1343307296.72111, '2o\xf3\xf8')
(1343307296.721163, '+')
(1343307296.722019, '2I\xb4\xf9')
(1343307296.722056, '2P\xb7\xf9')
(1343307296.722079, '2R\xd2\xf9')
(1343307296.7221, 'rIN')
(1343307296.722121, 'Da\xd9\xf9')
(1343307296.722142, 'ci\xdc\xf9')
(1343307296.722172, 'S;,\xfa')
(1343307296.722194, '2f/\xfa')
(1343307296.722215, '2F:\xfa')
(1343307296.722236, '2t=\xfa')
(1343307296.722257, '2CH\xfa')
(1343307296.722278, '2o\xd6\xfa')
(1343307296.722299, '+')
(1343307296.729883, 'S<"\xfc')
(1343307296.729927, '2f%\xfc')
(1343307296.729951, '2F/\xfc')
(1343307296.729972, '2t2\xfc')
(1343307296.729993, '2!<\xfc')
(1343307296.730014, '-')
(1343307296.741906, '2I~\xfd')
(1343307296.751023, '2I\x83\xfd')
(1343307296.76277, '2R\xa2\xfd')
(1343307296.762829, 'rIN')
(1343307296.762872, 'rFR')
(1343307296.762914, '2P\xb0\xfd')
(1343307296.762956, '2R\xb5\xfd')
(1343307296.762996, 'rIN')
(1343307296.763035, 'rFR')
(1343307296.763089, '2I\xad\xfe')
(1343307296.763129, '2P\xb1\xfe')
(1343307296.763167, '2R\xcb\xfe')
(1343307296.763204, 'rIN')
(1343307296.763241, 'Dd\xd3\xfe')
(1343307296.763395, 'ci\xd5\xfe')
(1343307296.763443, 'S=&\xff')
(1343307296.763478, '2f(\xff')
(1343307296.763509, '2F5\xff')
(1343307296.763531, '2t7\xff')
(1343307296.763552, '2!B\xff')
(1343307296.763573, '-')
(1343307296.763593, 'crF\xff')
(1343307296.763615, 'S=\x97\xff')
(1343307296.763637, '2f\x9a\xff')
(1343307296.763658, '2F\xa5\xff')
(1343307296.763679, '2t\xa8\xff')
(1343307296.763701, '2C\xb3\xff')
(1343307296.763722, '2o@\x00')
(1343307296.763743, '+')
(1343307296.779836, '2I\x1e\x02')
(1343307296.790765, '2P!')
(1343307296.793961, '\x02')
(1343307296.794, '2R@\x02')
(1343307296.794022, 'rIN')
(1343307296.794042, 'rFR')
(1343307296.794063, '2PH\x02')
(1343307296.794085, '2RM\x02')
(1343307296.794106, 'rIN')
(1343307296.794125, 'rFR')
(1343307296.794146, '2I\x8a\x03')
(1343307296.794168, '2P\x8f\x03')
(1343307296.79419, '2R\xaa\x03')
(1343307296.794211, 'rIN')
(1343307296.794232, 'Dg\xb1\x03')
(1343307296.794254, 'ci\xb4\x03')
(1343307296.794285, 'S>\x04\x04')
(1343307296.794307, '2f\x07\x04')
(1343307296.794328, '2F\x12\x04')
(1343307296.79435, '2t\x15\x04')
(1343307296.794371, '2C \x04')
(1343307296.794392, '2o\xad\x04')
(1343307296.794413, '+')
(1343307296.797857, '2I\xac\x05')
(1343307296.801879, '2P\xb0\x05')
(1343307296.801915, '2R\xca\x05')
(1343307296.801938, 'rIN')
(1343307296.818703, 'Di\xd2\x05')
(1343307296.818749, 'ci\xd4\x05')
(1343307296.818783, 'S?%\x06')
(1343307296.818805, '2f(\x06')
(1343307296.818826, '2F4\x06')
(1343307296.818847, '2t6\x06')
(1343307296.818868, '2!A\x06')
(1343307296.818889, '-')
(1343307296.818909, 'crE\x06')
(1343307296.830757, 'S?\x97\x06')
(1343307296.83097, '2f\x9a\x06')
(1343307296.831014, '2F\xa5\x06')
(1343307296.831054, '2t\xa8\x06')
(1343307296.831093, '2C\xb3\x06')
(1343307296.831131, '2o@\x07')
(1343307296.831168, '+')
(1343307296.831213, '2I\xb0\x08')
(1343307296.831432, '2P\xb4')
(1343307296.83147, '\x08')
(1343307296.831493, '2R\xd2\x08')
(1343307296.831515, 'rIN')
(1343307296.831534, 'rFR')
(1343307296.831555, '2P\xda\x08')
(1343307296.831577, '2R\xdf\x08')
(1343307296.831598, 'rIN')
(1343307296.831617, 'rFR')
(1343307296.837796, '2If\n')
(1343307296.841804, '2Pj\n')
(1343307296.841827, '2R\x86\n')
(1343307296.841839, 'rIN')
(1343307296.841849, 'Dl\x8d\n')
(1343307296.841859, 'ci\x90\n')
(1343307296.859411, 'S@\xe1\n')
(1343307296.859455, '2f\xe3\n')
(1343307296.859479, '2F\xef\n')
(1343307296.8595, '2t\xf1\n')
(1343307296.859521, '2C\xfc\n')
(1343307296.859543, '2o\x8a\x0b')
(1343307296.859565, '+')
(1343307296.865833, '2I$\x0c')
(1343307296.865874, '2P(\x0c')
(1343307296.865897, '2RB\x0c')
(1343307296.865919, 'rIN')
(1343307296.86594, 'DmJ\x0c')
(1343307296.865961, 'ciL\x0c')
(1343307296.871334, 'SA\x9f\x0c')
(1343307296.871427, '2f\xa2\x0c')
(1343307296.871467, '2F\xae\x0c')
(1343307296.871504, '2t\xb1\x0c')
(1343307296.87154, '2!\xbb\x0c')
(1343307296.871575, '-')
(1343307296.87161, 'cr\xbf\x0c')
(1343307296.871642, 'SA\x17\r')
(1343307296.871664, '2f\x19\r')
(1343307296.871685, '2F%\r')
(1343307296.871704, "2t'\r")
(1343307296.871724, '2C2\r')
(1343307296.871744, '2o\xc0\r')
(1343307296.871765, '+')
(1343307296.871794, '2I\x95\x0e')
(1343307296.88109, '2P\x98')
(1343307296.881145, '\x0e')
(1343307296.881187, '2R\xb7\x0e')
(1343307296.881224, 'rIN')
(1343307296.881253, 'rFR')
(1343307296.88191, '2P\xbf\x0e')
(1343307296.881944, '2R\xc4\x0e')
(1343307296.881966, 'rIN')
(1343307296.881987, 'rFR')
(1343307297.06107, '2I\xae"')
(1343307297.061139, '2P\xb1"')
(1343307297.071074, '2R\xbb"')
(1343307297.071131, '2S\x1e\x00\x00\x0fx\xbd"')
(1343307297.071184, 'SB\xc8#')
(1343307297.071217, '2f\xcb#')
(1343307297.071239, '2F\xd3#')
(1343307297.07126, '2t\xd6#')
(1343307297.071281, '2C\xe1#')
(1343307297.071301, '2o>$')
(1343307297.071321, '+')
(1343307298.041841, '2I\xac\xa2')
(1343307298.041897, '2P\xb0\xa2')
(1343307298.058447, '2R\xb9\xa2')
(1343307298.05851, '2S\x1e\x00\x00\x0fy\xbc\xa2')
(1343307299.02989, '2I\xab"')
(1343307299.029948, '2P\xaf"')
(1343307299.040895, '2R\xb8"')
(1343307299.040934, '2S\x1e\x00\x00\x0fz\xbb"')
(1343307300.038796, '2I\xaa\xa2')
(1343307300.04183, '2P\xae\xa2')
(1343307300.041867, '2R\xb7\xa2')
(1343307300.041893, '2S\x1e\x00\x00\x0f{\xba\xa2')
(1343307301.041015, '2I\xa9"')
(1343307301.041091, '2P\xad"')
(1343307301.050986, '2R\xb6"')
(1343307301.051045, '2S\x1e\x00\x00\x0f|\xb9"')
